

================================================================
== Vitis HLS Report for 'BFS_Ctrl_2X1_VER1'
================================================================
* Date:           Wed Dec 20 18:41:55 2023

* Version:        2020.2 (Build 3064766 on Wed Nov 18 09:12:47 MST 2020)
* Project:        bfs_ctrl_v1
* Solution:       solution1 (Vivado IP Flow Target)
* Product family: virtexuplus
* Target device:  xcu280-fsvh2892-2L-e


================================================================
== Performance Estimates
================================================================
+ Timing: 
    * Summary: 
    +--------+---------+----------+------------+
    |  Clock |  Target | Estimated| Uncertainty|
    +--------+---------+----------+------------+
    |ap_clk  |  5.00 ns|  1.739 ns|     1.35 ns|
    +--------+---------+----------+------------+

+ Latency: 
    * Summary: 
    +---------+---------+----------+----------+-----+-----+---------+
    |  Latency (cycles) |  Latency (absolute) |  Interval | Pipeline|
    |   min   |   max   |    min   |    max   | min | max |   Type  |
    +---------+---------+----------+----------+-----+-----+---------+
    |        ?|        ?|         ?|         ?|    ?|    ?|     none|
    +---------+---------+----------+----------+-----+-----+---------+

    + Detail: 
        * Instance: 
        N/A

        * Loop: 
        +------------+---------+---------+----------+-----------+-----------+------+----------+
        |            |  Latency (cycles) | Iteration|  Initiation Interval  | Trip |          |
        |  Loop Name |   min   |   max   |  Latency |  achieved |   target  | Count| Pipelined|
        +------------+---------+---------+----------+-----------+-----------+------+----------+
        |- MainLoop  |        ?|        ?|         ?|          -|          -|     ?|        no|
        | + waitId0  |        ?|        ?|         1|          1|          1|     ?|       yes|
        +------------+---------+---------+----------+-----------+-----------+------+----------+

============================================================
+ Verbose Summary: Synthesis Manager
============================================================
InlineROM: 1
ExposeGlobal: 0
============================================================
+ Verbose Summary: CDFG Model
============================================================
IsTopModel: 1
ResetActiveHigh: 1
IsCombinational: 0
IsDatapathOnly: 0
HasWiredReturn: 1
HasMFsm: 0
HasVarLatency: 1
IsPipeline: 0
IsRtlPipelined: 0
IsInstanceOverlapped: 0
IsDontTouch: 0
HasImplIP: 0
IsGatedGlobalClock: 0

+ Individual pipeline summary: 
  * Pipeline-0: initiation interval (II) = 1, depth = 1


============================================================
+ Verbose Summary: Schedule
============================================================
* Number of FSM states : 7
* Pipeline : 1
  Pipeline-0 : II = 1, D = 1, States = { 5 }
* Dataflow Pipeline: 0

* FSM state transitions: 
1 --> 2 
2 --> 3 
3 --> 4 6 
4 --> 5 
5 --> 6 5 
6 --> 7 3 
7 --> 

* FSM state operations: 

State 1 <SV = 0> <Delay = 0.00>
ST_1 : Operation 8 [2/2] (0.00ns)   --->   "%write_ln37 = write void @_ssdm_op_Write.ap_none.volatile.i1P0A, i1 %resWrite, i1 0" [/Zodiac/GraFlex/ArtifactEvaluation/figure8/BFS_Scalability/PE_2/src/hw/ctrl/tmp/bfs_ctrl.cpp:37]   --->   Operation 8 'write' 'write_ln37' <Predicate = true> <Delay = 0.00>

State 2 <SV = 1> <Delay = 0.00>
ST_2 : Operation 9 [1/1] (0.00ns)   --->   "%spectopmodule_ln0 = spectopmodule void @_ssdm_op_SpecTopModule, void @empty_4"   --->   Operation 9 'spectopmodule' 'spectopmodule_ln0' <Predicate = true> <Delay = 0.00>
ST_2 : Operation 10 [1/1] (0.00ns)   --->   "%specbitsmap_ln0 = specbitsmap void @_ssdm_op_SpecBitsMap, i1 %dummyParam"   --->   Operation 10 'specbitsmap' 'specbitsmap_ln0' <Predicate = true> <Delay = 0.00>
ST_2 : Operation 11 [1/1] (0.00ns)   --->   "%specinterface_ln0 = specinterface void @_ssdm_op_SpecInterface, i1 %dummyParam, void @empty_1, i32 0, i32 0, void @empty_0, i32 0, i32 0, void @empty_0, void @empty_0, void @empty_0, i32 0, i32 0, i32 0, i32 0, void @empty_0, void @empty_0"   --->   Operation 11 'specinterface' 'specinterface_ln0' <Predicate = true> <Delay = 0.00>
ST_2 : Operation 12 [1/1] (0.00ns)   --->   "%specbitsmap_ln0 = specbitsmap void @_ssdm_op_SpecBitsMap, i32 %N_Vertex"   --->   Operation 12 'specbitsmap' 'specbitsmap_ln0' <Predicate = true> <Delay = 0.00>
ST_2 : Operation 13 [1/1] (0.00ns)   --->   "%specinterface_ln0 = specinterface void @_ssdm_op_SpecInterface, i32 %N_Vertex, void @empty_2, i32 0, i32 0, void @empty_0, i32 0, i32 0, void @empty_0, void @empty_0, void @empty_0, i32 0, i32 0, i32 0, i32 0, void @empty_0, void @empty_0"   --->   Operation 13 'specinterface' 'specinterface_ln0' <Predicate = true> <Delay = 0.00>
ST_2 : Operation 14 [1/1] (0.00ns)   --->   "%specbitsmap_ln0 = specbitsmap void @_ssdm_op_SpecBitsMap, i1 %resWrite"   --->   Operation 14 'specbitsmap' 'specbitsmap_ln0' <Predicate = true> <Delay = 0.00>
ST_2 : Operation 15 [1/1] (0.00ns)   --->   "%specinterface_ln0 = specinterface void @_ssdm_op_SpecInterface, i1 %resWrite, void @empty_2, i32 1, i32 1, void @empty_3, i32 0, i32 0, void @empty_0, void @empty_0, void @empty_0, i32 0, i32 0, i32 0, i32 0, void @empty_0, void @empty_0"   --->   Operation 15 'specinterface' 'specinterface_ln0' <Predicate = true> <Delay = 0.00>
ST_2 : Operation 16 [1/1] (0.00ns)   --->   "%specbitsmap_ln0 = specbitsmap void @_ssdm_op_SpecBitsMap, i16 %glblIterIdx"   --->   Operation 16 'specbitsmap' 'specbitsmap_ln0' <Predicate = true> <Delay = 0.00>
ST_2 : Operation 17 [1/1] (0.00ns)   --->   "%specinterface_ln0 = specinterface void @_ssdm_op_SpecInterface, i16 %glblIterIdx, void @empty_2, i32 1, i32 1, void @empty_3, i32 0, i32 0, void @empty_0, void @empty_0, void @empty_0, i32 0, i32 0, i32 0, i32 0, void @empty_0, void @empty_0"   --->   Operation 17 'specinterface' 'specinterface_ln0' <Predicate = true> <Delay = 0.00>
ST_2 : Operation 18 [1/1] (0.00ns)   --->   "%specbitsmap_ln0 = specbitsmap void @_ssdm_op_SpecBitsMap, i32 %cnt_scatter_0"   --->   Operation 18 'specbitsmap' 'specbitsmap_ln0' <Predicate = true> <Delay = 0.00>
ST_2 : Operation 19 [1/1] (0.00ns)   --->   "%specinterface_ln0 = specinterface void @_ssdm_op_SpecInterface, i32 %cnt_scatter_0, void @empty_2, i32 0, i32 0, void @empty_0, i32 0, i32 0, void @empty_0, void @empty_0, void @empty_0, i32 0, i32 0, i32 0, i32 0, void @empty_0, void @empty_0"   --->   Operation 19 'specinterface' 'specinterface_ln0' <Predicate = true> <Delay = 0.00>
ST_2 : Operation 20 [1/1] (0.00ns)   --->   "%specbitsmap_ln0 = specbitsmap void @_ssdm_op_SpecBitsMap, i32 %cnt_scatter_1"   --->   Operation 20 'specbitsmap' 'specbitsmap_ln0' <Predicate = true> <Delay = 0.00>
ST_2 : Operation 21 [1/1] (0.00ns)   --->   "%specinterface_ln0 = specinterface void @_ssdm_op_SpecInterface, i32 %cnt_scatter_1, void @empty_2, i32 0, i32 0, void @empty_0, i32 0, i32 0, void @empty_0, void @empty_0, void @empty_0, i32 0, i32 0, i32 0, i32 0, void @empty_0, void @empty_0"   --->   Operation 21 'specinterface' 'specinterface_ln0' <Predicate = true> <Delay = 0.00>
ST_2 : Operation 22 [1/1] (0.00ns)   --->   "%specbitsmap_ln0 = specbitsmap void @_ssdm_op_SpecBitsMap, i32 %cnt_gather_0"   --->   Operation 22 'specbitsmap' 'specbitsmap_ln0' <Predicate = true> <Delay = 0.00>
ST_2 : Operation 23 [1/1] (0.00ns)   --->   "%specinterface_ln0 = specinterface void @_ssdm_op_SpecInterface, i32 %cnt_gather_0, void @empty_2, i32 0, i32 0, void @empty_0, i32 0, i32 0, void @empty_0, void @empty_0, void @empty_0, i32 0, i32 0, i32 0, i32 0, void @empty_0, void @empty_0"   --->   Operation 23 'specinterface' 'specinterface_ln0' <Predicate = true> <Delay = 0.00>
ST_2 : Operation 24 [1/1] (0.00ns)   --->   "%specbitsmap_ln0 = specbitsmap void @_ssdm_op_SpecBitsMap, i32 %cnt_gather_1"   --->   Operation 24 'specbitsmap' 'specbitsmap_ln0' <Predicate = true> <Delay = 0.00>
ST_2 : Operation 25 [1/1] (0.00ns)   --->   "%specinterface_ln0 = specinterface void @_ssdm_op_SpecInterface, i32 %cnt_gather_1, void @empty_2, i32 0, i32 0, void @empty_0, i32 0, i32 0, void @empty_0, void @empty_0, void @empty_0, i32 0, i32 0, i32 0, i32 0, void @empty_0, void @empty_0"   --->   Operation 25 'specinterface' 'specinterface_ln0' <Predicate = true> <Delay = 0.00>
ST_2 : Operation 26 [1/1] (0.00ns)   --->   "%specbitsmap_ln0 = specbitsmap void @_ssdm_op_SpecBitsMap, i1 %exist_0"   --->   Operation 26 'specbitsmap' 'specbitsmap_ln0' <Predicate = true> <Delay = 0.00>
ST_2 : Operation 27 [1/1] (0.00ns)   --->   "%specinterface_ln0 = specinterface void @_ssdm_op_SpecInterface, i1 %exist_0, void @empty_2, i32 0, i32 0, void @empty_0, i32 0, i32 0, void @empty_0, void @empty_0, void @empty_0, i32 0, i32 0, i32 0, i32 0, void @empty_0, void @empty_0"   --->   Operation 27 'specinterface' 'specinterface_ln0' <Predicate = true> <Delay = 0.00>
ST_2 : Operation 28 [1/1] (0.00ns)   --->   "%specbitsmap_ln0 = specbitsmap void @_ssdm_op_SpecBitsMap, i1 %exist_1"   --->   Operation 28 'specbitsmap' 'specbitsmap_ln0' <Predicate = true> <Delay = 0.00>
ST_2 : Operation 29 [1/1] (0.00ns)   --->   "%specinterface_ln0 = specinterface void @_ssdm_op_SpecInterface, i1 %exist_1, void @empty_2, i32 0, i32 0, void @empty_0, i32 0, i32 0, void @empty_0, void @empty_0, void @empty_0, i32 0, i32 0, i32 0, i32 0, void @empty_0, void @empty_0"   --->   Operation 29 'specinterface' 'specinterface_ln0' <Predicate = true> <Delay = 0.00>
ST_2 : Operation 30 [1/1] (0.00ns)   --->   "%N_Vertex_read = read i32 @_ssdm_op_Read.ap_none.i32, i32 %N_Vertex" [/Zodiac/GraFlex/ArtifactEvaluation/figure8/BFS_Scalability/PE_2/src/hw/ctrl/tmp/bfs_ctrl.cpp:16]   --->   Operation 30 'read' 'N_Vertex_read' <Predicate = true> <Delay = 0.00>
ST_2 : Operation 31 [1/2] (0.00ns)   --->   "%write_ln37 = write void @_ssdm_op_Write.ap_none.volatile.i1P0A, i1 %resWrite, i1 0" [/Zodiac/GraFlex/ArtifactEvaluation/figure8/BFS_Scalability/PE_2/src/hw/ctrl/tmp/bfs_ctrl.cpp:37]   --->   Operation 31 'write' 'write_ln37' <Predicate = true> <Delay = 0.00>
ST_2 : Operation 32 [1/1] (0.00ns)   --->   "%br_ln39 = br void" [/Zodiac/GraFlex/ArtifactEvaluation/figure8/BFS_Scalability/PE_2/src/hw/ctrl/tmp/bfs_ctrl.cpp:39]   --->   Operation 32 'br' 'br_ln39' <Predicate = true> <Delay = 0.00>

State 3 <SV = 2> <Delay = 1.24>
ST_3 : Operation 33 [1/1] (0.00ns)   --->   "%iterIdx_load = load i16 %iterIdx" [/Zodiac/GraFlex/ArtifactEvaluation/figure8/BFS_Scalability/PE_2/src/hw/ctrl/tmp/bfs_ctrl.cpp:39]   --->   Operation 33 'load' 'iterIdx_load' <Predicate = true> <Delay = 0.00>
ST_3 : Operation 34 [1/1] (0.00ns)   --->   "%zext_ln39 = zext i16 %iterIdx_load" [/Zodiac/GraFlex/ArtifactEvaluation/figure8/BFS_Scalability/PE_2/src/hw/ctrl/tmp/bfs_ctrl.cpp:39]   --->   Operation 34 'zext' 'zext_ln39' <Predicate = true> <Delay = 0.00>
ST_3 : Operation 35 [1/1] (0.85ns)   --->   "%icmp_ln39 = icmp_ult  i32 %zext_ln39, i32 %N_Vertex_read" [/Zodiac/GraFlex/ArtifactEvaluation/figure8/BFS_Scalability/PE_2/src/hw/ctrl/tmp/bfs_ctrl.cpp:39]   --->   Operation 35 'icmp' 'icmp_ln39' <Predicate = true> <Delay = 0.85> <CoreInst = "Cmp">   --->   Core 9 'Cmp' <Latency = 0> <II = 1> <Delay = 0.85> <FuncUnit> <Opcode : 'icmp'> <InPorts = 2> <OutPorts = 1>
ST_3 : Operation 36 [1/1] (0.00ns)   --->   "%br_ln39 = br i1 %icmp_ln39, void %.loopexit, void" [/Zodiac/GraFlex/ArtifactEvaluation/figure8/BFS_Scalability/PE_2/src/hw/ctrl/tmp/bfs_ctrl.cpp:39]   --->   Operation 36 'br' 'br_ln39' <Predicate = true> <Delay = 0.00>
ST_3 : Operation 37 [2/2] (0.00ns)   --->   "%write_ln41 = write void @_ssdm_op_Write.ap_none.volatile.i1P0A, i1 %resWrite, i1 0" [/Zodiac/GraFlex/ArtifactEvaluation/figure8/BFS_Scalability/PE_2/src/hw/ctrl/tmp/bfs_ctrl.cpp:41]   --->   Operation 37 'write' 'write_ln41' <Predicate = (icmp_ln39)> <Delay = 0.00>
ST_3 : Operation 38 [2/2] (0.00ns)   --->   "%write_ln42 = write void @_ssdm_op_Write.ap_none.i16P0A, i16 %glblIterIdx, i16 %iterIdx_load" [/Zodiac/GraFlex/ArtifactEvaluation/figure8/BFS_Scalability/PE_2/src/hw/ctrl/tmp/bfs_ctrl.cpp:42]   --->   Operation 38 'write' 'write_ln42' <Predicate = (icmp_ln39)> <Delay = 0.00>
ST_3 : Operation 39 [2/2] (0.38ns)   --->   "%call_ln45 = call void @BFS_PE, i1 %dummyParam" [/Zodiac/GraFlex/ArtifactEvaluation/figure8/BFS_Scalability/PE_2/src/hw/ctrl/tmp/bfs_ctrl.cpp:45]   --->   Operation 39 'call' 'call_ln45' <Predicate = (icmp_ln39)> <Delay = 0.38> <CoreType = "Generic">   --->   Core 0 '' <Latency = 0> <II = 1> <Delay = 1.00> <Generic> <Opcode : >

State 4 <SV = 3> <Delay = 0.00>
ST_4 : Operation 40 [1/1] (0.00ns)   --->   "%specloopname_ln41 = specloopname void @_ssdm_op_SpecLoopName, void @empty_6" [/Zodiac/GraFlex/ArtifactEvaluation/figure8/BFS_Scalability/PE_2/src/hw/ctrl/tmp/bfs_ctrl.cpp:41]   --->   Operation 40 'specloopname' 'specloopname_ln41' <Predicate = true> <Delay = 0.00>
ST_4 : Operation 41 [1/2] (0.00ns)   --->   "%write_ln41 = write void @_ssdm_op_Write.ap_none.volatile.i1P0A, i1 %resWrite, i1 0" [/Zodiac/GraFlex/ArtifactEvaluation/figure8/BFS_Scalability/PE_2/src/hw/ctrl/tmp/bfs_ctrl.cpp:41]   --->   Operation 41 'write' 'write_ln41' <Predicate = true> <Delay = 0.00>
ST_4 : Operation 42 [1/2] (0.00ns)   --->   "%write_ln42 = write void @_ssdm_op_Write.ap_none.i16P0A, i16 %glblIterIdx, i16 %iterIdx_load" [/Zodiac/GraFlex/ArtifactEvaluation/figure8/BFS_Scalability/PE_2/src/hw/ctrl/tmp/bfs_ctrl.cpp:42]   --->   Operation 42 'write' 'write_ln42' <Predicate = true> <Delay = 0.00>
ST_4 : Operation 43 [1/2] (0.00ns)   --->   "%call_ln45 = call void @BFS_PE, i1 %dummyParam" [/Zodiac/GraFlex/ArtifactEvaluation/figure8/BFS_Scalability/PE_2/src/hw/ctrl/tmp/bfs_ctrl.cpp:45]   --->   Operation 43 'call' 'call_ln45' <Predicate = true> <Delay = 0.00> <CoreType = "Generic">   --->   Core 0 '' <Latency = 0> <II = 1> <Delay = 1.00> <Generic> <Opcode : >
ST_4 : Operation 44 [1/1] (0.00ns)   --->   "%br_ln47 = br void" [/Zodiac/GraFlex/ArtifactEvaluation/figure8/BFS_Scalability/PE_2/src/hw/ctrl/tmp/bfs_ctrl.cpp:47]   --->   Operation 44 'br' 'br_ln47' <Predicate = true> <Delay = 0.00>

State 5 <SV = 4> <Delay = 1.73>
ST_5 : Operation 45 [1/1] (0.00ns)   --->   "%specpipeline_ln0 = specpipeline void @_ssdm_op_SpecPipeline, i32 4294967295, i32 0, i32 1, i32 0, void @p_str"   --->   Operation 45 'specpipeline' 'specpipeline_ln0' <Predicate = true> <Delay = 0.00>
ST_5 : Operation 46 [1/1] (0.00ns)   --->   "%cnt_gather_0_read = read i32 @_ssdm_op_Read.ap_none.volatile.i32P0A, i32 %cnt_gather_0" [/Zodiac/GraFlex/ArtifactEvaluation/figure8/BFS_Scalability/PE_2/src/hw/ctrl/tmp/bfs_ctrl.cpp:47]   --->   Operation 46 'read' 'cnt_gather_0_read' <Predicate = true> <Delay = 0.00>
ST_5 : Operation 47 [1/1] (0.00ns)   --->   "%cnt_gather_1_read = read i32 @_ssdm_op_Read.ap_none.volatile.i32P0A, i32 %cnt_gather_1" [/Zodiac/GraFlex/ArtifactEvaluation/figure8/BFS_Scalability/PE_2/src/hw/ctrl/tmp/bfs_ctrl.cpp:47]   --->   Operation 47 'read' 'cnt_gather_1_read' <Predicate = true> <Delay = 0.00>
ST_5 : Operation 48 [1/1] (0.88ns)   --->   "%add_ln47 = add i32 %cnt_gather_1_read, i32 %cnt_gather_0_read" [/Zodiac/GraFlex/ArtifactEvaluation/figure8/BFS_Scalability/PE_2/src/hw/ctrl/tmp/bfs_ctrl.cpp:47]   --->   Operation 48 'add' 'add_ln47' <Predicate = true> <Delay = 0.88> <CoreInst = "Adder">   --->   Core 1 'Adder' <Latency = 0> <II = 1> <Delay = 0.78> <FuncUnit> <Opcode : 'add' 'sub'> <InPorts = 2> <OutPorts = 1>
ST_5 : Operation 49 [1/1] (0.00ns)   --->   "%cnt_scatter_0_read = read i32 @_ssdm_op_Read.ap_none.volatile.i32P0A, i32 %cnt_scatter_0" [/Zodiac/GraFlex/ArtifactEvaluation/figure8/BFS_Scalability/PE_2/src/hw/ctrl/tmp/bfs_ctrl.cpp:47]   --->   Operation 49 'read' 'cnt_scatter_0_read' <Predicate = true> <Delay = 0.00>
ST_5 : Operation 50 [1/1] (0.00ns)   --->   "%cnt_scatter_1_read = read i32 @_ssdm_op_Read.ap_none.volatile.i32P0A, i32 %cnt_scatter_1" [/Zodiac/GraFlex/ArtifactEvaluation/figure8/BFS_Scalability/PE_2/src/hw/ctrl/tmp/bfs_ctrl.cpp:47]   --->   Operation 50 'read' 'cnt_scatter_1_read' <Predicate = true> <Delay = 0.00>
ST_5 : Operation 51 [1/1] (0.88ns)   --->   "%add_ln47_1 = add i32 %cnt_scatter_1_read, i32 %cnt_scatter_0_read" [/Zodiac/GraFlex/ArtifactEvaluation/figure8/BFS_Scalability/PE_2/src/hw/ctrl/tmp/bfs_ctrl.cpp:47]   --->   Operation 51 'add' 'add_ln47_1' <Predicate = true> <Delay = 0.88> <CoreInst = "Adder">   --->   Core 1 'Adder' <Latency = 0> <II = 1> <Delay = 0.78> <FuncUnit> <Opcode : 'add' 'sub'> <InPorts = 2> <OutPorts = 1>
ST_5 : Operation 52 [1/1] (0.85ns)   --->   "%icmp_ln47 = icmp_eq  i32 %add_ln47, i32 %add_ln47_1" [/Zodiac/GraFlex/ArtifactEvaluation/figure8/BFS_Scalability/PE_2/src/hw/ctrl/tmp/bfs_ctrl.cpp:47]   --->   Operation 52 'icmp' 'icmp_ln47' <Predicate = true> <Delay = 0.85> <CoreInst = "Cmp">   --->   Core 9 'Cmp' <Latency = 0> <II = 1> <Delay = 0.85> <FuncUnit> <Opcode : 'icmp'> <InPorts = 2> <OutPorts = 1>
ST_5 : Operation 53 [1/1] (0.00ns)   --->   "%br_ln47 = br i1 %icmp_ln47, void %0, void" [/Zodiac/GraFlex/ArtifactEvaluation/figure8/BFS_Scalability/PE_2/src/hw/ctrl/tmp/bfs_ctrl.cpp:47]   --->   Operation 53 'br' 'br_ln47' <Predicate = true> <Delay = 0.00>
ST_5 : Operation 54 [1/1] (0.00ns)   --->   "%specloopname_ln47 = specloopname void @_ssdm_op_SpecLoopName, void @empty_5" [/Zodiac/GraFlex/ArtifactEvaluation/figure8/BFS_Scalability/PE_2/src/hw/ctrl/tmp/bfs_ctrl.cpp:47]   --->   Operation 54 'specloopname' 'specloopname_ln47' <Predicate = (!icmp_ln47)> <Delay = 0.00>
ST_5 : Operation 55 [1/1] (0.00ns)   --->   "%rbegin = specregionbegin i32 @_ssdm_op_SpecRegionBegin, void @empty" [/Zodiac/GraFlex/ArtifactEvaluation/figure8/BFS_Scalability/PE_2/src/hw/ctrl/tmp/bfs_ctrl.cpp:47]   --->   Operation 55 'specregionbegin' 'rbegin' <Predicate = (!icmp_ln47)> <Delay = 0.00>
ST_5 : Operation 56 [1/1] (0.00ns)   --->   "%wait_ln50 = wait void @_ssdm_op_Wait, i32 1" [/Zodiac/GraFlex/ArtifactEvaluation/figure8/BFS_Scalability/PE_2/src/hw/ctrl/tmp/bfs_ctrl.cpp:50]   --->   Operation 56 'wait' 'wait_ln50' <Predicate = (!icmp_ln47)> <Delay = 0.00>
ST_5 : Operation 57 [1/1] (0.00ns)   --->   "%specprotocol_ln51 = specprotocol void @_ssdm_op_SpecProtocol, i64 1, void @empty_0" [/Zodiac/GraFlex/ArtifactEvaluation/figure8/BFS_Scalability/PE_2/src/hw/ctrl/tmp/bfs_ctrl.cpp:51]   --->   Operation 57 'specprotocol' 'specprotocol_ln51' <Predicate = (!icmp_ln47)> <Delay = 0.00>
ST_5 : Operation 58 [1/1] (0.00ns)   --->   "%rend = specregionend i32 @_ssdm_op_SpecRegionEnd, void @empty, i32 %rbegin" [/Zodiac/GraFlex/ArtifactEvaluation/figure8/BFS_Scalability/PE_2/src/hw/ctrl/tmp/bfs_ctrl.cpp:51]   --->   Operation 58 'specregionend' 'rend' <Predicate = (!icmp_ln47)> <Delay = 0.00>
ST_5 : Operation 59 [1/1] (0.00ns)   --->   "%br_ln47 = br void" [/Zodiac/GraFlex/ArtifactEvaluation/figure8/BFS_Scalability/PE_2/src/hw/ctrl/tmp/bfs_ctrl.cpp:47]   --->   Operation 59 'br' 'br_ln47' <Predicate = (!icmp_ln47)> <Delay = 0.00>

State 6 <SV = 5> <Delay = 0.78>
ST_6 : Operation 60 [1/1] (0.00ns)   --->   "%exist_0_read = read i1 @_ssdm_op_Read.ap_none.volatile.i1P0A, i1 %exist_0" [/Zodiac/GraFlex/ArtifactEvaluation/figure8/BFS_Scalability/PE_2/src/hw/ctrl/tmp/bfs_ctrl.cpp:54]   --->   Operation 60 'read' 'exist_0_read' <Predicate = (icmp_ln39)> <Delay = 0.00>
ST_6 : Operation 61 [1/1] (0.00ns)   --->   "%br_ln54 = br i1 %exist_0_read, void, void %.thread" [/Zodiac/GraFlex/ArtifactEvaluation/figure8/BFS_Scalability/PE_2/src/hw/ctrl/tmp/bfs_ctrl.cpp:54]   --->   Operation 61 'br' 'br_ln54' <Predicate = (icmp_ln39)> <Delay = 0.00>
ST_6 : Operation 62 [1/1] (0.00ns)   --->   "%exist_1_read = read i1 @_ssdm_op_Read.ap_none.volatile.i1P0A, i1 %exist_1" [/Zodiac/GraFlex/ArtifactEvaluation/figure8/BFS_Scalability/PE_2/src/hw/ctrl/tmp/bfs_ctrl.cpp:54]   --->   Operation 62 'read' 'exist_1_read' <Predicate = (icmp_ln39 & !exist_0_read)> <Delay = 0.00>
ST_6 : Operation 63 [1/1] (0.00ns)   --->   "%br_ln54 = br i1 %exist_1_read, void %.loopexit, void %.thread" [/Zodiac/GraFlex/ArtifactEvaluation/figure8/BFS_Scalability/PE_2/src/hw/ctrl/tmp/bfs_ctrl.cpp:54]   --->   Operation 63 'br' 'br_ln54' <Predicate = (icmp_ln39 & !exist_0_read)> <Delay = 0.00>
ST_6 : Operation 64 [1/1] (0.78ns)   --->   "%add_ln58 = add i16 %iterIdx_load, i16 1" [/Zodiac/GraFlex/ArtifactEvaluation/figure8/BFS_Scalability/PE_2/src/hw/ctrl/tmp/bfs_ctrl.cpp:58]   --->   Operation 64 'add' 'add_ln58' <Predicate = (icmp_ln39 & exist_1_read) | (icmp_ln39 & exist_0_read)> <Delay = 0.78> <CoreInst = "Adder">   --->   Core 1 'Adder' <Latency = 0> <II = 1> <Delay = 0.78> <FuncUnit> <Opcode : 'add' 'sub'> <InPorts = 2> <OutPorts = 1>
ST_6 : Operation 65 [1/1] (0.00ns)   --->   "%store_ln58 = store i16 %add_ln58, i16 %iterIdx" [/Zodiac/GraFlex/ArtifactEvaluation/figure8/BFS_Scalability/PE_2/src/hw/ctrl/tmp/bfs_ctrl.cpp:58]   --->   Operation 65 'store' 'store_ln58' <Predicate = (icmp_ln39 & exist_1_read) | (icmp_ln39 & exist_0_read)> <Delay = 0.00>
ST_6 : Operation 66 [1/1] (0.00ns)   --->   "%br_ln39 = br void" [/Zodiac/GraFlex/ArtifactEvaluation/figure8/BFS_Scalability/PE_2/src/hw/ctrl/tmp/bfs_ctrl.cpp:39]   --->   Operation 66 'br' 'br_ln39' <Predicate = (icmp_ln39 & exist_1_read) | (icmp_ln39 & exist_0_read)> <Delay = 0.00>
ST_6 : Operation 67 [2/2] (0.00ns)   --->   "%write_ln61 = write void @_ssdm_op_Write.ap_none.volatile.i1P0A, i1 %resWrite, i1 1" [/Zodiac/GraFlex/ArtifactEvaluation/figure8/BFS_Scalability/PE_2/src/hw/ctrl/tmp/bfs_ctrl.cpp:61]   --->   Operation 67 'write' 'write_ln61' <Predicate = (!exist_0_read & !exist_1_read) | (!icmp_ln39)> <Delay = 0.00>
ST_6 : Operation 68 [2/2] (0.38ns)   --->   "%call_ln62 = call void @BFS_PE, i1 %dummyParam" [/Zodiac/GraFlex/ArtifactEvaluation/figure8/BFS_Scalability/PE_2/src/hw/ctrl/tmp/bfs_ctrl.cpp:62]   --->   Operation 68 'call' 'call_ln62' <Predicate = (!exist_0_read & !exist_1_read) | (!icmp_ln39)> <Delay = 0.38> <CoreType = "Generic">   --->   Core 0 '' <Latency = 0> <II = 1> <Delay = 1.00> <Generic> <Opcode : >

State 7 <SV = 6> <Delay = 0.00>
ST_7 : Operation 69 [1/2] (0.00ns)   --->   "%write_ln61 = write void @_ssdm_op_Write.ap_none.volatile.i1P0A, i1 %resWrite, i1 1" [/Zodiac/GraFlex/ArtifactEvaluation/figure8/BFS_Scalability/PE_2/src/hw/ctrl/tmp/bfs_ctrl.cpp:61]   --->   Operation 69 'write' 'write_ln61' <Predicate = true> <Delay = 0.00>
ST_7 : Operation 70 [1/2] (0.00ns)   --->   "%call_ln62 = call void @BFS_PE, i1 %dummyParam" [/Zodiac/GraFlex/ArtifactEvaluation/figure8/BFS_Scalability/PE_2/src/hw/ctrl/tmp/bfs_ctrl.cpp:62]   --->   Operation 70 'call' 'call_ln62' <Predicate = true> <Delay = 0.00> <CoreType = "Generic">   --->   Core 0 '' <Latency = 0> <II = 1> <Delay = 1.00> <Generic> <Opcode : >
ST_7 : Operation 71 [1/1] (0.00ns)   --->   "%ret_ln64 = ret" [/Zodiac/GraFlex/ArtifactEvaluation/figure8/BFS_Scalability/PE_2/src/hw/ctrl/tmp/bfs_ctrl.cpp:64]   --->   Operation 71 'ret' 'ret_ln64' <Predicate = true> <Delay = 0.00>


============================================================
+ Verbose Summary: Timing violations
============================================================
Target clock period: 5ns, clock uncertainty: 1.35ns.

 <State 1>: 0ns
The critical path consists of the following:

 <State 2>: 0ns
The critical path consists of the following:

 <State 3>: 1.25ns
The critical path consists of the following:
	'load' operation ('iterIdx_load', /Zodiac/GraFlex/ArtifactEvaluation/figure8/BFS_Scalability/PE_2/src/hw/ctrl/tmp/bfs_ctrl.cpp:39) on static variable 'iterIdx' [38]  (0 ns)
	'icmp' operation ('icmp_ln39', /Zodiac/GraFlex/ArtifactEvaluation/figure8/BFS_Scalability/PE_2/src/hw/ctrl/tmp/bfs_ctrl.cpp:39) [40]  (0.859 ns)
	blocking operation 0.387 ns on control path)

 <State 4>: 0ns
The critical path consists of the following:

 <State 5>: 1.74ns
The critical path consists of the following:
	wire read on port 'cnt_gather_0' (/Zodiac/GraFlex/ArtifactEvaluation/figure8/BFS_Scalability/PE_2/src/hw/ctrl/tmp/bfs_ctrl.cpp:47) [50]  (0 ns)
	'add' operation ('add_ln47', /Zodiac/GraFlex/ArtifactEvaluation/figure8/BFS_Scalability/PE_2/src/hw/ctrl/tmp/bfs_ctrl.cpp:47) [52]  (0.88 ns)
	'icmp' operation ('icmp_ln47', /Zodiac/GraFlex/ArtifactEvaluation/figure8/BFS_Scalability/PE_2/src/hw/ctrl/tmp/bfs_ctrl.cpp:47) [56]  (0.859 ns)

 <State 6>: 0.785ns
The critical path consists of the following:
	'add' operation ('add_ln58', /Zodiac/GraFlex/ArtifactEvaluation/figure8/BFS_Scalability/PE_2/src/hw/ctrl/tmp/bfs_ctrl.cpp:58) [72]  (0.785 ns)

 <State 7>: 0ns
The critical path consists of the following:


============================================================
+ Verbose Summary: Binding
============================================================
N/A
* FSMD analyzer results:
  - Output states:
 - Input state : 
  - Chain level:
	State 1
	State 2
	State 3
	State 4
	State 5
	State 6
	State 7


============================================================
+ Verbose Summary: Datapath Resource usage 
============================================================
N/A
