

================================================================
== Vitis HLS Report for 'BFS_Ctrl_2X1_VER1'
================================================================
* Date:           Wed Dec 20 18:41:55 2023

* Version:        2020.2 (Build 3064766 on Wed Nov 18 09:12:47 MST 2020)
* Project:        bfs_ctrl_v1
* Solution:       solution1 (Vivado IP Flow Target)
* Product family: virtexuplus
* Target device:  xcu280-fsvh2892-2L-e


================================================================
== Performance Estimates
================================================================
+ Timing: 
    * Summary: 
    +--------+---------+----------+------------+
    |  Clock |  Target | Estimated| Uncertainty|
    +--------+---------+----------+------------+
    |ap_clk  |  5.00 ns|  1.739 ns|     1.35 ns|
    +--------+---------+----------+------------+

+ Latency: 
    * Summary: 
    +---------+---------+----------+----------+-----+-----+---------+
    |  Latency (cycles) |  Latency (absolute) |  Interval | Pipeline|
    |   min   |   max   |    min   |    max   | min | max |   Type  |
    +---------+---------+----------+----------+-----+-----+---------+
    |        ?|        ?|         ?|         ?|    ?|    ?|     none|
    +---------+---------+----------+----------+-----+-----+---------+

    + Detail: 
        * Instance: 
        +-------------------+--------+---------+---------+----------+----------+-----+-----+---------+
        |                   |        |  Latency (cycles) |  Latency (absolute) |  Interval | Pipeline|
        |      Instance     | Module |   min   |   max   |    min   |    max   | min | max |   Type  |
        +-------------------+--------+---------+---------+----------+----------+-----+-----+---------+
        |grp_BFS_PE_fu_142  |BFS_PE  |        1|        1|  5.000 ns|  5.000 ns|    1|    1|     none|
        +-------------------+--------+---------+---------+----------+----------+-----+-----+---------+

        * Loop: 
        +------------+---------+---------+----------+-----------+-----------+------+----------+
        |            |  Latency (cycles) | Iteration|  Initiation Interval  | Trip |          |
        |  Loop Name |   min   |   max   |  Latency |  achieved |   target  | Count| Pipelined|
        +------------+---------+---------+----------+-----------+-----------+------+----------+
        |- MainLoop  |        ?|        ?|         ?|          -|          -|     ?|        no|
        | + waitId0  |        ?|        ?|         1|          1|          1|     ?|       yes|
        +------------+---------+---------+----------+-----------+-----------+------+----------+

============================================================
+ Verbose Summary: Synthesis Manager
============================================================
InlineROM: 1
ExposeGlobal: 0
============================================================
+ Verbose Summary: CDFG Model
============================================================
IsTopModel: 1
ResetActiveHigh: 1
IsCombinational: 0
IsDatapathOnly: 0
HasWiredReturn: 1
HasMFsm: 0
HasVarLatency: 1
IsPipeline: 0
IsRtlPipelined: 0
IsInstanceOverlapped: 0
IsDontTouch: 0
HasImplIP: 0
IsGatedGlobalClock: 0

+ Individual pipeline summary: 
  * Pipeline-0: initiation interval (II) = 1, depth = 1


============================================================
+ Verbose Summary: Schedule
============================================================
* Number of FSM states : 7
* Pipeline : 1
  Pipeline-0 : II = 1, D = 1, States = { 5 }
* Dataflow Pipeline: 0

* FSM state transitions: 
1 --> 2 
2 --> 3 
3 --> 4 6 
4 --> 5 
5 --> 6 5 
6 --> 7 3 
7 --> 

* FSM state operations: 

State 1 <SV = 0> <Delay = 0.00>
ST_1 : Operation 8 [2/2] (0.00ns)   --->   "%write_ln37 = write void @_ssdm_op_Write.ap_none.volatile.i1P0A, i1 %resWrite, i1 0" [/Zodiac/GraFlex/ArtifactEvaluation/figure8/BFS_Scalability/PE_2/src/hw/ctrl/tmp/bfs_ctrl.cpp:37]   --->   Operation 8 'write' 'write_ln37' <Predicate = true> <Delay = 0.00>

State 2 <SV = 1> <Delay = 0.00>
ST_2 : Operation 9 [1/1] (0.00ns)   --->   "%spectopmodule_ln0 = spectopmodule void @_ssdm_op_SpecTopModule, void @empty_4"   --->   Operation 9 'spectopmodule' 'spectopmodule_ln0' <Predicate = true> <Delay = 0.00>
ST_2 : Operation 10 [1/1] (0.00ns)   --->   "%specbitsmap_ln0 = specbitsmap void @_ssdm_op_SpecBitsMap, i1 %dummyParam"   --->   Operation 10 'specbitsmap' 'specbitsmap_ln0' <Predicate = true> <Delay = 0.00>
ST_2 : Operation 11 [1/1] (0.00ns)   --->   "%specinterface_ln0 = specinterface void @_ssdm_op_SpecInterface, i1 %dummyParam, void @empty_1, i32 0, i32 0, void @empty_0, i32 0, i32 0, void @empty_0, void @empty_0, void @empty_0, i32 0, i32 0, i32 0, i32 0, void @empty_0, void @empty_0"   --->   Operation 11 'specinterface' 'specinterface_ln0' <Predicate = true> <Delay = 0.00>
ST_2 : Operation 12 [1/1] (0.00ns)   --->   "%specbitsmap_ln0 = specbitsmap void @_ssdm_op_SpecBitsMap, i32 %N_Vertex"   --->   Operation 12 'specbitsmap' 'specbitsmap_ln0' <Predicate = true> <Delay = 0.00>
ST_2 : Operation 13 [1/1] (0.00ns)   --->   "%specinterface_ln0 = specinterface void @_ssdm_op_SpecInterface, i32 %N_Vertex, void @empty_2, i32 0, i32 0, void @empty_0, i32 0, i32 0, void @empty_0, void @empty_0, void @empty_0, i32 0, i32 0, i32 0, i32 0, void @empty_0, void @empty_0"   --->   Operation 13 'specinterface' 'specinterface_ln0' <Predicate = true> <Delay = 0.00>
ST_2 : Operation 14 [1/1] (0.00ns)   --->   "%specbitsmap_ln0 = specbitsmap void @_ssdm_op_SpecBitsMap, i1 %resWrite"   --->   Operation 14 'specbitsmap' 'specbitsmap_ln0' <Predicate = true> <Delay = 0.00>
ST_2 : Operation 15 [1/1] (0.00ns)   --->   "%specinterface_ln0 = specinterface void @_ssdm_op_SpecInterface, i1 %resWrite, void @empty_2, i32 1, i32 1, void @empty_3, i32 0, i32 0, void @empty_0, void @empty_0, void @empty_0, i32 0, i32 0, i32 0, i32 0, void @empty_0, void @empty_0"   --->   Operation 15 'specinterface' 'specinterface_ln0' <Predicate = true> <Delay = 0.00>
ST_2 : Operation 16 [1/1] (0.00ns)   --->   "%specbitsmap_ln0 = specbitsmap void @_ssdm_op_SpecBitsMap, i16 %glblIterIdx"   --->   Operation 16 'specbitsmap' 'specbitsmap_ln0' <Predicate = true> <Delay = 0.00>
ST_2 : Operation 17 [1/1] (0.00ns)   --->   "%specinterface_ln0 = specinterface void @_ssdm_op_SpecInterface, i16 %glblIterIdx, void @empty_2, i32 1, i32 1, void @empty_3, i32 0, i32 0, void @empty_0, void @empty_0, void @empty_0, i32 0, i32 0, i32 0, i32 0, void @empty_0, void @empty_0"   --->   Operation 17 'specinterface' 'specinterface_ln0' <Predicate = true> <Delay = 0.00>
ST_2 : Operation 18 [1/1] (0.00ns)   --->   "%specbitsmap_ln0 = specbitsmap void @_ssdm_op_SpecBitsMap, i32 %cnt_scatter_0"   --->   Operation 18 'specbitsmap' 'specbitsmap_ln0' <Predicate = true> <Delay = 0.00>
ST_2 : Operation 19 [1/1] (0.00ns)   --->   "%specinterface_ln0 = specinterface void @_ssdm_op_SpecInterface, i32 %cnt_scatter_0, void @empty_2, i32 0, i32 0, void @empty_0, i32 0, i32 0, void @empty_0, void @empty_0, void @empty_0, i32 0, i32 0, i32 0, i32 0, void @empty_0, void @empty_0"   --->   Operation 19 'specinterface' 'specinterface_ln0' <Predicate = true> <Delay = 0.00>
ST_2 : Operation 20 [1/1] (0.00ns)   --->   "%specbitsmap_ln0 = specbitsmap void @_ssdm_op_SpecBitsMap, i32 %cnt_scatter_1"   --->   Operation 20 'specbitsmap' 'specbitsmap_ln0' <Predicate = true> <Delay = 0.00>
ST_2 : Operation 21 [1/1] (0.00ns)   --->   "%specinterface_ln0 = specinterface void @_ssdm_op_SpecInterface, i32 %cnt_scatter_1, void @empty_2, i32 0, i32 0, void @empty_0, i32 0, i32 0, void @empty_0, void @empty_0, void @empty_0, i32 0, i32 0, i32 0, i32 0, void @empty_0, void @empty_0"   --->   Operation 21 'specinterface' 'specinterface_ln0' <Predicate = true> <Delay = 0.00>
ST_2 : Operation 22 [1/1] (0.00ns)   --->   "%specbitsmap_ln0 = specbitsmap void @_ssdm_op_SpecBitsMap, i32 %cnt_gather_0"   --->   Operation 22 'specbitsmap' 'specbitsmap_ln0' <Predicate = true> <Delay = 0.00>
ST_2 : Operation 23 [1/1] (0.00ns)   --->   "%specinterface_ln0 = specinterface void @_ssdm_op_SpecInterface, i32 %cnt_gather_0, void @empty_2, i32 0, i32 0, void @empty_0, i32 0, i32 0, void @empty_0, void @empty_0, void @empty_0, i32 0, i32 0, i32 0, i32 0, void @empty_0, void @empty_0"   --->   Operation 23 'specinterface' 'specinterface_ln0' <Predicate = true> <Delay = 0.00>
ST_2 : Operation 24 [1/1] (0.00ns)   --->   "%specbitsmap_ln0 = specbitsmap void @_ssdm_op_SpecBitsMap, i32 %cnt_gather_1"   --->   Operation 24 'specbitsmap' 'specbitsmap_ln0' <Predicate = true> <Delay = 0.00>
ST_2 : Operation 25 [1/1] (0.00ns)   --->   "%specinterface_ln0 = specinterface void @_ssdm_op_SpecInterface, i32 %cnt_gather_1, void @empty_2, i32 0, i32 0, void @empty_0, i32 0, i32 0, void @empty_0, void @empty_0, void @empty_0, i32 0, i32 0, i32 0, i32 0, void @empty_0, void @empty_0"   --->   Operation 25 'specinterface' 'specinterface_ln0' <Predicate = true> <Delay = 0.00>
ST_2 : Operation 26 [1/1] (0.00ns)   --->   "%specbitsmap_ln0 = specbitsmap void @_ssdm_op_SpecBitsMap, i1 %exist_0"   --->   Operation 26 'specbitsmap' 'specbitsmap_ln0' <Predicate = true> <Delay = 0.00>
ST_2 : Operation 27 [1/1] (0.00ns)   --->   "%specinterface_ln0 = specinterface void @_ssdm_op_SpecInterface, i1 %exist_0, void @empty_2, i32 0, i32 0, void @empty_0, i32 0, i32 0, void @empty_0, void @empty_0, void @empty_0, i32 0, i32 0, i32 0, i32 0, void @empty_0, void @empty_0"   --->   Operation 27 'specinterface' 'specinterface_ln0' <Predicate = true> <Delay = 0.00>
ST_2 : Operation 28 [1/1] (0.00ns)   --->   "%specbitsmap_ln0 = specbitsmap void @_ssdm_op_SpecBitsMap, i1 %exist_1"   --->   Operation 28 'specbitsmap' 'specbitsmap_ln0' <Predicate = true> <Delay = 0.00>
ST_2 : Operation 29 [1/1] (0.00ns)   --->   "%specinterface_ln0 = specinterface void @_ssdm_op_SpecInterface, i1 %exist_1, void @empty_2, i32 0, i32 0, void @empty_0, i32 0, i32 0, void @empty_0, void @empty_0, void @empty_0, i32 0, i32 0, i32 0, i32 0, void @empty_0, void @empty_0"   --->   Operation 29 'specinterface' 'specinterface_ln0' <Predicate = true> <Delay = 0.00>
ST_2 : Operation 30 [1/1] (0.00ns)   --->   "%N_Vertex_read = read i32 @_ssdm_op_Read.ap_none.i32, i32 %N_Vertex" [/Zodiac/GraFlex/ArtifactEvaluation/figure8/BFS_Scalability/PE_2/src/hw/ctrl/tmp/bfs_ctrl.cpp:16]   --->   Operation 30 'read' 'N_Vertex_read' <Predicate = true> <Delay = 0.00>
ST_2 : Operation 31 [1/2] (0.00ns)   --->   "%write_ln37 = write void @_ssdm_op_Write.ap_none.volatile.i1P0A, i1 %resWrite, i1 0" [/Zodiac/GraFlex/ArtifactEvaluation/figure8/BFS_Scalability/PE_2/src/hw/ctrl/tmp/bfs_ctrl.cpp:37]   --->   Operation 31 'write' 'write_ln37' <Predicate = true> <Delay = 0.00>
ST_2 : Operation 32 [1/1] (0.00ns)   --->   "%br_ln39 = br void" [/Zodiac/GraFlex/ArtifactEvaluation/figure8/BFS_Scalability/PE_2/src/hw/ctrl/tmp/bfs_ctrl.cpp:39]   --->   Operation 32 'br' 'br_ln39' <Predicate = true> <Delay = 0.00>

State 3 <SV = 2> <Delay = 1.24>
ST_3 : Operation 33 [1/1] (0.00ns)   --->   "%iterIdx_load = load i16 %iterIdx" [/Zodiac/GraFlex/ArtifactEvaluation/figure8/BFS_Scalability/PE_2/src/hw/ctrl/tmp/bfs_ctrl.cpp:39]   --->   Operation 33 'load' 'iterIdx_load' <Predicate = true> <Delay = 0.00>
ST_3 : Operation 34 [1/1] (0.00ns)   --->   "%zext_ln39 = zext i16 %iterIdx_load" [/Zodiac/GraFlex/ArtifactEvaluation/figure8/BFS_Scalability/PE_2/src/hw/ctrl/tmp/bfs_ctrl.cpp:39]   --->   Operation 34 'zext' 'zext_ln39' <Predicate = true> <Delay = 0.00>
ST_3 : Operation 35 [1/1] (0.85ns)   --->   "%icmp_ln39 = icmp_ult  i32 %zext_ln39, i32 %N_Vertex_read" [/Zodiac/GraFlex/ArtifactEvaluation/figure8/BFS_Scalability/PE_2/src/hw/ctrl/tmp/bfs_ctrl.cpp:39]   --->   Operation 35 'icmp' 'icmp_ln39' <Predicate = true> <Delay = 0.85> <CoreInst = "Cmp">   --->   Core 9 'Cmp' <Latency = 0> <II = 1> <Delay = 0.85> <FuncUnit> <Opcode : 'icmp'> <InPorts = 2> <OutPorts = 1>
ST_3 : Operation 36 [1/1] (0.00ns)   --->   "%br_ln39 = br i1 %icmp_ln39, void %.loopexit, void" [/Zodiac/GraFlex/ArtifactEvaluation/figure8/BFS_Scalability/PE_2/src/hw/ctrl/tmp/bfs_ctrl.cpp:39]   --->   Operation 36 'br' 'br_ln39' <Predicate = true> <Delay = 0.00>
ST_3 : Operation 37 [2/2] (0.00ns)   --->   "%write_ln41 = write void @_ssdm_op_Write.ap_none.volatile.i1P0A, i1 %resWrite, i1 0" [/Zodiac/GraFlex/ArtifactEvaluation/figure8/BFS_Scalability/PE_2/src/hw/ctrl/tmp/bfs_ctrl.cpp:41]   --->   Operation 37 'write' 'write_ln41' <Predicate = (icmp_ln39)> <Delay = 0.00>
ST_3 : Operation 38 [2/2] (0.00ns)   --->   "%write_ln42 = write void @_ssdm_op_Write.ap_none.i16P0A, i16 %glblIterIdx, i16 %iterIdx_load" [/Zodiac/GraFlex/ArtifactEvaluation/figure8/BFS_Scalability/PE_2/src/hw/ctrl/tmp/bfs_ctrl.cpp:42]   --->   Operation 38 'write' 'write_ln42' <Predicate = (icmp_ln39)> <Delay = 0.00>
ST_3 : Operation 39 [2/2] (0.38ns)   --->   "%call_ln45 = call void @BFS_PE, i1 %dummyParam" [/Zodiac/GraFlex/ArtifactEvaluation/figure8/BFS_Scalability/PE_2/src/hw/ctrl/tmp/bfs_ctrl.cpp:45]   --->   Operation 39 'call' 'call_ln45' <Predicate = (icmp_ln39)> <Delay = 0.38> <CoreType = "Generic">   --->   Core 0 '' <Latency = 0> <II = 1> <Delay = 1.00> <Generic> <Opcode : >

State 4 <SV = 3> <Delay = 0.00>
ST_4 : Operation 40 [1/1] (0.00ns)   --->   "%specloopname_ln41 = specloopname void @_ssdm_op_SpecLoopName, void @empty_6" [/Zodiac/GraFlex/ArtifactEvaluation/figure8/BFS_Scalability/PE_2/src/hw/ctrl/tmp/bfs_ctrl.cpp:41]   --->   Operation 40 'specloopname' 'specloopname_ln41' <Predicate = true> <Delay = 0.00>
ST_4 : Operation 41 [1/2] (0.00ns)   --->   "%write_ln41 = write void @_ssdm_op_Write.ap_none.volatile.i1P0A, i1 %resWrite, i1 0" [/Zodiac/GraFlex/ArtifactEvaluation/figure8/BFS_Scalability/PE_2/src/hw/ctrl/tmp/bfs_ctrl.cpp:41]   --->   Operation 41 'write' 'write_ln41' <Predicate = true> <Delay = 0.00>
ST_4 : Operation 42 [1/2] (0.00ns)   --->   "%write_ln42 = write void @_ssdm_op_Write.ap_none.i16P0A, i16 %glblIterIdx, i16 %iterIdx_load" [/Zodiac/GraFlex/ArtifactEvaluation/figure8/BFS_Scalability/PE_2/src/hw/ctrl/tmp/bfs_ctrl.cpp:42]   --->   Operation 42 'write' 'write_ln42' <Predicate = true> <Delay = 0.00>
ST_4 : Operation 43 [1/2] (0.00ns)   --->   "%call_ln45 = call void @BFS_PE, i1 %dummyParam" [/Zodiac/GraFlex/ArtifactEvaluation/figure8/BFS_Scalability/PE_2/src/hw/ctrl/tmp/bfs_ctrl.cpp:45]   --->   Operation 43 'call' 'call_ln45' <Predicate = true> <Delay = 0.00> <CoreType = "Generic">   --->   Core 0 '' <Latency = 0> <II = 1> <Delay = 1.00> <Generic> <Opcode : >
ST_4 : Operation 44 [1/1] (0.00ns)   --->   "%br_ln47 = br void" [/Zodiac/GraFlex/ArtifactEvaluation/figure8/BFS_Scalability/PE_2/src/hw/ctrl/tmp/bfs_ctrl.cpp:47]   --->   Operation 44 'br' 'br_ln47' <Predicate = true> <Delay = 0.00>

State 5 <SV = 4> <Delay = 1.73>
ST_5 : Operation 45 [1/1] (0.00ns)   --->   "%specpipeline_ln0 = specpipeline void @_ssdm_op_SpecPipeline, i32 4294967295, i32 0, i32 1, i32 0, void @p_str"   --->   Operation 45 'specpipeline' 'specpipeline_ln0' <Predicate = true> <Delay = 0.00>
ST_5 : Operation 46 [1/1] (0.00ns)   --->   "%cnt_gather_0_read = read i32 @_ssdm_op_Read.ap_none.volatile.i32P0A, i32 %cnt_gather_0" [/Zodiac/GraFlex/ArtifactEvaluation/figure8/BFS_Scalability/PE_2/src/hw/ctrl/tmp/bfs_ctrl.cpp:47]   --->   Operation 46 'read' 'cnt_gather_0_read' <Predicate = true> <Delay = 0.00>
ST_5 : Operation 47 [1/1] (0.00ns)   --->   "%cnt_gather_1_read = read i32 @_ssdm_op_Read.ap_none.volatile.i32P0A, i32 %cnt_gather_1" [/Zodiac/GraFlex/ArtifactEvaluation/figure8/BFS_Scalability/PE_2/src/hw/ctrl/tmp/bfs_ctrl.cpp:47]   --->   Operation 47 'read' 'cnt_gather_1_read' <Predicate = true> <Delay = 0.00>
ST_5 : Operation 48 [1/1] (0.88ns)   --->   "%add_ln47 = add i32 %cnt_gather_1_read, i32 %cnt_gather_0_read" [/Zodiac/GraFlex/ArtifactEvaluation/figure8/BFS_Scalability/PE_2/src/hw/ctrl/tmp/bfs_ctrl.cpp:47]   --->   Operation 48 'add' 'add_ln47' <Predicate = true> <Delay = 0.88> <CoreInst = "Adder">   --->   Core 1 'Adder' <Latency = 0> <II = 1> <Delay = 0.78> <FuncUnit> <Opcode : 'add' 'sub'> <InPorts = 2> <OutPorts = 1>
ST_5 : Operation 49 [1/1] (0.00ns)   --->   "%cnt_scatter_0_read = read i32 @_ssdm_op_Read.ap_none.volatile.i32P0A, i32 %cnt_scatter_0" [/Zodiac/GraFlex/ArtifactEvaluation/figure8/BFS_Scalability/PE_2/src/hw/ctrl/tmp/bfs_ctrl.cpp:47]   --->   Operation 49 'read' 'cnt_scatter_0_read' <Predicate = true> <Delay = 0.00>
ST_5 : Operation 50 [1/1] (0.00ns)   --->   "%cnt_scatter_1_read = read i32 @_ssdm_op_Read.ap_none.volatile.i32P0A, i32 %cnt_scatter_1" [/Zodiac/GraFlex/ArtifactEvaluation/figure8/BFS_Scalability/PE_2/src/hw/ctrl/tmp/bfs_ctrl.cpp:47]   --->   Operation 50 'read' 'cnt_scatter_1_read' <Predicate = true> <Delay = 0.00>
ST_5 : Operation 51 [1/1] (0.88ns)   --->   "%add_ln47_1 = add i32 %cnt_scatter_1_read, i32 %cnt_scatter_0_read" [/Zodiac/GraFlex/ArtifactEvaluation/figure8/BFS_Scalability/PE_2/src/hw/ctrl/tmp/bfs_ctrl.cpp:47]   --->   Operation 51 'add' 'add_ln47_1' <Predicate = true> <Delay = 0.88> <CoreInst = "Adder">   --->   Core 1 'Adder' <Latency = 0> <II = 1> <Delay = 0.78> <FuncUnit> <Opcode : 'add' 'sub'> <InPorts = 2> <OutPorts = 1>
ST_5 : Operation 52 [1/1] (0.85ns)   --->   "%icmp_ln47 = icmp_eq  i32 %add_ln47, i32 %add_ln47_1" [/Zodiac/GraFlex/ArtifactEvaluation/figure8/BFS_Scalability/PE_2/src/hw/ctrl/tmp/bfs_ctrl.cpp:47]   --->   Operation 52 'icmp' 'icmp_ln47' <Predicate = true> <Delay = 0.85> <CoreInst = "Cmp">   --->   Core 9 'Cmp' <Latency = 0> <II = 1> <Delay = 0.85> <FuncUnit> <Opcode : 'icmp'> <InPorts = 2> <OutPorts = 1>
ST_5 : Operation 53 [1/1] (0.00ns)   --->   "%br_ln47 = br i1 %icmp_ln47, void %0, void" [/Zodiac/GraFlex/ArtifactEvaluation/figure8/BFS_Scalability/PE_2/src/hw/ctrl/tmp/bfs_ctrl.cpp:47]   --->   Operation 53 'br' 'br_ln47' <Predicate = true> <Delay = 0.00>
ST_5 : Operation 54 [1/1] (0.00ns)   --->   "%specloopname_ln47 = specloopname void @_ssdm_op_SpecLoopName, void @empty_5" [/Zodiac/GraFlex/ArtifactEvaluation/figure8/BFS_Scalability/PE_2/src/hw/ctrl/tmp/bfs_ctrl.cpp:47]   --->   Operation 54 'specloopname' 'specloopname_ln47' <Predicate = (!icmp_ln47)> <Delay = 0.00>
ST_5 : Operation 55 [1/1] (0.00ns)   --->   "%rbegin = specregionbegin i32 @_ssdm_op_SpecRegionBegin, void @empty" [/Zodiac/GraFlex/ArtifactEvaluation/figure8/BFS_Scalability/PE_2/src/hw/ctrl/tmp/bfs_ctrl.cpp:47]   --->   Operation 55 'specregionbegin' 'rbegin' <Predicate = (!icmp_ln47)> <Delay = 0.00>
ST_5 : Operation 56 [1/1] (0.00ns)   --->   "%wait_ln50 = wait void @_ssdm_op_Wait, i32 1" [/Zodiac/GraFlex/ArtifactEvaluation/figure8/BFS_Scalability/PE_2/src/hw/ctrl/tmp/bfs_ctrl.cpp:50]   --->   Operation 56 'wait' 'wait_ln50' <Predicate = (!icmp_ln47)> <Delay = 0.00>
ST_5 : Operation 57 [1/1] (0.00ns)   --->   "%specprotocol_ln51 = specprotocol void @_ssdm_op_SpecProtocol, i64 1, void @empty_0" [/Zodiac/GraFlex/ArtifactEvaluation/figure8/BFS_Scalability/PE_2/src/hw/ctrl/tmp/bfs_ctrl.cpp:51]   --->   Operation 57 'specprotocol' 'specprotocol_ln51' <Predicate = (!icmp_ln47)> <Delay = 0.00>
ST_5 : Operation 58 [1/1] (0.00ns)   --->   "%rend = specregionend i32 @_ssdm_op_SpecRegionEnd, void @empty, i32 %rbegin" [/Zodiac/GraFlex/ArtifactEvaluation/figure8/BFS_Scalability/PE_2/src/hw/ctrl/tmp/bfs_ctrl.cpp:51]   --->   Operation 58 'specregionend' 'rend' <Predicate = (!icmp_ln47)> <Delay = 0.00>
ST_5 : Operation 59 [1/1] (0.00ns)   --->   "%br_ln47 = br void" [/Zodiac/GraFlex/ArtifactEvaluation/figure8/BFS_Scalability/PE_2/src/hw/ctrl/tmp/bfs_ctrl.cpp:47]   --->   Operation 59 'br' 'br_ln47' <Predicate = (!icmp_ln47)> <Delay = 0.00>

State 6 <SV = 5> <Delay = 0.78>
ST_6 : Operation 60 [1/1] (0.00ns)   --->   "%exist_0_read = read i1 @_ssdm_op_Read.ap_none.volatile.i1P0A, i1 %exist_0" [/Zodiac/GraFlex/ArtifactEvaluation/figure8/BFS_Scalability/PE_2/src/hw/ctrl/tmp/bfs_ctrl.cpp:54]   --->   Operation 60 'read' 'exist_0_read' <Predicate = (icmp_ln39)> <Delay = 0.00>
ST_6 : Operation 61 [1/1] (0.00ns)   --->   "%br_ln54 = br i1 %exist_0_read, void, void %.thread" [/Zodiac/GraFlex/ArtifactEvaluation/figure8/BFS_Scalability/PE_2/src/hw/ctrl/tmp/bfs_ctrl.cpp:54]   --->   Operation 61 'br' 'br_ln54' <Predicate = (icmp_ln39)> <Delay = 0.00>
ST_6 : Operation 62 [1/1] (0.00ns)   --->   "%exist_1_read = read i1 @_ssdm_op_Read.ap_none.volatile.i1P0A, i1 %exist_1" [/Zodiac/GraFlex/ArtifactEvaluation/figure8/BFS_Scalability/PE_2/src/hw/ctrl/tmp/bfs_ctrl.cpp:54]   --->   Operation 62 'read' 'exist_1_read' <Predicate = (icmp_ln39 & !exist_0_read)> <Delay = 0.00>
ST_6 : Operation 63 [1/1] (0.00ns)   --->   "%br_ln54 = br i1 %exist_1_read, void %.loopexit, void %.thread" [/Zodiac/GraFlex/ArtifactEvaluation/figure8/BFS_Scalability/PE_2/src/hw/ctrl/tmp/bfs_ctrl.cpp:54]   --->   Operation 63 'br' 'br_ln54' <Predicate = (icmp_ln39 & !exist_0_read)> <Delay = 0.00>
ST_6 : Operation 64 [1/1] (0.78ns)   --->   "%add_ln58 = add i16 %iterIdx_load, i16 1" [/Zodiac/GraFlex/ArtifactEvaluation/figure8/BFS_Scalability/PE_2/src/hw/ctrl/tmp/bfs_ctrl.cpp:58]   --->   Operation 64 'add' 'add_ln58' <Predicate = (icmp_ln39 & exist_1_read) | (icmp_ln39 & exist_0_read)> <Delay = 0.78> <CoreInst = "Adder">   --->   Core 1 'Adder' <Latency = 0> <II = 1> <Delay = 0.78> <FuncUnit> <Opcode : 'add' 'sub'> <InPorts = 2> <OutPorts = 1>
ST_6 : Operation 65 [1/1] (0.00ns)   --->   "%store_ln58 = store i16 %add_ln58, i16 %iterIdx" [/Zodiac/GraFlex/ArtifactEvaluation/figure8/BFS_Scalability/PE_2/src/hw/ctrl/tmp/bfs_ctrl.cpp:58]   --->   Operation 65 'store' 'store_ln58' <Predicate = (icmp_ln39 & exist_1_read) | (icmp_ln39 & exist_0_read)> <Delay = 0.00>
ST_6 : Operation 66 [1/1] (0.00ns)   --->   "%br_ln39 = br void" [/Zodiac/GraFlex/ArtifactEvaluation/figure8/BFS_Scalability/PE_2/src/hw/ctrl/tmp/bfs_ctrl.cpp:39]   --->   Operation 66 'br' 'br_ln39' <Predicate = (icmp_ln39 & exist_1_read) | (icmp_ln39 & exist_0_read)> <Delay = 0.00>
ST_6 : Operation 67 [2/2] (0.00ns)   --->   "%write_ln61 = write void @_ssdm_op_Write.ap_none.volatile.i1P0A, i1 %resWrite, i1 1" [/Zodiac/GraFlex/ArtifactEvaluation/figure8/BFS_Scalability/PE_2/src/hw/ctrl/tmp/bfs_ctrl.cpp:61]   --->   Operation 67 'write' 'write_ln61' <Predicate = (!exist_0_read & !exist_1_read) | (!icmp_ln39)> <Delay = 0.00>
ST_6 : Operation 68 [2/2] (0.38ns)   --->   "%call_ln62 = call void @BFS_PE, i1 %dummyParam" [/Zodiac/GraFlex/ArtifactEvaluation/figure8/BFS_Scalability/PE_2/src/hw/ctrl/tmp/bfs_ctrl.cpp:62]   --->   Operation 68 'call' 'call_ln62' <Predicate = (!exist_0_read & !exist_1_read) | (!icmp_ln39)> <Delay = 0.38> <CoreType = "Generic">   --->   Core 0 '' <Latency = 0> <II = 1> <Delay = 1.00> <Generic> <Opcode : >

State 7 <SV = 6> <Delay = 0.00>
ST_7 : Operation 69 [1/2] (0.00ns)   --->   "%write_ln61 = write void @_ssdm_op_Write.ap_none.volatile.i1P0A, i1 %resWrite, i1 1" [/Zodiac/GraFlex/ArtifactEvaluation/figure8/BFS_Scalability/PE_2/src/hw/ctrl/tmp/bfs_ctrl.cpp:61]   --->   Operation 69 'write' 'write_ln61' <Predicate = true> <Delay = 0.00>
ST_7 : Operation 70 [1/2] (0.00ns)   --->   "%call_ln62 = call void @BFS_PE, i1 %dummyParam" [/Zodiac/GraFlex/ArtifactEvaluation/figure8/BFS_Scalability/PE_2/src/hw/ctrl/tmp/bfs_ctrl.cpp:62]   --->   Operation 70 'call' 'call_ln62' <Predicate = true> <Delay = 0.00> <CoreType = "Generic">   --->   Core 0 '' <Latency = 0> <II = 1> <Delay = 1.00> <Generic> <Opcode : >
ST_7 : Operation 71 [1/1] (0.00ns)   --->   "%ret_ln64 = ret" [/Zodiac/GraFlex/ArtifactEvaluation/figure8/BFS_Scalability/PE_2/src/hw/ctrl/tmp/bfs_ctrl.cpp:64]   --->   Operation 71 'ret' 'ret_ln64' <Predicate = true> <Delay = 0.00>


============================================================
+ Verbose Summary: Binding
============================================================
STG Binding: 
---------------- STG Properties BEGIN ----------------
- Is combinational: 0
- Is one-state seq: 0
- Is datapath-only: 0
- Is pipelined: 0
- Is top level: 1
Port [ Return ] is wired: 1; IO mode=ap_ctrl_hs:ce=0
Port [ dummyParam]:  wired=1; compound=0; hidden=0; nouse=0; global=0; static=0; extern=0; dir=0; type=0; pingpong=0; private_global=0; IO mode=ap_none:ce=0
Port [ N_Vertex]:  wired=1; compound=0; hidden=0; nouse=0; global=0; static=0; extern=0; dir=0; type=0; pingpong=0; private_global=0; IO mode=ap_none:ce=0
Port [ resWrite]:  wired=1; compound=0; hidden=0; nouse=0; global=0; static=0; extern=0; dir=1; type=0; pingpong=0; private_global=0; IO mode=ap_none:ce=0
Port [ glblIterIdx]:  wired=1; compound=0; hidden=0; nouse=0; global=0; static=0; extern=0; dir=1; type=0; pingpong=0; private_global=0; IO mode=ap_none:ce=0
Port [ cnt_scatter_0]:  wired=1; compound=0; hidden=0; nouse=0; global=0; static=0; extern=0; dir=0; type=0; pingpong=0; private_global=0; IO mode=ap_none:ce=0
Port [ cnt_scatter_1]:  wired=1; compound=0; hidden=0; nouse=0; global=0; static=0; extern=0; dir=0; type=0; pingpong=0; private_global=0; IO mode=ap_none:ce=0
Port [ cnt_gather_0]:  wired=1; compound=0; hidden=0; nouse=0; global=0; static=0; extern=0; dir=0; type=0; pingpong=0; private_global=0; IO mode=ap_none:ce=0
Port [ cnt_gather_1]:  wired=1; compound=0; hidden=0; nouse=0; global=0; static=0; extern=0; dir=0; type=0; pingpong=0; private_global=0; IO mode=ap_none:ce=0
Port [ exist_0]:  wired=1; compound=0; hidden=0; nouse=0; global=0; static=0; extern=0; dir=0; type=0; pingpong=0; private_global=0; IO mode=ap_none:ce=0
Port [ exist_1]:  wired=1; compound=0; hidden=0; nouse=0; global=0; static=0; extern=0; dir=0; type=0; pingpong=0; private_global=0; IO mode=ap_none:ce=0
Port [ iterIdx]:  wired=0; compound=0; hidden=1; nouse=0; global=1; static=1; extern=0; dir=2; type=0; pingpong=0; private_global=1; IO mode=ap_ovld:ce=0
---------------- STG Properties END ------------------

---------------- Datapath Model BEGIN ----------------

<LifeTime>
<method=bitvector/>
spectopmodule_ln0  (spectopmodule  ) [ 00000000]
specbitsmap_ln0    (specbitsmap    ) [ 00000000]
specinterface_ln0  (specinterface  ) [ 00000000]
specbitsmap_ln0    (specbitsmap    ) [ 00000000]
specinterface_ln0  (specinterface  ) [ 00000000]
specbitsmap_ln0    (specbitsmap    ) [ 00000000]
specinterface_ln0  (specinterface  ) [ 00000000]
specbitsmap_ln0    (specbitsmap    ) [ 00000000]
specinterface_ln0  (specinterface  ) [ 00000000]
specbitsmap_ln0    (specbitsmap    ) [ 00000000]
specinterface_ln0  (specinterface  ) [ 00000000]
specbitsmap_ln0    (specbitsmap    ) [ 00000000]
specinterface_ln0  (specinterface  ) [ 00000000]
specbitsmap_ln0    (specbitsmap    ) [ 00000000]
specinterface_ln0  (specinterface  ) [ 00000000]
specbitsmap_ln0    (specbitsmap    ) [ 00000000]
specinterface_ln0  (specinterface  ) [ 00000000]
specbitsmap_ln0    (specbitsmap    ) [ 00000000]
specinterface_ln0  (specinterface  ) [ 00000000]
specbitsmap_ln0    (specbitsmap    ) [ 00000000]
specinterface_ln0  (specinterface  ) [ 00000000]
N_Vertex_read      (read           ) [ 00011110]
write_ln37         (write          ) [ 00000000]
br_ln39            (br             ) [ 00000000]
iterIdx_load       (load           ) [ 00001110]
zext_ln39          (zext           ) [ 00000000]
icmp_ln39          (icmp           ) [ 00011110]
br_ln39            (br             ) [ 00000000]
specloopname_ln41  (specloopname   ) [ 00000000]
write_ln41         (write          ) [ 00000000]
write_ln42         (write          ) [ 00000000]
call_ln45          (call           ) [ 00000000]
br_ln47            (br             ) [ 00000000]
specpipeline_ln0   (specpipeline   ) [ 00000000]
cnt_gather_0_read  (read           ) [ 00000000]
cnt_gather_1_read  (read           ) [ 00000000]
add_ln47           (add            ) [ 00000000]
cnt_scatter_0_read (read           ) [ 00000000]
cnt_scatter_1_read (read           ) [ 00000000]
add_ln47_1         (add            ) [ 00000000]
icmp_ln47          (icmp           ) [ 00011110]
br_ln47            (br             ) [ 00000000]
specloopname_ln47  (specloopname   ) [ 00000000]
rbegin             (specregionbegin) [ 00000000]
wait_ln50          (wait           ) [ 00000000]
specprotocol_ln51  (specprotocol   ) [ 00000000]
rend               (specregionend  ) [ 00000000]
br_ln47            (br             ) [ 00000000]
exist_0_read       (read           ) [ 00011110]
br_ln54            (br             ) [ 00000000]
exist_1_read       (read           ) [ 00011110]
br_ln54            (br             ) [ 00000000]
add_ln58           (add            ) [ 00000000]
store_ln58         (store          ) [ 00000000]
br_ln39            (br             ) [ 00000000]
write_ln61         (write          ) [ 00000000]
call_ln62          (call           ) [ 00000000]
ret_ln64           (ret            ) [ 00000000]
</LifeTime>

<model>

<comp_list>
<comp id="0" class="1000" name="dummyParam">
<pin_list>
<pin id="1" dir="1" index="0" bw="1" slack="0"/>
</pin_list>
<bind>
<StgValue><ssdm name="dummyParam"/></StgValue>
</bind>
</comp>

<comp id="2" class="1000" name="N_Vertex">
<pin_list>
<pin id="3" dir="1" index="0" bw="1" slack="0"/>
</pin_list>
<bind>
<StgValue><ssdm name="N_Vertex"/></StgValue>
</bind>
</comp>

<comp id="4" class="1000" name="resWrite">
<pin_list>
<pin id="5" dir="1" index="0" bw="1" slack="0"/>
</pin_list>
<bind>
<StgValue><ssdm name="resWrite"/></StgValue>
</bind>
</comp>

<comp id="6" class="1000" name="glblIterIdx">
<pin_list>
<pin id="7" dir="1" index="0" bw="1" slack="0"/>
</pin_list>
<bind>
<StgValue><ssdm name="glblIterIdx"/></StgValue>
</bind>
</comp>

<comp id="8" class="1000" name="cnt_scatter_0">
<pin_list>
<pin id="9" dir="1" index="0" bw="1" slack="0"/>
</pin_list>
<bind>
<StgValue><ssdm name="cnt_scatter_0"/></StgValue>
</bind>
</comp>

<comp id="10" class="1000" name="cnt_scatter_1">
<pin_list>
<pin id="11" dir="1" index="0" bw="1" slack="0"/>
</pin_list>
<bind>
<StgValue><ssdm name="cnt_scatter_1"/></StgValue>
</bind>
</comp>

<comp id="12" class="1000" name="cnt_gather_0">
<pin_list>
<pin id="13" dir="1" index="0" bw="1" slack="0"/>
</pin_list>
<bind>
<StgValue><ssdm name="cnt_gather_0"/></StgValue>
</bind>
</comp>

<comp id="14" class="1000" name="cnt_gather_1">
<pin_list>
<pin id="15" dir="1" index="0" bw="1" slack="0"/>
</pin_list>
<bind>
<StgValue><ssdm name="cnt_gather_1"/></StgValue>
</bind>
</comp>

<comp id="16" class="1000" name="exist_0">
<pin_list>
<pin id="17" dir="1" index="0" bw="1" slack="0"/>
</pin_list>
<bind>
<StgValue><ssdm name="exist_0"/></StgValue>
</bind>
</comp>

<comp id="18" class="1000" name="exist_1">
<pin_list>
<pin id="19" dir="1" index="0" bw="1" slack="0"/>
</pin_list>
<bind>
<StgValue><ssdm name="exist_1"/></StgValue>
</bind>
</comp>

<comp id="20" class="1000" name="iterIdx">
<pin_list>
<pin id="21" dir="1" index="0" bw="1" slack="0"/>
</pin_list>
<bind>
<StgValue><ssdm name="iterIdx"/></StgValue>
</bind>
</comp>

<comp id="22" class="1001" name="const_22">
<pin_list>
<pin id="23" dir="1" index="0" bw="1" slack="0"/>
</pin_list>
<bind>
<StgValue><ssdm name="_ssdm_op_Write.ap_none.volatile.i1P0A"/></StgValue>
</bind>
</comp>

<comp id="24" class="1001" name="const_24">
<pin_list>
<pin id="25" dir="1" index="0" bw="1" slack="0"/>
</pin_list>
<bind>
<StgValue><ssdm name=""/></StgValue>
</bind>
</comp>

<comp id="26" class="1001" name="const_26">
<pin_list>
<pin id="27" dir="1" index="0" bw="1" slack="2147483647"/>
</pin_list>
<bind>
<StgValue><ssdm name="_ssdm_op_SpecTopModule"/></StgValue>
</bind>
</comp>

<comp id="28" class="1001" name="const_28">
<pin_list>
<pin id="29" dir="1" index="0" bw="1" slack="2147483647"/>
</pin_list>
<bind>
<StgValue><ssdm name="empty_4"/></StgValue>
</bind>
</comp>

<comp id="30" class="1001" name="const_30">
<pin_list>
<pin id="31" dir="1" index="0" bw="1" slack="2147483647"/>
</pin_list>
<bind>
<StgValue><ssdm name="_ssdm_op_SpecBitsMap"/></StgValue>
</bind>
</comp>

<comp id="32" class="1001" name="const_32">
<pin_list>
<pin id="33" dir="1" index="0" bw="1" slack="2147483647"/>
</pin_list>
<bind>
<StgValue><ssdm name="_ssdm_op_SpecInterface"/></StgValue>
</bind>
</comp>

<comp id="34" class="1001" name="const_34">
<pin_list>
<pin id="35" dir="1" index="0" bw="1" slack="2147483647"/>
</pin_list>
<bind>
<StgValue><ssdm name="empty_1"/></StgValue>
</bind>
</comp>

<comp id="36" class="1001" name="const_36">
<pin_list>
<pin id="37" dir="1" index="0" bw="1" slack="2147483647"/>
</pin_list>
<bind>
<StgValue><ssdm name=""/></StgValue>
</bind>
</comp>

<comp id="38" class="1001" name="const_38">
<pin_list>
<pin id="39" dir="1" index="0" bw="1" slack="2147483647"/>
</pin_list>
<bind>
<StgValue><ssdm name="empty_0"/></StgValue>
</bind>
</comp>

<comp id="40" class="1001" name="const_40">
<pin_list>
<pin id="41" dir="1" index="0" bw="1" slack="2147483647"/>
</pin_list>
<bind>
<StgValue><ssdm name="empty_2"/></StgValue>
</bind>
</comp>

<comp id="42" class="1001" name="const_42">
<pin_list>
<pin id="43" dir="1" index="0" bw="1" slack="2147483647"/>
</pin_list>
<bind>
<StgValue><ssdm name=""/></StgValue>
</bind>
</comp>

<comp id="44" class="1001" name="const_44">
<pin_list>
<pin id="45" dir="1" index="0" bw="1" slack="2147483647"/>
</pin_list>
<bind>
<StgValue><ssdm name="empty_3"/></StgValue>
</bind>
</comp>

<comp id="46" class="1001" name="const_46">
<pin_list>
<pin id="47" dir="1" index="0" bw="1" slack="0"/>
</pin_list>
<bind>
<StgValue><ssdm name="_ssdm_op_Read.ap_none.i32"/></StgValue>
</bind>
</comp>

<comp id="48" class="1001" name="const_48">
<pin_list>
<pin id="49" dir="1" index="0" bw="1" slack="0"/>
</pin_list>
<bind>
<StgValue><ssdm name="_ssdm_op_Write.ap_none.i16P0A"/></StgValue>
</bind>
</comp>

<comp id="50" class="1001" name="const_50">
<pin_list>
<pin id="51" dir="1" index="0" bw="1" slack="0"/>
</pin_list>
<bind>
<StgValue><ssdm name="BFS_PE"/></StgValue>
</bind>
</comp>

<comp id="52" class="1001" name="const_52">
<pin_list>
<pin id="53" dir="1" index="0" bw="1" slack="2147483647"/>
</pin_list>
<bind>
<StgValue><ssdm name="_ssdm_op_SpecLoopName"/></StgValue>
</bind>
</comp>

<comp id="54" class="1001" name="const_54">
<pin_list>
<pin id="55" dir="1" index="0" bw="1" slack="2147483647"/>
</pin_list>
<bind>
<StgValue><ssdm name="empty_6"/></StgValue>
</bind>
</comp>

<comp id="56" class="1001" name="const_56">
<pin_list>
<pin id="57" dir="1" index="0" bw="1" slack="2147483647"/>
</pin_list>
<bind>
<StgValue><ssdm name="_ssdm_op_SpecPipeline"/></StgValue>
</bind>
</comp>

<comp id="58" class="1001" name="const_58">
<pin_list>
<pin id="59" dir="1" index="0" bw="1" slack="2147483647"/>
</pin_list>
<bind>
<StgValue><ssdm name=""/></StgValue>
</bind>
</comp>

<comp id="60" class="1001" name="const_60">
<pin_list>
<pin id="61" dir="1" index="0" bw="1" slack="2147483647"/>
</pin_list>
<bind>
<StgValue><ssdm name="p_str"/></StgValue>
</bind>
</comp>

<comp id="62" class="1001" name="const_62">
<pin_list>
<pin id="63" dir="1" index="0" bw="1" slack="0"/>
</pin_list>
<bind>
<StgValue><ssdm name="_ssdm_op_Read.ap_none.volatile.i32P0A"/></StgValue>
</bind>
</comp>

<comp id="64" class="1001" name="const_64">
<pin_list>
<pin id="65" dir="1" index="0" bw="1" slack="2147483647"/>
</pin_list>
<bind>
<StgValue><ssdm name="empty_5"/></StgValue>
</bind>
</comp>

<comp id="66" class="1001" name="const_66">
<pin_list>
<pin id="67" dir="1" index="0" bw="1" slack="2147483647"/>
</pin_list>
<bind>
<StgValue><ssdm name="_ssdm_op_SpecRegionBegin"/></StgValue>
</bind>
</comp>

<comp id="68" class="1001" name="const_68">
<pin_list>
<pin id="69" dir="1" index="0" bw="1" slack="2147483647"/>
</pin_list>
<bind>
<StgValue><ssdm name="empty"/></StgValue>
</bind>
</comp>

<comp id="70" class="1001" name="const_70">
<pin_list>
<pin id="71" dir="1" index="0" bw="1" slack="2147483647"/>
</pin_list>
<bind>
<StgValue><ssdm name="_ssdm_op_Wait"/></StgValue>
</bind>
</comp>

<comp id="72" class="1001" name="const_72">
<pin_list>
<pin id="73" dir="1" index="0" bw="1" slack="2147483647"/>
</pin_list>
<bind>
<StgValue><ssdm name="_ssdm_op_SpecProtocol"/></StgValue>
</bind>
</comp>

<comp id="74" class="1001" name="const_74">
<pin_list>
<pin id="75" dir="1" index="0" bw="1" slack="2147483647"/>
</pin_list>
<bind>
<StgValue><ssdm name=""/></StgValue>
</bind>
</comp>

<comp id="76" class="1001" name="const_76">
<pin_list>
<pin id="77" dir="1" index="0" bw="1" slack="2147483647"/>
</pin_list>
<bind>
<StgValue><ssdm name="_ssdm_op_SpecRegionEnd"/></StgValue>
</bind>
</comp>

<comp id="78" class="1001" name="const_78">
<pin_list>
<pin id="79" dir="1" index="0" bw="1" slack="0"/>
</pin_list>
<bind>
<StgValue><ssdm name="_ssdm_op_Read.ap_none.volatile.i1P0A"/></StgValue>
</bind>
</comp>

<comp id="80" class="1001" name="const_80">
<pin_list>
<pin id="81" dir="1" index="0" bw="1" slack="0"/>
</pin_list>
<bind>
<StgValue><ssdm name=""/></StgValue>
</bind>
</comp>

<comp id="82" class="1001" name="const_82">
<pin_list>
<pin id="83" dir="1" index="0" bw="1" slack="0"/>
</pin_list>
<bind>
<StgValue><ssdm name=""/></StgValue>
</bind>
</comp>

<comp id="84" class="1004" name="grp_write_fu_84">
<pin_list>
<pin id="85" dir="0" index="0" bw="0" slack="0"/>
<pin id="86" dir="0" index="1" bw="1" slack="0"/>
<pin id="87" dir="0" index="2" bw="1" slack="0"/>
<pin id="88" dir="1" index="3" bw="0" slack="2147483647"/>
</pin_list>
<bind>
<opcode="write(1151) " fcode="write"/>
<opset="write_ln37/1 write_ln41/3 write_ln61/6 "/>
</bind>
</comp>

<comp id="92" class="1004" name="N_Vertex_read_read_fu_92">
<pin_list>
<pin id="93" dir="0" index="0" bw="32" slack="0"/>
<pin id="94" dir="0" index="1" bw="32" slack="0"/>
<pin id="95" dir="1" index="2" bw="32" slack="1"/>
</pin_list>
<bind>
<opcode="read(1150) " fcode="read"/>
<opset="N_Vertex_read/2 "/>
</bind>
</comp>

<comp id="98" class="1004" name="grp_write_fu_98">
<pin_list>
<pin id="99" dir="0" index="0" bw="0" slack="0"/>
<pin id="100" dir="0" index="1" bw="16" slack="0"/>
<pin id="101" dir="0" index="2" bw="16" slack="0"/>
<pin id="102" dir="1" index="3" bw="0" slack="2147483647"/>
</pin_list>
<bind>
<opcode="write(1151) " fcode="write"/>
<opset="write_ln42/3 "/>
</bind>
</comp>

<comp id="105" class="1004" name="cnt_gather_0_read_read_fu_105">
<pin_list>
<pin id="106" dir="0" index="0" bw="32" slack="0"/>
<pin id="107" dir="0" index="1" bw="32" slack="0"/>
<pin id="108" dir="1" index="2" bw="32" slack="0"/>
</pin_list>
<bind>
<opcode="read(1150) " fcode="read"/>
<opset="cnt_gather_0_read/5 "/>
</bind>
</comp>

<comp id="111" class="1004" name="cnt_gather_1_read_read_fu_111">
<pin_list>
<pin id="112" dir="0" index="0" bw="32" slack="0"/>
<pin id="113" dir="0" index="1" bw="32" slack="0"/>
<pin id="114" dir="1" index="2" bw="32" slack="0"/>
</pin_list>
<bind>
<opcode="read(1150) " fcode="read"/>
<opset="cnt_gather_1_read/5 "/>
</bind>
</comp>

<comp id="117" class="1004" name="cnt_scatter_0_read_read_fu_117">
<pin_list>
<pin id="118" dir="0" index="0" bw="32" slack="0"/>
<pin id="119" dir="0" index="1" bw="32" slack="0"/>
<pin id="120" dir="1" index="2" bw="32" slack="0"/>
</pin_list>
<bind>
<opcode="read(1150) " fcode="read"/>
<opset="cnt_scatter_0_read/5 "/>
</bind>
</comp>

<comp id="123" class="1004" name="cnt_scatter_1_read_read_fu_123">
<pin_list>
<pin id="124" dir="0" index="0" bw="32" slack="0"/>
<pin id="125" dir="0" index="1" bw="32" slack="0"/>
<pin id="126" dir="1" index="2" bw="32" slack="0"/>
</pin_list>
<bind>
<opcode="read(1150) " fcode="read"/>
<opset="cnt_scatter_1_read/5 "/>
</bind>
</comp>

<comp id="129" class="1004" name="exist_0_read_read_fu_129">
<pin_list>
<pin id="130" dir="0" index="0" bw="1" slack="0"/>
<pin id="131" dir="0" index="1" bw="1" slack="0"/>
<pin id="132" dir="1" index="2" bw="1" slack="2147483647"/>
</pin_list>
<bind>
<opcode="read(1150) " fcode="read"/>
<opset="exist_0_read/6 "/>
</bind>
</comp>

<comp id="135" class="1004" name="exist_1_read_read_fu_135">
<pin_list>
<pin id="136" dir="0" index="0" bw="1" slack="0"/>
<pin id="137" dir="0" index="1" bw="1" slack="0"/>
<pin id="138" dir="1" index="2" bw="1" slack="2147483647"/>
</pin_list>
<bind>
<opcode="read(1150) " fcode="read"/>
<opset="exist_1_read/6 "/>
</bind>
</comp>

<comp id="142" class="1004" name="grp_BFS_PE_fu_142">
<pin_list>
<pin id="143" dir="0" index="0" bw="0" slack="0"/>
<pin id="144" dir="0" index="1" bw="1" slack="0"/>
<pin id="145" dir="1" index="2" bw="0" slack="2147483647"/>
</pin_list>
<bind>
<opcode="call(48) " fcode="call"/>
<opset="call_ln45/3 call_ln62/6 "/>
</bind>
</comp>

<comp id="148" class="1004" name="iterIdx_load_load_fu_148">
<pin_list>
<pin id="149" dir="0" index="0" bw="16" slack="0"/>
<pin id="150" dir="1" index="1" bw="16" slack="0"/>
</pin_list>
<bind>
<opcode="load(27) " fcode="load"/>
<opset="iterIdx_load/3 "/>
</bind>
</comp>

<comp id="153" class="1004" name="zext_ln39_fu_153">
<pin_list>
<pin id="154" dir="0" index="0" bw="16" slack="0"/>
<pin id="155" dir="1" index="1" bw="32" slack="0"/>
</pin_list>
<bind>
<opcode="zext(34) " fcode="zext"/>
<opset="zext_ln39/3 "/>
</bind>
</comp>

<comp id="157" class="1004" name="icmp_ln39_fu_157">
<pin_list>
<pin id="158" dir="0" index="0" bw="16" slack="0"/>
<pin id="159" dir="0" index="1" bw="32" slack="1"/>
<pin id="160" dir="1" index="2" bw="1" slack="3"/>
</pin_list>
<bind>
<opcode="icmp(45) " fcode="icmp"/>
<opset="icmp_ln39/3 "/>
</bind>
</comp>

<comp id="162" class="1004" name="add_ln47_fu_162">
<pin_list>
<pin id="163" dir="0" index="0" bw="32" slack="0"/>
<pin id="164" dir="0" index="1" bw="32" slack="0"/>
<pin id="165" dir="1" index="2" bw="32" slack="0"/>
</pin_list>
<bind>
<opcode="add(8) " fcode="add"/>
<opset="add_ln47/5 "/>
</bind>
</comp>

<comp id="168" class="1004" name="add_ln47_1_fu_168">
<pin_list>
<pin id="169" dir="0" index="0" bw="32" slack="0"/>
<pin id="170" dir="0" index="1" bw="32" slack="0"/>
<pin id="171" dir="1" index="2" bw="32" slack="0"/>
</pin_list>
<bind>
<opcode="add(8) " fcode="add"/>
<opset="add_ln47_1/5 "/>
</bind>
</comp>

<comp id="174" class="1004" name="icmp_ln47_fu_174">
<pin_list>
<pin id="175" dir="0" index="0" bw="32" slack="0"/>
<pin id="176" dir="0" index="1" bw="32" slack="0"/>
<pin id="177" dir="1" index="2" bw="1" slack="2147483647"/>
</pin_list>
<bind>
<opcode="icmp(45) " fcode="icmp"/>
<opset="icmp_ln47/5 "/>
</bind>
</comp>

<comp id="180" class="1004" name="add_ln58_fu_180">
<pin_list>
<pin id="181" dir="0" index="0" bw="16" slack="2147483647"/>
<pin id="182" dir="0" index="1" bw="1" slack="0"/>
<pin id="183" dir="1" index="2" bw="16" slack="0"/>
</pin_list>
<bind>
<opcode="add(8) " fcode="add"/>
<opset="add_ln58/6 "/>
</bind>
</comp>

<comp id="185" class="1004" name="store_ln58_store_fu_185">
<pin_list>
<pin id="186" dir="0" index="0" bw="16" slack="0"/>
<pin id="187" dir="0" index="1" bw="16" slack="0"/>
<pin id="188" dir="1" index="2" bw="0" slack="2147483647"/>
</pin_list>
<bind>
<opcode="store(28) " fcode="store"/>
<opset="store_ln58/6 "/>
</bind>
</comp>

<comp id="191" class="1005" name="N_Vertex_read_reg_191">
<pin_list>
<pin id="192" dir="0" index="0" bw="32" slack="1"/>
<pin id="193" dir="1" index="1" bw="32" slack="1"/>
</pin_list>
<bind>
<opset="N_Vertex_read "/>
</bind>
</comp>

<comp id="199" class="1005" name="icmp_ln39_reg_199">
<pin_list>
<pin id="200" dir="0" index="0" bw="1" slack="3"/>
<pin id="201" dir="1" index="1" bw="1" slack="2147483647"/>
</pin_list>
<bind>
<opset="icmp_ln39 "/>
</bind>
</comp>

</comp_list>

<net_list>
<net id="89"><net_src comp="22" pin="0"/><net_sink comp="84" pin=0"/></net>

<net id="90"><net_src comp="4" pin="0"/><net_sink comp="84" pin=1"/></net>

<net id="91"><net_src comp="24" pin="0"/><net_sink comp="84" pin=2"/></net>

<net id="96"><net_src comp="46" pin="0"/><net_sink comp="92" pin=0"/></net>

<net id="97"><net_src comp="2" pin="0"/><net_sink comp="92" pin=1"/></net>

<net id="103"><net_src comp="48" pin="0"/><net_sink comp="98" pin=0"/></net>

<net id="104"><net_src comp="6" pin="0"/><net_sink comp="98" pin=1"/></net>

<net id="109"><net_src comp="62" pin="0"/><net_sink comp="105" pin=0"/></net>

<net id="110"><net_src comp="12" pin="0"/><net_sink comp="105" pin=1"/></net>

<net id="115"><net_src comp="62" pin="0"/><net_sink comp="111" pin=0"/></net>

<net id="116"><net_src comp="14" pin="0"/><net_sink comp="111" pin=1"/></net>

<net id="121"><net_src comp="62" pin="0"/><net_sink comp="117" pin=0"/></net>

<net id="122"><net_src comp="8" pin="0"/><net_sink comp="117" pin=1"/></net>

<net id="127"><net_src comp="62" pin="0"/><net_sink comp="123" pin=0"/></net>

<net id="128"><net_src comp="10" pin="0"/><net_sink comp="123" pin=1"/></net>

<net id="133"><net_src comp="78" pin="0"/><net_sink comp="129" pin=0"/></net>

<net id="134"><net_src comp="16" pin="0"/><net_sink comp="129" pin=1"/></net>

<net id="139"><net_src comp="78" pin="0"/><net_sink comp="135" pin=0"/></net>

<net id="140"><net_src comp="18" pin="0"/><net_sink comp="135" pin=1"/></net>

<net id="141"><net_src comp="82" pin="0"/><net_sink comp="84" pin=2"/></net>

<net id="146"><net_src comp="50" pin="0"/><net_sink comp="142" pin=0"/></net>

<net id="147"><net_src comp="0" pin="0"/><net_sink comp="142" pin=1"/></net>

<net id="151"><net_src comp="20" pin="0"/><net_sink comp="148" pin=0"/></net>

<net id="152"><net_src comp="148" pin="1"/><net_sink comp="98" pin=2"/></net>

<net id="156"><net_src comp="148" pin="1"/><net_sink comp="153" pin=0"/></net>

<net id="161"><net_src comp="153" pin="1"/><net_sink comp="157" pin=0"/></net>

<net id="166"><net_src comp="111" pin="2"/><net_sink comp="162" pin=0"/></net>

<net id="167"><net_src comp="105" pin="2"/><net_sink comp="162" pin=1"/></net>

<net id="172"><net_src comp="123" pin="2"/><net_sink comp="168" pin=0"/></net>

<net id="173"><net_src comp="117" pin="2"/><net_sink comp="168" pin=1"/></net>

<net id="178"><net_src comp="162" pin="2"/><net_sink comp="174" pin=0"/></net>

<net id="179"><net_src comp="168" pin="2"/><net_sink comp="174" pin=1"/></net>

<net id="184"><net_src comp="80" pin="0"/><net_sink comp="180" pin=1"/></net>

<net id="189"><net_src comp="180" pin="2"/><net_sink comp="185" pin=0"/></net>

<net id="190"><net_src comp="20" pin="0"/><net_sink comp="185" pin=1"/></net>

<net id="194"><net_src comp="92" pin="2"/><net_sink comp="191" pin=0"/></net>

<net id="195"><net_src comp="191" pin="1"/><net_sink comp="157" pin=1"/></net>

<net id="202"><net_src comp="157" pin="2"/><net_sink comp="199" pin=0"/></net>

</net_list>

</model> 
---------------- Datapath Model END ------------------

* FSMD analyzer results:
  - Output states:
	Port: resWrite | {2 4 7 }
	Port: glblIterIdx | {4 }
	Port: iterIdx | {6 }
 - Input state : 
	Port: BFS_Ctrl_2X1_VER1 : dummyParam | {3 4 6 7 }
	Port: BFS_Ctrl_2X1_VER1 : N_Vertex | {2 }
	Port: BFS_Ctrl_2X1_VER1 : cnt_scatter_0 | {5 }
	Port: BFS_Ctrl_2X1_VER1 : cnt_scatter_1 | {5 }
	Port: BFS_Ctrl_2X1_VER1 : cnt_gather_0 | {5 }
	Port: BFS_Ctrl_2X1_VER1 : cnt_gather_1 | {5 }
	Port: BFS_Ctrl_2X1_VER1 : exist_0 | {6 }
	Port: BFS_Ctrl_2X1_VER1 : exist_1 | {6 }
	Port: BFS_Ctrl_2X1_VER1 : iterIdx | {3 }
  - Chain level:
	State 1
	State 2
	State 3
		zext_ln39 : 1
		icmp_ln39 : 2
		br_ln39 : 3
		write_ln42 : 1
	State 4
	State 5
		icmp_ln47 : 1
		br_ln47 : 2
		rend : 1
	State 6
		store_ln58 : 1
	State 7


============================================================
+ Verbose Summary: Datapath Resource usage 
============================================================

* Functional unit list:
|----------|--------------------------------|---------|---------|
| Operation|         Functional Unit        |    FF   |   LUT   |
|----------|--------------------------------|---------|---------|
|          |         add_ln47_fu_162        |    0    |    39   |
|    add   |        add_ln47_1_fu_168       |    0    |    39   |
|          |         add_ln58_fu_180        |    0    |    23   |
|----------|--------------------------------|---------|---------|
|   icmp   |        icmp_ln39_fu_157        |    0    |    20   |
|          |        icmp_ln47_fu_174        |    0    |    20   |
|----------|--------------------------------|---------|---------|
|   call   |        grp_BFS_PE_fu_142       |    1    |    0    |
|----------|--------------------------------|---------|---------|
|   write  |         grp_write_fu_84        |    0    |    0    |
|          |         grp_write_fu_98        |    0    |    0    |
|----------|--------------------------------|---------|---------|
|          |    N_Vertex_read_read_fu_92    |    0    |    0    |
|          |  cnt_gather_0_read_read_fu_105 |    0    |    0    |
|          |  cnt_gather_1_read_read_fu_111 |    0    |    0    |
|   read   | cnt_scatter_0_read_read_fu_117 |    0    |    0    |
|          | cnt_scatter_1_read_read_fu_123 |    0    |    0    |
|          |    exist_0_read_read_fu_129    |    0    |    0    |
|          |    exist_1_read_read_fu_135    |    0    |    0    |
|----------|--------------------------------|---------|---------|
|   zext   |        zext_ln39_fu_153        |    0    |    0    |
|----------|--------------------------------|---------|---------|
|   Total  |                                |    1    |   141   |
|----------|--------------------------------|---------|---------|

Memories:
N/A

* Register list:
+---------------------+--------+
|                     |   FF   |
+---------------------+--------+
|N_Vertex_read_reg_191|   32   |
|  icmp_ln39_reg_199  |    1   |
+---------------------+--------+
|        Total        |   33   |
+---------------------+--------+

* Multiplexer (MUX) list: 
|-----------------|------|------|------|--------||---------|
|       Comp      |  Pin | Size |  BW  | S x BW ||  Delay  |
|-----------------|------|------|------|--------||---------|
| grp_write_fu_84 |  p2  |   2  |   1  |    2   |
|-----------------|------|------|------|--------||---------|
|      Total      |      |      |      |    2   ||  0.387  |
|-----------------|------|------|------|--------||---------|



* Summary:
+-----------+--------+--------+--------+
|           |  Delay |   FF   |   LUT  |
+-----------+--------+--------+--------+
|  Function |    -   |    1   |   141  |
|   Memory  |    -   |    -   |    -   |
|Multiplexer|    0   |    -   |    -   |
|  Register |    -   |   33   |    -   |
+-----------+--------+--------+--------+
|   Total   |    0   |   34   |   141  |
+-----------+--------+--------+--------+
