
*** Running vivado
    with args -log uram_2w_2r_x8.vds -m64 -product Vivado -mode batch -messageDb vivado.pb -notrace -source uram_2w_2r_x8.tcl


****** Vivado v2020.2 (64-bit)
  **** SW Build 3064766 on Wed Nov 18 09:12:47 MST 2020
  **** IP Build 3064653 on Wed Nov 18 14:17:31 MST 2020
    ** Copyright 1986-2020 Xilinx, Inc. All Rights Reserved.

source uram_2w_2r_x8.tcl -notrace
INFO: [IP_Flow 19-234] Refreshing IP repositories
INFO: [IP_Flow 19-1700] Loaded user IP repository '/Orion/GraphHBM/UTIL_IP'.
WARNING: [IP_Flow 19-3656] If you move the project, the path for repository '/Orion/GraphHBM/UTIL_IP' may become invalid. A better location for the repository would be in a path adjacent to the project. (Current project location is '/Orion/GraphHBM/UTIL_IP/IP_8URAM_2W2R/8_uram_wrapper.runs/synth_1'.)
INFO: [IP_Flow 19-2313] Loaded Vivado IP repository '/opt/Xilinx/Vivado/2020.2/data/ip'.
WARNING: [IP_Flow 19-1663] Duplicate IP found for 'user.org:user:bram_32k_2w_2r:1.0'. The one found in IP location '/Orion/GraphHBM/UTIL_IP/IP_BRAM_32K_2W2R' will take precedence over the same IP in location /Orion/GraphHBM/UTIL_IP/IP_BRAM_32K_2W2R/bram_32k_2w2r.srcs/sources_1/new
WARNING: [IP_Flow 19-1663] Duplicate IP found for 'user.org:user:cycle_counter:1.0'. The one found in IP location '/Orion/GraphHBM/UTIL_IP/IP_CYCLE_CNT' will take precedence over the same IP in location /Orion/GraphHBM/UTIL_IP/IP_CYCLE_CNT/cycle_cnt.srcs/sources_1/new
WARNING: [IP_Flow 19-1663] Duplicate IP found for 'user.org:user:cus_m_axi_s_256_uram:1.0'. The one found in IP location '/Orion/GraphHBM/UTIL_IP/IP_AXI_ENGINE_S/m_axi_256_ultra' will take precedence over the same IP in location /Orion/GraphHBM/UTIL_IP/IP_AXI_ENGINE_S/m_axi_256_ultra/cus_m_axi_s_256_ultra.srcs/sources_1
Command: synth_design -top uram_2w_2r_x8 -part xcu280-fsvh2892-2L-e -directive AlternateRoutability -no_lc -shreg_min_size 10
Starting synth_design
Attempting to get a license for feature 'Synthesis' and/or device 'xcu280'
INFO: [Common 17-349] Got license for feature 'Synthesis' and/or device 'xcu280'
INFO: [Device 21-403] Loading part xcu280-fsvh2892-2L-e
INFO: [Synth 8-7079] Multithreading enabled for synth_design using a maximum of 4 processes.
INFO: [Synth 8-7078] Launching helper process for spawning children vivado processes
INFO: [Synth 8-7075] Helper process launched with PID 2114692
---------------------------------------------------------------------------------
Starting RTL Elaboration : Time (s): cpu = 00:00:02 ; elapsed = 00:00:02 . Memory (MB): peak = 3202.863 ; gain = 173.719 ; free physical = 68730 ; free virtual = 107651
---------------------------------------------------------------------------------
INFO: [Synth 8-6157] synthesizing module 'uram_2w_2r_x8' [/Orion/GraphHBM/UTIL_IP/IP_8URAM_2W2R/8_uram_wrapper.srcs/sources_1/new/eight_uram.v:4]
INFO: [Synth 8-6157] synthesizing module 'uramx8_wrapper' [/Orion/GraphHBM/UTIL_IP/IP_8URAM_2W2R/8_uram_wrapper.gen/sources_1/bd/uramx8/hdl/uramx8_wrapper.v:12]
INFO: [Synth 8-6157] synthesizing module 'uramx8' [/Orion/GraphHBM/UTIL_IP/IP_8URAM_2W2R/8_uram_wrapper.gen/sources_1/bd/uramx8/synth/uramx8.v:13]
INFO: [Synth 8-6157] synthesizing module 'uramx8_uram_2w_2r_0_0' [/Orion/GraphHBM/UTIL_IP/IP_8URAM_2W2R/8_uram_wrapper.runs/synth_1/.Xil/Vivado-2114637-noah/realtime/uramx8_uram_2w_2r_0_0_stub.v:6]
INFO: [Synth 8-6155] done synthesizing module 'uramx8_uram_2w_2r_0_0' (1#1) [/Orion/GraphHBM/UTIL_IP/IP_8URAM_2W2R/8_uram_wrapper.runs/synth_1/.Xil/Vivado-2114637-noah/realtime/uramx8_uram_2w_2r_0_0_stub.v:6]
INFO: [Synth 8-6157] synthesizing module 'uramx8_uram_2w_2r_0_1' [/Orion/GraphHBM/UTIL_IP/IP_8URAM_2W2R/8_uram_wrapper.runs/synth_1/.Xil/Vivado-2114637-noah/realtime/uramx8_uram_2w_2r_0_1_stub.v:6]
INFO: [Synth 8-6155] done synthesizing module 'uramx8_uram_2w_2r_0_1' (2#1) [/Orion/GraphHBM/UTIL_IP/IP_8URAM_2W2R/8_uram_wrapper.runs/synth_1/.Xil/Vivado-2114637-noah/realtime/uramx8_uram_2w_2r_0_1_stub.v:6]
INFO: [Synth 8-6157] synthesizing module 'uramx8_uram_2w_2r_0_2' [/Orion/GraphHBM/UTIL_IP/IP_8URAM_2W2R/8_uram_wrapper.runs/synth_1/.Xil/Vivado-2114637-noah/realtime/uramx8_uram_2w_2r_0_2_stub.v:6]
INFO: [Synth 8-6155] done synthesizing module 'uramx8_uram_2w_2r_0_2' (3#1) [/Orion/GraphHBM/UTIL_IP/IP_8URAM_2W2R/8_uram_wrapper.runs/synth_1/.Xil/Vivado-2114637-noah/realtime/uramx8_uram_2w_2r_0_2_stub.v:6]
INFO: [Synth 8-6157] synthesizing module 'uramx8_uram_2w_2r_1_0' [/Orion/GraphHBM/UTIL_IP/IP_8URAM_2W2R/8_uram_wrapper.runs/synth_1/.Xil/Vivado-2114637-noah/realtime/uramx8_uram_2w_2r_1_0_stub.v:6]
INFO: [Synth 8-6155] done synthesizing module 'uramx8_uram_2w_2r_1_0' (4#1) [/Orion/GraphHBM/UTIL_IP/IP_8URAM_2W2R/8_uram_wrapper.runs/synth_1/.Xil/Vivado-2114637-noah/realtime/uramx8_uram_2w_2r_1_0_stub.v:6]
INFO: [Synth 8-6157] synthesizing module 'uramx8_uram_2w_2r_0_3' [/Orion/GraphHBM/UTIL_IP/IP_8URAM_2W2R/8_uram_wrapper.runs/synth_1/.Xil/Vivado-2114637-noah/realtime/uramx8_uram_2w_2r_0_3_stub.v:6]
INFO: [Synth 8-6155] done synthesizing module 'uramx8_uram_2w_2r_0_3' (5#1) [/Orion/GraphHBM/UTIL_IP/IP_8URAM_2W2R/8_uram_wrapper.runs/synth_1/.Xil/Vivado-2114637-noah/realtime/uramx8_uram_2w_2r_0_3_stub.v:6]
INFO: [Synth 8-6157] synthesizing module 'uramx8_uram_2w_2r_1_1' [/Orion/GraphHBM/UTIL_IP/IP_8URAM_2W2R/8_uram_wrapper.runs/synth_1/.Xil/Vivado-2114637-noah/realtime/uramx8_uram_2w_2r_1_1_stub.v:6]
INFO: [Synth 8-6155] done synthesizing module 'uramx8_uram_2w_2r_1_1' (6#1) [/Orion/GraphHBM/UTIL_IP/IP_8URAM_2W2R/8_uram_wrapper.runs/synth_1/.Xil/Vivado-2114637-noah/realtime/uramx8_uram_2w_2r_1_1_stub.v:6]
INFO: [Synth 8-6157] synthesizing module 'uramx8_uram_2w_2r_2_0' [/Orion/GraphHBM/UTIL_IP/IP_8URAM_2W2R/8_uram_wrapper.runs/synth_1/.Xil/Vivado-2114637-noah/realtime/uramx8_uram_2w_2r_2_0_stub.v:6]
INFO: [Synth 8-6155] done synthesizing module 'uramx8_uram_2w_2r_2_0' (7#1) [/Orion/GraphHBM/UTIL_IP/IP_8URAM_2W2R/8_uram_wrapper.runs/synth_1/.Xil/Vivado-2114637-noah/realtime/uramx8_uram_2w_2r_2_0_stub.v:6]
INFO: [Synth 8-6157] synthesizing module 'uramx8_uram_2w_2r_3_0' [/Orion/GraphHBM/UTIL_IP/IP_8URAM_2W2R/8_uram_wrapper.runs/synth_1/.Xil/Vivado-2114637-noah/realtime/uramx8_uram_2w_2r_3_0_stub.v:6]
INFO: [Synth 8-6155] done synthesizing module 'uramx8_uram_2w_2r_3_0' (8#1) [/Orion/GraphHBM/UTIL_IP/IP_8URAM_2W2R/8_uram_wrapper.runs/synth_1/.Xil/Vivado-2114637-noah/realtime/uramx8_uram_2w_2r_3_0_stub.v:6]
INFO: [Synth 8-6155] done synthesizing module 'uramx8' (9#1) [/Orion/GraphHBM/UTIL_IP/IP_8URAM_2W2R/8_uram_wrapper.gen/sources_1/bd/uramx8/synth/uramx8.v:13]
INFO: [Synth 8-6155] done synthesizing module 'uramx8_wrapper' (10#1) [/Orion/GraphHBM/UTIL_IP/IP_8URAM_2W2R/8_uram_wrapper.gen/sources_1/bd/uramx8/hdl/uramx8_wrapper.v:12]
INFO: [Synth 8-6155] done synthesizing module 'uram_2w_2r_x8' (11#1) [/Orion/GraphHBM/UTIL_IP/IP_8URAM_2W2R/8_uram_wrapper.srcs/sources_1/new/eight_uram.v:4]
---------------------------------------------------------------------------------
Finished RTL Elaboration : Time (s): cpu = 00:00:02 ; elapsed = 00:00:02 . Memory (MB): peak = 3248.770 ; gain = 219.625 ; free physical = 68767 ; free virtual = 107689
---------------------------------------------------------------------------------
---------------------------------------------------------------------------------
Start Handling Custom Attributes
---------------------------------------------------------------------------------
---------------------------------------------------------------------------------
Finished Handling Custom Attributes : Time (s): cpu = 00:00:02 ; elapsed = 00:00:03 . Memory (MB): peak = 3263.613 ; gain = 234.469 ; free physical = 69451 ; free virtual = 108373
---------------------------------------------------------------------------------
---------------------------------------------------------------------------------
Finished RTL Optimization Phase 1 : Time (s): cpu = 00:00:02 ; elapsed = 00:00:03 . Memory (MB): peak = 3263.613 ; gain = 234.469 ; free physical = 69451 ; free virtual = 108373
---------------------------------------------------------------------------------
Netlist sorting complete. Time (s): cpu = 00:00:00.01 ; elapsed = 00:00:00.01 . Memory (MB): peak = 3263.613 ; gain = 0.000 ; free physical = 69468 ; free virtual = 108389
INFO: [Project 1-570] Preparing netlist for logic optimization

Processing XDC Constraints
Initializing timing engine
Parsing XDC File [/Orion/GraphHBM/UTIL_IP/IP_8URAM_2W2R/8_uram_wrapper.gen/sources_1/bd/uramx8/ip/uramx8_uram_2w_2r_0_0/uramx8_uram_2w_2r_0_0/uramx8_uram_2w_2r_0_0_in_context.xdc] for cell 'inst_8uram/uramx8_i/uram_2w_2r_0'
Finished Parsing XDC File [/Orion/GraphHBM/UTIL_IP/IP_8URAM_2W2R/8_uram_wrapper.gen/sources_1/bd/uramx8/ip/uramx8_uram_2w_2r_0_0/uramx8_uram_2w_2r_0_0/uramx8_uram_2w_2r_0_0_in_context.xdc] for cell 'inst_8uram/uramx8_i/uram_2w_2r_0'
Parsing XDC File [/Orion/GraphHBM/UTIL_IP/IP_8URAM_2W2R/8_uram_wrapper.gen/sources_1/bd/uramx8/ip/uramx8_uram_2w_2r_0_1/uramx8_uram_2w_2r_0_1/uramx8_uram_2w_2r_0_0_in_context.xdc] for cell 'inst_8uram/uramx8_i/uram_2w_2r_1'
Finished Parsing XDC File [/Orion/GraphHBM/UTIL_IP/IP_8URAM_2W2R/8_uram_wrapper.gen/sources_1/bd/uramx8/ip/uramx8_uram_2w_2r_0_1/uramx8_uram_2w_2r_0_1/uramx8_uram_2w_2r_0_0_in_context.xdc] for cell 'inst_8uram/uramx8_i/uram_2w_2r_1'
Parsing XDC File [/Orion/GraphHBM/UTIL_IP/IP_8URAM_2W2R/8_uram_wrapper.gen/sources_1/bd/uramx8/ip/uramx8_uram_2w_2r_0_2/uramx8_uram_2w_2r_0_2/uramx8_uram_2w_2r_0_0_in_context.xdc] for cell 'inst_8uram/uramx8_i/uram_2w_2r_2'
Finished Parsing XDC File [/Orion/GraphHBM/UTIL_IP/IP_8URAM_2W2R/8_uram_wrapper.gen/sources_1/bd/uramx8/ip/uramx8_uram_2w_2r_0_2/uramx8_uram_2w_2r_0_2/uramx8_uram_2w_2r_0_0_in_context.xdc] for cell 'inst_8uram/uramx8_i/uram_2w_2r_2'
Parsing XDC File [/Orion/GraphHBM/UTIL_IP/IP_8URAM_2W2R/8_uram_wrapper.gen/sources_1/bd/uramx8/ip/uramx8_uram_2w_2r_0_3/uramx8_uram_2w_2r_0_3/uramx8_uram_2w_2r_0_0_in_context.xdc] for cell 'inst_8uram/uramx8_i/uram_2w_2r_4'
Finished Parsing XDC File [/Orion/GraphHBM/UTIL_IP/IP_8URAM_2W2R/8_uram_wrapper.gen/sources_1/bd/uramx8/ip/uramx8_uram_2w_2r_0_3/uramx8_uram_2w_2r_0_3/uramx8_uram_2w_2r_0_0_in_context.xdc] for cell 'inst_8uram/uramx8_i/uram_2w_2r_4'
Parsing XDC File [/Orion/GraphHBM/UTIL_IP/IP_8URAM_2W2R/8_uram_wrapper.gen/sources_1/bd/uramx8/ip/uramx8_uram_2w_2r_1_0/uramx8_uram_2w_2r_1_0/uramx8_uram_2w_2r_0_0_in_context.xdc] for cell 'inst_8uram/uramx8_i/uram_2w_2r_3'
Finished Parsing XDC File [/Orion/GraphHBM/UTIL_IP/IP_8URAM_2W2R/8_uram_wrapper.gen/sources_1/bd/uramx8/ip/uramx8_uram_2w_2r_1_0/uramx8_uram_2w_2r_1_0/uramx8_uram_2w_2r_0_0_in_context.xdc] for cell 'inst_8uram/uramx8_i/uram_2w_2r_3'
Parsing XDC File [/Orion/GraphHBM/UTIL_IP/IP_8URAM_2W2R/8_uram_wrapper.gen/sources_1/bd/uramx8/ip/uramx8_uram_2w_2r_1_1/uramx8_uram_2w_2r_1_1/uramx8_uram_2w_2r_0_0_in_context.xdc] for cell 'inst_8uram/uramx8_i/uram_2w_2r_5'
Finished Parsing XDC File [/Orion/GraphHBM/UTIL_IP/IP_8URAM_2W2R/8_uram_wrapper.gen/sources_1/bd/uramx8/ip/uramx8_uram_2w_2r_1_1/uramx8_uram_2w_2r_1_1/uramx8_uram_2w_2r_0_0_in_context.xdc] for cell 'inst_8uram/uramx8_i/uram_2w_2r_5'
Parsing XDC File [/Orion/GraphHBM/UTIL_IP/IP_8URAM_2W2R/8_uram_wrapper.gen/sources_1/bd/uramx8/ip/uramx8_uram_2w_2r_2_0/uramx8_uram_2w_2r_2_0/uramx8_uram_2w_2r_0_0_in_context.xdc] for cell 'inst_8uram/uramx8_i/uram_2w_2r_6'
Finished Parsing XDC File [/Orion/GraphHBM/UTIL_IP/IP_8URAM_2W2R/8_uram_wrapper.gen/sources_1/bd/uramx8/ip/uramx8_uram_2w_2r_2_0/uramx8_uram_2w_2r_2_0/uramx8_uram_2w_2r_0_0_in_context.xdc] for cell 'inst_8uram/uramx8_i/uram_2w_2r_6'
Parsing XDC File [/Orion/GraphHBM/UTIL_IP/IP_8URAM_2W2R/8_uram_wrapper.gen/sources_1/bd/uramx8/ip/uramx8_uram_2w_2r_3_0/uramx8_uram_2w_2r_3_0/uramx8_uram_2w_2r_0_0_in_context.xdc] for cell 'inst_8uram/uramx8_i/uram_2w_2r_7'
Finished Parsing XDC File [/Orion/GraphHBM/UTIL_IP/IP_8URAM_2W2R/8_uram_wrapper.gen/sources_1/bd/uramx8/ip/uramx8_uram_2w_2r_3_0/uramx8_uram_2w_2r_3_0/uramx8_uram_2w_2r_0_0_in_context.xdc] for cell 'inst_8uram/uramx8_i/uram_2w_2r_7'
Parsing XDC File [/Orion/GraphHBM/UTIL_IP/IP_8URAM_2W2R/8_uram_wrapper.runs/synth_1/dont_touch.xdc]
Finished Parsing XDC File [/Orion/GraphHBM/UTIL_IP/IP_8URAM_2W2R/8_uram_wrapper.runs/synth_1/dont_touch.xdc]
Completed Processing XDC Constraints

Netlist sorting complete. Time (s): cpu = 00:00:00 ; elapsed = 00:00:00 . Memory (MB): peak = 3368.301 ; gain = 0.000 ; free physical = 69407 ; free virtual = 108328
INFO: [Project 1-111] Unisim Transformation Summary:
No Unisim elements were transformed.

Constraint Validation Runtime : Time (s): cpu = 00:00:00 ; elapsed = 00:00:00 . Memory (MB): peak = 3368.301 ; gain = 0.000 ; free physical = 69407 ; free virtual = 108328
---------------------------------------------------------------------------------
Finished Constraint Validation : Time (s): cpu = 00:00:05 ; elapsed = 00:00:06 . Memory (MB): peak = 3368.301 ; gain = 339.156 ; free physical = 69491 ; free virtual = 108412
---------------------------------------------------------------------------------
---------------------------------------------------------------------------------
Start Loading Part and Timing Information
---------------------------------------------------------------------------------
Loading part: xcu280-fsvh2892-2L-e
INFO: [Synth 8-6742] Reading net delay rules and data
---------------------------------------------------------------------------------
Finished Loading Part and Timing Information : Time (s): cpu = 00:00:05 ; elapsed = 00:00:06 . Memory (MB): peak = 3368.301 ; gain = 339.156 ; free physical = 69491 ; free virtual = 108412
---------------------------------------------------------------------------------
---------------------------------------------------------------------------------
Start Applying 'set_property' XDC Constraints
---------------------------------------------------------------------------------
Applied set_property KEEP_HIERARCHY = SOFT for inst_8uram/uramx8_i. (constraint file  auto generated constraint).
Applied set_property KEEP_HIERARCHY = SOFT for inst_8uram/uramx8_i/uram_2w_2r_0. (constraint file  auto generated constraint).
Applied set_property KEEP_HIERARCHY = SOFT for inst_8uram/uramx8_i/uram_2w_2r_1. (constraint file  auto generated constraint).
Applied set_property KEEP_HIERARCHY = SOFT for inst_8uram/uramx8_i/uram_2w_2r_2. (constraint file  auto generated constraint).
Applied set_property KEEP_HIERARCHY = SOFT for inst_8uram/uramx8_i/uram_2w_2r_4. (constraint file  auto generated constraint).
Applied set_property KEEP_HIERARCHY = SOFT for inst_8uram/uramx8_i/uram_2w_2r_3. (constraint file  auto generated constraint).
Applied set_property KEEP_HIERARCHY = SOFT for inst_8uram/uramx8_i/uram_2w_2r_5. (constraint file  auto generated constraint).
Applied set_property KEEP_HIERARCHY = SOFT for inst_8uram/uramx8_i/uram_2w_2r_6. (constraint file  auto generated constraint).
Applied set_property KEEP_HIERARCHY = SOFT for inst_8uram/uramx8_i/uram_2w_2r_7. (constraint file  auto generated constraint).
---------------------------------------------------------------------------------
Finished applying 'set_property' XDC Constraints : Time (s): cpu = 00:00:05 ; elapsed = 00:00:06 . Memory (MB): peak = 3368.301 ; gain = 339.156 ; free physical = 69491 ; free virtual = 108412
---------------------------------------------------------------------------------
---------------------------------------------------------------------------------
Finished RTL Optimization Phase 2 : Time (s): cpu = 00:00:05 ; elapsed = 00:00:06 . Memory (MB): peak = 3368.301 ; gain = 339.156 ; free physical = 69489 ; free virtual = 108412
---------------------------------------------------------------------------------
---------------------------------------------------------------------------------
Start RTL Component Statistics 
---------------------------------------------------------------------------------
Detailed RTL Component Info : 
---------------------------------------------------------------------------------
Finished RTL Component Statistics 
---------------------------------------------------------------------------------
---------------------------------------------------------------------------------
Start Part Resource Summary
---------------------------------------------------------------------------------
Part Resources:
DSPs: 9024 (col length:94)
BRAMs: 4032 (col length: RAMB18 288 RAMB36 144)
---------------------------------------------------------------------------------
Finished Part Resource Summary
---------------------------------------------------------------------------------
---------------------------------------------------------------------------------
Start Cross Boundary and Area Optimization
---------------------------------------------------------------------------------
---------------------------------------------------------------------------------
Finished Cross Boundary and Area Optimization : Time (s): cpu = 00:00:06 ; elapsed = 00:00:07 . Memory (MB): peak = 3368.301 ; gain = 339.156 ; free physical = 69477 ; free virtual = 108402
---------------------------------------------------------------------------------
---------------------------------------------------------------------------------
Start Applying XDC Timing Constraints
---------------------------------------------------------------------------------
---------------------------------------------------------------------------------
Finished Applying XDC Timing Constraints : Time (s): cpu = 00:00:13 ; elapsed = 00:00:19 . Memory (MB): peak = 3736.863 ; gain = 707.719 ; free physical = 68965 ; free virtual = 107890
---------------------------------------------------------------------------------
---------------------------------------------------------------------------------
Start Timing Optimization
---------------------------------------------------------------------------------
---------------------------------------------------------------------------------
Finished Timing Optimization : Time (s): cpu = 00:00:13 ; elapsed = 00:00:19 . Memory (MB): peak = 3736.863 ; gain = 707.719 ; free physical = 68964 ; free virtual = 107889
---------------------------------------------------------------------------------
---------------------------------------------------------------------------------
Start Technology Mapping
---------------------------------------------------------------------------------
---------------------------------------------------------------------------------
Finished Technology Mapping : Time (s): cpu = 00:00:13 ; elapsed = 00:00:19 . Memory (MB): peak = 3756.902 ; gain = 727.758 ; free physical = 68962 ; free virtual = 107888
---------------------------------------------------------------------------------
---------------------------------------------------------------------------------
Start IO Insertion
---------------------------------------------------------------------------------
---------------------------------------------------------------------------------
Start Flattening Before IO Insertion
---------------------------------------------------------------------------------
---------------------------------------------------------------------------------
Finished Flattening Before IO Insertion
---------------------------------------------------------------------------------
---------------------------------------------------------------------------------
Start Final Netlist Cleanup
---------------------------------------------------------------------------------
---------------------------------------------------------------------------------
Finished Final Netlist Cleanup
---------------------------------------------------------------------------------
---------------------------------------------------------------------------------
Finished IO Insertion : Time (s): cpu = 00:00:14 ; elapsed = 00:00:21 . Memory (MB): peak = 3762.840 ; gain = 733.695 ; free physical = 68962 ; free virtual = 107888
---------------------------------------------------------------------------------
---------------------------------------------------------------------------------
Start Renaming Generated Instances
---------------------------------------------------------------------------------
---------------------------------------------------------------------------------
Finished Renaming Generated Instances : Time (s): cpu = 00:00:14 ; elapsed = 00:00:21 . Memory (MB): peak = 3762.840 ; gain = 733.695 ; free physical = 68962 ; free virtual = 107888
---------------------------------------------------------------------------------
---------------------------------------------------------------------------------
Start Rebuilding User Hierarchy
---------------------------------------------------------------------------------
---------------------------------------------------------------------------------
Finished Rebuilding User Hierarchy : Time (s): cpu = 00:00:14 ; elapsed = 00:00:21 . Memory (MB): peak = 3762.840 ; gain = 733.695 ; free physical = 68962 ; free virtual = 107888
---------------------------------------------------------------------------------
---------------------------------------------------------------------------------
Start Renaming Generated Ports
---------------------------------------------------------------------------------
---------------------------------------------------------------------------------
Finished Renaming Generated Ports : Time (s): cpu = 00:00:14 ; elapsed = 00:00:21 . Memory (MB): peak = 3762.840 ; gain = 733.695 ; free physical = 68962 ; free virtual = 107888
---------------------------------------------------------------------------------
---------------------------------------------------------------------------------
Start Handling Custom Attributes
---------------------------------------------------------------------------------
---------------------------------------------------------------------------------
Finished Handling Custom Attributes : Time (s): cpu = 00:00:14 ; elapsed = 00:00:21 . Memory (MB): peak = 3762.840 ; gain = 733.695 ; free physical = 68962 ; free virtual = 107888
---------------------------------------------------------------------------------
---------------------------------------------------------------------------------
Start Renaming Generated Nets
---------------------------------------------------------------------------------
---------------------------------------------------------------------------------
Finished Renaming Generated Nets : Time (s): cpu = 00:00:14 ; elapsed = 00:00:21 . Memory (MB): peak = 3762.840 ; gain = 733.695 ; free physical = 68962 ; free virtual = 107888
---------------------------------------------------------------------------------
---------------------------------------------------------------------------------
Start Writing Synthesis Report
---------------------------------------------------------------------------------

Report BlackBoxes: 
+------+----------------------+----------+
|      |BlackBox name         |Instances |
+------+----------------------+----------+
|1     |uramx8_uram_2w_2r_0_0 |         1|
|2     |uramx8_uram_2w_2r_0_1 |         1|
|3     |uramx8_uram_2w_2r_0_2 |         1|
|4     |uramx8_uram_2w_2r_1_0 |         1|
|5     |uramx8_uram_2w_2r_0_3 |         1|
|6     |uramx8_uram_2w_2r_1_1 |         1|
|7     |uramx8_uram_2w_2r_2_0 |         1|
|8     |uramx8_uram_2w_2r_3_0 |         1|
+------+----------------------+----------+

Report Cell Usage: 
+------+--------------------+------+
|      |Cell                |Count |
+------+--------------------+------+
|1     |uramx8_uram_2w_2r_0 |     4|
|5     |uramx8_uram_2w_2r_1 |     2|
|7     |uramx8_uram_2w_2r_2 |     1|
|8     |uramx8_uram_2w_2r_3 |     1|
|9     |IBUF                |  1250|
|10    |OBUF                |  1024|
+------+--------------------+------+
---------------------------------------------------------------------------------
Finished Writing Synthesis Report : Time (s): cpu = 00:00:14 ; elapsed = 00:00:21 . Memory (MB): peak = 3762.840 ; gain = 733.695 ; free physical = 68962 ; free virtual = 107888
---------------------------------------------------------------------------------
Synthesis finished with 0 errors, 0 critical warnings and 0 warnings.
Synthesis Optimization Runtime : Time (s): cpu = 00:00:13 ; elapsed = 00:00:19 . Memory (MB): peak = 3762.840 ; gain = 629.008 ; free physical = 68997 ; free virtual = 107923
Synthesis Optimization Complete : Time (s): cpu = 00:00:14 ; elapsed = 00:00:21 . Memory (MB): peak = 3762.848 ; gain = 733.695 ; free physical = 68997 ; free virtual = 107923
INFO: [Project 1-571] Translating synthesized netlist
Netlist sorting complete. Time (s): cpu = 00:00:00.01 ; elapsed = 00:00:00.01 . Memory (MB): peak = 3769.777 ; gain = 0.000 ; free physical = 69081 ; free virtual = 108007
INFO: [Netlist 29-17] Analyzing 1250 Unisim elements for replacement
INFO: [Netlist 29-28] Unisim Transformation completed in 0 CPU seconds
WARNING: [Netlist 29-101] Netlist 'uram_2w_2r_x8' is not ideal for floorplanning, since the cellview 'uram_2w_2r_x8' contains a large number of primitives.  Please consider enabling hierarchy in synthesis if you want to do floorplanning.
INFO: [Project 1-570] Preparing netlist for logic optimization
INFO: [Opt 31-138] Pushed 0 inverter(s) to 0 load pin(s).
Netlist sorting complete. Time (s): cpu = 00:00:00 ; elapsed = 00:00:00 . Memory (MB): peak = 3840.355 ; gain = 0.000 ; free physical = 68978 ; free virtual = 107903
INFO: [Project 1-111] Unisim Transformation Summary:
  A total of 1250 instances were transformed.
  IBUF => IBUF (IBUFCTRL, INBUF): 1250 instances

INFO: [Common 17-83] Releasing license: Synthesis
40 Infos, 5 Warnings, 0 Critical Warnings and 0 Errors encountered.
synth_design completed successfully
synth_design: Time (s): cpu = 00:00:23 ; elapsed = 00:00:29 . Memory (MB): peak = 3840.355 ; gain = 1464.570 ; free physical = 69111 ; free virtual = 108037
INFO: [Common 17-1381] The checkpoint '/Orion/GraphHBM/UTIL_IP/IP_8URAM_2W2R/8_uram_wrapper.runs/synth_1/uram_2w_2r_x8.dcp' has been generated.
INFO: [runtcl-4] Executing : report_utilization -file uram_2w_2r_x8_utilization_synth.rpt -pb uram_2w_2r_x8_utilization_synth.pb
INFO: [Common 17-206] Exiting Vivado at Sun May  7 10:37:19 2023...
