

================================================================
== Vitis HLS Report for 'BFS_Gather'
================================================================
* Date:           Wed Dec 20 22:12:33 2023

* Version:        2020.2 (Build 3064766 on Wed Nov 18 09:12:47 MST 2020)
* Project:        bfs_gather_v1
* Solution:       solution1 (Vivado IP Flow Target)
* Product family: virtexuplus
* Target device:  xcu280-fsvh2892-2L-e


================================================================
== Performance Estimates
================================================================
+ Timing: 
    * Summary: 
    +--------+---------+----------+------------+
    |  Clock |  Target | Estimated| Uncertainty|
    +--------+---------+----------+------------+
    |ap_clk  |  5.00 ns|  4.705 ns|     1.35 ns|
    +--------+---------+----------+------------+

+ Latency: 
    * Summary: 
    +---------+---------+-----------+-----------+-----+-----+---------+
    |  Latency (cycles) |   Latency (absolute)  |  Interval | Pipeline|
    |   min   |   max   |    min    |    max    | min | max |   Type  |
    +---------+---------+-----------+-----------+-----+-----+---------+
    |        2|        2|  10.000 ns|  10.000 ns|    2|    2|      yes|
    +---------+---------+-----------+-----------+-----+-----+---------+

    + Detail: 
        * Instance: 
        N/A

        * Loop: 
        N/A



================================================================
== Utilization Estimates
================================================================
* Summary: 
+---------------------+---------+------+---------+---------+-----+
|         Name        | BRAM_18K|  DSP |    FF   |   LUT   | URAM|
+---------------------+---------+------+---------+---------+-----+
|DSP                  |        -|     -|        -|        -|    -|
|Expression           |        -|     -|        0|      566|    -|
|FIFO                 |        -|     -|        -|        -|    -|
|Instance             |        -|     -|        -|        -|    -|
|Memory               |        -|     -|        -|        -|    -|
|Multiplexer          |        -|     -|        -|      494|    -|
|Register             |        -|     -|       66|        -|    -|
+---------------------+---------+------+---------+---------+-----+
|Total                |        0|     0|       66|     1060|    0|
+---------------------+---------+------+---------+---------+-----+
|Available SLR        |     1344|  3008|   869120|   434560|  320|
+---------------------+---------+------+---------+---------+-----+
|Utilization SLR (%)  |        0|     0|       ~0|       ~0|    0|
+---------------------+---------+------+---------+---------+-----+
|Available            |     4032|  9024|  2607360|  1303680|  960|
+---------------------+---------+------+---------+---------+-----+
|Utilization (%)      |        0|     0|       ~0|       ~0|    0|
+---------------------+---------+------+---------+---------+-----+

+ Detail: 
    * Instance: 
    N/A

    * DSP: 
    N/A

    * Memory: 
    N/A

    * FIFO: 
    N/A

    * Expression: 
    +---------------------------+----------+----+---+----+------------+------------+
    |       Variable Name       | Operation| DSP| FF| LUT| Bitwidth P0| Bitwidth P1|
    +---------------------------+----------+----+---+----+------------+------------+
    |grp_fu_251_p2              |         +|   0|  0|  15|           8|           1|
    |ret_2_fu_965_p2            |         +|   0|  0|  16|           9|           1|
    |ret_3_fu_910_p2            |         +|   0|  0|  16|           9|           1|
    |ret_4_fu_829_p2            |         +|   0|  0|  16|           9|           1|
    |ret_5_fu_748_p2            |         +|   0|  0|  16|           9|           1|
    |ret_6_fu_667_p2            |         +|   0|  0|  16|           9|           1|
    |ret_7_fu_586_p2            |         +|   0|  0|  16|           9|           1|
    |ret_8_fu_505_p2            |         +|   0|  0|  16|           9|           1|
    |ret_9_fu_424_p2            |         +|   0|  0|  16|           9|           1|
    |ret_fu_278_p2              |         -|   0|  0|  32|          25|          25|
    |sub_ln1364_1_fu_312_p2     |         -|   0|  0|  24|           1|          17|
    |sub_ln1364_fu_296_p2       |         -|   0|  0|  29|           1|          22|
    |ap_block_pp0_stage0_11001  |       and|   0|  0|   2|           1|           1|
    |ap_condition_1058          |       and|   0|  0|   2|           1|           1|
    |ap_condition_1061          |       and|   0|  0|   2|           1|           1|
    |ap_condition_1065          |       and|   0|  0|   2|           1|           1|
    |ap_condition_1068          |       and|   0|  0|   2|           1|           1|
    |ap_condition_1072          |       and|   0|  0|   2|           1|           1|
    |ap_condition_1075          |       and|   0|  0|   2|           1|           1|
    |ap_condition_1079          |       and|   0|  0|   2|           1|           1|
    |ap_condition_1082          |       and|   0|  0|   2|           1|           1|
    |icmp_ln32_1_fu_381_p2      |      icmp|   0|  0|   8|           2|           3|
    |icmp_ln32_2_fu_394_p2      |      icmp|   0|  0|   8|           2|           2|
    |icmp_ln32_fu_368_p2        |      icmp|   0|  0|   8|           2|           1|
    |icmp_ln878_1_fu_920_p2     |      icmp|   0|  0|  11|           9|           9|
    |icmp_ln878_2_fu_849_p2     |      icmp|   0|  0|  11|           9|           9|
    |icmp_ln878_3_fu_768_p2     |      icmp|   0|  0|  11|           9|           9|
    |icmp_ln878_4_fu_687_p2     |      icmp|   0|  0|  11|           9|           9|
    |icmp_ln878_5_fu_606_p2     |      icmp|   0|  0|  11|           9|           9|
    |icmp_ln878_6_fu_525_p2     |      icmp|   0|  0|  11|           9|           9|
    |icmp_ln878_7_fu_444_p2     |      icmp|   0|  0|  11|           9|           9|
    |icmp_ln878_fu_975_p2       |      icmp|   0|  0|  11|           9|           9|
    |ret_1_fu_328_p3            |    select|   0|  0|  17|           1|          17|
    |select_ln32_1_fu_386_p3    |    select|   0|  0|  63|           1|          64|
    |select_ln32_2_fu_399_p3    |    select|   0|  0|  63|           1|          64|
    |select_ln32_fu_373_p3      |    select|   0|  0|  63|           1|          64|
    |ap_enable_pp0              |       xor|   0|  0|   2|           1|           2|
    +---------------------------+----------+----+---+----+------------+------------+
    |Total                      |          |   0|  0| 566|         199|         371|
    +---------------------------+----------+----+---+----+------------+------------+

    * Multiplexer: 
    +-------------------------+----+-----------+-----+-----------+
    |           Name          | LUT| Input Size| Bits| Total Bits|
    +-------------------------+----+-----------+-----+-----------+
    |ap_NS_fsm                |  14|          3|    1|          3|
    |ap_enable_reg_pp0_iter0  |   9|          2|    1|          2|
    |ap_enable_reg_pp0_iter1  |   9|          2|    1|          2|
    |exist_1_data_in          |  14|          3|    1|          3|
    |tmp_dist_0_address0      |  14|          3|   12|         36|
    |tmp_dist_0_d0            |  49|          9|   64|        576|
    |tmp_dist_0_we0           |  49|          9|    8|         72|
    |tmp_dist_1_address0      |  14|          3|   12|         36|
    |tmp_dist_1_d0            |  49|          9|   64|        576|
    |tmp_dist_1_we0           |  49|          9|    8|         72|
    |tmp_dist_2_address0      |  14|          3|   12|         36|
    |tmp_dist_2_d0            |  49|          9|   64|        576|
    |tmp_dist_2_we0           |  49|          9|    8|         72|
    |tmp_dist_3_address0      |  14|          3|   12|         36|
    |tmp_dist_3_d0            |  49|          9|   64|        576|
    |tmp_dist_3_we0           |  49|          9|    8|         72|
    +-------------------------+----+-----------+-----+-----------+
    |Total                    | 494|         94|  340|       2746|
    +-------------------------+----+-----------+-----+-----------+

    * Register: 
    +-----------------------------+----+----+-----+-----------+
    |             Name            | FF | LUT| Bits| Const Bits|
    +-----------------------------+----+----+-----+-----------+
    |ap_CS_fsm                    |   2|   0|    2|          0|
    |ap_enable_reg_pp0_iter0_reg  |   1|   0|    1|          0|
    |ap_enable_reg_pp0_iter1      |   1|   0|    1|          0|
    |exist_1_data_reg             |   1|   0|    1|          0|
    |exist_1_vld_reg              |   0|   0|    1|          1|
    |rltBank_reg_1014             |   2|   0|    2|          0|
    |srcDist_V_reg_1001           |   8|   0|    8|          0|
    |tmp_dist_0_addr_reg_1021     |  12|   0|   12|          0|
    |tmp_dist_1_addr_reg_1031     |  12|   0|   12|          0|
    |tmp_dist_2_addr_reg_1036     |  12|   0|   12|          0|
    |tmp_dist_3_addr_reg_1026     |  12|   0|   12|          0|
    |trunc_ln2_reg_1041           |   3|   0|    3|          0|
    +-----------------------------+----+----+-----+-----------+
    |Total                        |  66|   0|   67|          1|
    +-----------------------------+----+----+-----+-----------+



================================================================
== Interface
================================================================
* Summary: 
+---------------------+-----+-----+------------+--------------+--------------+
|      RTL Ports      | Dir | Bits|  Protocol  | Source Object|    C Type    |
+---------------------+-----+-----+------------+--------------+--------------+
|ap_clk               |   in|    1|  ap_ctrl_hs|    BFS_Gather|  return value|
|ap_rst               |   in|    1|  ap_ctrl_hs|    BFS_Gather|  return value|
|ap_start             |   in|    1|  ap_ctrl_hs|    BFS_Gather|  return value|
|ap_done              |  out|    1|  ap_ctrl_hs|    BFS_Gather|  return value|
|ap_idle              |  out|    1|  ap_ctrl_hs|    BFS_Gather|  return value|
|ap_ready             |  out|    1|  ap_ctrl_hs|    BFS_Gather|  return value|
|peID                 |   in|    8|     ap_none|          peID|        scalar|
|sw_data              |   in|   32|     ap_none|       sw_data|       pointer|
|exist                |  out|    1|     ap_none|         exist|       pointer|
|tmp_dist_0_address0  |  out|   12|   ap_memory|    tmp_dist_0|         array|
|tmp_dist_0_ce0       |  out|    1|   ap_memory|    tmp_dist_0|         array|
|tmp_dist_0_we0       |  out|    8|   ap_memory|    tmp_dist_0|         array|
|tmp_dist_0_d0        |  out|   64|   ap_memory|    tmp_dist_0|         array|
|tmp_dist_0_q0        |   in|   64|   ap_memory|    tmp_dist_0|         array|
|tmp_dist_1_address0  |  out|   12|   ap_memory|    tmp_dist_1|         array|
|tmp_dist_1_ce0       |  out|    1|   ap_memory|    tmp_dist_1|         array|
|tmp_dist_1_we0       |  out|    8|   ap_memory|    tmp_dist_1|         array|
|tmp_dist_1_d0        |  out|   64|   ap_memory|    tmp_dist_1|         array|
|tmp_dist_1_q0        |   in|   64|   ap_memory|    tmp_dist_1|         array|
|tmp_dist_2_address0  |  out|   12|   ap_memory|    tmp_dist_2|         array|
|tmp_dist_2_ce0       |  out|    1|   ap_memory|    tmp_dist_2|         array|
|tmp_dist_2_we0       |  out|    8|   ap_memory|    tmp_dist_2|         array|
|tmp_dist_2_d0        |  out|   64|   ap_memory|    tmp_dist_2|         array|
|tmp_dist_2_q0        |   in|   64|   ap_memory|    tmp_dist_2|         array|
|tmp_dist_3_address0  |  out|   12|   ap_memory|    tmp_dist_3|         array|
|tmp_dist_3_ce0       |  out|    1|   ap_memory|    tmp_dist_3|         array|
|tmp_dist_3_we0       |  out|    8|   ap_memory|    tmp_dist_3|         array|
|tmp_dist_3_d0        |  out|   64|   ap_memory|    tmp_dist_3|         array|
|tmp_dist_3_q0        |   in|   64|   ap_memory|    tmp_dist_3|         array|
+---------------------+-----+-----+------------+--------------+--------------+

