

================================================================
== Vitis HLS Report for 'feed_network'
================================================================
* Date:           Fri Mar 22 20:13:57 2024

* Version:        2020.2 (Build 3064766 on Wed Nov 18 09:12:47 MST 2020)
* Project:        bfs_scatter_v1
* Solution:       solution1 (Vivado IP Flow Target)
* Product family: virtexuplus
* Target device:  xcu280-fsvh2892-2L-e


================================================================
== Performance Estimates
================================================================
+ Timing: 
    * Summary: 
    +--------+---------+----------+------------+
    |  Clock |  Target | Estimated| Uncertainty|
    +--------+---------+----------+------------+
    |ap_clk  |  5.00 ns|  3.626 ns|     1.35 ns|
    +--------+---------+----------+------------+

+ Latency: 
    * Summary: 
    +---------+---------+----------+----------+-----+-----+---------+
    |  Latency (cycles) |  Latency (absolute) |  Interval | Pipeline|
    |   min   |   max   |    min   |    max   | min | max |   Type  |
    +---------+---------+----------+----------+-----+-----+---------+
    |        ?|        ?|         ?|         ?|    ?|    ?|     none|
    +---------+---------+----------+----------+-----+-----+---------+

    + Detail: 
        * Instance: 
        N/A

        * Loop: 
        +--------------------+---------+---------+----------+-----------+-----------+----------+----------+
        |                    |  Latency (cycles) | Iteration|  Initiation Interval  |   Trip   |          |
        |      Loop Name     |   min   |   max   |  Latency |  achieved |   target  |   Count  | Pipelined|
        +--------------------+---------+---------+----------+-----------+-----------+----------+----------+
        |- L2                |        ?|        ?|         ?|          -|          -|  1 ~ 4096|        no|
        | + L2_SEND_REQ_TPL  |        0|       32|         2|          -|          -|    0 ~ 16|        no|
        | + L2_FEED_NET      |        ?|        ?|         4|          1|          1|         ?|       yes|
        +--------------------+---------+---------+----------+-----------+-----------+----------+----------+

============================================================
+ Verbose Summary: Synthesis Manager
============================================================
InlineROM: 1
ExposeGlobal: 0
============================================================
+ Verbose Summary: CDFG Model
============================================================
IsTopModel: 0
ResetActiveHigh: 1
IsCombinational: 0
IsDatapathOnly: 0
HasWiredReturn: 1
HasMFsm: 0
HasVarLatency: 1
IsPipeline: 0
IsRtlPipelined: 0
IsInstanceOverlapped: 0
IsDontTouch: 0
HasImplIP: 0
IsGatedGlobalClock: 0

+ Individual pipeline summary: 
  * Pipeline-0: initiation interval (II) = 1, depth = 4


============================================================
+ Verbose Summary: Schedule
============================================================
* Number of FSM states : 9
* Pipeline : 1
  Pipeline-0 : II = 1, D = 4, States = { 5 6 7 8 }
* Dataflow Pipeline: 0

* FSM state transitions: 
1 --> 2 
2 --> 3 
3 --> 4 5 
4 --> 3 
5 --> 6 
6 --> 7 
7 --> 8 
8 --> 9 5 
9 --> 2 

* FSM state operations: 

State 1 <SV = 0> <Delay = 1.82>
ST_1 : Operation 10 [1/1] (0.00ns)   --->   "%n_mem_tuples_read = read i16 @_ssdm_op_Read.ap_auto.i16, i16 %n_mem_tuples"   --->   Operation 10 'read' 'n_mem_tuples_read' <Predicate = true> <Delay = 0.00>
ST_1 : Operation 11 [1/1] (0.00ns)   --->   "%empty = trunc i16 %n_mem_tuples_read"   --->   Operation 11 'trunc' 'empty' <Predicate = true> <Delay = 0.00>
ST_1 : Operation 12 [1/1] (0.00ns)   --->   "%specmemcore_ln0 = specmemcore void @_ssdm_op_SpecMemCore, i32 %mem_req_buff, i64 666, i64 22, i64 18446744073709551615"   --->   Operation 12 'specmemcore' 'specmemcore_ln0' <Predicate = true> <Delay = 0.00>
ST_1 : Operation 13 [1/1] (0.00ns)   --->   "%specmemcore_ln0 = specmemcore void @_ssdm_op_SpecMemCore, i64 %tmp_dist_7, i64 666, i64 207, i64 1"   --->   Operation 13 'specmemcore' 'specmemcore_ln0' <Predicate = true> <Delay = 0.00>
ST_1 : Operation 14 [1/1] (0.00ns)   --->   "%specmemcore_ln0 = specmemcore void @_ssdm_op_SpecMemCore, i64 %tmp_dist_6, i64 666, i64 207, i64 1"   --->   Operation 14 'specmemcore' 'specmemcore_ln0' <Predicate = true> <Delay = 0.00>
ST_1 : Operation 15 [1/1] (0.00ns)   --->   "%specmemcore_ln0 = specmemcore void @_ssdm_op_SpecMemCore, i64 %tmp_dist_5, i64 666, i64 207, i64 1"   --->   Operation 15 'specmemcore' 'specmemcore_ln0' <Predicate = true> <Delay = 0.00>
ST_1 : Operation 16 [1/1] (0.00ns)   --->   "%specmemcore_ln0 = specmemcore void @_ssdm_op_SpecMemCore, i64 %tmp_dist_4, i64 666, i64 207, i64 1"   --->   Operation 16 'specmemcore' 'specmemcore_ln0' <Predicate = true> <Delay = 0.00>
ST_1 : Operation 17 [1/1] (0.00ns)   --->   "%specmemcore_ln0 = specmemcore void @_ssdm_op_SpecMemCore, i64 %tmp_dist_3, i64 666, i64 207, i64 1"   --->   Operation 17 'specmemcore' 'specmemcore_ln0' <Predicate = true> <Delay = 0.00>
ST_1 : Operation 18 [1/1] (0.00ns)   --->   "%specmemcore_ln0 = specmemcore void @_ssdm_op_SpecMemCore, i64 %tmp_dist_2, i64 666, i64 207, i64 1"   --->   Operation 18 'specmemcore' 'specmemcore_ln0' <Predicate = true> <Delay = 0.00>
ST_1 : Operation 19 [1/1] (0.00ns)   --->   "%specmemcore_ln0 = specmemcore void @_ssdm_op_SpecMemCore, i64 %tmp_dist_1, i64 666, i64 207, i64 1"   --->   Operation 19 'specmemcore' 'specmemcore_ln0' <Predicate = true> <Delay = 0.00>
ST_1 : Operation 20 [1/1] (0.00ns)   --->   "%specmemcore_ln0 = specmemcore void @_ssdm_op_SpecMemCore, i64 %tmp_dist_0, i64 666, i64 207, i64 1"   --->   Operation 20 'specmemcore' 'specmemcore_ln0' <Predicate = true> <Delay = 0.00>
ST_1 : Operation 21 [1/1] (0.00ns)   --->   "%specinterface_ln0 = specinterface void @_ssdm_op_SpecInterface, i64 %tmp_dist_7, void @empty, i32 0, i32 0, void @empty_9, i32 1, i32 0, void @empty_9, void @empty_9, void @empty_9, i32 0, i32 0, i32 0, i32 0, void @empty_9, void @empty_9"   --->   Operation 21 'specinterface' 'specinterface_ln0' <Predicate = true> <Delay = 0.00>
ST_1 : Operation 22 [1/1] (0.00ns)   --->   "%specinterface_ln0 = specinterface void @_ssdm_op_SpecInterface, i64 %tmp_dist_6, void @empty, i32 0, i32 0, void @empty_9, i32 1, i32 0, void @empty_9, void @empty_9, void @empty_9, i32 0, i32 0, i32 0, i32 0, void @empty_9, void @empty_9"   --->   Operation 22 'specinterface' 'specinterface_ln0' <Predicate = true> <Delay = 0.00>
ST_1 : Operation 23 [1/1] (0.00ns)   --->   "%specinterface_ln0 = specinterface void @_ssdm_op_SpecInterface, i64 %tmp_dist_5, void @empty, i32 0, i32 0, void @empty_9, i32 1, i32 0, void @empty_9, void @empty_9, void @empty_9, i32 0, i32 0, i32 0, i32 0, void @empty_9, void @empty_9"   --->   Operation 23 'specinterface' 'specinterface_ln0' <Predicate = true> <Delay = 0.00>
ST_1 : Operation 24 [1/1] (0.00ns)   --->   "%specinterface_ln0 = specinterface void @_ssdm_op_SpecInterface, i64 %tmp_dist_4, void @empty, i32 0, i32 0, void @empty_9, i32 1, i32 0, void @empty_9, void @empty_9, void @empty_9, i32 0, i32 0, i32 0, i32 0, void @empty_9, void @empty_9"   --->   Operation 24 'specinterface' 'specinterface_ln0' <Predicate = true> <Delay = 0.00>
ST_1 : Operation 25 [1/1] (0.00ns)   --->   "%specinterface_ln0 = specinterface void @_ssdm_op_SpecInterface, i64 %tmp_dist_3, void @empty, i32 0, i32 0, void @empty_9, i32 1, i32 0, void @empty_9, void @empty_9, void @empty_9, i32 0, i32 0, i32 0, i32 0, void @empty_9, void @empty_9"   --->   Operation 25 'specinterface' 'specinterface_ln0' <Predicate = true> <Delay = 0.00>
ST_1 : Operation 26 [1/1] (0.00ns)   --->   "%specinterface_ln0 = specinterface void @_ssdm_op_SpecInterface, i64 %tmp_dist_2, void @empty, i32 0, i32 0, void @empty_9, i32 1, i32 0, void @empty_9, void @empty_9, void @empty_9, i32 0, i32 0, i32 0, i32 0, void @empty_9, void @empty_9"   --->   Operation 26 'specinterface' 'specinterface_ln0' <Predicate = true> <Delay = 0.00>
ST_1 : Operation 27 [1/1] (0.00ns)   --->   "%specinterface_ln0 = specinterface void @_ssdm_op_SpecInterface, i64 %tmp_dist_1, void @empty, i32 0, i32 0, void @empty_9, i32 1, i32 0, void @empty_9, void @empty_9, void @empty_9, i32 0, i32 0, i32 0, i32 0, void @empty_9, void @empty_9"   --->   Operation 27 'specinterface' 'specinterface_ln0' <Predicate = true> <Delay = 0.00>
ST_1 : Operation 28 [1/1] (0.00ns)   --->   "%specinterface_ln0 = specinterface void @_ssdm_op_SpecInterface, i64 %tmp_dist_0, void @empty, i32 0, i32 0, void @empty_9, i32 1, i32 0, void @empty_9, void @empty_9, void @empty_9, i32 0, i32 0, i32 0, i32 0, void @empty_9, void @empty_9"   --->   Operation 28 'specinterface' 'specinterface_ln0' <Predicate = true> <Delay = 0.00>
ST_1 : Operation 29 [1/1] (0.00ns)   --->   "%specinterface_ln0 = specinterface void @_ssdm_op_SpecInterface, i32 %sw_data_3_V, void @empty_16, i32 0, i32 0, void @empty_9, i32 0, i32 0, void @empty_9, void @empty_9, void @empty_9, i32 0, i32 0, i32 0, i32 0, void @empty_9, void @empty_9"   --->   Operation 29 'specinterface' 'specinterface_ln0' <Predicate = true> <Delay = 0.00>
ST_1 : Operation 30 [1/1] (0.00ns)   --->   "%specinterface_ln0 = specinterface void @_ssdm_op_SpecInterface, i32 %sw_data_2_V, void @empty_16, i32 0, i32 0, void @empty_9, i32 0, i32 0, void @empty_9, void @empty_9, void @empty_9, i32 0, i32 0, i32 0, i32 0, void @empty_9, void @empty_9"   --->   Operation 30 'specinterface' 'specinterface_ln0' <Predicate = true> <Delay = 0.00>
ST_1 : Operation 31 [1/1] (0.00ns)   --->   "%specinterface_ln0 = specinterface void @_ssdm_op_SpecInterface, i32 %sw_data_1_V, void @empty_16, i32 0, i32 0, void @empty_9, i32 0, i32 0, void @empty_9, void @empty_9, void @empty_9, i32 0, i32 0, i32 0, i32 0, void @empty_9, void @empty_9"   --->   Operation 31 'specinterface' 'specinterface_ln0' <Predicate = true> <Delay = 0.00>
ST_1 : Operation 32 [1/1] (0.00ns)   --->   "%specinterface_ln0 = specinterface void @_ssdm_op_SpecInterface, i32 %sw_data_0_V, void @empty_16, i32 0, i32 0, void @empty_9, i32 0, i32 0, void @empty_9, void @empty_9, void @empty_9, i32 0, i32 0, i32 0, i32 0, void @empty_9, void @empty_9"   --->   Operation 32 'specinterface' 'specinterface_ln0' <Predicate = true> <Delay = 0.00>
ST_1 : Operation 33 [1/1] (0.00ns)   --->   "%specinterface_ln0 = specinterface void @_ssdm_op_SpecInterface, i32 %rd_req_V, void @empty_16, i32 0, i32 0, void @empty_9, i32 0, i32 0, void @empty_9, void @empty_9, void @empty_9, i32 0, i32 0, i32 0, i32 0, void @empty_9, void @empty_9"   --->   Operation 33 'specinterface' 'specinterface_ln0' <Predicate = true> <Delay = 0.00>
ST_1 : Operation 34 [1/1] (0.00ns)   --->   "%specinterface_ln0 = specinterface void @_ssdm_op_SpecInterface, i1 %rd_port_V_last_V, void @empty_19, i32 0, i32 0, void @empty_10, i32 0, i32 0, void @empty_9, void @empty_9, void @empty_9, i32 0, i32 0, i32 0, i32 0, void @empty_9, void @empty_9"   --->   Operation 34 'specinterface' 'specinterface_ln0' <Predicate = true> <Delay = 0.00>
ST_1 : Operation 35 [1/1] (0.00ns)   --->   "%specinterface_ln0 = specinterface void @_ssdm_op_SpecInterface, i16 %rd_port_V_strb_V, void @empty_19, i32 0, i32 0, void @empty_10, i32 0, i32 0, void @empty_9, void @empty_9, void @empty_9, i32 0, i32 0, i32 0, i32 0, void @empty_9, void @empty_9"   --->   Operation 35 'specinterface' 'specinterface_ln0' <Predicate = true> <Delay = 0.00>
ST_1 : Operation 36 [1/1] (0.00ns)   --->   "%specinterface_ln0 = specinterface void @_ssdm_op_SpecInterface, i16 %rd_port_V_keep_V, void @empty_19, i32 0, i32 0, void @empty_10, i32 0, i32 0, void @empty_9, void @empty_9, void @empty_9, i32 0, i32 0, i32 0, i32 0, void @empty_9, void @empty_9"   --->   Operation 36 'specinterface' 'specinterface_ln0' <Predicate = true> <Delay = 0.00>
ST_1 : Operation 37 [1/1] (0.00ns)   --->   "%specinterface_ln0 = specinterface void @_ssdm_op_SpecInterface, i128 %rd_port_V_data_V, void @empty_19, i32 0, i32 0, void @empty_10, i32 0, i32 0, void @empty_9, void @empty_9, void @empty_9, i32 0, i32 0, i32 0, i32 0, void @empty_9, void @empty_9"   --->   Operation 37 'specinterface' 'specinterface_ln0' <Predicate = true> <Delay = 0.00>
ST_1 : Operation 38 [1/1] (0.00ns)   --->   "%specpipeline_ln0 = specpipeline void @_ssdm_op_SpecPipeline, i32 4294967295, i32 0, i32 0, i32 0, void @empty_9"   --->   Operation 38 'specpipeline' 'specpipeline_ln0' <Predicate = true> <Delay = 0.00>
ST_1 : Operation 39 [1/1] (0.65ns)   --->   "%icmp_ln167 = icmp_eq  i4 %empty, i4 0" [/Orion/BackEnd/ArtifactEvaluation/BFS_BF/PE_32/src/hw/scatter/bfs_scatter.cpp:167]   --->   Operation 39 'icmp' 'icmp_ln167' <Predicate = true> <Delay = 0.65> <CoreInst = "Cmp">   --->   Core 9 'Cmp' <Latency = 0> <II = 1> <Delay = 0.63> <FuncUnit> <Opcode : 'icmp'> <InPorts = 2> <OutPorts = 1>
ST_1 : Operation 40 [1/1] (0.00ns)   --->   "%trunc_ln167_1 = partselect i12 @_ssdm_op_PartSelect.i12.i16.i32.i32, i16 %n_mem_tuples_read, i32 4, i32 15" [/Orion/BackEnd/ArtifactEvaluation/BFS_BF/PE_32/src/hw/scatter/bfs_scatter.cpp:167]   --->   Operation 40 'partselect' 'trunc_ln167_1' <Predicate = true> <Delay = 0.00>
ST_1 : Operation 41 [1/1] (0.00ns)   --->   "%zext_ln167 = zext i12 %trunc_ln167_1" [/Orion/BackEnd/ArtifactEvaluation/BFS_BF/PE_32/src/hw/scatter/bfs_scatter.cpp:167]   --->   Operation 41 'zext' 'zext_ln167' <Predicate = true> <Delay = 0.00>
ST_1 : Operation 42 [1/1] (0.74ns)   --->   "%add_ln167 = add i13 %zext_ln167, i13 1" [/Orion/BackEnd/ArtifactEvaluation/BFS_BF/PE_32/src/hw/scatter/bfs_scatter.cpp:167]   --->   Operation 42 'add' 'add_ln167' <Predicate = true> <Delay = 0.74> <CoreInst = "Adder">   --->   Core 1 'Adder' <Latency = 0> <II = 1> <Delay = 0.73> <FuncUnit> <Opcode : 'add' 'sub'> <InPorts = 2> <OutPorts = 1>
ST_1 : Operation 43 [1/1] (0.32ns)   --->   "%n_iter = select i1 %icmp_ln167, i13 %zext_ln167, i13 %add_ln167" [/Orion/BackEnd/ArtifactEvaluation/BFS_BF/PE_32/src/hw/scatter/bfs_scatter.cpp:167]   --->   Operation 43 'select' 'n_iter' <Predicate = true> <Delay = 0.32> <CoreInst = "Sel">   --->   Core 73 'Sel' <Latency = 0> <II = 1> <Delay = 0.27> <FuncUnit> <Opcode : 'select'> <InPorts = 3> <OutPorts = 1>
ST_1 : Operation 44 [1/1] (0.75ns)   --->   "%sub = add i13 %n_iter, i13 8191" [/Orion/BackEnd/ArtifactEvaluation/BFS_BF/PE_32/src/hw/scatter/bfs_scatter.cpp:167]   --->   Operation 44 'add' 'sub' <Predicate = true> <Delay = 0.75> <CoreInst = "Adder">   --->   Core 1 'Adder' <Latency = 0> <II = 1> <Delay = 0.73> <FuncUnit> <Opcode : 'add' 'sub'> <InPorts = 2> <OutPorts = 1>
ST_1 : Operation 45 [1/1] (0.00ns)   --->   "%sext_ln171 = sext i13 %sub" [/Orion/BackEnd/ArtifactEvaluation/BFS_BF/PE_32/src/hw/scatter/bfs_scatter.cpp:171]   --->   Operation 45 'sext' 'sext_ln171' <Predicate = true> <Delay = 0.00>
ST_1 : Operation 46 [1/1] (0.64ns)   --->   "%icmp_ln171 = icmp_eq  i13 %n_iter, i13 0" [/Orion/BackEnd/ArtifactEvaluation/BFS_BF/PE_32/src/hw/scatter/bfs_scatter.cpp:171]   --->   Operation 46 'icmp' 'icmp_ln171' <Predicate = true> <Delay = 0.64> <CoreInst = "Cmp">   --->   Core 9 'Cmp' <Latency = 0> <II = 1> <Delay = 0.63> <FuncUnit> <Opcode : 'icmp'> <InPorts = 2> <OutPorts = 1>
ST_1 : Operation 47 [1/1] (0.00ns)   --->   "%br_ln171 = br i1 %icmp_ln171, void %.lr.ph9.preheader, void %._crit_edge10" [/Orion/BackEnd/ArtifactEvaluation/BFS_BF/PE_32/src/hw/scatter/bfs_scatter.cpp:171]   --->   Operation 47 'br' 'br_ln171' <Predicate = true> <Delay = 0.00>
ST_1 : Operation 48 [1/1] (0.00ns)   --->   "%zext_ln174 = zext i4 %empty" [/Orion/BackEnd/ArtifactEvaluation/BFS_BF/PE_32/src/hw/scatter/bfs_scatter.cpp:174]   --->   Operation 48 'zext' 'zext_ln174' <Predicate = (!icmp_ln171)> <Delay = 0.00>
ST_1 : Operation 49 [1/1] (0.27ns)   --->   "%select_ln174 = select i1 %icmp_ln167, i5 16, i5 %zext_ln174" [/Orion/BackEnd/ArtifactEvaluation/BFS_BF/PE_32/src/hw/scatter/bfs_scatter.cpp:174]   --->   Operation 49 'select' 'select_ln174' <Predicate = (!icmp_ln171)> <Delay = 0.27> <CoreInst = "Sel">   --->   Core 73 'Sel' <Latency = 0> <II = 1> <Delay = 0.27> <FuncUnit> <Opcode : 'select'> <InPorts = 3> <OutPorts = 1>
ST_1 : Operation 50 [1/1] (0.38ns)   --->   "%br_ln171 = br void %.lr.ph9" [/Orion/BackEnd/ArtifactEvaluation/BFS_BF/PE_32/src/hw/scatter/bfs_scatter.cpp:171]   --->   Operation 50 'br' 'br_ln171' <Predicate = (!icmp_ln171)> <Delay = 0.38>

State 2 <SV = 1> <Delay = 0.91>
ST_2 : Operation 51 [1/1] (0.00ns)   --->   "%i = phi i13 %i_1, void, i13 0, void %.lr.ph9.preheader"   --->   Operation 51 'phi' 'i' <Predicate = (!icmp_ln171)> <Delay = 0.00>
ST_2 : Operation 52 [1/1] (0.00ns)   --->   "%srcDist_V = phi i8 %srcDist_V_19, void, i8 0, void %.lr.ph9.preheader"   --->   Operation 52 'phi' 'srcDist_V' <Predicate = (!icmp_ln171)> <Delay = 0.00>
ST_2 : Operation 53 [1/1] (0.75ns)   --->   "%i_1 = add i13 %i, i13 1" [/Orion/BackEnd/ArtifactEvaluation/BFS_BF/PE_32/src/hw/scatter/bfs_scatter.cpp:171]   --->   Operation 53 'add' 'i_1' <Predicate = (!icmp_ln171)> <Delay = 0.75> <CoreInst = "Adder">   --->   Core 1 'Adder' <Latency = 0> <II = 1> <Delay = 0.73> <FuncUnit> <Opcode : 'add' 'sub'> <InPorts = 2> <OutPorts = 1>
ST_2 : Operation 54 [1/1] (0.64ns)   --->   "%icmp_ln171_1 = icmp_eq  i13 %i, i13 %n_iter" [/Orion/BackEnd/ArtifactEvaluation/BFS_BF/PE_32/src/hw/scatter/bfs_scatter.cpp:171]   --->   Operation 54 'icmp' 'icmp_ln171_1' <Predicate = (!icmp_ln171)> <Delay = 0.64> <CoreInst = "Cmp">   --->   Core 9 'Cmp' <Latency = 0> <II = 1> <Delay = 0.63> <FuncUnit> <Opcode : 'icmp'> <InPorts = 2> <OutPorts = 1>
ST_2 : Operation 55 [1/1] (0.00ns)   --->   "%empty_55 = speclooptripcount i32 @_ssdm_op_SpecLoopTripCount, i64 1, i64 4096, i64 0"   --->   Operation 55 'speclooptripcount' 'empty_55' <Predicate = (!icmp_ln171)> <Delay = 0.00>
ST_2 : Operation 56 [1/1] (0.00ns)   --->   "%br_ln171 = br i1 %icmp_ln171_1, void %.split36, void %._crit_edge10.loopexit" [/Orion/BackEnd/ArtifactEvaluation/BFS_BF/PE_32/src/hw/scatter/bfs_scatter.cpp:171]   --->   Operation 56 'br' 'br_ln171' <Predicate = (!icmp_ln171)> <Delay = 0.00>
ST_2 : Operation 57 [1/1] (0.00ns)   --->   "%zext_ln171 = zext i13 %i" [/Orion/BackEnd/ArtifactEvaluation/BFS_BF/PE_32/src/hw/scatter/bfs_scatter.cpp:171]   --->   Operation 57 'zext' 'zext_ln171' <Predicate = (!icmp_ln171 & !icmp_ln171_1)> <Delay = 0.00>
ST_2 : Operation 58 [1/1] (0.00ns)   --->   "%specloopname_ln165 = specloopname void @_ssdm_op_SpecLoopName, void @empty_17" [/Orion/BackEnd/ArtifactEvaluation/BFS_BF/PE_32/src/hw/scatter/bfs_scatter.cpp:165]   --->   Operation 58 'specloopname' 'specloopname_ln165' <Predicate = (!icmp_ln171 & !icmp_ln171_1)> <Delay = 0.00>
ST_2 : Operation 59 [1/1] (0.64ns)   --->   "%icmp_ln174 = icmp_eq  i14 %zext_ln171, i14 %sext_ln171" [/Orion/BackEnd/ArtifactEvaluation/BFS_BF/PE_32/src/hw/scatter/bfs_scatter.cpp:174]   --->   Operation 59 'icmp' 'icmp_ln174' <Predicate = (!icmp_ln171 & !icmp_ln171_1)> <Delay = 0.64> <CoreInst = "Cmp">   --->   Core 9 'Cmp' <Latency = 0> <II = 1> <Delay = 0.63> <FuncUnit> <Opcode : 'icmp'> <InPorts = 2> <OutPorts = 1>
ST_2 : Operation 60 [1/1] (0.27ns)   --->   "%tail = select i1 %icmp_ln174, i5 %select_ln174, i5 16" [/Orion/BackEnd/ArtifactEvaluation/BFS_BF/PE_32/src/hw/scatter/bfs_scatter.cpp:174]   --->   Operation 60 'select' 'tail' <Predicate = (!icmp_ln171 & !icmp_ln171_1)> <Delay = 0.27> <CoreInst = "Sel">   --->   Core 73 'Sel' <Latency = 0> <II = 1> <Delay = 0.27> <FuncUnit> <Opcode : 'select'> <InPorts = 3> <OutPorts = 1>
ST_2 : Operation 61 [1/1] (0.00ns)   --->   "%empty_56 = trunc i13 %i" [/Orion/BackEnd/ArtifactEvaluation/BFS_BF/PE_32/src/hw/scatter/bfs_scatter.cpp:171]   --->   Operation 61 'trunc' 'empty_56' <Predicate = (!icmp_ln171 & !icmp_ln171_1)> <Delay = 0.00>
ST_2 : Operation 62 [1/1] (0.00ns)   --->   "%mul = bitconcatenate i11 @_ssdm_op_BitConcatenate.i11.i7.i4, i7 %empty_56, i4 0" [/Orion/BackEnd/ArtifactEvaluation/BFS_BF/PE_32/src/hw/scatter/bfs_scatter.cpp:171]   --->   Operation 62 'bitconcatenate' 'mul' <Predicate = (!icmp_ln171 & !icmp_ln171_1)> <Delay = 0.00>
ST_2 : Operation 63 [1/1] (0.38ns)   --->   "%br_ln176 = br void" [/Orion/BackEnd/ArtifactEvaluation/BFS_BF/PE_32/src/hw/scatter/bfs_scatter.cpp:176]   --->   Operation 63 'br' 'br_ln176' <Predicate = (!icmp_ln171 & !icmp_ln171_1)> <Delay = 0.38>
ST_2 : Operation 64 [1/1] (0.00ns)   --->   "%br_ln0 = br void %._crit_edge10"   --->   Operation 64 'br' 'br_ln0' <Predicate = (!icmp_ln171 & icmp_ln171_1)> <Delay = 0.00>
ST_2 : Operation 65 [1/1] (0.00ns)   --->   "%ret_ln228 = ret" [/Orion/BackEnd/ArtifactEvaluation/BFS_BF/PE_32/src/hw/scatter/bfs_scatter.cpp:228]   --->   Operation 65 'ret' 'ret_ln228' <Predicate = (icmp_ln171_1) | (icmp_ln171)> <Delay = 0.00>

State 3 <SV = 2> <Delay = 1.93>
ST_3 : Operation 66 [1/1] (0.00ns)   --->   "%j = phi i5 0, void %.split36, i5 %j_2, void %.split"   --->   Operation 66 'phi' 'j' <Predicate = true> <Delay = 0.00>
ST_3 : Operation 67 [1/1] (0.70ns)   --->   "%j_2 = add i5 %j, i5 1" [/Orion/BackEnd/ArtifactEvaluation/BFS_BF/PE_32/src/hw/scatter/bfs_scatter.cpp:176]   --->   Operation 67 'add' 'j_2' <Predicate = true> <Delay = 0.70> <CoreInst = "Adder">   --->   Core 1 'Adder' <Latency = 0> <II = 1> <Delay = 0.73> <FuncUnit> <Opcode : 'add' 'sub'> <InPorts = 2> <OutPorts = 1>
ST_3 : Operation 68 [1/1] (0.00ns)   --->   "%zext_ln176 = zext i5 %j" [/Orion/BackEnd/ArtifactEvaluation/BFS_BF/PE_32/src/hw/scatter/bfs_scatter.cpp:176]   --->   Operation 68 'zext' 'zext_ln176' <Predicate = true> <Delay = 0.00>
ST_3 : Operation 69 [1/1] (0.63ns)   --->   "%icmp_ln176 = icmp_eq  i5 %j, i5 %tail" [/Orion/BackEnd/ArtifactEvaluation/BFS_BF/PE_32/src/hw/scatter/bfs_scatter.cpp:176]   --->   Operation 69 'icmp' 'icmp_ln176' <Predicate = true> <Delay = 0.63> <CoreInst = "Cmp">   --->   Core 9 'Cmp' <Latency = 0> <II = 1> <Delay = 0.63> <FuncUnit> <Opcode : 'icmp'> <InPorts = 2> <OutPorts = 1>
ST_3 : Operation 70 [1/1] (0.00ns)   --->   "%empty_57 = speclooptripcount i32 @_ssdm_op_SpecLoopTripCount, i64 0, i64 16, i64 0"   --->   Operation 70 'speclooptripcount' 'empty_57' <Predicate = true> <Delay = 0.00>
ST_3 : Operation 71 [1/1] (0.00ns)   --->   "%br_ln176 = br i1 %icmp_ln176, void %.split, void %._crit_edge.loopexit" [/Orion/BackEnd/ArtifactEvaluation/BFS_BF/PE_32/src/hw/scatter/bfs_scatter.cpp:176]   --->   Operation 71 'br' 'br_ln176' <Predicate = true> <Delay = 0.00>
ST_3 : Operation 72 [1/1] (0.73ns)   --->   "%add_ln177 = add i11 %mul, i11 %zext_ln176" [/Orion/BackEnd/ArtifactEvaluation/BFS_BF/PE_32/src/hw/scatter/bfs_scatter.cpp:177]   --->   Operation 72 'add' 'add_ln177' <Predicate = (!icmp_ln176)> <Delay = 0.73> <CoreInst = "Adder">   --->   Core 1 'Adder' <Latency = 0> <II = 1> <Delay = 0.73> <FuncUnit> <Opcode : 'add' 'sub'> <InPorts = 2> <OutPorts = 1>
ST_3 : Operation 73 [1/1] (0.00ns)   --->   "%zext_ln177 = zext i11 %add_ln177" [/Orion/BackEnd/ArtifactEvaluation/BFS_BF/PE_32/src/hw/scatter/bfs_scatter.cpp:177]   --->   Operation 73 'zext' 'zext_ln177' <Predicate = (!icmp_ln176)> <Delay = 0.00>
ST_3 : Operation 74 [1/1] (0.00ns)   --->   "%mem_req_buff_addr = getelementptr i32 %mem_req_buff, i64 0, i64 %zext_ln177"   --->   Operation 74 'getelementptr' 'mem_req_buff_addr' <Predicate = (!icmp_ln176)> <Delay = 0.00>
ST_3 : Operation 75 [2/2] (1.20ns)   --->   "%mem_req_buff_load = load i11 %mem_req_buff_addr"   --->   Operation 75 'load' 'mem_req_buff_load' <Predicate = (!icmp_ln176)> <Delay = 1.20> <CoreInst = "RAM_2P_BRAM">   --->   Core 94 'RAM_2P_BRAM' <Latency = 1> <II = 1> <Delay = 1.20> <Storage> <Opcode : 'load' 'store'> <Ports = 2> <Width = 32> <Depth = 2048> <RAM>
ST_3 : Operation 76 [1/1] (0.00ns)   --->   "%write_ln179 = write void @_ssdm_op_Write.ap_auto.volatile.i1P0A, i1 %rd_start, i1 1" [/Orion/BackEnd/ArtifactEvaluation/BFS_BF/PE_32/src/hw/scatter/bfs_scatter.cpp:179]   --->   Operation 76 'write' 'write_ln179' <Predicate = (icmp_ln176)> <Delay = 0.00>
ST_3 : Operation 77 [1/1] (0.38ns)   --->   "%br_ln182 = br void %_ifconv" [/Orion/BackEnd/ArtifactEvaluation/BFS_BF/PE_32/src/hw/scatter/bfs_scatter.cpp:182]   --->   Operation 77 'br' 'br_ln182' <Predicate = (icmp_ln176)> <Delay = 0.38>

State 4 <SV = 3> <Delay = 2.52>
ST_4 : Operation 78 [1/1] (0.00ns)   --->   "%specloopname_ln176 = specloopname void @_ssdm_op_SpecLoopName, void @empty_11" [/Orion/BackEnd/ArtifactEvaluation/BFS_BF/PE_32/src/hw/scatter/bfs_scatter.cpp:176]   --->   Operation 78 'specloopname' 'specloopname_ln176' <Predicate = true> <Delay = 0.00>
ST_4 : Operation 79 [1/2] (1.20ns)   --->   "%mem_req_buff_load = load i11 %mem_req_buff_addr"   --->   Operation 79 'load' 'mem_req_buff_load' <Predicate = true> <Delay = 1.20> <CoreInst = "RAM_2P_BRAM">   --->   Core 94 'RAM_2P_BRAM' <Latency = 1> <II = 1> <Delay = 1.20> <Storage> <Opcode : 'load' 'store'> <Ports = 2> <Width = 32> <Depth = 2048> <RAM>
ST_4 : Operation 80 [1/1] (1.32ns)   --->   "%write_ln174 = write void @_ssdm_op_Write.ap_fifo.volatile.i32P0A, i32 %rd_req_V, i32 %mem_req_buff_load" [/opt/Xilinx/Vitis_HLS/2020.2/common/technology/autopilot/hls_stream_39.h:174]   --->   Operation 80 'write' 'write_ln174' <Predicate = true> <Delay = 1.32> <CoreInst = "FIFO">   --->   Core 78 'FIFO' <Latency = 0> <II = 1> <Delay = 1.32> <Storage> <Opcode : 'read' 'write' 'nbread' 'nbwrite'> <Ports = 0> <Width = 32> <Depth = 0> <FIFO>
ST_4 : Operation 81 [1/1] (0.00ns)   --->   "%br_ln0 = br void"   --->   Operation 81 'br' 'br_ln0' <Predicate = true> <Delay = 0.00>

State 5 <SV = 3> <Delay = 1.64>
ST_5 : Operation 82 [1/1] (0.00ns)   --->   "%empty_58 = read i161 @_ssdm_op_Read.axis.volatile.i128P0A.i16P0A.i16P0A.i1P0A, i128 %rd_port_V_data_V, i16 %rd_port_V_keep_V, i16 %rd_port_V_strb_V, i1 %rd_port_V_last_V"   --->   Operation 82 'read' 'empty_58' <Predicate = true> <Delay = 0.00> <CoreInst = "axis">   --->   Core 123 'axis' <Latency = 0> <II = 1> <Delay = 1.00> <Adapter> <Opcode : >
ST_5 : Operation 83 [1/1] (0.00ns)   --->   "%rd_pkt_data_V = extractvalue i161 %empty_58"   --->   Operation 83 'extractvalue' 'rd_pkt_data_V' <Predicate = true> <Delay = 0.00>
ST_5 : Operation 84 [1/1] (0.00ns)   --->   "%rd_pkt_last_V = extractvalue i161 %empty_58"   --->   Operation 84 'extractvalue' 'rd_pkt_last_V' <Predicate = true> <Delay = 0.00>
ST_5 : Operation 85 [1/1] (0.00ns)   --->   "%p_Result_s = partselect i8 @_ssdm_op_PartSelect.i8.i128.i32.i32, i128 %rd_pkt_data_V, i32 24, i32 31"   --->   Operation 85 'partselect' 'p_Result_s' <Predicate = true> <Delay = 0.00>
ST_5 : Operation 86 [1/1] (0.58ns)   --->   "%invld_flag = icmp_eq  i8 %p_Result_s, i8 0"   --->   Operation 86 'icmp' 'invld_flag' <Predicate = true> <Delay = 0.58> <CoreInst = "Cmp">   --->   Core 9 'Cmp' <Latency = 0> <II = 1> <Delay = 0.63> <FuncUnit> <Opcode : 'icmp'> <InPorts = 2> <OutPorts = 1>
ST_5 : Operation 87 [1/1] (0.00ns)   --->   "%srcIdx_V = trunc i128 %rd_pkt_data_V"   --->   Operation 87 'trunc' 'srcIdx_V' <Predicate = true> <Delay = 0.00>
ST_5 : Operation 88 [1/1] (0.00ns)   --->   "%ret = trunc i128 %rd_pkt_data_V" [/Orion/BackEnd/ArtifactEvaluation/BFS_BF/PE_32/src/hw/scatter/bfs_scatter.cpp:163]   --->   Operation 88 'trunc' 'ret' <Predicate = true> <Delay = 0.00>
ST_5 : Operation 89 [1/1] (0.00ns)   --->   "%ret_4 = partselect i12 @_ssdm_op_PartSelect.i12.i128.i32.i32, i128 %rd_pkt_data_V, i32 6, i32 17"   --->   Operation 89 'partselect' 'ret_4' <Predicate = true> <Delay = 0.00>
ST_5 : Operation 90 [1/1] (0.00ns)   --->   "%zext_ln534 = zext i12 %ret_4"   --->   Operation 90 'zext' 'zext_ln534' <Predicate = true> <Delay = 0.00>
ST_5 : Operation 91 [1/1] (0.00ns)   --->   "%tmp_dist_0_addr = getelementptr i64 %tmp_dist_0, i64 0, i64 %zext_ln534" [/Orion/BackEnd/ArtifactEvaluation/BFS_BF/PE_32/src/hw/scatter/bfs_scatter.cpp:195]   --->   Operation 91 'getelementptr' 'tmp_dist_0_addr' <Predicate = true> <Delay = 0.00>
ST_5 : Operation 92 [2/2] (1.64ns)   --->   "%tmp_dist_0_load = load i12 %tmp_dist_0_addr" [/Orion/BackEnd/ArtifactEvaluation/BFS_BF/PE_32/src/hw/scatter/bfs_scatter.cpp:195]   --->   Operation 92 'load' 'tmp_dist_0_load' <Predicate = true> <Delay = 1.64> <CoreInst = "RAM_1P">   --->   Core 88 'RAM_1P' <Latency = 1> <II = 1> <Delay = 1.64> <Storage> <Opcode : 'load' 'store'> <Ports = 1> <Width = 64> <Depth = 4096> <RAM>
ST_5 : Operation 93 [1/1] (0.00ns)   --->   "%tmp_dist_7_addr = getelementptr i64 %tmp_dist_7, i64 0, i64 %zext_ln534" [/Orion/BackEnd/ArtifactEvaluation/BFS_BF/PE_32/src/hw/scatter/bfs_scatter.cpp:195]   --->   Operation 93 'getelementptr' 'tmp_dist_7_addr' <Predicate = true> <Delay = 0.00>
ST_5 : Operation 94 [2/2] (1.64ns)   --->   "%tmp_dist_7_load = load i12 %tmp_dist_7_addr" [/Orion/BackEnd/ArtifactEvaluation/BFS_BF/PE_32/src/hw/scatter/bfs_scatter.cpp:195]   --->   Operation 94 'load' 'tmp_dist_7_load' <Predicate = true> <Delay = 1.64> <CoreInst = "RAM_1P">   --->   Core 88 'RAM_1P' <Latency = 1> <II = 1> <Delay = 1.64> <Storage> <Opcode : 'load' 'store'> <Ports = 1> <Width = 64> <Depth = 4096> <RAM>
ST_5 : Operation 95 [1/1] (0.00ns)   --->   "%tmp_dist_1_addr = getelementptr i64 %tmp_dist_1, i64 0, i64 %zext_ln534" [/Orion/BackEnd/ArtifactEvaluation/BFS_BF/PE_32/src/hw/scatter/bfs_scatter.cpp:195]   --->   Operation 95 'getelementptr' 'tmp_dist_1_addr' <Predicate = true> <Delay = 0.00>
ST_5 : Operation 96 [2/2] (1.64ns)   --->   "%tmp_dist_1_load = load i12 %tmp_dist_1_addr" [/Orion/BackEnd/ArtifactEvaluation/BFS_BF/PE_32/src/hw/scatter/bfs_scatter.cpp:195]   --->   Operation 96 'load' 'tmp_dist_1_load' <Predicate = true> <Delay = 1.64> <CoreInst = "RAM_1P">   --->   Core 88 'RAM_1P' <Latency = 1> <II = 1> <Delay = 1.64> <Storage> <Opcode : 'load' 'store'> <Ports = 1> <Width = 64> <Depth = 4096> <RAM>
ST_5 : Operation 97 [1/1] (0.00ns)   --->   "%tmp_dist_2_addr = getelementptr i64 %tmp_dist_2, i64 0, i64 %zext_ln534" [/Orion/BackEnd/ArtifactEvaluation/BFS_BF/PE_32/src/hw/scatter/bfs_scatter.cpp:195]   --->   Operation 97 'getelementptr' 'tmp_dist_2_addr' <Predicate = true> <Delay = 0.00>
ST_5 : Operation 98 [2/2] (1.64ns)   --->   "%tmp_dist_2_load = load i12 %tmp_dist_2_addr" [/Orion/BackEnd/ArtifactEvaluation/BFS_BF/PE_32/src/hw/scatter/bfs_scatter.cpp:195]   --->   Operation 98 'load' 'tmp_dist_2_load' <Predicate = true> <Delay = 1.64> <CoreInst = "RAM_1P">   --->   Core 88 'RAM_1P' <Latency = 1> <II = 1> <Delay = 1.64> <Storage> <Opcode : 'load' 'store'> <Ports = 1> <Width = 64> <Depth = 4096> <RAM>
ST_5 : Operation 99 [1/1] (0.00ns)   --->   "%tmp_dist_3_addr = getelementptr i64 %tmp_dist_3, i64 0, i64 %zext_ln534" [/Orion/BackEnd/ArtifactEvaluation/BFS_BF/PE_32/src/hw/scatter/bfs_scatter.cpp:195]   --->   Operation 99 'getelementptr' 'tmp_dist_3_addr' <Predicate = true> <Delay = 0.00>
ST_5 : Operation 100 [2/2] (1.64ns)   --->   "%tmp_dist_3_load = load i12 %tmp_dist_3_addr" [/Orion/BackEnd/ArtifactEvaluation/BFS_BF/PE_32/src/hw/scatter/bfs_scatter.cpp:195]   --->   Operation 100 'load' 'tmp_dist_3_load' <Predicate = true> <Delay = 1.64> <CoreInst = "RAM_1P">   --->   Core 88 'RAM_1P' <Latency = 1> <II = 1> <Delay = 1.64> <Storage> <Opcode : 'load' 'store'> <Ports = 1> <Width = 64> <Depth = 4096> <RAM>
ST_5 : Operation 101 [1/1] (0.00ns)   --->   "%tmp_dist_4_addr = getelementptr i64 %tmp_dist_4, i64 0, i64 %zext_ln534" [/Orion/BackEnd/ArtifactEvaluation/BFS_BF/PE_32/src/hw/scatter/bfs_scatter.cpp:195]   --->   Operation 101 'getelementptr' 'tmp_dist_4_addr' <Predicate = true> <Delay = 0.00>
ST_5 : Operation 102 [2/2] (1.64ns)   --->   "%tmp_dist_4_load = load i12 %tmp_dist_4_addr" [/Orion/BackEnd/ArtifactEvaluation/BFS_BF/PE_32/src/hw/scatter/bfs_scatter.cpp:195]   --->   Operation 102 'load' 'tmp_dist_4_load' <Predicate = true> <Delay = 1.64> <CoreInst = "RAM_1P">   --->   Core 88 'RAM_1P' <Latency = 1> <II = 1> <Delay = 1.64> <Storage> <Opcode : 'load' 'store'> <Ports = 1> <Width = 64> <Depth = 4096> <RAM>
ST_5 : Operation 103 [1/1] (0.00ns)   --->   "%tmp_dist_5_addr = getelementptr i64 %tmp_dist_5, i64 0, i64 %zext_ln534" [/Orion/BackEnd/ArtifactEvaluation/BFS_BF/PE_32/src/hw/scatter/bfs_scatter.cpp:195]   --->   Operation 103 'getelementptr' 'tmp_dist_5_addr' <Predicate = true> <Delay = 0.00>
ST_5 : Operation 104 [2/2] (1.64ns)   --->   "%tmp_dist_5_load = load i12 %tmp_dist_5_addr" [/Orion/BackEnd/ArtifactEvaluation/BFS_BF/PE_32/src/hw/scatter/bfs_scatter.cpp:195]   --->   Operation 104 'load' 'tmp_dist_5_load' <Predicate = true> <Delay = 1.64> <CoreInst = "RAM_1P">   --->   Core 88 'RAM_1P' <Latency = 1> <II = 1> <Delay = 1.64> <Storage> <Opcode : 'load' 'store'> <Ports = 1> <Width = 64> <Depth = 4096> <RAM>
ST_5 : Operation 105 [1/1] (0.00ns)   --->   "%tmp_dist_6_addr = getelementptr i64 %tmp_dist_6, i64 0, i64 %zext_ln534" [/Orion/BackEnd/ArtifactEvaluation/BFS_BF/PE_32/src/hw/scatter/bfs_scatter.cpp:195]   --->   Operation 105 'getelementptr' 'tmp_dist_6_addr' <Predicate = true> <Delay = 0.00>
ST_5 : Operation 106 [2/2] (1.64ns)   --->   "%tmp_dist_6_load = load i12 %tmp_dist_6_addr" [/Orion/BackEnd/ArtifactEvaluation/BFS_BF/PE_32/src/hw/scatter/bfs_scatter.cpp:195]   --->   Operation 106 'load' 'tmp_dist_6_load' <Predicate = true> <Delay = 1.64> <CoreInst = "RAM_1P">   --->   Core 88 'RAM_1P' <Latency = 1> <II = 1> <Delay = 1.64> <Storage> <Opcode : 'load' 'store'> <Ports = 1> <Width = 64> <Depth = 4096> <RAM>
ST_5 : Operation 107 [1/1] (0.00ns)   --->   "%ret_2 = partselect i3 @_ssdm_op_PartSelect.i3.i128.i32.i32, i128 %rd_pkt_data_V, i32 3, i32 5"   --->   Operation 107 'partselect' 'ret_2' <Predicate = true> <Delay = 0.00>
ST_5 : Operation 108 [1/1] (0.00ns)   --->   "%br_ln223 = br i1 %rd_pkt_last_V, void %_ifconv, void" [/Orion/BackEnd/ArtifactEvaluation/BFS_BF/PE_32/src/hw/scatter/bfs_scatter.cpp:223]   --->   Operation 108 'br' 'br_ln223' <Predicate = true> <Delay = 0.00>

State 6 <SV = 4> <Delay = 2.87>
ST_6 : Operation 109 [1/2] (1.64ns)   --->   "%tmp_dist_0_load = load i12 %tmp_dist_0_addr" [/Orion/BackEnd/ArtifactEvaluation/BFS_BF/PE_32/src/hw/scatter/bfs_scatter.cpp:195]   --->   Operation 109 'load' 'tmp_dist_0_load' <Predicate = true> <Delay = 1.64> <CoreInst = "RAM_1P">   --->   Core 88 'RAM_1P' <Latency = 1> <II = 1> <Delay = 1.64> <Storage> <Opcode : 'load' 'store'> <Ports = 1> <Width = 64> <Depth = 4096> <RAM>
ST_6 : Operation 110 [1/2] (1.64ns)   --->   "%tmp_dist_7_load = load i12 %tmp_dist_7_addr" [/Orion/BackEnd/ArtifactEvaluation/BFS_BF/PE_32/src/hw/scatter/bfs_scatter.cpp:195]   --->   Operation 110 'load' 'tmp_dist_7_load' <Predicate = true> <Delay = 1.64> <CoreInst = "RAM_1P">   --->   Core 88 'RAM_1P' <Latency = 1> <II = 1> <Delay = 1.64> <Storage> <Opcode : 'load' 'store'> <Ports = 1> <Width = 64> <Depth = 4096> <RAM>
ST_6 : Operation 111 [1/2] (1.64ns)   --->   "%tmp_dist_1_load = load i12 %tmp_dist_1_addr" [/Orion/BackEnd/ArtifactEvaluation/BFS_BF/PE_32/src/hw/scatter/bfs_scatter.cpp:195]   --->   Operation 111 'load' 'tmp_dist_1_load' <Predicate = true> <Delay = 1.64> <CoreInst = "RAM_1P">   --->   Core 88 'RAM_1P' <Latency = 1> <II = 1> <Delay = 1.64> <Storage> <Opcode : 'load' 'store'> <Ports = 1> <Width = 64> <Depth = 4096> <RAM>
ST_6 : Operation 112 [1/2] (1.64ns)   --->   "%tmp_dist_2_load = load i12 %tmp_dist_2_addr" [/Orion/BackEnd/ArtifactEvaluation/BFS_BF/PE_32/src/hw/scatter/bfs_scatter.cpp:195]   --->   Operation 112 'load' 'tmp_dist_2_load' <Predicate = true> <Delay = 1.64> <CoreInst = "RAM_1P">   --->   Core 88 'RAM_1P' <Latency = 1> <II = 1> <Delay = 1.64> <Storage> <Opcode : 'load' 'store'> <Ports = 1> <Width = 64> <Depth = 4096> <RAM>
ST_6 : Operation 113 [1/2] (1.64ns)   --->   "%tmp_dist_3_load = load i12 %tmp_dist_3_addr" [/Orion/BackEnd/ArtifactEvaluation/BFS_BF/PE_32/src/hw/scatter/bfs_scatter.cpp:195]   --->   Operation 113 'load' 'tmp_dist_3_load' <Predicate = true> <Delay = 1.64> <CoreInst = "RAM_1P">   --->   Core 88 'RAM_1P' <Latency = 1> <II = 1> <Delay = 1.64> <Storage> <Opcode : 'load' 'store'> <Ports = 1> <Width = 64> <Depth = 4096> <RAM>
ST_6 : Operation 114 [1/2] (1.64ns)   --->   "%tmp_dist_4_load = load i12 %tmp_dist_4_addr" [/Orion/BackEnd/ArtifactEvaluation/BFS_BF/PE_32/src/hw/scatter/bfs_scatter.cpp:195]   --->   Operation 114 'load' 'tmp_dist_4_load' <Predicate = true> <Delay = 1.64> <CoreInst = "RAM_1P">   --->   Core 88 'RAM_1P' <Latency = 1> <II = 1> <Delay = 1.64> <Storage> <Opcode : 'load' 'store'> <Ports = 1> <Width = 64> <Depth = 4096> <RAM>
ST_6 : Operation 115 [1/2] (1.64ns)   --->   "%tmp_dist_5_load = load i12 %tmp_dist_5_addr" [/Orion/BackEnd/ArtifactEvaluation/BFS_BF/PE_32/src/hw/scatter/bfs_scatter.cpp:195]   --->   Operation 115 'load' 'tmp_dist_5_load' <Predicate = true> <Delay = 1.64> <CoreInst = "RAM_1P">   --->   Core 88 'RAM_1P' <Latency = 1> <II = 1> <Delay = 1.64> <Storage> <Opcode : 'load' 'store'> <Ports = 1> <Width = 64> <Depth = 4096> <RAM>
ST_6 : Operation 116 [1/2] (1.64ns)   --->   "%tmp_dist_6_load = load i12 %tmp_dist_6_addr" [/Orion/BackEnd/ArtifactEvaluation/BFS_BF/PE_32/src/hw/scatter/bfs_scatter.cpp:195]   --->   Operation 116 'load' 'tmp_dist_6_load' <Predicate = true> <Delay = 1.64> <CoreInst = "RAM_1P">   --->   Core 88 'RAM_1P' <Latency = 1> <II = 1> <Delay = 1.64> <Storage> <Opcode : 'load' 'store'> <Ports = 1> <Width = 64> <Depth = 4096> <RAM>
ST_6 : Operation 117 [1/1] (0.49ns)   --->   "%icmp_ln195 = icmp_eq  i3 %ret, i3 1" [/Orion/BackEnd/ArtifactEvaluation/BFS_BF/PE_32/src/hw/scatter/bfs_scatter.cpp:195]   --->   Operation 117 'icmp' 'icmp_ln195' <Predicate = (invld_flag)> <Delay = 0.49> <CoreInst = "Cmp">   --->   Core 9 'Cmp' <Latency = 0> <II = 1> <Delay = 0.63> <FuncUnit> <Opcode : 'icmp'> <InPorts = 2> <OutPorts = 1>
ST_6 : Operation 118 [1/1] (0.00ns) (grouped into LUT with out node select_ln195_1)   --->   "%select_ln195 = select i1 %icmp_ln195, i64 %tmp_dist_1_load, i64 %tmp_dist_0_load" [/Orion/BackEnd/ArtifactEvaluation/BFS_BF/PE_32/src/hw/scatter/bfs_scatter.cpp:195]   --->   Operation 118 'select' 'select_ln195' <Predicate = (invld_flag)> <Delay = 0.00> <CoreInst = "Sel">   --->   Core 73 'Sel' <Latency = 0> <II = 1> <Delay = 0.27> <FuncUnit> <Opcode : 'select'> <InPorts = 3> <OutPorts = 1>
ST_6 : Operation 119 [1/1] (0.49ns)   --->   "%icmp_ln195_1 = icmp_eq  i3 %ret, i3 2" [/Orion/BackEnd/ArtifactEvaluation/BFS_BF/PE_32/src/hw/scatter/bfs_scatter.cpp:195]   --->   Operation 119 'icmp' 'icmp_ln195_1' <Predicate = (invld_flag)> <Delay = 0.49> <CoreInst = "Cmp">   --->   Core 9 'Cmp' <Latency = 0> <II = 1> <Delay = 0.63> <FuncUnit> <Opcode : 'icmp'> <InPorts = 2> <OutPorts = 1>
ST_6 : Operation 120 [1/1] (0.41ns) (out node of the LUT)   --->   "%select_ln195_1 = select i1 %icmp_ln195_1, i64 %tmp_dist_2_load, i64 %select_ln195" [/Orion/BackEnd/ArtifactEvaluation/BFS_BF/PE_32/src/hw/scatter/bfs_scatter.cpp:195]   --->   Operation 120 'select' 'select_ln195_1' <Predicate = (invld_flag)> <Delay = 0.41> <CoreInst = "Sel">   --->   Core 73 'Sel' <Latency = 0> <II = 1> <Delay = 0.27> <FuncUnit> <Opcode : 'select'> <InPorts = 3> <OutPorts = 1>
ST_6 : Operation 121 [1/1] (0.49ns)   --->   "%icmp_ln195_2 = icmp_eq  i3 %ret, i3 3" [/Orion/BackEnd/ArtifactEvaluation/BFS_BF/PE_32/src/hw/scatter/bfs_scatter.cpp:195]   --->   Operation 121 'icmp' 'icmp_ln195_2' <Predicate = (invld_flag)> <Delay = 0.49> <CoreInst = "Cmp">   --->   Core 9 'Cmp' <Latency = 0> <II = 1> <Delay = 0.63> <FuncUnit> <Opcode : 'icmp'> <InPorts = 2> <OutPorts = 1>
ST_6 : Operation 122 [1/1] (0.00ns) (grouped into LUT with out node select_ln195_3)   --->   "%select_ln195_2 = select i1 %icmp_ln195_2, i64 %tmp_dist_3_load, i64 %select_ln195_1" [/Orion/BackEnd/ArtifactEvaluation/BFS_BF/PE_32/src/hw/scatter/bfs_scatter.cpp:195]   --->   Operation 122 'select' 'select_ln195_2' <Predicate = (invld_flag)> <Delay = 0.00> <CoreInst = "Sel">   --->   Core 73 'Sel' <Latency = 0> <II = 1> <Delay = 0.27> <FuncUnit> <Opcode : 'select'> <InPorts = 3> <OutPorts = 1>
ST_6 : Operation 123 [1/1] (0.49ns)   --->   "%icmp_ln195_3 = icmp_eq  i3 %ret, i3 4" [/Orion/BackEnd/ArtifactEvaluation/BFS_BF/PE_32/src/hw/scatter/bfs_scatter.cpp:195]   --->   Operation 123 'icmp' 'icmp_ln195_3' <Predicate = (invld_flag)> <Delay = 0.49> <CoreInst = "Cmp">   --->   Core 9 'Cmp' <Latency = 0> <II = 1> <Delay = 0.63> <FuncUnit> <Opcode : 'icmp'> <InPorts = 2> <OutPorts = 1>
ST_6 : Operation 124 [1/1] (0.41ns) (out node of the LUT)   --->   "%select_ln195_3 = select i1 %icmp_ln195_3, i64 %tmp_dist_4_load, i64 %select_ln195_2" [/Orion/BackEnd/ArtifactEvaluation/BFS_BF/PE_32/src/hw/scatter/bfs_scatter.cpp:195]   --->   Operation 124 'select' 'select_ln195_3' <Predicate = (invld_flag)> <Delay = 0.41> <CoreInst = "Sel">   --->   Core 73 'Sel' <Latency = 0> <II = 1> <Delay = 0.27> <FuncUnit> <Opcode : 'select'> <InPorts = 3> <OutPorts = 1>
ST_6 : Operation 125 [1/1] (0.49ns)   --->   "%icmp_ln195_4 = icmp_eq  i3 %ret, i3 5" [/Orion/BackEnd/ArtifactEvaluation/BFS_BF/PE_32/src/hw/scatter/bfs_scatter.cpp:195]   --->   Operation 125 'icmp' 'icmp_ln195_4' <Predicate = (invld_flag)> <Delay = 0.49> <CoreInst = "Cmp">   --->   Core 9 'Cmp' <Latency = 0> <II = 1> <Delay = 0.63> <FuncUnit> <Opcode : 'icmp'> <InPorts = 2> <OutPorts = 1>
ST_6 : Operation 126 [1/1] (0.00ns) (grouped into LUT with out node select_ln195_5)   --->   "%select_ln195_4 = select i1 %icmp_ln195_4, i64 %tmp_dist_5_load, i64 %select_ln195_3" [/Orion/BackEnd/ArtifactEvaluation/BFS_BF/PE_32/src/hw/scatter/bfs_scatter.cpp:195]   --->   Operation 126 'select' 'select_ln195_4' <Predicate = (invld_flag)> <Delay = 0.00> <CoreInst = "Sel">   --->   Core 73 'Sel' <Latency = 0> <II = 1> <Delay = 0.27> <FuncUnit> <Opcode : 'select'> <InPorts = 3> <OutPorts = 1>
ST_6 : Operation 127 [1/1] (0.49ns)   --->   "%icmp_ln195_5 = icmp_eq  i3 %ret, i3 6" [/Orion/BackEnd/ArtifactEvaluation/BFS_BF/PE_32/src/hw/scatter/bfs_scatter.cpp:195]   --->   Operation 127 'icmp' 'icmp_ln195_5' <Predicate = (invld_flag)> <Delay = 0.49> <CoreInst = "Cmp">   --->   Core 9 'Cmp' <Latency = 0> <II = 1> <Delay = 0.63> <FuncUnit> <Opcode : 'icmp'> <InPorts = 2> <OutPorts = 1>
ST_6 : Operation 128 [1/1] (0.41ns) (out node of the LUT)   --->   "%select_ln195_5 = select i1 %icmp_ln195_5, i64 %tmp_dist_6_load, i64 %select_ln195_4" [/Orion/BackEnd/ArtifactEvaluation/BFS_BF/PE_32/src/hw/scatter/bfs_scatter.cpp:195]   --->   Operation 128 'select' 'select_ln195_5' <Predicate = (invld_flag)> <Delay = 0.41> <CoreInst = "Sel">   --->   Core 73 'Sel' <Latency = 0> <II = 1> <Delay = 0.27> <FuncUnit> <Opcode : 'select'> <InPorts = 3> <OutPorts = 1>
ST_6 : Operation 129 [1/1] (0.49ns)   --->   "%icmp_ln195_6 = icmp_eq  i3 %ret, i3 7" [/Orion/BackEnd/ArtifactEvaluation/BFS_BF/PE_32/src/hw/scatter/bfs_scatter.cpp:195]   --->   Operation 129 'icmp' 'icmp_ln195_6' <Predicate = (invld_flag)> <Delay = 0.49> <CoreInst = "Cmp">   --->   Core 9 'Cmp' <Latency = 0> <II = 1> <Delay = 0.63> <FuncUnit> <Opcode : 'icmp'> <InPorts = 2> <OutPorts = 1>

State 7 <SV = 5> <Delay = 3.62>
ST_7 : Operation 130 [1/1] (0.00ns)   --->   "%srcDist_V_1 = phi i8 %srcDist_V, void %._crit_edge.loopexit, i8 %srcDist_V_19, void %.critedge11"   --->   Operation 130 'phi' 'srcDist_V_1' <Predicate = true> <Delay = 0.00>
ST_7 : Operation 131 [1/1] (0.00ns)   --->   "%specpipeline_ln165 = specpipeline void @_ssdm_op_SpecPipeline, i32 1, i32 0, i32 0, i32 0, void @empty_9" [/Orion/BackEnd/ArtifactEvaluation/BFS_BF/PE_32/src/hw/scatter/bfs_scatter.cpp:165]   --->   Operation 131 'specpipeline' 'specpipeline_ln165' <Predicate = true> <Delay = 0.00>
ST_7 : Operation 132 [1/1] (0.00ns)   --->   "%specloopname_ln165 = specloopname void @_ssdm_op_SpecLoopName, void @empty_13" [/Orion/BackEnd/ArtifactEvaluation/BFS_BF/PE_32/src/hw/scatter/bfs_scatter.cpp:165]   --->   Operation 132 'specloopname' 'specloopname_ln165' <Predicate = true> <Delay = 0.00>
ST_7 : Operation 133 [1/1] (0.41ns) (out node of the LUT)   --->   "%srcVal_V = select i1 %icmp_ln195_6, i64 %tmp_dist_7_load, i64 %select_ln195_5" [/Orion/BackEnd/ArtifactEvaluation/BFS_BF/PE_32/src/hw/scatter/bfs_scatter.cpp:195]   --->   Operation 133 'select' 'srcVal_V' <Predicate = (invld_flag)> <Delay = 0.41> <CoreInst = "Sel">   --->   Core 73 'Sel' <Latency = 0> <II = 1> <Delay = 0.27> <FuncUnit> <Opcode : 'select'> <InPorts = 3> <OutPorts = 1>
ST_7 : Operation 134 [1/1] (0.00ns) (grouped into LUT with out node srcDist_V_19)   --->   "%srcDist_V_2 = trunc i64 %srcVal_V"   --->   Operation 134 'trunc' 'srcDist_V_2' <Predicate = (invld_flag)> <Delay = 0.00>
ST_7 : Operation 135 [1/1] (0.00ns) (grouped into LUT with out node srcDist_V_16)   --->   "%srcDist_V_3 = partselect i8 @_ssdm_op_PartSelect.i8.i64.i32.i32, i64 %srcVal_V, i32 8, i32 15"   --->   Operation 135 'partselect' 'srcDist_V_3' <Predicate = (invld_flag)> <Delay = 0.00>
ST_7 : Operation 136 [1/1] (0.00ns) (grouped into LUT with out node srcDist_V_15)   --->   "%srcDist_V_4 = partselect i8 @_ssdm_op_PartSelect.i8.i64.i32.i32, i64 %srcVal_V, i32 16, i32 23"   --->   Operation 136 'partselect' 'srcDist_V_4' <Predicate = (invld_flag)> <Delay = 0.00>
ST_7 : Operation 137 [1/1] (0.00ns) (grouped into LUT with out node srcDist_V_14)   --->   "%srcDist_V_5 = partselect i8 @_ssdm_op_PartSelect.i8.i64.i32.i32, i64 %srcVal_V, i32 24, i32 31"   --->   Operation 137 'partselect' 'srcDist_V_5' <Predicate = (invld_flag)> <Delay = 0.00>
ST_7 : Operation 138 [1/1] (0.00ns) (grouped into LUT with out node srcDist_V_13)   --->   "%srcDist_V_6 = partselect i8 @_ssdm_op_PartSelect.i8.i64.i32.i32, i64 %srcVal_V, i32 32, i32 39"   --->   Operation 138 'partselect' 'srcDist_V_6' <Predicate = (invld_flag)> <Delay = 0.00>
ST_7 : Operation 139 [1/1] (0.00ns) (grouped into LUT with out node srcDist_V_12)   --->   "%srcDist_V_7 = partselect i8 @_ssdm_op_PartSelect.i8.i64.i32.i32, i64 %srcVal_V, i32 40, i32 47"   --->   Operation 139 'partselect' 'srcDist_V_7' <Predicate = (invld_flag)> <Delay = 0.00>
ST_7 : Operation 140 [1/1] (0.00ns) (grouped into LUT with out node srcDist_V_11)   --->   "%srcDist_V_8 = partselect i8 @_ssdm_op_PartSelect.i8.i64.i32.i32, i64 %srcVal_V, i32 48, i32 55"   --->   Operation 140 'partselect' 'srcDist_V_8' <Predicate = (invld_flag)> <Delay = 0.00>
ST_7 : Operation 141 [1/1] (0.00ns) (grouped into LUT with out node srcDist_V_10)   --->   "%srcDist_V_9 = partselect i8 @_ssdm_op_PartSelect.i8.i64.i32.i32, i64 %srcVal_V, i32 56, i32 63"   --->   Operation 141 'partselect' 'srcDist_V_9' <Predicate = (invld_flag)> <Delay = 0.00>
ST_7 : Operation 142 [1/1] (0.49ns)   --->   "%icmp_ln196 = icmp_eq  i3 %ret_2, i3 7" [/Orion/BackEnd/ArtifactEvaluation/BFS_BF/PE_32/src/hw/scatter/bfs_scatter.cpp:196]   --->   Operation 142 'icmp' 'icmp_ln196' <Predicate = (invld_flag)> <Delay = 0.49> <CoreInst = "Cmp">   --->   Core 9 'Cmp' <Latency = 0> <II = 1> <Delay = 0.63> <FuncUnit> <Opcode : 'icmp'> <InPorts = 2> <OutPorts = 1>
ST_7 : Operation 143 [1/1] (0.00ns) (grouped into LUT with out node srcDist_V_10)   --->   "%and_ln196 = and i1 %invld_flag, i1 %icmp_ln196" [/Orion/BackEnd/ArtifactEvaluation/BFS_BF/PE_32/src/hw/scatter/bfs_scatter.cpp:196]   --->   Operation 143 'and' 'and_ln196' <Predicate = (invld_flag)> <Delay = 0.00> <CoreInst = "LogicGate">   --->   Core 74 'LogicGate' <Latency = 0> <II = 1> <Delay = 0.12> <FuncUnit> <Opcode : 'and' 'or' 'xor'> <InPorts = 2> <OutPorts = 1>
ST_7 : Operation 144 [1/1] (0.30ns) (out node of the LUT)   --->   "%srcDist_V_10 = select i1 %and_ln196, i8 %srcDist_V_9, i8 %srcDist_V_1" [/Orion/BackEnd/ArtifactEvaluation/BFS_BF/PE_32/src/hw/scatter/bfs_scatter.cpp:196]   --->   Operation 144 'select' 'srcDist_V_10' <Predicate = (invld_flag)> <Delay = 0.30> <CoreInst = "Sel">   --->   Core 73 'Sel' <Latency = 0> <II = 1> <Delay = 0.27> <FuncUnit> <Opcode : 'select'> <InPorts = 3> <OutPorts = 1>
ST_7 : Operation 145 [1/1] (0.49ns)   --->   "%icmp_ln196_1 = icmp_eq  i3 %ret_2, i3 6" [/Orion/BackEnd/ArtifactEvaluation/BFS_BF/PE_32/src/hw/scatter/bfs_scatter.cpp:196]   --->   Operation 145 'icmp' 'icmp_ln196_1' <Predicate = (invld_flag)> <Delay = 0.49> <CoreInst = "Cmp">   --->   Core 9 'Cmp' <Latency = 0> <II = 1> <Delay = 0.63> <FuncUnit> <Opcode : 'icmp'> <InPorts = 2> <OutPorts = 1>
ST_7 : Operation 146 [1/1] (0.00ns) (grouped into LUT with out node srcDist_V_11)   --->   "%and_ln196_1 = and i1 %invld_flag, i1 %icmp_ln196_1" [/Orion/BackEnd/ArtifactEvaluation/BFS_BF/PE_32/src/hw/scatter/bfs_scatter.cpp:196]   --->   Operation 146 'and' 'and_ln196_1' <Predicate = (invld_flag)> <Delay = 0.00> <CoreInst = "LogicGate">   --->   Core 74 'LogicGate' <Latency = 0> <II = 1> <Delay = 0.12> <FuncUnit> <Opcode : 'and' 'or' 'xor'> <InPorts = 2> <OutPorts = 1>
ST_7 : Operation 147 [1/1] (0.30ns) (out node of the LUT)   --->   "%srcDist_V_11 = select i1 %and_ln196_1, i8 %srcDist_V_8, i8 %srcDist_V_10" [/Orion/BackEnd/ArtifactEvaluation/BFS_BF/PE_32/src/hw/scatter/bfs_scatter.cpp:196]   --->   Operation 147 'select' 'srcDist_V_11' <Predicate = (invld_flag)> <Delay = 0.30> <CoreInst = "Sel">   --->   Core 73 'Sel' <Latency = 0> <II = 1> <Delay = 0.27> <FuncUnit> <Opcode : 'select'> <InPorts = 3> <OutPorts = 1>
ST_7 : Operation 148 [1/1] (0.49ns)   --->   "%icmp_ln196_2 = icmp_eq  i3 %ret_2, i3 5" [/Orion/BackEnd/ArtifactEvaluation/BFS_BF/PE_32/src/hw/scatter/bfs_scatter.cpp:196]   --->   Operation 148 'icmp' 'icmp_ln196_2' <Predicate = (invld_flag)> <Delay = 0.49> <CoreInst = "Cmp">   --->   Core 9 'Cmp' <Latency = 0> <II = 1> <Delay = 0.63> <FuncUnit> <Opcode : 'icmp'> <InPorts = 2> <OutPorts = 1>
ST_7 : Operation 149 [1/1] (0.00ns) (grouped into LUT with out node srcDist_V_12)   --->   "%and_ln196_2 = and i1 %invld_flag, i1 %icmp_ln196_2" [/Orion/BackEnd/ArtifactEvaluation/BFS_BF/PE_32/src/hw/scatter/bfs_scatter.cpp:196]   --->   Operation 149 'and' 'and_ln196_2' <Predicate = (invld_flag)> <Delay = 0.00> <CoreInst = "LogicGate">   --->   Core 74 'LogicGate' <Latency = 0> <II = 1> <Delay = 0.12> <FuncUnit> <Opcode : 'and' 'or' 'xor'> <InPorts = 2> <OutPorts = 1>
ST_7 : Operation 150 [1/1] (0.30ns) (out node of the LUT)   --->   "%srcDist_V_12 = select i1 %and_ln196_2, i8 %srcDist_V_7, i8 %srcDist_V_11" [/Orion/BackEnd/ArtifactEvaluation/BFS_BF/PE_32/src/hw/scatter/bfs_scatter.cpp:196]   --->   Operation 150 'select' 'srcDist_V_12' <Predicate = (invld_flag)> <Delay = 0.30> <CoreInst = "Sel">   --->   Core 73 'Sel' <Latency = 0> <II = 1> <Delay = 0.27> <FuncUnit> <Opcode : 'select'> <InPorts = 3> <OutPorts = 1>
ST_7 : Operation 151 [1/1] (0.49ns)   --->   "%icmp_ln196_3 = icmp_eq  i3 %ret_2, i3 4" [/Orion/BackEnd/ArtifactEvaluation/BFS_BF/PE_32/src/hw/scatter/bfs_scatter.cpp:196]   --->   Operation 151 'icmp' 'icmp_ln196_3' <Predicate = (invld_flag)> <Delay = 0.49> <CoreInst = "Cmp">   --->   Core 9 'Cmp' <Latency = 0> <II = 1> <Delay = 0.63> <FuncUnit> <Opcode : 'icmp'> <InPorts = 2> <OutPorts = 1>
ST_7 : Operation 152 [1/1] (0.00ns) (grouped into LUT with out node srcDist_V_13)   --->   "%and_ln196_3 = and i1 %invld_flag, i1 %icmp_ln196_3" [/Orion/BackEnd/ArtifactEvaluation/BFS_BF/PE_32/src/hw/scatter/bfs_scatter.cpp:196]   --->   Operation 152 'and' 'and_ln196_3' <Predicate = (invld_flag)> <Delay = 0.00> <CoreInst = "LogicGate">   --->   Core 74 'LogicGate' <Latency = 0> <II = 1> <Delay = 0.12> <FuncUnit> <Opcode : 'and' 'or' 'xor'> <InPorts = 2> <OutPorts = 1>
ST_7 : Operation 153 [1/1] (0.30ns) (out node of the LUT)   --->   "%srcDist_V_13 = select i1 %and_ln196_3, i8 %srcDist_V_6, i8 %srcDist_V_12" [/Orion/BackEnd/ArtifactEvaluation/BFS_BF/PE_32/src/hw/scatter/bfs_scatter.cpp:196]   --->   Operation 153 'select' 'srcDist_V_13' <Predicate = (invld_flag)> <Delay = 0.30> <CoreInst = "Sel">   --->   Core 73 'Sel' <Latency = 0> <II = 1> <Delay = 0.27> <FuncUnit> <Opcode : 'select'> <InPorts = 3> <OutPorts = 1>
ST_7 : Operation 154 [1/1] (0.49ns)   --->   "%icmp_ln196_4 = icmp_eq  i3 %ret_2, i3 3" [/Orion/BackEnd/ArtifactEvaluation/BFS_BF/PE_32/src/hw/scatter/bfs_scatter.cpp:196]   --->   Operation 154 'icmp' 'icmp_ln196_4' <Predicate = (invld_flag)> <Delay = 0.49> <CoreInst = "Cmp">   --->   Core 9 'Cmp' <Latency = 0> <II = 1> <Delay = 0.63> <FuncUnit> <Opcode : 'icmp'> <InPorts = 2> <OutPorts = 1>
ST_7 : Operation 155 [1/1] (0.00ns) (grouped into LUT with out node srcDist_V_14)   --->   "%and_ln196_4 = and i1 %invld_flag, i1 %icmp_ln196_4" [/Orion/BackEnd/ArtifactEvaluation/BFS_BF/PE_32/src/hw/scatter/bfs_scatter.cpp:196]   --->   Operation 155 'and' 'and_ln196_4' <Predicate = (invld_flag)> <Delay = 0.00> <CoreInst = "LogicGate">   --->   Core 74 'LogicGate' <Latency = 0> <II = 1> <Delay = 0.12> <FuncUnit> <Opcode : 'and' 'or' 'xor'> <InPorts = 2> <OutPorts = 1>
ST_7 : Operation 156 [1/1] (0.30ns) (out node of the LUT)   --->   "%srcDist_V_14 = select i1 %and_ln196_4, i8 %srcDist_V_5, i8 %srcDist_V_13" [/Orion/BackEnd/ArtifactEvaluation/BFS_BF/PE_32/src/hw/scatter/bfs_scatter.cpp:196]   --->   Operation 156 'select' 'srcDist_V_14' <Predicate = (invld_flag)> <Delay = 0.30> <CoreInst = "Sel">   --->   Core 73 'Sel' <Latency = 0> <II = 1> <Delay = 0.27> <FuncUnit> <Opcode : 'select'> <InPorts = 3> <OutPorts = 1>
ST_7 : Operation 157 [1/1] (0.49ns)   --->   "%icmp_ln196_5 = icmp_eq  i3 %ret_2, i3 2" [/Orion/BackEnd/ArtifactEvaluation/BFS_BF/PE_32/src/hw/scatter/bfs_scatter.cpp:196]   --->   Operation 157 'icmp' 'icmp_ln196_5' <Predicate = (invld_flag)> <Delay = 0.49> <CoreInst = "Cmp">   --->   Core 9 'Cmp' <Latency = 0> <II = 1> <Delay = 0.63> <FuncUnit> <Opcode : 'icmp'> <InPorts = 2> <OutPorts = 1>
ST_7 : Operation 158 [1/1] (0.00ns) (grouped into LUT with out node srcDist_V_15)   --->   "%and_ln196_5 = and i1 %invld_flag, i1 %icmp_ln196_5" [/Orion/BackEnd/ArtifactEvaluation/BFS_BF/PE_32/src/hw/scatter/bfs_scatter.cpp:196]   --->   Operation 158 'and' 'and_ln196_5' <Predicate = (invld_flag)> <Delay = 0.00> <CoreInst = "LogicGate">   --->   Core 74 'LogicGate' <Latency = 0> <II = 1> <Delay = 0.12> <FuncUnit> <Opcode : 'and' 'or' 'xor'> <InPorts = 2> <OutPorts = 1>
ST_7 : Operation 159 [1/1] (0.30ns) (out node of the LUT)   --->   "%srcDist_V_15 = select i1 %and_ln196_5, i8 %srcDist_V_4, i8 %srcDist_V_14" [/Orion/BackEnd/ArtifactEvaluation/BFS_BF/PE_32/src/hw/scatter/bfs_scatter.cpp:196]   --->   Operation 159 'select' 'srcDist_V_15' <Predicate = (invld_flag)> <Delay = 0.30> <CoreInst = "Sel">   --->   Core 73 'Sel' <Latency = 0> <II = 1> <Delay = 0.27> <FuncUnit> <Opcode : 'select'> <InPorts = 3> <OutPorts = 1>
ST_7 : Operation 160 [1/1] (0.49ns)   --->   "%icmp_ln196_6 = icmp_eq  i3 %ret_2, i3 1" [/Orion/BackEnd/ArtifactEvaluation/BFS_BF/PE_32/src/hw/scatter/bfs_scatter.cpp:196]   --->   Operation 160 'icmp' 'icmp_ln196_6' <Predicate = (invld_flag)> <Delay = 0.49> <CoreInst = "Cmp">   --->   Core 9 'Cmp' <Latency = 0> <II = 1> <Delay = 0.63> <FuncUnit> <Opcode : 'icmp'> <InPorts = 2> <OutPorts = 1>
ST_7 : Operation 161 [1/1] (0.00ns) (grouped into LUT with out node srcDist_V_16)   --->   "%and_ln196_6 = and i1 %invld_flag, i1 %icmp_ln196_6" [/Orion/BackEnd/ArtifactEvaluation/BFS_BF/PE_32/src/hw/scatter/bfs_scatter.cpp:196]   --->   Operation 161 'and' 'and_ln196_6' <Predicate = (invld_flag)> <Delay = 0.00> <CoreInst = "LogicGate">   --->   Core 74 'LogicGate' <Latency = 0> <II = 1> <Delay = 0.12> <FuncUnit> <Opcode : 'and' 'or' 'xor'> <InPorts = 2> <OutPorts = 1>
ST_7 : Operation 162 [1/1] (0.30ns) (out node of the LUT)   --->   "%srcDist_V_16 = select i1 %and_ln196_6, i8 %srcDist_V_3, i8 %srcDist_V_15" [/Orion/BackEnd/ArtifactEvaluation/BFS_BF/PE_32/src/hw/scatter/bfs_scatter.cpp:196]   --->   Operation 162 'select' 'srcDist_V_16' <Predicate = (invld_flag)> <Delay = 0.30> <CoreInst = "Sel">   --->   Core 73 'Sel' <Latency = 0> <II = 1> <Delay = 0.27> <FuncUnit> <Opcode : 'select'> <InPorts = 3> <OutPorts = 1>
ST_7 : Operation 163 [1/1] (0.49ns)   --->   "%icmp_ln196_7 = icmp_eq  i3 %ret_2, i3 0" [/Orion/BackEnd/ArtifactEvaluation/BFS_BF/PE_32/src/hw/scatter/bfs_scatter.cpp:196]   --->   Operation 163 'icmp' 'icmp_ln196_7' <Predicate = (invld_flag)> <Delay = 0.49> <CoreInst = "Cmp">   --->   Core 9 'Cmp' <Latency = 0> <II = 1> <Delay = 0.63> <FuncUnit> <Opcode : 'icmp'> <InPorts = 2> <OutPorts = 1>
ST_7 : Operation 164 [1/1] (0.00ns) (grouped into LUT with out node srcDist_V_19)   --->   "%and_ln196_7 = and i1 %invld_flag, i1 %icmp_ln196_7" [/Orion/BackEnd/ArtifactEvaluation/BFS_BF/PE_32/src/hw/scatter/bfs_scatter.cpp:196]   --->   Operation 164 'and' 'and_ln196_7' <Predicate = (invld_flag)> <Delay = 0.00> <CoreInst = "LogicGate">   --->   Core 74 'LogicGate' <Latency = 0> <II = 1> <Delay = 0.12> <FuncUnit> <Opcode : 'and' 'or' 'xor'> <InPorts = 2> <OutPorts = 1>
ST_7 : Operation 165 [1/1] (0.00ns) (grouped into LUT with out node srcDist_V_19)   --->   "%srcDist_V_17 = select i1 %and_ln196_7, i8 %srcDist_V_2, i8 %srcDist_V_16" [/Orion/BackEnd/ArtifactEvaluation/BFS_BF/PE_32/src/hw/scatter/bfs_scatter.cpp:196]   --->   Operation 165 'select' 'srcDist_V_17' <Predicate = (invld_flag)> <Delay = 0.00> <CoreInst = "Sel">   --->   Core 73 'Sel' <Latency = 0> <II = 1> <Delay = 0.27> <FuncUnit> <Opcode : 'select'> <InPorts = 3> <OutPorts = 1>
ST_7 : Operation 166 [1/1] (0.30ns) (out node of the LUT)   --->   "%srcDist_V_19 = select i1 %invld_flag, i8 %srcDist_V_17, i8 %srcDist_V_1"   --->   Operation 166 'select' 'srcDist_V_19' <Predicate = true> <Delay = 0.30> <CoreInst = "Sel">   --->   Core 73 'Sel' <Latency = 0> <II = 1> <Delay = 0.27> <FuncUnit> <Opcode : 'select'> <InPorts = 3> <OutPorts = 1>
ST_7 : Operation 167 [1/1] (0.58ns)   --->   "%icmp_ln874 = icmp_eq  i8 %srcDist_V_19, i8 255"   --->   Operation 167 'icmp' 'icmp_ln874' <Predicate = true> <Delay = 0.58> <CoreInst = "Cmp">   --->   Core 9 'Cmp' <Latency = 0> <II = 1> <Delay = 0.63> <FuncUnit> <Opcode : 'icmp'> <InPorts = 2> <OutPorts = 1>
ST_7 : Operation 168 [1/1] (0.12ns)   --->   "%or_ln217 = or i1 %icmp_ln874, i1 %invld_flag" [/Orion/BackEnd/ArtifactEvaluation/BFS_BF/PE_32/src/hw/scatter/bfs_scatter.cpp:217]   --->   Operation 168 'or' 'or_ln217' <Predicate = true> <Delay = 0.12> <CoreInst = "LogicGate">   --->   Core 74 'LogicGate' <Latency = 0> <II = 1> <Delay = 0.12> <FuncUnit> <Opcode : 'and' 'or' 'xor'> <InPorts = 2> <OutPorts = 1>
ST_7 : Operation 169 [1/1] (0.00ns)   --->   "%br_ln217 = br i1 %or_ln217, void %_ZNK13ap_concat_refILi8E11ap_int_baseILi8ELb0EELi32E12ap_range_refILi32ELb0EEEcvyEv.exit166, void %._crit_edge1" [/Orion/BackEnd/ArtifactEvaluation/BFS_BF/PE_32/src/hw/scatter/bfs_scatter.cpp:217]   --->   Operation 169 'br' 'br_ln217' <Predicate = true> <Delay = 0.00>
ST_7 : Operation 170 [1/1] (0.00ns)   --->   "%br_ln218 = br i1 %icmp_ln874, void %_ZNK13ap_concat_refILi8E11ap_int_baseILi8ELb0EELi32E12ap_range_refILi32ELb0EEEcvyEv.exit111, void %.critedge11" [/Orion/BackEnd/ArtifactEvaluation/BFS_BF/PE_32/src/hw/scatter/bfs_scatter.cpp:218]   --->   Operation 170 'br' 'br_ln218' <Predicate = true> <Delay = 0.00>
ST_7 : Operation 171 [1/1] (0.00ns)   --->   "%p_Result_2 = partselect i24 @_ssdm_op_PartSelect.i24.i128.i32.i32, i128 %rd_pkt_data_V, i32 32, i32 55"   --->   Operation 171 'partselect' 'p_Result_2' <Predicate = (!icmp_ln874)> <Delay = 0.00>
ST_7 : Operation 172 [1/1] (0.00ns)   --->   "%p_Result_3 = partselect i24 @_ssdm_op_PartSelect.i24.i128.i32.i32, i128 %rd_pkt_data_V, i32 64, i32 87"   --->   Operation 172 'partselect' 'p_Result_3' <Predicate = (!icmp_ln874)> <Delay = 0.00>
ST_7 : Operation 173 [1/1] (0.00ns)   --->   "%p_Result_4 = partselect i24 @_ssdm_op_PartSelect.i24.i128.i32.i32, i128 %rd_pkt_data_V, i32 96, i32 119"   --->   Operation 173 'partselect' 'p_Result_4' <Predicate = (!icmp_ln874)> <Delay = 0.00>

State 8 <SV = 6> <Delay = 1.32>
ST_8 : Operation 174 [1/1] (0.00ns)   --->   "%tmp = bitconcatenate i32 @_ssdm_op_BitConcatenate.i32.i8.i24, i8 %srcDist_V_19, i24 %srcIdx_V"   --->   Operation 174 'bitconcatenate' 'tmp' <Predicate = (!or_ln217)> <Delay = 0.00>
ST_8 : Operation 175 [1/1] (1.32ns)   --->   "%write_ln174 = write void @_ssdm_op_Write.ap_fifo.volatile.i32P0A, i32 %sw_data_0_V, i32 %tmp" [/opt/Xilinx/Vitis_HLS/2020.2/common/technology/autopilot/hls_stream_39.h:174]   --->   Operation 175 'write' 'write_ln174' <Predicate = (!or_ln217)> <Delay = 1.32> <CoreInst = "FIFO">   --->   Core 78 'FIFO' <Latency = 0> <II = 1> <Delay = 1.32> <Storage> <Opcode : 'read' 'write' 'nbread' 'nbwrite'> <Ports = 0> <Width = 32> <Depth = 0> <FIFO>
ST_8 : Operation 176 [1/1] (0.00ns)   --->   "%br_ln217 = br void %._crit_edge1" [/Orion/BackEnd/ArtifactEvaluation/BFS_BF/PE_32/src/hw/scatter/bfs_scatter.cpp:217]   --->   Operation 176 'br' 'br_ln217' <Predicate = (!or_ln217)> <Delay = 0.00>
ST_8 : Operation 177 [1/1] (0.00ns)   --->   "%tmp_4 = bitconcatenate i32 @_ssdm_op_BitConcatenate.i32.i8.i24, i8 %srcDist_V_19, i24 %p_Result_2"   --->   Operation 177 'bitconcatenate' 'tmp_4' <Predicate = (!icmp_ln874)> <Delay = 0.00>
ST_8 : Operation 178 [1/1] (1.32ns)   --->   "%write_ln174 = write void @_ssdm_op_Write.ap_fifo.volatile.i32P0A, i32 %sw_data_1_V, i32 %tmp_4" [/opt/Xilinx/Vitis_HLS/2020.2/common/technology/autopilot/hls_stream_39.h:174]   --->   Operation 178 'write' 'write_ln174' <Predicate = (!icmp_ln874)> <Delay = 1.32> <CoreInst = "FIFO">   --->   Core 78 'FIFO' <Latency = 0> <II = 1> <Delay = 1.32> <Storage> <Opcode : 'read' 'write' 'nbread' 'nbwrite'> <Ports = 0> <Width = 32> <Depth = 0> <FIFO>
ST_8 : Operation 179 [1/1] (0.00ns)   --->   "%tmp_5 = bitconcatenate i32 @_ssdm_op_BitConcatenate.i32.i8.i24, i8 %srcDist_V_19, i24 %p_Result_3"   --->   Operation 179 'bitconcatenate' 'tmp_5' <Predicate = (!icmp_ln874)> <Delay = 0.00>
ST_8 : Operation 180 [1/1] (1.32ns)   --->   "%write_ln174 = write void @_ssdm_op_Write.ap_fifo.volatile.i32P0A, i32 %sw_data_2_V, i32 %tmp_5" [/opt/Xilinx/Vitis_HLS/2020.2/common/technology/autopilot/hls_stream_39.h:174]   --->   Operation 180 'write' 'write_ln174' <Predicate = (!icmp_ln874)> <Delay = 1.32> <CoreInst = "FIFO">   --->   Core 78 'FIFO' <Latency = 0> <II = 1> <Delay = 1.32> <Storage> <Opcode : 'read' 'write' 'nbread' 'nbwrite'> <Ports = 0> <Width = 32> <Depth = 0> <FIFO>
ST_8 : Operation 181 [1/1] (0.00ns)   --->   "%tmp_6 = bitconcatenate i32 @_ssdm_op_BitConcatenate.i32.i8.i24, i8 %srcDist_V_19, i24 %p_Result_4"   --->   Operation 181 'bitconcatenate' 'tmp_6' <Predicate = (!icmp_ln874)> <Delay = 0.00>
ST_8 : Operation 182 [1/1] (1.32ns)   --->   "%write_ln174 = write void @_ssdm_op_Write.ap_fifo.volatile.i32P0A, i32 %sw_data_3_V, i32 %tmp_6" [/opt/Xilinx/Vitis_HLS/2020.2/common/technology/autopilot/hls_stream_39.h:174]   --->   Operation 182 'write' 'write_ln174' <Predicate = (!icmp_ln874)> <Delay = 1.32> <CoreInst = "FIFO">   --->   Core 78 'FIFO' <Latency = 0> <II = 1> <Delay = 1.32> <Storage> <Opcode : 'read' 'write' 'nbread' 'nbwrite'> <Ports = 0> <Width = 32> <Depth = 0> <FIFO>
ST_8 : Operation 183 [1/1] (0.00ns)   --->   "%br_ln220 = br void %.critedge11" [/Orion/BackEnd/ArtifactEvaluation/BFS_BF/PE_32/src/hw/scatter/bfs_scatter.cpp:220]   --->   Operation 183 'br' 'br_ln220' <Predicate = (!icmp_ln874)> <Delay = 0.00>

State 9 <SV = 4> <Delay = 0.00>
ST_9 : Operation 184 [1/1] (0.00ns)   --->   "%write_ln225 = write void @_ssdm_op_Write.ap_auto.volatile.i1P0A, i1 %rd_start, i1 0" [/Orion/BackEnd/ArtifactEvaluation/BFS_BF/PE_32/src/hw/scatter/bfs_scatter.cpp:225]   --->   Operation 184 'write' 'write_ln225' <Predicate = true> <Delay = 0.00>
ST_9 : Operation 185 [1/1] (0.00ns)   --->   "%br_ln0 = br void %.lr.ph9"   --->   Operation 185 'br' 'br_ln0' <Predicate = true> <Delay = 0.00>


============================================================
+ Verbose Summary: Timing violations
============================================================
Target clock period: 5ns, clock uncertainty: 1.35ns.

 <State 1>: 1.82ns
The critical path consists of the following:
	wire read on port 'n_mem_tuples' [21]  (0 ns)
	'add' operation ('add_ln167', /Orion/BackEnd/ArtifactEvaluation/BFS_BF/PE_32/src/hw/scatter/bfs_scatter.cpp:167) [53]  (0.745 ns)
	'select' operation ('n_iter', /Orion/BackEnd/ArtifactEvaluation/BFS_BF/PE_32/src/hw/scatter/bfs_scatter.cpp:167) [54]  (0.321 ns)
	'add' operation ('sub', /Orion/BackEnd/ArtifactEvaluation/BFS_BF/PE_32/src/hw/scatter/bfs_scatter.cpp:167) [55]  (0.755 ns)

 <State 2>: 0.918ns
The critical path consists of the following:
	'phi' operation ('i') with incoming values : ('i', /Orion/BackEnd/ArtifactEvaluation/BFS_BF/PE_32/src/hw/scatter/bfs_scatter.cpp:171) [64]  (0 ns)
	'icmp' operation ('icmp_ln174', /Orion/BackEnd/ArtifactEvaluation/BFS_BF/PE_32/src/hw/scatter/bfs_scatter.cpp:174) [73]  (0.64 ns)
	'select' operation ('tail', /Orion/BackEnd/ArtifactEvaluation/BFS_BF/PE_32/src/hw/scatter/bfs_scatter.cpp:174) [74]  (0.278 ns)

 <State 3>: 1.94ns
The critical path consists of the following:
	'phi' operation ('j') with incoming values : ('j', /Orion/BackEnd/ArtifactEvaluation/BFS_BF/PE_32/src/hw/scatter/bfs_scatter.cpp:176) [79]  (0 ns)
	'add' operation ('add_ln177', /Orion/BackEnd/ArtifactEvaluation/BFS_BF/PE_32/src/hw/scatter/bfs_scatter.cpp:177) [87]  (0.735 ns)
	'getelementptr' operation ('mem_req_buff_addr') [89]  (0 ns)
	'load' operation ('mem_req_buff_load') on array 'mem_req_buff' [90]  (1.2 ns)

 <State 4>: 2.53ns
The critical path consists of the following:
	'load' operation ('mem_req_buff_load') on array 'mem_req_buff' [90]  (1.2 ns)
	fifo write on port 'rd_req_V' (/opt/Xilinx/Vitis_HLS/2020.2/common/technology/autopilot/hls_stream_39.h:174) [91]  (1.32 ns)

 <State 5>: 1.65ns
The critical path consists of the following:
	axis read on port 'rd_port_V_data_V' [100]  (0 ns)
	'getelementptr' operation ('tmp_dist_0_addr', /Orion/BackEnd/ArtifactEvaluation/BFS_BF/PE_32/src/hw/scatter/bfs_scatter.cpp:195) [109]  (0 ns)
	'load' operation ('tmp_dist_0_load', /Orion/BackEnd/ArtifactEvaluation/BFS_BF/PE_32/src/hw/scatter/bfs_scatter.cpp:195) on array 'tmp_dist_0' [110]  (1.65 ns)

 <State 6>: 2.88ns
The critical path consists of the following:
	'load' operation ('tmp_dist_0_load', /Orion/BackEnd/ArtifactEvaluation/BFS_BF/PE_32/src/hw/scatter/bfs_scatter.cpp:195) on array 'tmp_dist_0' [110]  (1.65 ns)
	'select' operation ('select_ln195', /Orion/BackEnd/ArtifactEvaluation/BFS_BF/PE_32/src/hw/scatter/bfs_scatter.cpp:195) [126]  (0 ns)
	'select' operation ('select_ln195_1', /Orion/BackEnd/ArtifactEvaluation/BFS_BF/PE_32/src/hw/scatter/bfs_scatter.cpp:195) [128]  (0.411 ns)
	'select' operation ('select_ln195_2', /Orion/BackEnd/ArtifactEvaluation/BFS_BF/PE_32/src/hw/scatter/bfs_scatter.cpp:195) [130]  (0 ns)
	'select' operation ('select_ln195_3', /Orion/BackEnd/ArtifactEvaluation/BFS_BF/PE_32/src/hw/scatter/bfs_scatter.cpp:195) [132]  (0.411 ns)
	'select' operation ('select_ln195_4', /Orion/BackEnd/ArtifactEvaluation/BFS_BF/PE_32/src/hw/scatter/bfs_scatter.cpp:195) [134]  (0 ns)
	'select' operation ('select_ln195_5', /Orion/BackEnd/ArtifactEvaluation/BFS_BF/PE_32/src/hw/scatter/bfs_scatter.cpp:195) [136]  (0.411 ns)

 <State 7>: 3.63ns
The critical path consists of the following:
	'icmp' operation ('icmp_ln196', /Orion/BackEnd/ArtifactEvaluation/BFS_BF/PE_32/src/hw/scatter/bfs_scatter.cpp:196) [148]  (0.5 ns)
	'and' operation ('and_ln196', /Orion/BackEnd/ArtifactEvaluation/BFS_BF/PE_32/src/hw/scatter/bfs_scatter.cpp:196) [149]  (0 ns)
	'select' operation ('srcDist.V', /Orion/BackEnd/ArtifactEvaluation/BFS_BF/PE_32/src/hw/scatter/bfs_scatter.cpp:196) [150]  (0.303 ns)
	'select' operation ('srcDist.V', /Orion/BackEnd/ArtifactEvaluation/BFS_BF/PE_32/src/hw/scatter/bfs_scatter.cpp:196) [153]  (0.303 ns)
	'select' operation ('srcDist.V', /Orion/BackEnd/ArtifactEvaluation/BFS_BF/PE_32/src/hw/scatter/bfs_scatter.cpp:196) [156]  (0.303 ns)
	'select' operation ('srcDist.V', /Orion/BackEnd/ArtifactEvaluation/BFS_BF/PE_32/src/hw/scatter/bfs_scatter.cpp:196) [159]  (0.303 ns)
	'select' operation ('srcDist.V', /Orion/BackEnd/ArtifactEvaluation/BFS_BF/PE_32/src/hw/scatter/bfs_scatter.cpp:196) [162]  (0.303 ns)
	'select' operation ('srcDist.V', /Orion/BackEnd/ArtifactEvaluation/BFS_BF/PE_32/src/hw/scatter/bfs_scatter.cpp:196) [165]  (0.303 ns)
	'select' operation ('srcDist.V', /Orion/BackEnd/ArtifactEvaluation/BFS_BF/PE_32/src/hw/scatter/bfs_scatter.cpp:196) [168]  (0.303 ns)
	'select' operation ('srcDist.V', /Orion/BackEnd/ArtifactEvaluation/BFS_BF/PE_32/src/hw/scatter/bfs_scatter.cpp:196) [171]  (0 ns)
	'select' operation ('srcDist.V') [172]  (0.303 ns)
	'icmp' operation ('icmp_ln874') [173]  (0.581 ns)
	'or' operation ('or_ln217', /Orion/BackEnd/ArtifactEvaluation/BFS_BF/PE_32/src/hw/scatter/bfs_scatter.cpp:217) [174]  (0.122 ns)

 <State 8>: 1.32ns
The critical path consists of the following:
	fifo write on port 'sw_data_0_V' (/opt/Xilinx/Vitis_HLS/2020.2/common/technology/autopilot/hls_stream_39.h:174) [178]  (1.32 ns)

 <State 9>: 0ns
The critical path consists of the following:


============================================================
+ Verbose Summary: Binding
============================================================
N/A
* FSMD analyzer results:
  - Output states:
 - Input state : 
  - Chain level:
	State 1
	State 2
	State 3
	State 4
	State 5
	State 6
	State 7
	State 8
	State 9


============================================================
+ Verbose Summary: Datapath Resource usage 
============================================================
N/A
