
*** Running vivado
    with args -log dff_8var_2d.vds -m64 -product Vivado -mode batch -messageDb vivado.pb -notrace -source dff_8var_2d.tcl


****** Vivado v2020.2 (64-bit)
  **** SW Build 3064766 on Wed Nov 18 09:12:47 MST 2020
  **** IP Build 3064653 on Wed Nov 18 14:17:31 MST 2020
    ** Copyright 1986-2020 Xilinx, Inc. All Rights Reserved.

source dff_8var_2d.tcl -notrace
Command: synth_design -top dff_8var_2d -part xcu280-fsvh2892-2L-e
Starting synth_design
Attempting to get a license for feature 'Synthesis' and/or device 'xcu280'
INFO: [Common 17-349] Got license for feature 'Synthesis' and/or device 'xcu280'
INFO: [Synth 8-7079] Multithreading enabled for synth_design using a maximum of 4 processes.
INFO: [Synth 8-7078] Launching helper process for spawning children vivado processes
INFO: [Synth 8-7075] Helper process launched with PID 60293
---------------------------------------------------------------------------------
Starting Synthesize : Time (s): cpu = 00:00:01 ; elapsed = 00:00:02 . Memory (MB): peak = 2391.824 ; gain = 0.000 ; free physical = 103734 ; free virtual = 118056
---------------------------------------------------------------------------------
INFO: [Synth 8-6157] synthesizing module 'dff_8var_2d' [/Orion/GraphHBM/UTIL_IP/IP_DFF_8VAR_2D/dff_8var_2d.srcs/sources_1/new/dff_8var_2d.v:3]
	Parameter DW_1 bound to: 1 - type: integer 
	Parameter DW_2 bound to: 1 - type: integer 
	Parameter DW_3 bound to: 1 - type: integer 
	Parameter DW_4 bound to: 1 - type: integer 
	Parameter DW_5 bound to: 1 - type: integer 
	Parameter DW_6 bound to: 1 - type: integer 
	Parameter DW_7 bound to: 1 - type: integer 
	Parameter DW_8 bound to: 1 - type: integer 
INFO: [Synth 8-6155] done synthesizing module 'dff_8var_2d' (1#1) [/Orion/GraphHBM/UTIL_IP/IP_DFF_8VAR_2D/dff_8var_2d.srcs/sources_1/new/dff_8var_2d.v:3]
---------------------------------------------------------------------------------
Finished Synthesize : Time (s): cpu = 00:00:02 ; elapsed = 00:00:02 . Memory (MB): peak = 2391.824 ; gain = 0.000 ; free physical = 103773 ; free virtual = 118097
---------------------------------------------------------------------------------
---------------------------------------------------------------------------------
Finished Constraint Validation : Time (s): cpu = 00:00:02 ; elapsed = 00:00:02 . Memory (MB): peak = 2391.824 ; gain = 0.000 ; free physical = 104457 ; free virtual = 118781
---------------------------------------------------------------------------------
---------------------------------------------------------------------------------
Start Loading Part and Timing Information
---------------------------------------------------------------------------------
Loading part: xcu280-fsvh2892-2L-e
INFO: [Synth 8-6742] Reading net delay rules and data
INFO: [Device 21-403] Loading part xcu280-fsvh2892-2L-e
---------------------------------------------------------------------------------
Finished Loading Part and Timing Information : Time (s): cpu = 00:00:02 ; elapsed = 00:00:02 . Memory (MB): peak = 2399.699 ; gain = 7.875 ; free physical = 104457 ; free virtual = 118780
---------------------------------------------------------------------------------
---------------------------------------------------------------------------------
Finished RTL Optimization Phase 2 : Time (s): cpu = 00:00:02 ; elapsed = 00:00:03 . Memory (MB): peak = 2399.699 ; gain = 7.875 ; free physical = 104454 ; free virtual = 118778
---------------------------------------------------------------------------------
No constraint files found.
---------------------------------------------------------------------------------
Start RTL Component Statistics 
---------------------------------------------------------------------------------
Detailed RTL Component Info : 
+---Registers : 
	                1 Bit    Registers := 16    
---------------------------------------------------------------------------------
Finished RTL Component Statistics 
---------------------------------------------------------------------------------
---------------------------------------------------------------------------------
Start Part Resource Summary
---------------------------------------------------------------------------------
Part Resources:
DSPs: 9024 (col length:94)
BRAMs: 4032 (col length: RAMB18 288 RAMB36 144)
---------------------------------------------------------------------------------
Finished Part Resource Summary
---------------------------------------------------------------------------------
No constraint files found.
---------------------------------------------------------------------------------
Start Cross Boundary and Area Optimization
---------------------------------------------------------------------------------
---------------------------------------------------------------------------------
Finished Cross Boundary and Area Optimization : Time (s): cpu = 00:00:07 ; elapsed = 00:00:10 . Memory (MB): peak = 3236.059 ; gain = 844.234 ; free physical = 103378 ; free virtual = 117702
---------------------------------------------------------------------------------
No constraint files found.
---------------------------------------------------------------------------------
Start Timing Optimization
---------------------------------------------------------------------------------
---------------------------------------------------------------------------------
Finished Timing Optimization : Time (s): cpu = 00:00:07 ; elapsed = 00:00:10 . Memory (MB): peak = 3236.059 ; gain = 844.234 ; free physical = 103376 ; free virtual = 117700
---------------------------------------------------------------------------------
---------------------------------------------------------------------------------
Start Technology Mapping
---------------------------------------------------------------------------------
---------------------------------------------------------------------------------
Finished Technology Mapping : Time (s): cpu = 00:00:07 ; elapsed = 00:00:10 . Memory (MB): peak = 3236.059 ; gain = 844.234 ; free physical = 103377 ; free virtual = 117701
---------------------------------------------------------------------------------
---------------------------------------------------------------------------------
Start IO Insertion
---------------------------------------------------------------------------------
---------------------------------------------------------------------------------
Start Flattening Before IO Insertion
---------------------------------------------------------------------------------
---------------------------------------------------------------------------------
Finished Flattening Before IO Insertion
---------------------------------------------------------------------------------
---------------------------------------------------------------------------------
Start Final Netlist Cleanup
---------------------------------------------------------------------------------
---------------------------------------------------------------------------------
Finished Final Netlist Cleanup
---------------------------------------------------------------------------------
---------------------------------------------------------------------------------
Finished IO Insertion : Time (s): cpu = 00:00:08 ; elapsed = 00:00:11 . Memory (MB): peak = 3236.059 ; gain = 844.234 ; free physical = 103389 ; free virtual = 117713
---------------------------------------------------------------------------------
---------------------------------------------------------------------------------
Start Renaming Generated Instances
---------------------------------------------------------------------------------
---------------------------------------------------------------------------------
Finished Renaming Generated Instances : Time (s): cpu = 00:00:08 ; elapsed = 00:00:11 . Memory (MB): peak = 3236.059 ; gain = 844.234 ; free physical = 103389 ; free virtual = 117713
---------------------------------------------------------------------------------
---------------------------------------------------------------------------------
Start Rebuilding User Hierarchy
---------------------------------------------------------------------------------
---------------------------------------------------------------------------------
Finished Rebuilding User Hierarchy : Time (s): cpu = 00:00:08 ; elapsed = 00:00:11 . Memory (MB): peak = 3236.059 ; gain = 844.234 ; free physical = 103389 ; free virtual = 117713
---------------------------------------------------------------------------------
---------------------------------------------------------------------------------
Start Renaming Generated Ports
---------------------------------------------------------------------------------
---------------------------------------------------------------------------------
Finished Renaming Generated Ports : Time (s): cpu = 00:00:08 ; elapsed = 00:00:11 . Memory (MB): peak = 3236.059 ; gain = 844.234 ; free physical = 103389 ; free virtual = 117713
---------------------------------------------------------------------------------
---------------------------------------------------------------------------------
Start Handling Custom Attributes
---------------------------------------------------------------------------------
---------------------------------------------------------------------------------
Finished Handling Custom Attributes : Time (s): cpu = 00:00:08 ; elapsed = 00:00:11 . Memory (MB): peak = 3236.059 ; gain = 844.234 ; free physical = 103389 ; free virtual = 117713
---------------------------------------------------------------------------------
---------------------------------------------------------------------------------
Start Renaming Generated Nets
---------------------------------------------------------------------------------
---------------------------------------------------------------------------------
Finished Renaming Generated Nets : Time (s): cpu = 00:00:08 ; elapsed = 00:00:11 . Memory (MB): peak = 3236.059 ; gain = 844.234 ; free physical = 103389 ; free virtual = 117713
---------------------------------------------------------------------------------
---------------------------------------------------------------------------------
Start Writing Synthesis Report
---------------------------------------------------------------------------------

Report BlackBoxes: 
+-+--------------+----------+
| |BlackBox name |Instances |
+-+--------------+----------+
+-+--------------+----------+

Report Cell Usage: 
+------+-----+------+
|      |Cell |Count |
+------+-----+------+
|1     |BUFG |     1|
|2     |FDRE |    16|
|3     |IBUF |     9|
|4     |OBUF |     8|
+------+-----+------+

Report Instance Areas: 
+------+---------+-------+------+
|      |Instance |Module |Cells |
+------+---------+-------+------+
|1     |top      |       |    34|
+------+---------+-------+------+
---------------------------------------------------------------------------------
Finished Writing Synthesis Report : Time (s): cpu = 00:00:08 ; elapsed = 00:00:11 . Memory (MB): peak = 3236.059 ; gain = 844.234 ; free physical = 103389 ; free virtual = 117713
---------------------------------------------------------------------------------
Synthesis finished with 0 errors, 0 critical warnings and 0 warnings.
Synthesis Optimization Runtime : Time (s): cpu = 00:00:08 ; elapsed = 00:00:11 . Memory (MB): peak = 3236.059 ; gain = 844.234 ; free physical = 103389 ; free virtual = 117713
Synthesis Optimization Complete : Time (s): cpu = 00:00:08 ; elapsed = 00:00:11 . Memory (MB): peak = 3236.066 ; gain = 844.234 ; free physical = 103389 ; free virtual = 117713
INFO: [Project 1-571] Translating synthesized netlist
Netlist sorting complete. Time (s): cpu = 00:00:00 ; elapsed = 00:00:00 . Memory (MB): peak = 3236.066 ; gain = 0.000 ; free physical = 103474 ; free virtual = 117798
INFO: [Netlist 29-17] Analyzing 10 Unisim elements for replacement
INFO: [Netlist 29-28] Unisim Transformation completed in 0 CPU seconds
INFO: [Project 1-570] Preparing netlist for logic optimization
INFO: [Opt 31-138] Pushed 0 inverter(s) to 0 load pin(s).
Netlist sorting complete. Time (s): cpu = 00:00:00 ; elapsed = 00:00:00 . Memory (MB): peak = 3288.809 ; gain = 0.000 ; free physical = 103364 ; free virtual = 117688
INFO: [Project 1-111] Unisim Transformation Summary:
  A total of 10 instances were transformed.
  BUFG => BUFGCE: 1 instance 
  IBUF => IBUF (IBUFCTRL, INBUF): 9 instances

INFO: [Common 17-83] Releasing license: Synthesis
15 Infos, 0 Warnings, 0 Critical Warnings and 0 Errors encountered.
synth_design completed successfully
synth_design: Time (s): cpu = 00:00:12 ; elapsed = 00:00:13 . Memory (MB): peak = 3288.809 ; gain = 897.113 ; free physical = 103503 ; free virtual = 117827
INFO: [Common 17-1381] The checkpoint '/Orion/GraphHBM/UTIL_IP/IP_DFF_8VAR_2D/dff_8var_2d.runs/synth_1/dff_8var_2d.dcp' has been generated.
INFO: [runtcl-4] Executing : report_utilization -file dff_8var_2d_utilization_synth.rpt -pb dff_8var_2d_utilization_synth.pb
INFO: [Common 17-206] Exiting Vivado at Sun Dec 11 16:15:32 2022...
