
*** Running vivado
    with args -log cus_m_axi_s_256_ultra_step_to_pulse_0_0.vds -m64 -product Vivado -mode batch -messageDb vivado.pb -notrace -source cus_m_axi_s_256_ultra_step_to_pulse_0_0.tcl


****** Vivado v2020.2 (64-bit)
  **** SW Build 3064766 on Wed Nov 18 09:12:47 MST 2020
  **** IP Build 3064653 on Wed Nov 18 14:17:31 MST 2020
    ** Copyright 1986-2020 Xilinx, Inc. All Rights Reserved.

source cus_m_axi_s_256_ultra_step_to_pulse_0_0.tcl -notrace
INFO: [IP_Flow 19-234] Refreshing IP repositories
INFO: [IP_Flow 19-1700] Loaded user IP repository '/Orion/GraphHBM/UTIL_IP'.
WARNING: [IP_Flow 19-3656] If you move the project, the path for repository '/Orion/GraphHBM/UTIL_IP' may become invalid. A better location for the repository would be in a path adjacent to the project. (Current project location is '/Orion/GraphHBM/UTIL_IP/IP_AXI_ENGINE_S/m_axi_256_ultra/cus_m_axi_s_256_ultra.runs/cus_m_axi_s_256_ultra_step_to_pulse_0_0_synth_1'.)
INFO: [IP_Flow 19-2313] Loaded Vivado IP repository '/opt/XILINX/Vivado/2020.2/data/ip'.
WARNING: [IP_Flow 19-1663] Duplicate IP found for 'user.org:user:cycle_counter:1.0'. The one found in IP location '/Orion/GraphHBM/UTIL_IP/IP_CYCLE_CNT' will take precedence over the same IP in location /Orion/GraphHBM/UTIL_IP/IP_CYCLE_CNT/cycle_cnt.srcs/sources_1/new
Command: synth_design -top cus_m_axi_s_256_ultra_step_to_pulse_0_0 -part xcu280-fsvh2892-2L-e -mode out_of_context
Starting synth_design
Attempting to get a license for feature 'Synthesis' and/or device 'xcu280'
INFO: [Common 17-349] Got license for feature 'Synthesis' and/or device 'xcu280'
INFO: [Device 21-403] Loading part xcu280-fsvh2892-2L-e
INFO: [Synth 8-7079] Multithreading enabled for synth_design using a maximum of 4 processes.
INFO: [Synth 8-7078] Launching helper process for spawning children vivado processes
INFO: [Synth 8-7075] Helper process launched with PID 68278
---------------------------------------------------------------------------------
Starting RTL Elaboration : Time (s): cpu = 00:00:02 ; elapsed = 00:00:02 . Memory (MB): peak = 3223.773 ; gain = 173.719 ; free physical = 97011 ; free virtual = 111372
---------------------------------------------------------------------------------
INFO: [Synth 8-6157] synthesizing module 'cus_m_axi_s_256_ultra_step_to_pulse_0_0' [/Orion/GraphHBM/UTIL_IP/IP_AXI_ENGINE_S/m_axi_256_ultra/cus_m_axi_s_256_ultra.gen/sources_1/bd/cus_m_axi_s_256_ultra/ip/cus_m_axi_s_256_ultra_step_to_pulse_0_0/synth/cus_m_axi_s_256_ultra_step_to_pulse_0_0.v:57]
INFO: [Synth 8-6157] synthesizing module 'step_to_pulse' [/Orion/GraphHBM/UTIL_IP/IP_AXI_ENGINE_S/m_axi_256_ultra/cus_m_axi_s_256_ultra.gen/sources_1/bd/cus_m_axi_s_256_ultra/ipshared/5f70/s2p.v:3]
INFO: [Synth 8-6155] done synthesizing module 'step_to_pulse' (1#1) [/Orion/GraphHBM/UTIL_IP/IP_AXI_ENGINE_S/m_axi_256_ultra/cus_m_axi_s_256_ultra.gen/sources_1/bd/cus_m_axi_s_256_ultra/ipshared/5f70/s2p.v:3]
INFO: [Synth 8-6155] done synthesizing module 'cus_m_axi_s_256_ultra_step_to_pulse_0_0' (2#1) [/Orion/GraphHBM/UTIL_IP/IP_AXI_ENGINE_S/m_axi_256_ultra/cus_m_axi_s_256_ultra.gen/sources_1/bd/cus_m_axi_s_256_ultra/ip/cus_m_axi_s_256_ultra_step_to_pulse_0_0/synth/cus_m_axi_s_256_ultra_step_to_pulse_0_0.v:57]
---------------------------------------------------------------------------------
Finished RTL Elaboration : Time (s): cpu = 00:00:03 ; elapsed = 00:00:03 . Memory (MB): peak = 3268.680 ; gain = 218.625 ; free physical = 99337 ; free virtual = 113701
---------------------------------------------------------------------------------
---------------------------------------------------------------------------------
Start Handling Custom Attributes
---------------------------------------------------------------------------------
---------------------------------------------------------------------------------
Finished Handling Custom Attributes : Time (s): cpu = 00:00:03 ; elapsed = 00:00:03 . Memory (MB): peak = 3286.523 ; gain = 236.469 ; free physical = 99331 ; free virtual = 113694
---------------------------------------------------------------------------------
---------------------------------------------------------------------------------
Finished RTL Optimization Phase 1 : Time (s): cpu = 00:00:03 ; elapsed = 00:00:03 . Memory (MB): peak = 3286.523 ; gain = 236.469 ; free physical = 99331 ; free virtual = 113694
---------------------------------------------------------------------------------
Netlist sorting complete. Time (s): cpu = 00:00:00 ; elapsed = 00:00:00 . Memory (MB): peak = 3286.523 ; gain = 0.000 ; free physical = 99324 ; free virtual = 113687
INFO: [Project 1-570] Preparing netlist for logic optimization

Processing XDC Constraints
Initializing timing engine
Completed Processing XDC Constraints

Netlist sorting complete. Time (s): cpu = 00:00:00 ; elapsed = 00:00:00 . Memory (MB): peak = 3380.273 ; gain = 0.000 ; free physical = 99184 ; free virtual = 113547
INFO: [Project 1-111] Unisim Transformation Summary:
No Unisim elements were transformed.

Constraint Validation Runtime : Time (s): cpu = 00:00:00.01 ; elapsed = 00:00:00.01 . Memory (MB): peak = 3399.086 ; gain = 18.812 ; free physical = 99182 ; free virtual = 113544
---------------------------------------------------------------------------------
Finished Constraint Validation : Time (s): cpu = 00:00:06 ; elapsed = 00:00:07 . Memory (MB): peak = 3399.086 ; gain = 349.031 ; free physical = 99340 ; free virtual = 113707
---------------------------------------------------------------------------------
---------------------------------------------------------------------------------
Start Loading Part and Timing Information
---------------------------------------------------------------------------------
Loading part: xcu280-fsvh2892-2L-e
INFO: [Synth 8-6742] Reading net delay rules and data
---------------------------------------------------------------------------------
Finished Loading Part and Timing Information : Time (s): cpu = 00:00:06 ; elapsed = 00:00:07 . Memory (MB): peak = 3399.086 ; gain = 349.031 ; free physical = 99340 ; free virtual = 113707
---------------------------------------------------------------------------------
---------------------------------------------------------------------------------
Start Applying 'set_property' XDC Constraints
---------------------------------------------------------------------------------
---------------------------------------------------------------------------------
Finished applying 'set_property' XDC Constraints : Time (s): cpu = 00:00:06 ; elapsed = 00:00:07 . Memory (MB): peak = 3399.086 ; gain = 349.031 ; free physical = 99340 ; free virtual = 113707
---------------------------------------------------------------------------------
---------------------------------------------------------------------------------
Finished RTL Optimization Phase 2 : Time (s): cpu = 00:00:06 ; elapsed = 00:00:07 . Memory (MB): peak = 3399.086 ; gain = 349.031 ; free physical = 99380 ; free virtual = 113749
---------------------------------------------------------------------------------
---------------------------------------------------------------------------------
Start RTL Component Statistics 
---------------------------------------------------------------------------------
Detailed RTL Component Info : 
+---Registers : 
	                1 Bit    Registers := 1     
---------------------------------------------------------------------------------
Finished RTL Component Statistics 
---------------------------------------------------------------------------------
---------------------------------------------------------------------------------
Start Part Resource Summary
---------------------------------------------------------------------------------
Part Resources:
DSPs: 9024 (col length:94)
BRAMs: 4032 (col length: RAMB18 288 RAMB36 144)
---------------------------------------------------------------------------------
Finished Part Resource Summary
---------------------------------------------------------------------------------
---------------------------------------------------------------------------------
Start Cross Boundary and Area Optimization
---------------------------------------------------------------------------------
---------------------------------------------------------------------------------
Finished Cross Boundary and Area Optimization : Time (s): cpu = 00:00:06 ; elapsed = 00:00:07 . Memory (MB): peak = 3399.086 ; gain = 349.031 ; free physical = 99344 ; free virtual = 113720
---------------------------------------------------------------------------------
---------------------------------------------------------------------------------
Start Applying XDC Timing Constraints
---------------------------------------------------------------------------------
---------------------------------------------------------------------------------
Finished Applying XDC Timing Constraints : Time (s): cpu = 00:00:13 ; elapsed = 00:00:19 . Memory (MB): peak = 3756.609 ; gain = 706.555 ; free physical = 97950 ; free virtual = 112326
---------------------------------------------------------------------------------
---------------------------------------------------------------------------------
Start Timing Optimization
---------------------------------------------------------------------------------
---------------------------------------------------------------------------------
Finished Timing Optimization : Time (s): cpu = 00:00:13 ; elapsed = 00:00:19 . Memory (MB): peak = 3756.609 ; gain = 706.555 ; free physical = 97950 ; free virtual = 112326
---------------------------------------------------------------------------------
---------------------------------------------------------------------------------
Start Technology Mapping
---------------------------------------------------------------------------------
---------------------------------------------------------------------------------
Finished Technology Mapping : Time (s): cpu = 00:00:13 ; elapsed = 00:00:19 . Memory (MB): peak = 3775.641 ; gain = 725.586 ; free physical = 97945 ; free virtual = 112321
---------------------------------------------------------------------------------
---------------------------------------------------------------------------------
Start IO Insertion
---------------------------------------------------------------------------------
---------------------------------------------------------------------------------
Start Flattening Before IO Insertion
---------------------------------------------------------------------------------
---------------------------------------------------------------------------------
Finished Flattening Before IO Insertion
---------------------------------------------------------------------------------
---------------------------------------------------------------------------------
Start Final Netlist Cleanup
---------------------------------------------------------------------------------
---------------------------------------------------------------------------------
Finished Final Netlist Cleanup
---------------------------------------------------------------------------------
---------------------------------------------------------------------------------
Finished IO Insertion : Time (s): cpu = 00:00:15 ; elapsed = 00:00:21 . Memory (MB): peak = 3781.578 ; gain = 731.523 ; free physical = 97785 ; free virtual = 112161
---------------------------------------------------------------------------------
---------------------------------------------------------------------------------
Start Renaming Generated Instances
---------------------------------------------------------------------------------
---------------------------------------------------------------------------------
Finished Renaming Generated Instances : Time (s): cpu = 00:00:15 ; elapsed = 00:00:21 . Memory (MB): peak = 3781.578 ; gain = 731.523 ; free physical = 97785 ; free virtual = 112161
---------------------------------------------------------------------------------
---------------------------------------------------------------------------------
Start Rebuilding User Hierarchy
---------------------------------------------------------------------------------
---------------------------------------------------------------------------------
Finished Rebuilding User Hierarchy : Time (s): cpu = 00:00:15 ; elapsed = 00:00:21 . Memory (MB): peak = 3781.578 ; gain = 731.523 ; free physical = 97785 ; free virtual = 112161
---------------------------------------------------------------------------------
---------------------------------------------------------------------------------
Start Renaming Generated Ports
---------------------------------------------------------------------------------
---------------------------------------------------------------------------------
Finished Renaming Generated Ports : Time (s): cpu = 00:00:15 ; elapsed = 00:00:21 . Memory (MB): peak = 3781.578 ; gain = 731.523 ; free physical = 97785 ; free virtual = 112161
---------------------------------------------------------------------------------
---------------------------------------------------------------------------------
Start Handling Custom Attributes
---------------------------------------------------------------------------------
---------------------------------------------------------------------------------
Finished Handling Custom Attributes : Time (s): cpu = 00:00:15 ; elapsed = 00:00:21 . Memory (MB): peak = 3781.578 ; gain = 731.523 ; free physical = 97785 ; free virtual = 112161
---------------------------------------------------------------------------------
---------------------------------------------------------------------------------
Start Renaming Generated Nets
---------------------------------------------------------------------------------
---------------------------------------------------------------------------------
Finished Renaming Generated Nets : Time (s): cpu = 00:00:15 ; elapsed = 00:00:21 . Memory (MB): peak = 3781.578 ; gain = 731.523 ; free physical = 97785 ; free virtual = 112161
---------------------------------------------------------------------------------
---------------------------------------------------------------------------------
Start Writing Synthesis Report
---------------------------------------------------------------------------------

Report BlackBoxes: 
+-+--------------+----------+
| |BlackBox name |Instances |
+-+--------------+----------+
+-+--------------+----------+

Report Cell Usage: 
+------+-----+------+
|      |Cell |Count |
+------+-----+------+
|1     |LUT2 |     1|
|2     |FDRE |     1|
+------+-----+------+
---------------------------------------------------------------------------------
Finished Writing Synthesis Report : Time (s): cpu = 00:00:15 ; elapsed = 00:00:21 . Memory (MB): peak = 3781.578 ; gain = 731.523 ; free physical = 97785 ; free virtual = 112161
---------------------------------------------------------------------------------
Synthesis finished with 0 errors, 0 critical warnings and 0 warnings.
Synthesis Optimization Runtime : Time (s): cpu = 00:00:14 ; elapsed = 00:00:20 . Memory (MB): peak = 3781.578 ; gain = 618.961 ; free physical = 97819 ; free virtual = 112195
Synthesis Optimization Complete : Time (s): cpu = 00:00:15 ; elapsed = 00:00:21 . Memory (MB): peak = 3781.586 ; gain = 731.523 ; free physical = 97819 ; free virtual = 112195
INFO: [Project 1-571] Translating synthesized netlist
Netlist sorting complete. Time (s): cpu = 00:00:00 ; elapsed = 00:00:00 . Memory (MB): peak = 3797.516 ; gain = 0.000 ; free physical = 97904 ; free virtual = 112280
INFO: [Project 1-570] Preparing netlist for logic optimization
INFO: [Opt 31-138] Pushed 0 inverter(s) to 0 load pin(s).
Netlist sorting complete. Time (s): cpu = 00:00:00 ; elapsed = 00:00:00 . Memory (MB): peak = 3848.805 ; gain = 0.000 ; free physical = 97907 ; free virtual = 112283
INFO: [Project 1-111] Unisim Transformation Summary:
No Unisim elements were transformed.

INFO: [Common 17-83] Releasing license: Synthesis
20 Infos, 2 Warnings, 0 Critical Warnings and 0 Errors encountered.
synth_design completed successfully
synth_design: Time (s): cpu = 00:00:23 ; elapsed = 00:00:29 . Memory (MB): peak = 3848.805 ; gain = 1455.109 ; free physical = 98040 ; free virtual = 112417
INFO: [Common 17-1381] The checkpoint '/Orion/GraphHBM/UTIL_IP/IP_AXI_ENGINE_S/m_axi_256_ultra/cus_m_axi_s_256_ultra.runs/cus_m_axi_s_256_ultra_step_to_pulse_0_0_synth_1/cus_m_axi_s_256_ultra_step_to_pulse_0_0.dcp' has been generated.
WARNING: [Common 17-576] 'use_project_ipc' is deprecated. This option is deprecated and no longer used.
INFO: [Coretcl 2-1648] Added synthesis output to IP cache for IP cus_m_axi_s_256_ultra_step_to_pulse_0_0, cache-ID = d7e35bd1be3e7bef
INFO: [Common 17-1381] The checkpoint '/Orion/GraphHBM/UTIL_IP/IP_AXI_ENGINE_S/m_axi_256_ultra/cus_m_axi_s_256_ultra.runs/cus_m_axi_s_256_ultra_step_to_pulse_0_0_synth_1/cus_m_axi_s_256_ultra_step_to_pulse_0_0.dcp' has been generated.
INFO: [runtcl-4] Executing : report_utilization -file cus_m_axi_s_256_ultra_step_to_pulse_0_0_utilization_synth.rpt -pb cus_m_axi_s_256_ultra_step_to_pulse_0_0_utilization_synth.pb
INFO: [Common 17-206] Exiting Vivado at Sun Dec 11 16:33:30 2022...
