
*** Running vivado
    with args -log uram_2w_2r_we_x64.vds -m64 -product Vivado -mode batch -messageDb vivado.pb -notrace -source uram_2w_2r_we_x64.tcl


****** Vivado v2020.2 (64-bit)
  **** SW Build 3064766 on Wed Nov 18 09:12:47 MST 2020
  **** IP Build 3064653 on Wed Nov 18 14:17:31 MST 2020
    ** Copyright 1986-2020 Xilinx, Inc. All Rights Reserved.

source uram_2w_2r_we_x64.tcl -notrace
INFO: [IP_Flow 19-234] Refreshing IP repositories
INFO: [IP_Flow 19-1700] Loaded user IP repository '/Orion/GraphHBM/UTIL_IP'.
WARNING: [IP_Flow 19-3656] If you move the project, the path for repository '/Orion/GraphHBM/UTIL_IP' may become invalid. A better location for the repository would be in a path adjacent to the project. (Current project location is '/Orion/GraphHBM/UTIL_IP/IP_64URAM_2W2R_WE/64_uram_we_wrapper.runs/synth_1'.)
INFO: [IP_Flow 19-2313] Loaded Vivado IP repository '/opt/Xilinx/Vivado/2020.2/data/ip'.
WARNING: [IP_Flow 19-1663] Duplicate IP found for 'user.org:user:bram_32k_2w_2r:1.0'. The one found in IP location '/Orion/GraphHBM/UTIL_IP/IP_BRAM_32K_2W2R' will take precedence over the same IP in location /Orion/GraphHBM/UTIL_IP/IP_BRAM_32K_2W2R/bram_32k_2w2r.srcs/sources_1/new
WARNING: [IP_Flow 19-1663] Duplicate IP found for 'user.org:user:cycle_counter:1.0'. The one found in IP location '/Orion/GraphHBM/UTIL_IP/IP_CYCLE_CNT' will take precedence over the same IP in location /Orion/GraphHBM/UTIL_IP/IP_CYCLE_CNT/cycle_cnt.srcs/sources_1/new
WARNING: [IP_Flow 19-1663] Duplicate IP found for 'user.org:user:cus_m_axi_s_256_uram:1.0'. The one found in IP location '/Orion/GraphHBM/UTIL_IP/IP_AXI_ENGINE_S/m_axi_256_ultra' will take precedence over the same IP in location /Orion/GraphHBM/UTIL_IP/IP_AXI_ENGINE_S/m_axi_256_ultra/cus_m_axi_s_256_ultra.srcs/sources_1
Command: synth_design -top uram_2w_2r_we_x64 -part xcu280-fsvh2892-2L-e -directive AlternateRoutability -no_lc -shreg_min_size 10
Starting synth_design
Attempting to get a license for feature 'Synthesis' and/or device 'xcu280'
INFO: [Common 17-349] Got license for feature 'Synthesis' and/or device 'xcu280'
INFO: [Device 21-403] Loading part xcu280-fsvh2892-2L-e
INFO: [Synth 8-7079] Multithreading enabled for synth_design using a maximum of 4 processes.
INFO: [Synth 8-7078] Launching helper process for spawning children vivado processes
INFO: [Synth 8-7075] Helper process launched with PID 2855546
---------------------------------------------------------------------------------
Starting RTL Elaboration : Time (s): cpu = 00:00:02 ; elapsed = 00:00:02 . Memory (MB): peak = 3207.832 ; gain = 173.719 ; free physical = 21755 ; free virtual = 49409
---------------------------------------------------------------------------------
INFO: [Synth 8-6157] synthesizing module 'uram_2w_2r_we_x64' [/Orion/GraphHBM/UTIL_IP/IP_64URAM_2W2R_WE/64_uram_we_wrapper.srcs/sources_1/new/sixtyfour_uram_we.v:4]
INFO: [Synth 8-6157] synthesizing module 'uram_wex64_wrapper' [/Orion/GraphHBM/UTIL_IP/IP_64URAM_2W2R_WE/64_uram_we_wrapper.gen/sources_1/bd/uram_wex64/hdl/uram_wex64_wrapper.v:12]
INFO: [Synth 8-6157] synthesizing module 'uram_wex64' [/Orion/GraphHBM/UTIL_IP/IP_64URAM_2W2R_WE/64_uram_we_wrapper.gen/sources_1/bd/uram_wex64/synth/uram_wex64.v:13]
INFO: [Synth 8-6157] synthesizing module 'uram_wex64_uram_2w_2r_we_0_0' [/Orion/GraphHBM/UTIL_IP/IP_64URAM_2W2R_WE/64_uram_we_wrapper.runs/synth_1/.Xil/Vivado-2854147-noah/realtime/uram_wex64_uram_2w_2r_we_0_0_stub.v:6]
INFO: [Synth 8-6155] done synthesizing module 'uram_wex64_uram_2w_2r_we_0_0' (1#1) [/Orion/GraphHBM/UTIL_IP/IP_64URAM_2W2R_WE/64_uram_we_wrapper.runs/synth_1/.Xil/Vivado-2854147-noah/realtime/uram_wex64_uram_2w_2r_we_0_0_stub.v:6]
INFO: [Synth 8-6157] synthesizing module 'uram_wex64_uram_2w_2r_we_0_1' [/Orion/GraphHBM/UTIL_IP/IP_64URAM_2W2R_WE/64_uram_we_wrapper.runs/synth_1/.Xil/Vivado-2854147-noah/realtime/uram_wex64_uram_2w_2r_we_0_1_stub.v:6]
INFO: [Synth 8-6155] done synthesizing module 'uram_wex64_uram_2w_2r_we_0_1' (2#1) [/Orion/GraphHBM/UTIL_IP/IP_64URAM_2W2R_WE/64_uram_we_wrapper.runs/synth_1/.Xil/Vivado-2854147-noah/realtime/uram_wex64_uram_2w_2r_we_0_1_stub.v:6]
INFO: [Synth 8-6157] synthesizing module 'uram_wex64_uram_2w_2r_we_2_1' [/Orion/GraphHBM/UTIL_IP/IP_64URAM_2W2R_WE/64_uram_we_wrapper.runs/synth_1/.Xil/Vivado-2854147-noah/realtime/uram_wex64_uram_2w_2r_we_2_1_stub.v:6]
INFO: [Synth 8-6155] done synthesizing module 'uram_wex64_uram_2w_2r_we_2_1' (3#1) [/Orion/GraphHBM/UTIL_IP/IP_64URAM_2W2R_WE/64_uram_we_wrapper.runs/synth_1/.Xil/Vivado-2854147-noah/realtime/uram_wex64_uram_2w_2r_we_2_1_stub.v:6]
INFO: [Synth 8-6157] synthesizing module 'uram_wex64_uram_2w_2r_we_3_1' [/Orion/GraphHBM/UTIL_IP/IP_64URAM_2W2R_WE/64_uram_we_wrapper.runs/synth_1/.Xil/Vivado-2854147-noah/realtime/uram_wex64_uram_2w_2r_we_3_1_stub.v:6]
INFO: [Synth 8-6155] done synthesizing module 'uram_wex64_uram_2w_2r_we_3_1' (4#1) [/Orion/GraphHBM/UTIL_IP/IP_64URAM_2W2R_WE/64_uram_we_wrapper.runs/synth_1/.Xil/Vivado-2854147-noah/realtime/uram_wex64_uram_2w_2r_we_3_1_stub.v:6]
INFO: [Synth 8-6157] synthesizing module 'uram_wex64_uram_2w_2r_we_4_0' [/Orion/GraphHBM/UTIL_IP/IP_64URAM_2W2R_WE/64_uram_we_wrapper.runs/synth_1/.Xil/Vivado-2854147-noah/realtime/uram_wex64_uram_2w_2r_we_4_0_stub.v:6]
INFO: [Synth 8-6155] done synthesizing module 'uram_wex64_uram_2w_2r_we_4_0' (5#1) [/Orion/GraphHBM/UTIL_IP/IP_64URAM_2W2R_WE/64_uram_we_wrapper.runs/synth_1/.Xil/Vivado-2854147-noah/realtime/uram_wex64_uram_2w_2r_we_4_0_stub.v:6]
INFO: [Synth 8-6157] synthesizing module 'uram_wex64_uram_2w_2r_we_5_0' [/Orion/GraphHBM/UTIL_IP/IP_64URAM_2W2R_WE/64_uram_we_wrapper.runs/synth_1/.Xil/Vivado-2854147-noah/realtime/uram_wex64_uram_2w_2r_we_5_0_stub.v:6]
INFO: [Synth 8-6155] done synthesizing module 'uram_wex64_uram_2w_2r_we_5_0' (6#1) [/Orion/GraphHBM/UTIL_IP/IP_64URAM_2W2R_WE/64_uram_we_wrapper.runs/synth_1/.Xil/Vivado-2854147-noah/realtime/uram_wex64_uram_2w_2r_we_5_0_stub.v:6]
INFO: [Synth 8-6157] synthesizing module 'uram_wex64_uram_2w_2r_we_6_0' [/Orion/GraphHBM/UTIL_IP/IP_64URAM_2W2R_WE/64_uram_we_wrapper.runs/synth_1/.Xil/Vivado-2854147-noah/realtime/uram_wex64_uram_2w_2r_we_6_0_stub.v:6]
INFO: [Synth 8-6155] done synthesizing module 'uram_wex64_uram_2w_2r_we_6_0' (7#1) [/Orion/GraphHBM/UTIL_IP/IP_64URAM_2W2R_WE/64_uram_we_wrapper.runs/synth_1/.Xil/Vivado-2854147-noah/realtime/uram_wex64_uram_2w_2r_we_6_0_stub.v:6]
INFO: [Synth 8-6157] synthesizing module 'uram_wex64_uram_2w_2r_we_7_0' [/Orion/GraphHBM/UTIL_IP/IP_64URAM_2W2R_WE/64_uram_we_wrapper.runs/synth_1/.Xil/Vivado-2854147-noah/realtime/uram_wex64_uram_2w_2r_we_7_0_stub.v:6]
INFO: [Synth 8-6155] done synthesizing module 'uram_wex64_uram_2w_2r_we_7_0' (8#1) [/Orion/GraphHBM/UTIL_IP/IP_64URAM_2W2R_WE/64_uram_we_wrapper.runs/synth_1/.Xil/Vivado-2854147-noah/realtime/uram_wex64_uram_2w_2r_we_7_0_stub.v:6]
INFO: [Synth 8-6157] synthesizing module 'uram_wex64_uram_2w_2r_we_0_5' [/Orion/GraphHBM/UTIL_IP/IP_64URAM_2W2R_WE/64_uram_we_wrapper.runs/synth_1/.Xil/Vivado-2854147-noah/realtime/uram_wex64_uram_2w_2r_we_0_5_stub.v:6]
INFO: [Synth 8-6155] done synthesizing module 'uram_wex64_uram_2w_2r_we_0_5' (9#1) [/Orion/GraphHBM/UTIL_IP/IP_64URAM_2W2R_WE/64_uram_we_wrapper.runs/synth_1/.Xil/Vivado-2854147-noah/realtime/uram_wex64_uram_2w_2r_we_0_5_stub.v:6]
INFO: [Synth 8-6157] synthesizing module 'uram_wex64_uram_2w_2r_we_1_3' [/Orion/GraphHBM/UTIL_IP/IP_64URAM_2W2R_WE/64_uram_we_wrapper.runs/synth_1/.Xil/Vivado-2854147-noah/realtime/uram_wex64_uram_2w_2r_we_1_3_stub.v:6]
INFO: [Synth 8-6155] done synthesizing module 'uram_wex64_uram_2w_2r_we_1_3' (10#1) [/Orion/GraphHBM/UTIL_IP/IP_64URAM_2W2R_WE/64_uram_we_wrapper.runs/synth_1/.Xil/Vivado-2854147-noah/realtime/uram_wex64_uram_2w_2r_we_1_3_stub.v:6]
INFO: [Synth 8-6157] synthesizing module 'uram_wex64_uram_2w_2r_we_2_2' [/Orion/GraphHBM/UTIL_IP/IP_64URAM_2W2R_WE/64_uram_we_wrapper.runs/synth_1/.Xil/Vivado-2854147-noah/realtime/uram_wex64_uram_2w_2r_we_2_2_stub.v:6]
INFO: [Synth 8-6155] done synthesizing module 'uram_wex64_uram_2w_2r_we_2_2' (11#1) [/Orion/GraphHBM/UTIL_IP/IP_64URAM_2W2R_WE/64_uram_we_wrapper.runs/synth_1/.Xil/Vivado-2854147-noah/realtime/uram_wex64_uram_2w_2r_we_2_2_stub.v:6]
INFO: [Synth 8-6157] synthesizing module 'uram_wex64_uram_2w_2r_we_3_2' [/Orion/GraphHBM/UTIL_IP/IP_64URAM_2W2R_WE/64_uram_we_wrapper.runs/synth_1/.Xil/Vivado-2854147-noah/realtime/uram_wex64_uram_2w_2r_we_3_2_stub.v:6]
INFO: [Synth 8-6155] done synthesizing module 'uram_wex64_uram_2w_2r_we_3_2' (12#1) [/Orion/GraphHBM/UTIL_IP/IP_64URAM_2W2R_WE/64_uram_we_wrapper.runs/synth_1/.Xil/Vivado-2854147-noah/realtime/uram_wex64_uram_2w_2r_we_3_2_stub.v:6]
INFO: [Synth 8-6157] synthesizing module 'uram_wex64_uram_2w_2r_we_0_2' [/Orion/GraphHBM/UTIL_IP/IP_64URAM_2W2R_WE/64_uram_we_wrapper.runs/synth_1/.Xil/Vivado-2854147-noah/realtime/uram_wex64_uram_2w_2r_we_0_2_stub.v:6]
INFO: [Synth 8-6155] done synthesizing module 'uram_wex64_uram_2w_2r_we_0_2' (13#1) [/Orion/GraphHBM/UTIL_IP/IP_64URAM_2W2R_WE/64_uram_we_wrapper.runs/synth_1/.Xil/Vivado-2854147-noah/realtime/uram_wex64_uram_2w_2r_we_0_2_stub.v:6]
INFO: [Synth 8-6157] synthesizing module 'uram_wex64_uram_2w_2r_we_4_1' [/Orion/GraphHBM/UTIL_IP/IP_64URAM_2W2R_WE/64_uram_we_wrapper.runs/synth_1/.Xil/Vivado-2854147-noah/realtime/uram_wex64_uram_2w_2r_we_4_1_stub.v:6]
INFO: [Synth 8-6155] done synthesizing module 'uram_wex64_uram_2w_2r_we_4_1' (14#1) [/Orion/GraphHBM/UTIL_IP/IP_64URAM_2W2R_WE/64_uram_we_wrapper.runs/synth_1/.Xil/Vivado-2854147-noah/realtime/uram_wex64_uram_2w_2r_we_4_1_stub.v:6]
INFO: [Synth 8-6157] synthesizing module 'uram_wex64_uram_2w_2r_we_5_1' [/Orion/GraphHBM/UTIL_IP/IP_64URAM_2W2R_WE/64_uram_we_wrapper.runs/synth_1/.Xil/Vivado-2854147-noah/realtime/uram_wex64_uram_2w_2r_we_5_1_stub.v:6]
INFO: [Synth 8-6155] done synthesizing module 'uram_wex64_uram_2w_2r_we_5_1' (15#1) [/Orion/GraphHBM/UTIL_IP/IP_64URAM_2W2R_WE/64_uram_we_wrapper.runs/synth_1/.Xil/Vivado-2854147-noah/realtime/uram_wex64_uram_2w_2r_we_5_1_stub.v:6]
INFO: [Synth 8-6157] synthesizing module 'uram_wex64_uram_2w_2r_we_6_1' [/Orion/GraphHBM/UTIL_IP/IP_64URAM_2W2R_WE/64_uram_we_wrapper.runs/synth_1/.Xil/Vivado-2854147-noah/realtime/uram_wex64_uram_2w_2r_we_6_1_stub.v:6]
INFO: [Synth 8-6155] done synthesizing module 'uram_wex64_uram_2w_2r_we_6_1' (16#1) [/Orion/GraphHBM/UTIL_IP/IP_64URAM_2W2R_WE/64_uram_we_wrapper.runs/synth_1/.Xil/Vivado-2854147-noah/realtime/uram_wex64_uram_2w_2r_we_6_1_stub.v:6]
INFO: [Synth 8-6157] synthesizing module 'uram_wex64_uram_2w_2r_we_7_1' [/Orion/GraphHBM/UTIL_IP/IP_64URAM_2W2R_WE/64_uram_we_wrapper.runs/synth_1/.Xil/Vivado-2854147-noah/realtime/uram_wex64_uram_2w_2r_we_7_1_stub.v:6]
INFO: [Synth 8-6155] done synthesizing module 'uram_wex64_uram_2w_2r_we_7_1' (17#1) [/Orion/GraphHBM/UTIL_IP/IP_64URAM_2W2R_WE/64_uram_we_wrapper.runs/synth_1/.Xil/Vivado-2854147-noah/realtime/uram_wex64_uram_2w_2r_we_7_1_stub.v:6]
INFO: [Synth 8-6157] synthesizing module 'uram_wex64_uram_2w_2r_we_0_6' [/Orion/GraphHBM/UTIL_IP/IP_64URAM_2W2R_WE/64_uram_we_wrapper.runs/synth_1/.Xil/Vivado-2854147-noah/realtime/uram_wex64_uram_2w_2r_we_0_6_stub.v:6]
INFO: [Synth 8-6155] done synthesizing module 'uram_wex64_uram_2w_2r_we_0_6' (18#1) [/Orion/GraphHBM/UTIL_IP/IP_64URAM_2W2R_WE/64_uram_we_wrapper.runs/synth_1/.Xil/Vivado-2854147-noah/realtime/uram_wex64_uram_2w_2r_we_0_6_stub.v:6]
INFO: [Synth 8-6157] synthesizing module 'uram_wex64_uram_2w_2r_we_1_4' [/Orion/GraphHBM/UTIL_IP/IP_64URAM_2W2R_WE/64_uram_we_wrapper.runs/synth_1/.Xil/Vivado-2854147-noah/realtime/uram_wex64_uram_2w_2r_we_1_4_stub.v:6]
INFO: [Synth 8-6155] done synthesizing module 'uram_wex64_uram_2w_2r_we_1_4' (19#1) [/Orion/GraphHBM/UTIL_IP/IP_64URAM_2W2R_WE/64_uram_we_wrapper.runs/synth_1/.Xil/Vivado-2854147-noah/realtime/uram_wex64_uram_2w_2r_we_1_4_stub.v:6]
INFO: [Synth 8-6157] synthesizing module 'uram_wex64_uram_2w_2r_we_2_3' [/Orion/GraphHBM/UTIL_IP/IP_64URAM_2W2R_WE/64_uram_we_wrapper.runs/synth_1/.Xil/Vivado-2854147-noah/realtime/uram_wex64_uram_2w_2r_we_2_3_stub.v:6]
INFO: [Synth 8-6155] done synthesizing module 'uram_wex64_uram_2w_2r_we_2_3' (20#1) [/Orion/GraphHBM/UTIL_IP/IP_64URAM_2W2R_WE/64_uram_we_wrapper.runs/synth_1/.Xil/Vivado-2854147-noah/realtime/uram_wex64_uram_2w_2r_we_2_3_stub.v:6]
INFO: [Synth 8-6157] synthesizing module 'uram_wex64_uram_2w_2r_we_3_3' [/Orion/GraphHBM/UTIL_IP/IP_64URAM_2W2R_WE/64_uram_we_wrapper.runs/synth_1/.Xil/Vivado-2854147-noah/realtime/uram_wex64_uram_2w_2r_we_3_3_stub.v:6]
INFO: [Synth 8-6155] done synthesizing module 'uram_wex64_uram_2w_2r_we_3_3' (21#1) [/Orion/GraphHBM/UTIL_IP/IP_64URAM_2W2R_WE/64_uram_we_wrapper.runs/synth_1/.Xil/Vivado-2854147-noah/realtime/uram_wex64_uram_2w_2r_we_3_3_stub.v:6]
INFO: [Synth 8-6157] synthesizing module 'uram_wex64_uram_2w_2r_we_4_2' [/Orion/GraphHBM/UTIL_IP/IP_64URAM_2W2R_WE/64_uram_we_wrapper.runs/synth_1/.Xil/Vivado-2854147-noah/realtime/uram_wex64_uram_2w_2r_we_4_2_stub.v:6]
INFO: [Synth 8-6155] done synthesizing module 'uram_wex64_uram_2w_2r_we_4_2' (22#1) [/Orion/GraphHBM/UTIL_IP/IP_64URAM_2W2R_WE/64_uram_we_wrapper.runs/synth_1/.Xil/Vivado-2854147-noah/realtime/uram_wex64_uram_2w_2r_we_4_2_stub.v:6]
INFO: [Synth 8-6157] synthesizing module 'uram_wex64_uram_2w_2r_we_5_2' [/Orion/GraphHBM/UTIL_IP/IP_64URAM_2W2R_WE/64_uram_we_wrapper.runs/synth_1/.Xil/Vivado-2854147-noah/realtime/uram_wex64_uram_2w_2r_we_5_2_stub.v:6]
INFO: [Synth 8-6155] done synthesizing module 'uram_wex64_uram_2w_2r_we_5_2' (23#1) [/Orion/GraphHBM/UTIL_IP/IP_64URAM_2W2R_WE/64_uram_we_wrapper.runs/synth_1/.Xil/Vivado-2854147-noah/realtime/uram_wex64_uram_2w_2r_we_5_2_stub.v:6]
INFO: [Synth 8-6157] synthesizing module 'uram_wex64_uram_2w_2r_we_1_0' [/Orion/GraphHBM/UTIL_IP/IP_64URAM_2W2R_WE/64_uram_we_wrapper.runs/synth_1/.Xil/Vivado-2854147-noah/realtime/uram_wex64_uram_2w_2r_we_1_0_stub.v:6]
INFO: [Synth 8-6155] done synthesizing module 'uram_wex64_uram_2w_2r_we_1_0' (24#1) [/Orion/GraphHBM/UTIL_IP/IP_64URAM_2W2R_WE/64_uram_we_wrapper.runs/synth_1/.Xil/Vivado-2854147-noah/realtime/uram_wex64_uram_2w_2r_we_1_0_stub.v:6]
INFO: [Synth 8-6157] synthesizing module 'uram_wex64_uram_2w_2r_we_6_2' [/Orion/GraphHBM/UTIL_IP/IP_64URAM_2W2R_WE/64_uram_we_wrapper.runs/synth_1/.Xil/Vivado-2854147-noah/realtime/uram_wex64_uram_2w_2r_we_6_2_stub.v:6]
INFO: [Synth 8-6155] done synthesizing module 'uram_wex64_uram_2w_2r_we_6_2' (25#1) [/Orion/GraphHBM/UTIL_IP/IP_64URAM_2W2R_WE/64_uram_we_wrapper.runs/synth_1/.Xil/Vivado-2854147-noah/realtime/uram_wex64_uram_2w_2r_we_6_2_stub.v:6]
INFO: [Synth 8-6157] synthesizing module 'uram_wex64_uram_2w_2r_we_7_2' [/Orion/GraphHBM/UTIL_IP/IP_64URAM_2W2R_WE/64_uram_we_wrapper.runs/synth_1/.Xil/Vivado-2854147-noah/realtime/uram_wex64_uram_2w_2r_we_7_2_stub.v:6]
INFO: [Synth 8-6155] done synthesizing module 'uram_wex64_uram_2w_2r_we_7_2' (26#1) [/Orion/GraphHBM/UTIL_IP/IP_64URAM_2W2R_WE/64_uram_we_wrapper.runs/synth_1/.Xil/Vivado-2854147-noah/realtime/uram_wex64_uram_2w_2r_we_7_2_stub.v:6]
INFO: [Synth 8-6157] synthesizing module 'uram_wex64_uram_2w_2r_we_0_7' [/Orion/GraphHBM/UTIL_IP/IP_64URAM_2W2R_WE/64_uram_we_wrapper.runs/synth_1/.Xil/Vivado-2854147-noah/realtime/uram_wex64_uram_2w_2r_we_0_7_stub.v:6]
INFO: [Synth 8-6155] done synthesizing module 'uram_wex64_uram_2w_2r_we_0_7' (27#1) [/Orion/GraphHBM/UTIL_IP/IP_64URAM_2W2R_WE/64_uram_we_wrapper.runs/synth_1/.Xil/Vivado-2854147-noah/realtime/uram_wex64_uram_2w_2r_we_0_7_stub.v:6]
INFO: [Synth 8-6157] synthesizing module 'uram_wex64_uram_2w_2r_we_1_5' [/Orion/GraphHBM/UTIL_IP/IP_64URAM_2W2R_WE/64_uram_we_wrapper.runs/synth_1/.Xil/Vivado-2854147-noah/realtime/uram_wex64_uram_2w_2r_we_1_5_stub.v:6]
INFO: [Synth 8-6155] done synthesizing module 'uram_wex64_uram_2w_2r_we_1_5' (28#1) [/Orion/GraphHBM/UTIL_IP/IP_64URAM_2W2R_WE/64_uram_we_wrapper.runs/synth_1/.Xil/Vivado-2854147-noah/realtime/uram_wex64_uram_2w_2r_we_1_5_stub.v:6]
INFO: [Synth 8-6157] synthesizing module 'uram_wex64_uram_2w_2r_we_2_4' [/Orion/GraphHBM/UTIL_IP/IP_64URAM_2W2R_WE/64_uram_we_wrapper.runs/synth_1/.Xil/Vivado-2854147-noah/realtime/uram_wex64_uram_2w_2r_we_2_4_stub.v:6]
INFO: [Synth 8-6155] done synthesizing module 'uram_wex64_uram_2w_2r_we_2_4' (29#1) [/Orion/GraphHBM/UTIL_IP/IP_64URAM_2W2R_WE/64_uram_we_wrapper.runs/synth_1/.Xil/Vivado-2854147-noah/realtime/uram_wex64_uram_2w_2r_we_2_4_stub.v:6]
INFO: [Synth 8-6157] synthesizing module 'uram_wex64_uram_2w_2r_we_3_4' [/Orion/GraphHBM/UTIL_IP/IP_64URAM_2W2R_WE/64_uram_we_wrapper.runs/synth_1/.Xil/Vivado-2854147-noah/realtime/uram_wex64_uram_2w_2r_we_3_4_stub.v:6]
INFO: [Synth 8-6155] done synthesizing module 'uram_wex64_uram_2w_2r_we_3_4' (30#1) [/Orion/GraphHBM/UTIL_IP/IP_64URAM_2W2R_WE/64_uram_we_wrapper.runs/synth_1/.Xil/Vivado-2854147-noah/realtime/uram_wex64_uram_2w_2r_we_3_4_stub.v:6]
INFO: [Synth 8-6157] synthesizing module 'uram_wex64_uram_2w_2r_we_4_3' [/Orion/GraphHBM/UTIL_IP/IP_64URAM_2W2R_WE/64_uram_we_wrapper.runs/synth_1/.Xil/Vivado-2854147-noah/realtime/uram_wex64_uram_2w_2r_we_4_3_stub.v:6]
INFO: [Synth 8-6155] done synthesizing module 'uram_wex64_uram_2w_2r_we_4_3' (31#1) [/Orion/GraphHBM/UTIL_IP/IP_64URAM_2W2R_WE/64_uram_we_wrapper.runs/synth_1/.Xil/Vivado-2854147-noah/realtime/uram_wex64_uram_2w_2r_we_4_3_stub.v:6]
INFO: [Synth 8-6157] synthesizing module 'uram_wex64_uram_2w_2r_we_5_3' [/Orion/GraphHBM/UTIL_IP/IP_64URAM_2W2R_WE/64_uram_we_wrapper.runs/synth_1/.Xil/Vivado-2854147-noah/realtime/uram_wex64_uram_2w_2r_we_5_3_stub.v:6]
INFO: [Synth 8-6155] done synthesizing module 'uram_wex64_uram_2w_2r_we_5_3' (32#1) [/Orion/GraphHBM/UTIL_IP/IP_64URAM_2W2R_WE/64_uram_we_wrapper.runs/synth_1/.Xil/Vivado-2854147-noah/realtime/uram_wex64_uram_2w_2r_we_5_3_stub.v:6]
INFO: [Synth 8-6157] synthesizing module 'uram_wex64_uram_2w_2r_we_6_3' [/Orion/GraphHBM/UTIL_IP/IP_64URAM_2W2R_WE/64_uram_we_wrapper.runs/synth_1/.Xil/Vivado-2854147-noah/realtime/uram_wex64_uram_2w_2r_we_6_3_stub.v:6]
INFO: [Synth 8-6155] done synthesizing module 'uram_wex64_uram_2w_2r_we_6_3' (33#1) [/Orion/GraphHBM/UTIL_IP/IP_64URAM_2W2R_WE/64_uram_we_wrapper.runs/synth_1/.Xil/Vivado-2854147-noah/realtime/uram_wex64_uram_2w_2r_we_6_3_stub.v:6]
INFO: [Synth 8-6157] synthesizing module 'uram_wex64_uram_2w_2r_we_7_3' [/Orion/GraphHBM/UTIL_IP/IP_64URAM_2W2R_WE/64_uram_we_wrapper.runs/synth_1/.Xil/Vivado-2854147-noah/realtime/uram_wex64_uram_2w_2r_we_7_3_stub.v:6]
INFO: [Synth 8-6155] done synthesizing module 'uram_wex64_uram_2w_2r_we_7_3' (34#1) [/Orion/GraphHBM/UTIL_IP/IP_64URAM_2W2R_WE/64_uram_we_wrapper.runs/synth_1/.Xil/Vivado-2854147-noah/realtime/uram_wex64_uram_2w_2r_we_7_3_stub.v:6]
INFO: [Synth 8-6157] synthesizing module 'uram_wex64_uram_2w_2r_we_0_3' [/Orion/GraphHBM/UTIL_IP/IP_64URAM_2W2R_WE/64_uram_we_wrapper.runs/synth_1/.Xil/Vivado-2854147-noah/realtime/uram_wex64_uram_2w_2r_we_0_3_stub.v:6]
INFO: [Synth 8-6155] done synthesizing module 'uram_wex64_uram_2w_2r_we_0_3' (35#1) [/Orion/GraphHBM/UTIL_IP/IP_64URAM_2W2R_WE/64_uram_we_wrapper.runs/synth_1/.Xil/Vivado-2854147-noah/realtime/uram_wex64_uram_2w_2r_we_0_3_stub.v:6]
INFO: [Synth 8-6157] synthesizing module 'uram_wex64_uram_2w_2r_we_0_8' [/Orion/GraphHBM/UTIL_IP/IP_64URAM_2W2R_WE/64_uram_we_wrapper.runs/synth_1/.Xil/Vivado-2854147-noah/realtime/uram_wex64_uram_2w_2r_we_0_8_stub.v:6]
INFO: [Synth 8-6155] done synthesizing module 'uram_wex64_uram_2w_2r_we_0_8' (36#1) [/Orion/GraphHBM/UTIL_IP/IP_64URAM_2W2R_WE/64_uram_we_wrapper.runs/synth_1/.Xil/Vivado-2854147-noah/realtime/uram_wex64_uram_2w_2r_we_0_8_stub.v:6]
INFO: [Synth 8-6157] synthesizing module 'uram_wex64_uram_2w_2r_we_1_6' [/Orion/GraphHBM/UTIL_IP/IP_64URAM_2W2R_WE/64_uram_we_wrapper.runs/synth_1/.Xil/Vivado-2854147-noah/realtime/uram_wex64_uram_2w_2r_we_1_6_stub.v:6]
INFO: [Synth 8-6155] done synthesizing module 'uram_wex64_uram_2w_2r_we_1_6' (37#1) [/Orion/GraphHBM/UTIL_IP/IP_64URAM_2W2R_WE/64_uram_we_wrapper.runs/synth_1/.Xil/Vivado-2854147-noah/realtime/uram_wex64_uram_2w_2r_we_1_6_stub.v:6]
INFO: [Synth 8-6157] synthesizing module 'uram_wex64_uram_2w_2r_we_2_5' [/Orion/GraphHBM/UTIL_IP/IP_64URAM_2W2R_WE/64_uram_we_wrapper.runs/synth_1/.Xil/Vivado-2854147-noah/realtime/uram_wex64_uram_2w_2r_we_2_5_stub.v:6]
INFO: [Synth 8-6155] done synthesizing module 'uram_wex64_uram_2w_2r_we_2_5' (38#1) [/Orion/GraphHBM/UTIL_IP/IP_64URAM_2W2R_WE/64_uram_we_wrapper.runs/synth_1/.Xil/Vivado-2854147-noah/realtime/uram_wex64_uram_2w_2r_we_2_5_stub.v:6]
INFO: [Synth 8-6157] synthesizing module 'uram_wex64_uram_2w_2r_we_3_5' [/Orion/GraphHBM/UTIL_IP/IP_64URAM_2W2R_WE/64_uram_we_wrapper.runs/synth_1/.Xil/Vivado-2854147-noah/realtime/uram_wex64_uram_2w_2r_we_3_5_stub.v:6]
INFO: [Synth 8-6155] done synthesizing module 'uram_wex64_uram_2w_2r_we_3_5' (39#1) [/Orion/GraphHBM/UTIL_IP/IP_64URAM_2W2R_WE/64_uram_we_wrapper.runs/synth_1/.Xil/Vivado-2854147-noah/realtime/uram_wex64_uram_2w_2r_we_3_5_stub.v:6]
INFO: [Synth 8-6157] synthesizing module 'uram_wex64_uram_2w_2r_we_4_4' [/Orion/GraphHBM/UTIL_IP/IP_64URAM_2W2R_WE/64_uram_we_wrapper.runs/synth_1/.Xil/Vivado-2854147-noah/realtime/uram_wex64_uram_2w_2r_we_4_4_stub.v:6]
INFO: [Synth 8-6155] done synthesizing module 'uram_wex64_uram_2w_2r_we_4_4' (40#1) [/Orion/GraphHBM/UTIL_IP/IP_64URAM_2W2R_WE/64_uram_we_wrapper.runs/synth_1/.Xil/Vivado-2854147-noah/realtime/uram_wex64_uram_2w_2r_we_4_4_stub.v:6]
INFO: [Synth 8-6157] synthesizing module 'uram_wex64_uram_2w_2r_we_5_4' [/Orion/GraphHBM/UTIL_IP/IP_64URAM_2W2R_WE/64_uram_we_wrapper.runs/synth_1/.Xil/Vivado-2854147-noah/realtime/uram_wex64_uram_2w_2r_we_5_4_stub.v:6]
INFO: [Synth 8-6155] done synthesizing module 'uram_wex64_uram_2w_2r_we_5_4' (41#1) [/Orion/GraphHBM/UTIL_IP/IP_64URAM_2W2R_WE/64_uram_we_wrapper.runs/synth_1/.Xil/Vivado-2854147-noah/realtime/uram_wex64_uram_2w_2r_we_5_4_stub.v:6]
INFO: [Synth 8-6157] synthesizing module 'uram_wex64_uram_2w_2r_we_6_4' [/Orion/GraphHBM/UTIL_IP/IP_64URAM_2W2R_WE/64_uram_we_wrapper.runs/synth_1/.Xil/Vivado-2854147-noah/realtime/uram_wex64_uram_2w_2r_we_6_4_stub.v:6]
INFO: [Synth 8-6155] done synthesizing module 'uram_wex64_uram_2w_2r_we_6_4' (42#1) [/Orion/GraphHBM/UTIL_IP/IP_64URAM_2W2R_WE/64_uram_we_wrapper.runs/synth_1/.Xil/Vivado-2854147-noah/realtime/uram_wex64_uram_2w_2r_we_6_4_stub.v:6]
INFO: [Synth 8-6157] synthesizing module 'uram_wex64_uram_2w_2r_we_7_4' [/Orion/GraphHBM/UTIL_IP/IP_64URAM_2W2R_WE/64_uram_we_wrapper.runs/synth_1/.Xil/Vivado-2854147-noah/realtime/uram_wex64_uram_2w_2r_we_7_4_stub.v:6]
INFO: [Synth 8-6155] done synthesizing module 'uram_wex64_uram_2w_2r_we_7_4' (43#1) [/Orion/GraphHBM/UTIL_IP/IP_64URAM_2W2R_WE/64_uram_we_wrapper.runs/synth_1/.Xil/Vivado-2854147-noah/realtime/uram_wex64_uram_2w_2r_we_7_4_stub.v:6]
INFO: [Synth 8-6157] synthesizing module 'uram_wex64_uram_2w_2r_we_0_9' [/Orion/GraphHBM/UTIL_IP/IP_64URAM_2W2R_WE/64_uram_we_wrapper.runs/synth_1/.Xil/Vivado-2854147-noah/realtime/uram_wex64_uram_2w_2r_we_0_9_stub.v:6]
INFO: [Synth 8-6155] done synthesizing module 'uram_wex64_uram_2w_2r_we_0_9' (44#1) [/Orion/GraphHBM/UTIL_IP/IP_64URAM_2W2R_WE/64_uram_we_wrapper.runs/synth_1/.Xil/Vivado-2854147-noah/realtime/uram_wex64_uram_2w_2r_we_0_9_stub.v:6]
INFO: [Synth 8-6157] synthesizing module 'uram_wex64_uram_2w_2r_we_1_7' [/Orion/GraphHBM/UTIL_IP/IP_64URAM_2W2R_WE/64_uram_we_wrapper.runs/synth_1/.Xil/Vivado-2854147-noah/realtime/uram_wex64_uram_2w_2r_we_1_7_stub.v:6]
INFO: [Synth 8-6155] done synthesizing module 'uram_wex64_uram_2w_2r_we_1_7' (45#1) [/Orion/GraphHBM/UTIL_IP/IP_64URAM_2W2R_WE/64_uram_we_wrapper.runs/synth_1/.Xil/Vivado-2854147-noah/realtime/uram_wex64_uram_2w_2r_we_1_7_stub.v:6]
INFO: [Synth 8-6157] synthesizing module 'uram_wex64_uram_2w_2r_we_1_1' [/Orion/GraphHBM/UTIL_IP/IP_64URAM_2W2R_WE/64_uram_we_wrapper.runs/synth_1/.Xil/Vivado-2854147-noah/realtime/uram_wex64_uram_2w_2r_we_1_1_stub.v:6]
INFO: [Synth 8-6155] done synthesizing module 'uram_wex64_uram_2w_2r_we_1_1' (46#1) [/Orion/GraphHBM/UTIL_IP/IP_64URAM_2W2R_WE/64_uram_we_wrapper.runs/synth_1/.Xil/Vivado-2854147-noah/realtime/uram_wex64_uram_2w_2r_we_1_1_stub.v:6]
INFO: [Synth 8-6157] synthesizing module 'uram_wex64_uram_2w_2r_we_2_6' [/Orion/GraphHBM/UTIL_IP/IP_64URAM_2W2R_WE/64_uram_we_wrapper.runs/synth_1/.Xil/Vivado-2854147-noah/realtime/uram_wex64_uram_2w_2r_we_2_6_stub.v:6]
INFO: [Synth 8-6155] done synthesizing module 'uram_wex64_uram_2w_2r_we_2_6' (47#1) [/Orion/GraphHBM/UTIL_IP/IP_64URAM_2W2R_WE/64_uram_we_wrapper.runs/synth_1/.Xil/Vivado-2854147-noah/realtime/uram_wex64_uram_2w_2r_we_2_6_stub.v:6]
INFO: [Synth 8-6157] synthesizing module 'uram_wex64_uram_2w_2r_we_3_6' [/Orion/GraphHBM/UTIL_IP/IP_64URAM_2W2R_WE/64_uram_we_wrapper.runs/synth_1/.Xil/Vivado-2854147-noah/realtime/uram_wex64_uram_2w_2r_we_3_6_stub.v:6]
INFO: [Synth 8-6155] done synthesizing module 'uram_wex64_uram_2w_2r_we_3_6' (48#1) [/Orion/GraphHBM/UTIL_IP/IP_64URAM_2W2R_WE/64_uram_we_wrapper.runs/synth_1/.Xil/Vivado-2854147-noah/realtime/uram_wex64_uram_2w_2r_we_3_6_stub.v:6]
INFO: [Synth 8-6157] synthesizing module 'uram_wex64_uram_2w_2r_we_4_5' [/Orion/GraphHBM/UTIL_IP/IP_64URAM_2W2R_WE/64_uram_we_wrapper.runs/synth_1/.Xil/Vivado-2854147-noah/realtime/uram_wex64_uram_2w_2r_we_4_5_stub.v:6]
INFO: [Synth 8-6155] done synthesizing module 'uram_wex64_uram_2w_2r_we_4_5' (49#1) [/Orion/GraphHBM/UTIL_IP/IP_64URAM_2W2R_WE/64_uram_we_wrapper.runs/synth_1/.Xil/Vivado-2854147-noah/realtime/uram_wex64_uram_2w_2r_we_4_5_stub.v:6]
INFO: [Synth 8-6157] synthesizing module 'uram_wex64_uram_2w_2r_we_5_5' [/Orion/GraphHBM/UTIL_IP/IP_64URAM_2W2R_WE/64_uram_we_wrapper.runs/synth_1/.Xil/Vivado-2854147-noah/realtime/uram_wex64_uram_2w_2r_we_5_5_stub.v:6]
INFO: [Synth 8-6155] done synthesizing module 'uram_wex64_uram_2w_2r_we_5_5' (50#1) [/Orion/GraphHBM/UTIL_IP/IP_64URAM_2W2R_WE/64_uram_we_wrapper.runs/synth_1/.Xil/Vivado-2854147-noah/realtime/uram_wex64_uram_2w_2r_we_5_5_stub.v:6]
INFO: [Synth 8-6157] synthesizing module 'uram_wex64_uram_2w_2r_we_6_5' [/Orion/GraphHBM/UTIL_IP/IP_64URAM_2W2R_WE/64_uram_we_wrapper.runs/synth_1/.Xil/Vivado-2854147-noah/realtime/uram_wex64_uram_2w_2r_we_6_5_stub.v:6]
INFO: [Synth 8-6155] done synthesizing module 'uram_wex64_uram_2w_2r_we_6_5' (51#1) [/Orion/GraphHBM/UTIL_IP/IP_64URAM_2W2R_WE/64_uram_we_wrapper.runs/synth_1/.Xil/Vivado-2854147-noah/realtime/uram_wex64_uram_2w_2r_we_6_5_stub.v:6]
INFO: [Synth 8-6157] synthesizing module 'uram_wex64_uram_2w_2r_we_7_5' [/Orion/GraphHBM/UTIL_IP/IP_64URAM_2W2R_WE/64_uram_we_wrapper.runs/synth_1/.Xil/Vivado-2854147-noah/realtime/uram_wex64_uram_2w_2r_we_7_5_stub.v:6]
INFO: [Synth 8-6155] done synthesizing module 'uram_wex64_uram_2w_2r_we_7_5' (52#1) [/Orion/GraphHBM/UTIL_IP/IP_64URAM_2W2R_WE/64_uram_we_wrapper.runs/synth_1/.Xil/Vivado-2854147-noah/realtime/uram_wex64_uram_2w_2r_we_7_5_stub.v:6]
INFO: [Synth 8-6157] synthesizing module 'uram_wex64_uram_2w_2r_we_0_10' [/Orion/GraphHBM/UTIL_IP/IP_64URAM_2W2R_WE/64_uram_we_wrapper.runs/synth_1/.Xil/Vivado-2854147-noah/realtime/uram_wex64_uram_2w_2r_we_0_10_stub.v:6]
INFO: [Synth 8-6155] done synthesizing module 'uram_wex64_uram_2w_2r_we_0_10' (53#1) [/Orion/GraphHBM/UTIL_IP/IP_64URAM_2W2R_WE/64_uram_we_wrapper.runs/synth_1/.Xil/Vivado-2854147-noah/realtime/uram_wex64_uram_2w_2r_we_0_10_stub.v:6]
INFO: [Synth 8-6157] synthesizing module 'uram_wex64_uram_2w_2r_we_1_8' [/Orion/GraphHBM/UTIL_IP/IP_64URAM_2W2R_WE/64_uram_we_wrapper.runs/synth_1/.Xil/Vivado-2854147-noah/realtime/uram_wex64_uram_2w_2r_we_1_8_stub.v:6]
INFO: [Synth 8-6155] done synthesizing module 'uram_wex64_uram_2w_2r_we_1_8' (54#1) [/Orion/GraphHBM/UTIL_IP/IP_64URAM_2W2R_WE/64_uram_we_wrapper.runs/synth_1/.Xil/Vivado-2854147-noah/realtime/uram_wex64_uram_2w_2r_we_1_8_stub.v:6]
INFO: [Synth 8-6157] synthesizing module 'uram_wex64_uram_2w_2r_we_2_7' [/Orion/GraphHBM/UTIL_IP/IP_64URAM_2W2R_WE/64_uram_we_wrapper.runs/synth_1/.Xil/Vivado-2854147-noah/realtime/uram_wex64_uram_2w_2r_we_2_7_stub.v:6]
INFO: [Synth 8-6155] done synthesizing module 'uram_wex64_uram_2w_2r_we_2_7' (55#1) [/Orion/GraphHBM/UTIL_IP/IP_64URAM_2W2R_WE/64_uram_we_wrapper.runs/synth_1/.Xil/Vivado-2854147-noah/realtime/uram_wex64_uram_2w_2r_we_2_7_stub.v:6]
INFO: [Synth 8-6157] synthesizing module 'uram_wex64_uram_2w_2r_we_3_7' [/Orion/GraphHBM/UTIL_IP/IP_64URAM_2W2R_WE/64_uram_we_wrapper.runs/synth_1/.Xil/Vivado-2854147-noah/realtime/uram_wex64_uram_2w_2r_we_3_7_stub.v:6]
INFO: [Synth 8-6155] done synthesizing module 'uram_wex64_uram_2w_2r_we_3_7' (56#1) [/Orion/GraphHBM/UTIL_IP/IP_64URAM_2W2R_WE/64_uram_we_wrapper.runs/synth_1/.Xil/Vivado-2854147-noah/realtime/uram_wex64_uram_2w_2r_we_3_7_stub.v:6]
INFO: [Synth 8-6157] synthesizing module 'uram_wex64_uram_2w_2r_we_2_0' [/Orion/GraphHBM/UTIL_IP/IP_64URAM_2W2R_WE/64_uram_we_wrapper.runs/synth_1/.Xil/Vivado-2854147-noah/realtime/uram_wex64_uram_2w_2r_we_2_0_stub.v:6]
INFO: [Synth 8-6155] done synthesizing module 'uram_wex64_uram_2w_2r_we_2_0' (57#1) [/Orion/GraphHBM/UTIL_IP/IP_64URAM_2W2R_WE/64_uram_we_wrapper.runs/synth_1/.Xil/Vivado-2854147-noah/realtime/uram_wex64_uram_2w_2r_we_2_0_stub.v:6]
INFO: [Synth 8-6157] synthesizing module 'uram_wex64_uram_2w_2r_we_4_6' [/Orion/GraphHBM/UTIL_IP/IP_64URAM_2W2R_WE/64_uram_we_wrapper.runs/synth_1/.Xil/Vivado-2854147-noah/realtime/uram_wex64_uram_2w_2r_we_4_6_stub.v:6]
INFO: [Synth 8-6155] done synthesizing module 'uram_wex64_uram_2w_2r_we_4_6' (58#1) [/Orion/GraphHBM/UTIL_IP/IP_64URAM_2W2R_WE/64_uram_we_wrapper.runs/synth_1/.Xil/Vivado-2854147-noah/realtime/uram_wex64_uram_2w_2r_we_4_6_stub.v:6]
INFO: [Synth 8-6157] synthesizing module 'uram_wex64_uram_2w_2r_we_5_6' [/Orion/GraphHBM/UTIL_IP/IP_64URAM_2W2R_WE/64_uram_we_wrapper.runs/synth_1/.Xil/Vivado-2854147-noah/realtime/uram_wex64_uram_2w_2r_we_5_6_stub.v:6]
INFO: [Synth 8-6155] done synthesizing module 'uram_wex64_uram_2w_2r_we_5_6' (59#1) [/Orion/GraphHBM/UTIL_IP/IP_64URAM_2W2R_WE/64_uram_we_wrapper.runs/synth_1/.Xil/Vivado-2854147-noah/realtime/uram_wex64_uram_2w_2r_we_5_6_stub.v:6]
INFO: [Synth 8-6157] synthesizing module 'uram_wex64_uram_2w_2r_we_6_6' [/Orion/GraphHBM/UTIL_IP/IP_64URAM_2W2R_WE/64_uram_we_wrapper.runs/synth_1/.Xil/Vivado-2854147-noah/realtime/uram_wex64_uram_2w_2r_we_6_6_stub.v:6]
INFO: [Synth 8-6155] done synthesizing module 'uram_wex64_uram_2w_2r_we_6_6' (60#1) [/Orion/GraphHBM/UTIL_IP/IP_64URAM_2W2R_WE/64_uram_we_wrapper.runs/synth_1/.Xil/Vivado-2854147-noah/realtime/uram_wex64_uram_2w_2r_we_6_6_stub.v:6]
INFO: [Synth 8-6157] synthesizing module 'uram_wex64_uram_2w_2r_we_7_6' [/Orion/GraphHBM/UTIL_IP/IP_64URAM_2W2R_WE/64_uram_we_wrapper.runs/synth_1/.Xil/Vivado-2854147-noah/realtime/uram_wex64_uram_2w_2r_we_7_6_stub.v:6]
INFO: [Synth 8-6155] done synthesizing module 'uram_wex64_uram_2w_2r_we_7_6' (61#1) [/Orion/GraphHBM/UTIL_IP/IP_64URAM_2W2R_WE/64_uram_we_wrapper.runs/synth_1/.Xil/Vivado-2854147-noah/realtime/uram_wex64_uram_2w_2r_we_7_6_stub.v:6]
INFO: [Synth 8-6157] synthesizing module 'uram_wex64_uram_2w_2r_we_3_0' [/Orion/GraphHBM/UTIL_IP/IP_64URAM_2W2R_WE/64_uram_we_wrapper.runs/synth_1/.Xil/Vivado-2854147-noah/realtime/uram_wex64_uram_2w_2r_we_3_0_stub.v:6]
INFO: [Synth 8-6155] done synthesizing module 'uram_wex64_uram_2w_2r_we_3_0' (62#1) [/Orion/GraphHBM/UTIL_IP/IP_64URAM_2W2R_WE/64_uram_we_wrapper.runs/synth_1/.Xil/Vivado-2854147-noah/realtime/uram_wex64_uram_2w_2r_we_3_0_stub.v:6]
INFO: [Synth 8-6157] synthesizing module 'uram_wex64_uram_2w_2r_we_0_4' [/Orion/GraphHBM/UTIL_IP/IP_64URAM_2W2R_WE/64_uram_we_wrapper.runs/synth_1/.Xil/Vivado-2854147-noah/realtime/uram_wex64_uram_2w_2r_we_0_4_stub.v:6]
INFO: [Synth 8-6155] done synthesizing module 'uram_wex64_uram_2w_2r_we_0_4' (63#1) [/Orion/GraphHBM/UTIL_IP/IP_64URAM_2W2R_WE/64_uram_we_wrapper.runs/synth_1/.Xil/Vivado-2854147-noah/realtime/uram_wex64_uram_2w_2r_we_0_4_stub.v:6]
INFO: [Synth 8-6157] synthesizing module 'uram_wex64_uram_2w_2r_we_1_2' [/Orion/GraphHBM/UTIL_IP/IP_64URAM_2W2R_WE/64_uram_we_wrapper.runs/synth_1/.Xil/Vivado-2854147-noah/realtime/uram_wex64_uram_2w_2r_we_1_2_stub.v:6]
INFO: [Synth 8-6155] done synthesizing module 'uram_wex64_uram_2w_2r_we_1_2' (64#1) [/Orion/GraphHBM/UTIL_IP/IP_64URAM_2W2R_WE/64_uram_we_wrapper.runs/synth_1/.Xil/Vivado-2854147-noah/realtime/uram_wex64_uram_2w_2r_we_1_2_stub.v:6]
INFO: [Synth 8-6155] done synthesizing module 'uram_wex64' (65#1) [/Orion/GraphHBM/UTIL_IP/IP_64URAM_2W2R_WE/64_uram_we_wrapper.gen/sources_1/bd/uram_wex64/synth/uram_wex64.v:13]
INFO: [Synth 8-6155] done synthesizing module 'uram_wex64_wrapper' (66#1) [/Orion/GraphHBM/UTIL_IP/IP_64URAM_2W2R_WE/64_uram_we_wrapper.gen/sources_1/bd/uram_wex64/hdl/uram_wex64_wrapper.v:12]
INFO: [Synth 8-6155] done synthesizing module 'uram_2w_2r_we_x64' (67#1) [/Orion/GraphHBM/UTIL_IP/IP_64URAM_2W2R_WE/64_uram_we_wrapper.srcs/sources_1/new/sixtyfour_uram_we.v:4]
---------------------------------------------------------------------------------
Finished RTL Elaboration : Time (s): cpu = 00:00:02 ; elapsed = 00:00:03 . Memory (MB): peak = 3268.738 ; gain = 234.625 ; free physical = 22209 ; free virtual = 49864
---------------------------------------------------------------------------------
---------------------------------------------------------------------------------
Start Handling Custom Attributes
---------------------------------------------------------------------------------
---------------------------------------------------------------------------------
Finished Handling Custom Attributes : Time (s): cpu = 00:00:02 ; elapsed = 00:00:03 . Memory (MB): peak = 3283.613 ; gain = 249.500 ; free physical = 22493 ; free virtual = 50149
---------------------------------------------------------------------------------
---------------------------------------------------------------------------------
Finished RTL Optimization Phase 1 : Time (s): cpu = 00:00:02 ; elapsed = 00:00:03 . Memory (MB): peak = 3283.613 ; gain = 249.500 ; free physical = 22493 ; free virtual = 50149
---------------------------------------------------------------------------------
Netlist sorting complete. Time (s): cpu = 00:00:00.07 ; elapsed = 00:00:00.06 . Memory (MB): peak = 3283.613 ; gain = 0.000 ; free physical = 22497 ; free virtual = 50152
INFO: [Project 1-570] Preparing netlist for logic optimization

Processing XDC Constraints
Initializing timing engine
Parsing XDC File [/Orion/GraphHBM/UTIL_IP/IP_64URAM_2W2R_WE/64_uram_we_wrapper.gen/sources_1/bd/uram_wex64/ip/uram_wex64_uram_2w_2r_we_0_0/uram_wex64_uram_2w_2r_we_0_0/uram_wex64_uram_2w_2r_we_4_3_in_context.xdc] for cell 'inst_64uram_we/uram_wex64_i/uram_2w_2r_we_0'
Finished Parsing XDC File [/Orion/GraphHBM/UTIL_IP/IP_64URAM_2W2R_WE/64_uram_we_wrapper.gen/sources_1/bd/uram_wex64/ip/uram_wex64_uram_2w_2r_we_0_0/uram_wex64_uram_2w_2r_we_0_0/uram_wex64_uram_2w_2r_we_4_3_in_context.xdc] for cell 'inst_64uram_we/uram_wex64_i/uram_2w_2r_we_0'
Parsing XDC File [/Orion/GraphHBM/UTIL_IP/IP_64URAM_2W2R_WE/64_uram_we_wrapper.gen/sources_1/bd/uram_wex64/ip/uram_wex64_uram_2w_2r_we_0_1/uram_wex64_uram_2w_2r_we_0_1/uram_wex64_uram_2w_2r_we_4_3_in_context.xdc] for cell 'inst_64uram_we/uram_wex64_i/uram_2w_2r_we_1'
Finished Parsing XDC File [/Orion/GraphHBM/UTIL_IP/IP_64URAM_2W2R_WE/64_uram_we_wrapper.gen/sources_1/bd/uram_wex64/ip/uram_wex64_uram_2w_2r_we_0_1/uram_wex64_uram_2w_2r_we_0_1/uram_wex64_uram_2w_2r_we_4_3_in_context.xdc] for cell 'inst_64uram_we/uram_wex64_i/uram_2w_2r_we_1'
Parsing XDC File [/Orion/GraphHBM/UTIL_IP/IP_64URAM_2W2R_WE/64_uram_we_wrapper.gen/sources_1/bd/uram_wex64/ip/uram_wex64_uram_2w_2r_we_0_2/uram_wex64_uram_2w_2r_we_0_2/uram_wex64_uram_2w_2r_we_4_3_in_context.xdc] for cell 'inst_64uram_we/uram_wex64_i/uram_2w_2r_we_2'
Finished Parsing XDC File [/Orion/GraphHBM/UTIL_IP/IP_64URAM_2W2R_WE/64_uram_we_wrapper.gen/sources_1/bd/uram_wex64/ip/uram_wex64_uram_2w_2r_we_0_2/uram_wex64_uram_2w_2r_we_0_2/uram_wex64_uram_2w_2r_we_4_3_in_context.xdc] for cell 'inst_64uram_we/uram_wex64_i/uram_2w_2r_we_2'
Parsing XDC File [/Orion/GraphHBM/UTIL_IP/IP_64URAM_2W2R_WE/64_uram_we_wrapper.gen/sources_1/bd/uram_wex64/ip/uram_wex64_uram_2w_2r_we_1_0/uram_wex64_uram_2w_2r_we_1_0/uram_wex64_uram_2w_2r_we_4_3_in_context.xdc] for cell 'inst_64uram_we/uram_wex64_i/uram_2w_2r_we_3'
Finished Parsing XDC File [/Orion/GraphHBM/UTIL_IP/IP_64URAM_2W2R_WE/64_uram_we_wrapper.gen/sources_1/bd/uram_wex64/ip/uram_wex64_uram_2w_2r_we_1_0/uram_wex64_uram_2w_2r_we_1_0/uram_wex64_uram_2w_2r_we_4_3_in_context.xdc] for cell 'inst_64uram_we/uram_wex64_i/uram_2w_2r_we_3'
Parsing XDC File [/Orion/GraphHBM/UTIL_IP/IP_64URAM_2W2R_WE/64_uram_we_wrapper.gen/sources_1/bd/uram_wex64/ip/uram_wex64_uram_2w_2r_we_0_3/uram_wex64_uram_2w_2r_we_0_3/uram_wex64_uram_2w_2r_we_4_3_in_context.xdc] for cell 'inst_64uram_we/uram_wex64_i/uram_2w_2r_we_4'
Finished Parsing XDC File [/Orion/GraphHBM/UTIL_IP/IP_64URAM_2W2R_WE/64_uram_we_wrapper.gen/sources_1/bd/uram_wex64/ip/uram_wex64_uram_2w_2r_we_0_3/uram_wex64_uram_2w_2r_we_0_3/uram_wex64_uram_2w_2r_we_4_3_in_context.xdc] for cell 'inst_64uram_we/uram_wex64_i/uram_2w_2r_we_4'
Parsing XDC File [/Orion/GraphHBM/UTIL_IP/IP_64URAM_2W2R_WE/64_uram_we_wrapper.gen/sources_1/bd/uram_wex64/ip/uram_wex64_uram_2w_2r_we_1_1/uram_wex64_uram_2w_2r_we_1_1/uram_wex64_uram_2w_2r_we_4_3_in_context.xdc] for cell 'inst_64uram_we/uram_wex64_i/uram_2w_2r_we_5'
Finished Parsing XDC File [/Orion/GraphHBM/UTIL_IP/IP_64URAM_2W2R_WE/64_uram_we_wrapper.gen/sources_1/bd/uram_wex64/ip/uram_wex64_uram_2w_2r_we_1_1/uram_wex64_uram_2w_2r_we_1_1/uram_wex64_uram_2w_2r_we_4_3_in_context.xdc] for cell 'inst_64uram_we/uram_wex64_i/uram_2w_2r_we_5'
Parsing XDC File [/Orion/GraphHBM/UTIL_IP/IP_64URAM_2W2R_WE/64_uram_we_wrapper.gen/sources_1/bd/uram_wex64/ip/uram_wex64_uram_2w_2r_we_2_0/uram_wex64_uram_2w_2r_we_2_0/uram_wex64_uram_2w_2r_we_4_3_in_context.xdc] for cell 'inst_64uram_we/uram_wex64_i/uram_2w_2r_we_6'
Finished Parsing XDC File [/Orion/GraphHBM/UTIL_IP/IP_64URAM_2W2R_WE/64_uram_we_wrapper.gen/sources_1/bd/uram_wex64/ip/uram_wex64_uram_2w_2r_we_2_0/uram_wex64_uram_2w_2r_we_2_0/uram_wex64_uram_2w_2r_we_4_3_in_context.xdc] for cell 'inst_64uram_we/uram_wex64_i/uram_2w_2r_we_6'
Parsing XDC File [/Orion/GraphHBM/UTIL_IP/IP_64URAM_2W2R_WE/64_uram_we_wrapper.gen/sources_1/bd/uram_wex64/ip/uram_wex64_uram_2w_2r_we_3_0/uram_wex64_uram_2w_2r_we_3_0/uram_wex64_uram_2w_2r_we_4_3_in_context.xdc] for cell 'inst_64uram_we/uram_wex64_i/uram_2w_2r_we_7'
Finished Parsing XDC File [/Orion/GraphHBM/UTIL_IP/IP_64URAM_2W2R_WE/64_uram_we_wrapper.gen/sources_1/bd/uram_wex64/ip/uram_wex64_uram_2w_2r_we_3_0/uram_wex64_uram_2w_2r_we_3_0/uram_wex64_uram_2w_2r_we_4_3_in_context.xdc] for cell 'inst_64uram_we/uram_wex64_i/uram_2w_2r_we_7'
Parsing XDC File [/Orion/GraphHBM/UTIL_IP/IP_64URAM_2W2R_WE/64_uram_we_wrapper.gen/sources_1/bd/uram_wex64/ip/uram_wex64_uram_2w_2r_we_0_4/uram_wex64_uram_2w_2r_we_0_4/uram_wex64_uram_2w_2r_we_4_3_in_context.xdc] for cell 'inst_64uram_we/uram_wex64_i/uram_2w_2r_we_8'
Finished Parsing XDC File [/Orion/GraphHBM/UTIL_IP/IP_64URAM_2W2R_WE/64_uram_we_wrapper.gen/sources_1/bd/uram_wex64/ip/uram_wex64_uram_2w_2r_we_0_4/uram_wex64_uram_2w_2r_we_0_4/uram_wex64_uram_2w_2r_we_4_3_in_context.xdc] for cell 'inst_64uram_we/uram_wex64_i/uram_2w_2r_we_8'
Parsing XDC File [/Orion/GraphHBM/UTIL_IP/IP_64URAM_2W2R_WE/64_uram_we_wrapper.gen/sources_1/bd/uram_wex64/ip/uram_wex64_uram_2w_2r_we_1_2/uram_wex64_uram_2w_2r_we_1_2/uram_wex64_uram_2w_2r_we_4_3_in_context.xdc] for cell 'inst_64uram_we/uram_wex64_i/uram_2w_2r_we_9'
Finished Parsing XDC File [/Orion/GraphHBM/UTIL_IP/IP_64URAM_2W2R_WE/64_uram_we_wrapper.gen/sources_1/bd/uram_wex64/ip/uram_wex64_uram_2w_2r_we_1_2/uram_wex64_uram_2w_2r_we_1_2/uram_wex64_uram_2w_2r_we_4_3_in_context.xdc] for cell 'inst_64uram_we/uram_wex64_i/uram_2w_2r_we_9'
Parsing XDC File [/Orion/GraphHBM/UTIL_IP/IP_64URAM_2W2R_WE/64_uram_we_wrapper.gen/sources_1/bd/uram_wex64/ip/uram_wex64_uram_2w_2r_we_2_1/uram_wex64_uram_2w_2r_we_2_1/uram_wex64_uram_2w_2r_we_4_3_in_context.xdc] for cell 'inst_64uram_we/uram_wex64_i/uram_2w_2r_we_10'
Finished Parsing XDC File [/Orion/GraphHBM/UTIL_IP/IP_64URAM_2W2R_WE/64_uram_we_wrapper.gen/sources_1/bd/uram_wex64/ip/uram_wex64_uram_2w_2r_we_2_1/uram_wex64_uram_2w_2r_we_2_1/uram_wex64_uram_2w_2r_we_4_3_in_context.xdc] for cell 'inst_64uram_we/uram_wex64_i/uram_2w_2r_we_10'
Parsing XDC File [/Orion/GraphHBM/UTIL_IP/IP_64URAM_2W2R_WE/64_uram_we_wrapper.gen/sources_1/bd/uram_wex64/ip/uram_wex64_uram_2w_2r_we_3_1/uram_wex64_uram_2w_2r_we_3_1/uram_wex64_uram_2w_2r_we_4_3_in_context.xdc] for cell 'inst_64uram_we/uram_wex64_i/uram_2w_2r_we_11'
Finished Parsing XDC File [/Orion/GraphHBM/UTIL_IP/IP_64URAM_2W2R_WE/64_uram_we_wrapper.gen/sources_1/bd/uram_wex64/ip/uram_wex64_uram_2w_2r_we_3_1/uram_wex64_uram_2w_2r_we_3_1/uram_wex64_uram_2w_2r_we_4_3_in_context.xdc] for cell 'inst_64uram_we/uram_wex64_i/uram_2w_2r_we_11'
Parsing XDC File [/Orion/GraphHBM/UTIL_IP/IP_64URAM_2W2R_WE/64_uram_we_wrapper.gen/sources_1/bd/uram_wex64/ip/uram_wex64_uram_2w_2r_we_4_0/uram_wex64_uram_2w_2r_we_4_0/uram_wex64_uram_2w_2r_we_4_3_in_context.xdc] for cell 'inst_64uram_we/uram_wex64_i/uram_2w_2r_we_12'
Finished Parsing XDC File [/Orion/GraphHBM/UTIL_IP/IP_64URAM_2W2R_WE/64_uram_we_wrapper.gen/sources_1/bd/uram_wex64/ip/uram_wex64_uram_2w_2r_we_4_0/uram_wex64_uram_2w_2r_we_4_0/uram_wex64_uram_2w_2r_we_4_3_in_context.xdc] for cell 'inst_64uram_we/uram_wex64_i/uram_2w_2r_we_12'
Parsing XDC File [/Orion/GraphHBM/UTIL_IP/IP_64URAM_2W2R_WE/64_uram_we_wrapper.gen/sources_1/bd/uram_wex64/ip/uram_wex64_uram_2w_2r_we_5_0/uram_wex64_uram_2w_2r_we_5_0/uram_wex64_uram_2w_2r_we_4_3_in_context.xdc] for cell 'inst_64uram_we/uram_wex64_i/uram_2w_2r_we_13'
Finished Parsing XDC File [/Orion/GraphHBM/UTIL_IP/IP_64URAM_2W2R_WE/64_uram_we_wrapper.gen/sources_1/bd/uram_wex64/ip/uram_wex64_uram_2w_2r_we_5_0/uram_wex64_uram_2w_2r_we_5_0/uram_wex64_uram_2w_2r_we_4_3_in_context.xdc] for cell 'inst_64uram_we/uram_wex64_i/uram_2w_2r_we_13'
Parsing XDC File [/Orion/GraphHBM/UTIL_IP/IP_64URAM_2W2R_WE/64_uram_we_wrapper.gen/sources_1/bd/uram_wex64/ip/uram_wex64_uram_2w_2r_we_6_0/uram_wex64_uram_2w_2r_we_6_0/uram_wex64_uram_2w_2r_we_4_3_in_context.xdc] for cell 'inst_64uram_we/uram_wex64_i/uram_2w_2r_we_14'
Finished Parsing XDC File [/Orion/GraphHBM/UTIL_IP/IP_64URAM_2W2R_WE/64_uram_we_wrapper.gen/sources_1/bd/uram_wex64/ip/uram_wex64_uram_2w_2r_we_6_0/uram_wex64_uram_2w_2r_we_6_0/uram_wex64_uram_2w_2r_we_4_3_in_context.xdc] for cell 'inst_64uram_we/uram_wex64_i/uram_2w_2r_we_14'
Parsing XDC File [/Orion/GraphHBM/UTIL_IP/IP_64URAM_2W2R_WE/64_uram_we_wrapper.gen/sources_1/bd/uram_wex64/ip/uram_wex64_uram_2w_2r_we_7_0/uram_wex64_uram_2w_2r_we_7_0/uram_wex64_uram_2w_2r_we_4_3_in_context.xdc] for cell 'inst_64uram_we/uram_wex64_i/uram_2w_2r_we_15'
Finished Parsing XDC File [/Orion/GraphHBM/UTIL_IP/IP_64URAM_2W2R_WE/64_uram_we_wrapper.gen/sources_1/bd/uram_wex64/ip/uram_wex64_uram_2w_2r_we_7_0/uram_wex64_uram_2w_2r_we_7_0/uram_wex64_uram_2w_2r_we_4_3_in_context.xdc] for cell 'inst_64uram_we/uram_wex64_i/uram_2w_2r_we_15'
Parsing XDC File [/Orion/GraphHBM/UTIL_IP/IP_64URAM_2W2R_WE/64_uram_we_wrapper.gen/sources_1/bd/uram_wex64/ip/uram_wex64_uram_2w_2r_we_0_5/uram_wex64_uram_2w_2r_we_0_5/uram_wex64_uram_2w_2r_we_4_3_in_context.xdc] for cell 'inst_64uram_we/uram_wex64_i/uram_2w_2r_we_16'
Finished Parsing XDC File [/Orion/GraphHBM/UTIL_IP/IP_64URAM_2W2R_WE/64_uram_we_wrapper.gen/sources_1/bd/uram_wex64/ip/uram_wex64_uram_2w_2r_we_0_5/uram_wex64_uram_2w_2r_we_0_5/uram_wex64_uram_2w_2r_we_4_3_in_context.xdc] for cell 'inst_64uram_we/uram_wex64_i/uram_2w_2r_we_16'
Parsing XDC File [/Orion/GraphHBM/UTIL_IP/IP_64URAM_2W2R_WE/64_uram_we_wrapper.gen/sources_1/bd/uram_wex64/ip/uram_wex64_uram_2w_2r_we_1_3/uram_wex64_uram_2w_2r_we_1_3/uram_wex64_uram_2w_2r_we_4_3_in_context.xdc] for cell 'inst_64uram_we/uram_wex64_i/uram_2w_2r_we_17'
Finished Parsing XDC File [/Orion/GraphHBM/UTIL_IP/IP_64URAM_2W2R_WE/64_uram_we_wrapper.gen/sources_1/bd/uram_wex64/ip/uram_wex64_uram_2w_2r_we_1_3/uram_wex64_uram_2w_2r_we_1_3/uram_wex64_uram_2w_2r_we_4_3_in_context.xdc] for cell 'inst_64uram_we/uram_wex64_i/uram_2w_2r_we_17'
Parsing XDC File [/Orion/GraphHBM/UTIL_IP/IP_64URAM_2W2R_WE/64_uram_we_wrapper.gen/sources_1/bd/uram_wex64/ip/uram_wex64_uram_2w_2r_we_2_2/uram_wex64_uram_2w_2r_we_2_2/uram_wex64_uram_2w_2r_we_4_3_in_context.xdc] for cell 'inst_64uram_we/uram_wex64_i/uram_2w_2r_we_18'
Finished Parsing XDC File [/Orion/GraphHBM/UTIL_IP/IP_64URAM_2W2R_WE/64_uram_we_wrapper.gen/sources_1/bd/uram_wex64/ip/uram_wex64_uram_2w_2r_we_2_2/uram_wex64_uram_2w_2r_we_2_2/uram_wex64_uram_2w_2r_we_4_3_in_context.xdc] for cell 'inst_64uram_we/uram_wex64_i/uram_2w_2r_we_18'
Parsing XDC File [/Orion/GraphHBM/UTIL_IP/IP_64URAM_2W2R_WE/64_uram_we_wrapper.gen/sources_1/bd/uram_wex64/ip/uram_wex64_uram_2w_2r_we_3_2/uram_wex64_uram_2w_2r_we_3_2/uram_wex64_uram_2w_2r_we_4_3_in_context.xdc] for cell 'inst_64uram_we/uram_wex64_i/uram_2w_2r_we_19'
Finished Parsing XDC File [/Orion/GraphHBM/UTIL_IP/IP_64URAM_2W2R_WE/64_uram_we_wrapper.gen/sources_1/bd/uram_wex64/ip/uram_wex64_uram_2w_2r_we_3_2/uram_wex64_uram_2w_2r_we_3_2/uram_wex64_uram_2w_2r_we_4_3_in_context.xdc] for cell 'inst_64uram_we/uram_wex64_i/uram_2w_2r_we_19'
Parsing XDC File [/Orion/GraphHBM/UTIL_IP/IP_64URAM_2W2R_WE/64_uram_we_wrapper.gen/sources_1/bd/uram_wex64/ip/uram_wex64_uram_2w_2r_we_4_1/uram_wex64_uram_2w_2r_we_4_1/uram_wex64_uram_2w_2r_we_4_3_in_context.xdc] for cell 'inst_64uram_we/uram_wex64_i/uram_2w_2r_we_20'
Finished Parsing XDC File [/Orion/GraphHBM/UTIL_IP/IP_64URAM_2W2R_WE/64_uram_we_wrapper.gen/sources_1/bd/uram_wex64/ip/uram_wex64_uram_2w_2r_we_4_1/uram_wex64_uram_2w_2r_we_4_1/uram_wex64_uram_2w_2r_we_4_3_in_context.xdc] for cell 'inst_64uram_we/uram_wex64_i/uram_2w_2r_we_20'
Parsing XDC File [/Orion/GraphHBM/UTIL_IP/IP_64URAM_2W2R_WE/64_uram_we_wrapper.gen/sources_1/bd/uram_wex64/ip/uram_wex64_uram_2w_2r_we_5_1/uram_wex64_uram_2w_2r_we_5_1/uram_wex64_uram_2w_2r_we_4_3_in_context.xdc] for cell 'inst_64uram_we/uram_wex64_i/uram_2w_2r_we_21'
Finished Parsing XDC File [/Orion/GraphHBM/UTIL_IP/IP_64URAM_2W2R_WE/64_uram_we_wrapper.gen/sources_1/bd/uram_wex64/ip/uram_wex64_uram_2w_2r_we_5_1/uram_wex64_uram_2w_2r_we_5_1/uram_wex64_uram_2w_2r_we_4_3_in_context.xdc] for cell 'inst_64uram_we/uram_wex64_i/uram_2w_2r_we_21'
Parsing XDC File [/Orion/GraphHBM/UTIL_IP/IP_64URAM_2W2R_WE/64_uram_we_wrapper.gen/sources_1/bd/uram_wex64/ip/uram_wex64_uram_2w_2r_we_6_1/uram_wex64_uram_2w_2r_we_6_1/uram_wex64_uram_2w_2r_we_4_3_in_context.xdc] for cell 'inst_64uram_we/uram_wex64_i/uram_2w_2r_we_22'
Finished Parsing XDC File [/Orion/GraphHBM/UTIL_IP/IP_64URAM_2W2R_WE/64_uram_we_wrapper.gen/sources_1/bd/uram_wex64/ip/uram_wex64_uram_2w_2r_we_6_1/uram_wex64_uram_2w_2r_we_6_1/uram_wex64_uram_2w_2r_we_4_3_in_context.xdc] for cell 'inst_64uram_we/uram_wex64_i/uram_2w_2r_we_22'
Parsing XDC File [/Orion/GraphHBM/UTIL_IP/IP_64URAM_2W2R_WE/64_uram_we_wrapper.gen/sources_1/bd/uram_wex64/ip/uram_wex64_uram_2w_2r_we_7_1/uram_wex64_uram_2w_2r_we_7_1/uram_wex64_uram_2w_2r_we_4_3_in_context.xdc] for cell 'inst_64uram_we/uram_wex64_i/uram_2w_2r_we_23'
Finished Parsing XDC File [/Orion/GraphHBM/UTIL_IP/IP_64URAM_2W2R_WE/64_uram_we_wrapper.gen/sources_1/bd/uram_wex64/ip/uram_wex64_uram_2w_2r_we_7_1/uram_wex64_uram_2w_2r_we_7_1/uram_wex64_uram_2w_2r_we_4_3_in_context.xdc] for cell 'inst_64uram_we/uram_wex64_i/uram_2w_2r_we_23'
Parsing XDC File [/Orion/GraphHBM/UTIL_IP/IP_64URAM_2W2R_WE/64_uram_we_wrapper.gen/sources_1/bd/uram_wex64/ip/uram_wex64_uram_2w_2r_we_0_6/uram_wex64_uram_2w_2r_we_0_6/uram_wex64_uram_2w_2r_we_4_3_in_context.xdc] for cell 'inst_64uram_we/uram_wex64_i/uram_2w_2r_we_24'
Finished Parsing XDC File [/Orion/GraphHBM/UTIL_IP/IP_64URAM_2W2R_WE/64_uram_we_wrapper.gen/sources_1/bd/uram_wex64/ip/uram_wex64_uram_2w_2r_we_0_6/uram_wex64_uram_2w_2r_we_0_6/uram_wex64_uram_2w_2r_we_4_3_in_context.xdc] for cell 'inst_64uram_we/uram_wex64_i/uram_2w_2r_we_24'
Parsing XDC File [/Orion/GraphHBM/UTIL_IP/IP_64URAM_2W2R_WE/64_uram_we_wrapper.gen/sources_1/bd/uram_wex64/ip/uram_wex64_uram_2w_2r_we_1_4/uram_wex64_uram_2w_2r_we_1_4/uram_wex64_uram_2w_2r_we_4_3_in_context.xdc] for cell 'inst_64uram_we/uram_wex64_i/uram_2w_2r_we_25'
Finished Parsing XDC File [/Orion/GraphHBM/UTIL_IP/IP_64URAM_2W2R_WE/64_uram_we_wrapper.gen/sources_1/bd/uram_wex64/ip/uram_wex64_uram_2w_2r_we_1_4/uram_wex64_uram_2w_2r_we_1_4/uram_wex64_uram_2w_2r_we_4_3_in_context.xdc] for cell 'inst_64uram_we/uram_wex64_i/uram_2w_2r_we_25'
Parsing XDC File [/Orion/GraphHBM/UTIL_IP/IP_64URAM_2W2R_WE/64_uram_we_wrapper.gen/sources_1/bd/uram_wex64/ip/uram_wex64_uram_2w_2r_we_2_3/uram_wex64_uram_2w_2r_we_2_3/uram_wex64_uram_2w_2r_we_4_3_in_context.xdc] for cell 'inst_64uram_we/uram_wex64_i/uram_2w_2r_we_26'
Finished Parsing XDC File [/Orion/GraphHBM/UTIL_IP/IP_64URAM_2W2R_WE/64_uram_we_wrapper.gen/sources_1/bd/uram_wex64/ip/uram_wex64_uram_2w_2r_we_2_3/uram_wex64_uram_2w_2r_we_2_3/uram_wex64_uram_2w_2r_we_4_3_in_context.xdc] for cell 'inst_64uram_we/uram_wex64_i/uram_2w_2r_we_26'
Parsing XDC File [/Orion/GraphHBM/UTIL_IP/IP_64URAM_2W2R_WE/64_uram_we_wrapper.gen/sources_1/bd/uram_wex64/ip/uram_wex64_uram_2w_2r_we_3_3/uram_wex64_uram_2w_2r_we_3_3/uram_wex64_uram_2w_2r_we_4_3_in_context.xdc] for cell 'inst_64uram_we/uram_wex64_i/uram_2w_2r_we_27'
Finished Parsing XDC File [/Orion/GraphHBM/UTIL_IP/IP_64URAM_2W2R_WE/64_uram_we_wrapper.gen/sources_1/bd/uram_wex64/ip/uram_wex64_uram_2w_2r_we_3_3/uram_wex64_uram_2w_2r_we_3_3/uram_wex64_uram_2w_2r_we_4_3_in_context.xdc] for cell 'inst_64uram_we/uram_wex64_i/uram_2w_2r_we_27'
Parsing XDC File [/Orion/GraphHBM/UTIL_IP/IP_64URAM_2W2R_WE/64_uram_we_wrapper.gen/sources_1/bd/uram_wex64/ip/uram_wex64_uram_2w_2r_we_4_2/uram_wex64_uram_2w_2r_we_4_2/uram_wex64_uram_2w_2r_we_4_3_in_context.xdc] for cell 'inst_64uram_we/uram_wex64_i/uram_2w_2r_we_28'
Finished Parsing XDC File [/Orion/GraphHBM/UTIL_IP/IP_64URAM_2W2R_WE/64_uram_we_wrapper.gen/sources_1/bd/uram_wex64/ip/uram_wex64_uram_2w_2r_we_4_2/uram_wex64_uram_2w_2r_we_4_2/uram_wex64_uram_2w_2r_we_4_3_in_context.xdc] for cell 'inst_64uram_we/uram_wex64_i/uram_2w_2r_we_28'
Parsing XDC File [/Orion/GraphHBM/UTIL_IP/IP_64URAM_2W2R_WE/64_uram_we_wrapper.gen/sources_1/bd/uram_wex64/ip/uram_wex64_uram_2w_2r_we_5_2/uram_wex64_uram_2w_2r_we_5_2/uram_wex64_uram_2w_2r_we_4_3_in_context.xdc] for cell 'inst_64uram_we/uram_wex64_i/uram_2w_2r_we_29'
Finished Parsing XDC File [/Orion/GraphHBM/UTIL_IP/IP_64URAM_2W2R_WE/64_uram_we_wrapper.gen/sources_1/bd/uram_wex64/ip/uram_wex64_uram_2w_2r_we_5_2/uram_wex64_uram_2w_2r_we_5_2/uram_wex64_uram_2w_2r_we_4_3_in_context.xdc] for cell 'inst_64uram_we/uram_wex64_i/uram_2w_2r_we_29'
Parsing XDC File [/Orion/GraphHBM/UTIL_IP/IP_64URAM_2W2R_WE/64_uram_we_wrapper.gen/sources_1/bd/uram_wex64/ip/uram_wex64_uram_2w_2r_we_6_2/uram_wex64_uram_2w_2r_we_6_2/uram_wex64_uram_2w_2r_we_4_3_in_context.xdc] for cell 'inst_64uram_we/uram_wex64_i/uram_2w_2r_we_30'
Finished Parsing XDC File [/Orion/GraphHBM/UTIL_IP/IP_64URAM_2W2R_WE/64_uram_we_wrapper.gen/sources_1/bd/uram_wex64/ip/uram_wex64_uram_2w_2r_we_6_2/uram_wex64_uram_2w_2r_we_6_2/uram_wex64_uram_2w_2r_we_4_3_in_context.xdc] for cell 'inst_64uram_we/uram_wex64_i/uram_2w_2r_we_30'
Parsing XDC File [/Orion/GraphHBM/UTIL_IP/IP_64URAM_2W2R_WE/64_uram_we_wrapper.gen/sources_1/bd/uram_wex64/ip/uram_wex64_uram_2w_2r_we_7_2/uram_wex64_uram_2w_2r_we_7_2/uram_wex64_uram_2w_2r_we_4_3_in_context.xdc] for cell 'inst_64uram_we/uram_wex64_i/uram_2w_2r_we_31'
Finished Parsing XDC File [/Orion/GraphHBM/UTIL_IP/IP_64URAM_2W2R_WE/64_uram_we_wrapper.gen/sources_1/bd/uram_wex64/ip/uram_wex64_uram_2w_2r_we_7_2/uram_wex64_uram_2w_2r_we_7_2/uram_wex64_uram_2w_2r_we_4_3_in_context.xdc] for cell 'inst_64uram_we/uram_wex64_i/uram_2w_2r_we_31'
Parsing XDC File [/Orion/GraphHBM/UTIL_IP/IP_64URAM_2W2R_WE/64_uram_we_wrapper.gen/sources_1/bd/uram_wex64/ip/uram_wex64_uram_2w_2r_we_0_7/uram_wex64_uram_2w_2r_we_0_7/uram_wex64_uram_2w_2r_we_4_3_in_context.xdc] for cell 'inst_64uram_we/uram_wex64_i/uram_2w_2r_we_32'
Finished Parsing XDC File [/Orion/GraphHBM/UTIL_IP/IP_64URAM_2W2R_WE/64_uram_we_wrapper.gen/sources_1/bd/uram_wex64/ip/uram_wex64_uram_2w_2r_we_0_7/uram_wex64_uram_2w_2r_we_0_7/uram_wex64_uram_2w_2r_we_4_3_in_context.xdc] for cell 'inst_64uram_we/uram_wex64_i/uram_2w_2r_we_32'
Parsing XDC File [/Orion/GraphHBM/UTIL_IP/IP_64URAM_2W2R_WE/64_uram_we_wrapper.gen/sources_1/bd/uram_wex64/ip/uram_wex64_uram_2w_2r_we_1_5/uram_wex64_uram_2w_2r_we_1_5/uram_wex64_uram_2w_2r_we_4_3_in_context.xdc] for cell 'inst_64uram_we/uram_wex64_i/uram_2w_2r_we_33'
Finished Parsing XDC File [/Orion/GraphHBM/UTIL_IP/IP_64URAM_2W2R_WE/64_uram_we_wrapper.gen/sources_1/bd/uram_wex64/ip/uram_wex64_uram_2w_2r_we_1_5/uram_wex64_uram_2w_2r_we_1_5/uram_wex64_uram_2w_2r_we_4_3_in_context.xdc] for cell 'inst_64uram_we/uram_wex64_i/uram_2w_2r_we_33'
Parsing XDC File [/Orion/GraphHBM/UTIL_IP/IP_64URAM_2W2R_WE/64_uram_we_wrapper.gen/sources_1/bd/uram_wex64/ip/uram_wex64_uram_2w_2r_we_2_4/uram_wex64_uram_2w_2r_we_2_4/uram_wex64_uram_2w_2r_we_4_3_in_context.xdc] for cell 'inst_64uram_we/uram_wex64_i/uram_2w_2r_we_34'
Finished Parsing XDC File [/Orion/GraphHBM/UTIL_IP/IP_64URAM_2W2R_WE/64_uram_we_wrapper.gen/sources_1/bd/uram_wex64/ip/uram_wex64_uram_2w_2r_we_2_4/uram_wex64_uram_2w_2r_we_2_4/uram_wex64_uram_2w_2r_we_4_3_in_context.xdc] for cell 'inst_64uram_we/uram_wex64_i/uram_2w_2r_we_34'
Parsing XDC File [/Orion/GraphHBM/UTIL_IP/IP_64URAM_2W2R_WE/64_uram_we_wrapper.gen/sources_1/bd/uram_wex64/ip/uram_wex64_uram_2w_2r_we_3_4/uram_wex64_uram_2w_2r_we_3_4/uram_wex64_uram_2w_2r_we_4_3_in_context.xdc] for cell 'inst_64uram_we/uram_wex64_i/uram_2w_2r_we_35'
Finished Parsing XDC File [/Orion/GraphHBM/UTIL_IP/IP_64URAM_2W2R_WE/64_uram_we_wrapper.gen/sources_1/bd/uram_wex64/ip/uram_wex64_uram_2w_2r_we_3_4/uram_wex64_uram_2w_2r_we_3_4/uram_wex64_uram_2w_2r_we_4_3_in_context.xdc] for cell 'inst_64uram_we/uram_wex64_i/uram_2w_2r_we_35'
Parsing XDC File [/Orion/GraphHBM/UTIL_IP/IP_64URAM_2W2R_WE/64_uram_we_wrapper.gen/sources_1/bd/uram_wex64/ip/uram_wex64_uram_2w_2r_we_4_3/uram_wex64_uram_2w_2r_we_4_3/uram_wex64_uram_2w_2r_we_4_3_in_context.xdc] for cell 'inst_64uram_we/uram_wex64_i/uram_2w_2r_we_36'
Finished Parsing XDC File [/Orion/GraphHBM/UTIL_IP/IP_64URAM_2W2R_WE/64_uram_we_wrapper.gen/sources_1/bd/uram_wex64/ip/uram_wex64_uram_2w_2r_we_4_3/uram_wex64_uram_2w_2r_we_4_3/uram_wex64_uram_2w_2r_we_4_3_in_context.xdc] for cell 'inst_64uram_we/uram_wex64_i/uram_2w_2r_we_36'
Parsing XDC File [/Orion/GraphHBM/UTIL_IP/IP_64URAM_2W2R_WE/64_uram_we_wrapper.gen/sources_1/bd/uram_wex64/ip/uram_wex64_uram_2w_2r_we_5_3/uram_wex64_uram_2w_2r_we_5_3/uram_wex64_uram_2w_2r_we_4_3_in_context.xdc] for cell 'inst_64uram_we/uram_wex64_i/uram_2w_2r_we_37'
Finished Parsing XDC File [/Orion/GraphHBM/UTIL_IP/IP_64URAM_2W2R_WE/64_uram_we_wrapper.gen/sources_1/bd/uram_wex64/ip/uram_wex64_uram_2w_2r_we_5_3/uram_wex64_uram_2w_2r_we_5_3/uram_wex64_uram_2w_2r_we_4_3_in_context.xdc] for cell 'inst_64uram_we/uram_wex64_i/uram_2w_2r_we_37'
Parsing XDC File [/Orion/GraphHBM/UTIL_IP/IP_64URAM_2W2R_WE/64_uram_we_wrapper.gen/sources_1/bd/uram_wex64/ip/uram_wex64_uram_2w_2r_we_6_3/uram_wex64_uram_2w_2r_we_6_3/uram_wex64_uram_2w_2r_we_4_3_in_context.xdc] for cell 'inst_64uram_we/uram_wex64_i/uram_2w_2r_we_38'
Finished Parsing XDC File [/Orion/GraphHBM/UTIL_IP/IP_64URAM_2W2R_WE/64_uram_we_wrapper.gen/sources_1/bd/uram_wex64/ip/uram_wex64_uram_2w_2r_we_6_3/uram_wex64_uram_2w_2r_we_6_3/uram_wex64_uram_2w_2r_we_4_3_in_context.xdc] for cell 'inst_64uram_we/uram_wex64_i/uram_2w_2r_we_38'
Parsing XDC File [/Orion/GraphHBM/UTIL_IP/IP_64URAM_2W2R_WE/64_uram_we_wrapper.gen/sources_1/bd/uram_wex64/ip/uram_wex64_uram_2w_2r_we_7_3/uram_wex64_uram_2w_2r_we_7_3/uram_wex64_uram_2w_2r_we_4_3_in_context.xdc] for cell 'inst_64uram_we/uram_wex64_i/uram_2w_2r_we_39'
Finished Parsing XDC File [/Orion/GraphHBM/UTIL_IP/IP_64URAM_2W2R_WE/64_uram_we_wrapper.gen/sources_1/bd/uram_wex64/ip/uram_wex64_uram_2w_2r_we_7_3/uram_wex64_uram_2w_2r_we_7_3/uram_wex64_uram_2w_2r_we_4_3_in_context.xdc] for cell 'inst_64uram_we/uram_wex64_i/uram_2w_2r_we_39'
Parsing XDC File [/Orion/GraphHBM/UTIL_IP/IP_64URAM_2W2R_WE/64_uram_we_wrapper.gen/sources_1/bd/uram_wex64/ip/uram_wex64_uram_2w_2r_we_0_8/uram_wex64_uram_2w_2r_we_0_8/uram_wex64_uram_2w_2r_we_4_3_in_context.xdc] for cell 'inst_64uram_we/uram_wex64_i/uram_2w_2r_we_40'
Finished Parsing XDC File [/Orion/GraphHBM/UTIL_IP/IP_64URAM_2W2R_WE/64_uram_we_wrapper.gen/sources_1/bd/uram_wex64/ip/uram_wex64_uram_2w_2r_we_0_8/uram_wex64_uram_2w_2r_we_0_8/uram_wex64_uram_2w_2r_we_4_3_in_context.xdc] for cell 'inst_64uram_we/uram_wex64_i/uram_2w_2r_we_40'
Parsing XDC File [/Orion/GraphHBM/UTIL_IP/IP_64URAM_2W2R_WE/64_uram_we_wrapper.gen/sources_1/bd/uram_wex64/ip/uram_wex64_uram_2w_2r_we_1_6/uram_wex64_uram_2w_2r_we_1_6/uram_wex64_uram_2w_2r_we_4_3_in_context.xdc] for cell 'inst_64uram_we/uram_wex64_i/uram_2w_2r_we_41'
Finished Parsing XDC File [/Orion/GraphHBM/UTIL_IP/IP_64URAM_2W2R_WE/64_uram_we_wrapper.gen/sources_1/bd/uram_wex64/ip/uram_wex64_uram_2w_2r_we_1_6/uram_wex64_uram_2w_2r_we_1_6/uram_wex64_uram_2w_2r_we_4_3_in_context.xdc] for cell 'inst_64uram_we/uram_wex64_i/uram_2w_2r_we_41'
Parsing XDC File [/Orion/GraphHBM/UTIL_IP/IP_64URAM_2W2R_WE/64_uram_we_wrapper.gen/sources_1/bd/uram_wex64/ip/uram_wex64_uram_2w_2r_we_2_5/uram_wex64_uram_2w_2r_we_2_5/uram_wex64_uram_2w_2r_we_4_3_in_context.xdc] for cell 'inst_64uram_we/uram_wex64_i/uram_2w_2r_we_42'
Finished Parsing XDC File [/Orion/GraphHBM/UTIL_IP/IP_64URAM_2W2R_WE/64_uram_we_wrapper.gen/sources_1/bd/uram_wex64/ip/uram_wex64_uram_2w_2r_we_2_5/uram_wex64_uram_2w_2r_we_2_5/uram_wex64_uram_2w_2r_we_4_3_in_context.xdc] for cell 'inst_64uram_we/uram_wex64_i/uram_2w_2r_we_42'
Parsing XDC File [/Orion/GraphHBM/UTIL_IP/IP_64URAM_2W2R_WE/64_uram_we_wrapper.gen/sources_1/bd/uram_wex64/ip/uram_wex64_uram_2w_2r_we_3_5/uram_wex64_uram_2w_2r_we_3_5/uram_wex64_uram_2w_2r_we_4_3_in_context.xdc] for cell 'inst_64uram_we/uram_wex64_i/uram_2w_2r_we_43'
Finished Parsing XDC File [/Orion/GraphHBM/UTIL_IP/IP_64URAM_2W2R_WE/64_uram_we_wrapper.gen/sources_1/bd/uram_wex64/ip/uram_wex64_uram_2w_2r_we_3_5/uram_wex64_uram_2w_2r_we_3_5/uram_wex64_uram_2w_2r_we_4_3_in_context.xdc] for cell 'inst_64uram_we/uram_wex64_i/uram_2w_2r_we_43'
Parsing XDC File [/Orion/GraphHBM/UTIL_IP/IP_64URAM_2W2R_WE/64_uram_we_wrapper.gen/sources_1/bd/uram_wex64/ip/uram_wex64_uram_2w_2r_we_4_4/uram_wex64_uram_2w_2r_we_4_4/uram_wex64_uram_2w_2r_we_4_3_in_context.xdc] for cell 'inst_64uram_we/uram_wex64_i/uram_2w_2r_we_44'
Finished Parsing XDC File [/Orion/GraphHBM/UTIL_IP/IP_64URAM_2W2R_WE/64_uram_we_wrapper.gen/sources_1/bd/uram_wex64/ip/uram_wex64_uram_2w_2r_we_4_4/uram_wex64_uram_2w_2r_we_4_4/uram_wex64_uram_2w_2r_we_4_3_in_context.xdc] for cell 'inst_64uram_we/uram_wex64_i/uram_2w_2r_we_44'
Parsing XDC File [/Orion/GraphHBM/UTIL_IP/IP_64URAM_2W2R_WE/64_uram_we_wrapper.gen/sources_1/bd/uram_wex64/ip/uram_wex64_uram_2w_2r_we_5_4/uram_wex64_uram_2w_2r_we_5_4/uram_wex64_uram_2w_2r_we_4_3_in_context.xdc] for cell 'inst_64uram_we/uram_wex64_i/uram_2w_2r_we_45'
Finished Parsing XDC File [/Orion/GraphHBM/UTIL_IP/IP_64URAM_2W2R_WE/64_uram_we_wrapper.gen/sources_1/bd/uram_wex64/ip/uram_wex64_uram_2w_2r_we_5_4/uram_wex64_uram_2w_2r_we_5_4/uram_wex64_uram_2w_2r_we_4_3_in_context.xdc] for cell 'inst_64uram_we/uram_wex64_i/uram_2w_2r_we_45'
Parsing XDC File [/Orion/GraphHBM/UTIL_IP/IP_64URAM_2W2R_WE/64_uram_we_wrapper.gen/sources_1/bd/uram_wex64/ip/uram_wex64_uram_2w_2r_we_6_4/uram_wex64_uram_2w_2r_we_6_4/uram_wex64_uram_2w_2r_we_4_3_in_context.xdc] for cell 'inst_64uram_we/uram_wex64_i/uram_2w_2r_we_46'
Finished Parsing XDC File [/Orion/GraphHBM/UTIL_IP/IP_64URAM_2W2R_WE/64_uram_we_wrapper.gen/sources_1/bd/uram_wex64/ip/uram_wex64_uram_2w_2r_we_6_4/uram_wex64_uram_2w_2r_we_6_4/uram_wex64_uram_2w_2r_we_4_3_in_context.xdc] for cell 'inst_64uram_we/uram_wex64_i/uram_2w_2r_we_46'
Parsing XDC File [/Orion/GraphHBM/UTIL_IP/IP_64URAM_2W2R_WE/64_uram_we_wrapper.gen/sources_1/bd/uram_wex64/ip/uram_wex64_uram_2w_2r_we_7_4/uram_wex64_uram_2w_2r_we_7_4/uram_wex64_uram_2w_2r_we_4_3_in_context.xdc] for cell 'inst_64uram_we/uram_wex64_i/uram_2w_2r_we_47'
Finished Parsing XDC File [/Orion/GraphHBM/UTIL_IP/IP_64URAM_2W2R_WE/64_uram_we_wrapper.gen/sources_1/bd/uram_wex64/ip/uram_wex64_uram_2w_2r_we_7_4/uram_wex64_uram_2w_2r_we_7_4/uram_wex64_uram_2w_2r_we_4_3_in_context.xdc] for cell 'inst_64uram_we/uram_wex64_i/uram_2w_2r_we_47'
Parsing XDC File [/Orion/GraphHBM/UTIL_IP/IP_64URAM_2W2R_WE/64_uram_we_wrapper.gen/sources_1/bd/uram_wex64/ip/uram_wex64_uram_2w_2r_we_0_9/uram_wex64_uram_2w_2r_we_0_9/uram_wex64_uram_2w_2r_we_4_3_in_context.xdc] for cell 'inst_64uram_we/uram_wex64_i/uram_2w_2r_we_48'
Finished Parsing XDC File [/Orion/GraphHBM/UTIL_IP/IP_64URAM_2W2R_WE/64_uram_we_wrapper.gen/sources_1/bd/uram_wex64/ip/uram_wex64_uram_2w_2r_we_0_9/uram_wex64_uram_2w_2r_we_0_9/uram_wex64_uram_2w_2r_we_4_3_in_context.xdc] for cell 'inst_64uram_we/uram_wex64_i/uram_2w_2r_we_48'
Parsing XDC File [/Orion/GraphHBM/UTIL_IP/IP_64URAM_2W2R_WE/64_uram_we_wrapper.gen/sources_1/bd/uram_wex64/ip/uram_wex64_uram_2w_2r_we_1_7/uram_wex64_uram_2w_2r_we_1_7/uram_wex64_uram_2w_2r_we_4_3_in_context.xdc] for cell 'inst_64uram_we/uram_wex64_i/uram_2w_2r_we_49'
Finished Parsing XDC File [/Orion/GraphHBM/UTIL_IP/IP_64URAM_2W2R_WE/64_uram_we_wrapper.gen/sources_1/bd/uram_wex64/ip/uram_wex64_uram_2w_2r_we_1_7/uram_wex64_uram_2w_2r_we_1_7/uram_wex64_uram_2w_2r_we_4_3_in_context.xdc] for cell 'inst_64uram_we/uram_wex64_i/uram_2w_2r_we_49'
Parsing XDC File [/Orion/GraphHBM/UTIL_IP/IP_64URAM_2W2R_WE/64_uram_we_wrapper.gen/sources_1/bd/uram_wex64/ip/uram_wex64_uram_2w_2r_we_2_6/uram_wex64_uram_2w_2r_we_2_6/uram_wex64_uram_2w_2r_we_4_3_in_context.xdc] for cell 'inst_64uram_we/uram_wex64_i/uram_2w_2r_we_50'
Finished Parsing XDC File [/Orion/GraphHBM/UTIL_IP/IP_64URAM_2W2R_WE/64_uram_we_wrapper.gen/sources_1/bd/uram_wex64/ip/uram_wex64_uram_2w_2r_we_2_6/uram_wex64_uram_2w_2r_we_2_6/uram_wex64_uram_2w_2r_we_4_3_in_context.xdc] for cell 'inst_64uram_we/uram_wex64_i/uram_2w_2r_we_50'
Parsing XDC File [/Orion/GraphHBM/UTIL_IP/IP_64URAM_2W2R_WE/64_uram_we_wrapper.gen/sources_1/bd/uram_wex64/ip/uram_wex64_uram_2w_2r_we_3_6/uram_wex64_uram_2w_2r_we_3_6/uram_wex64_uram_2w_2r_we_4_3_in_context.xdc] for cell 'inst_64uram_we/uram_wex64_i/uram_2w_2r_we_51'
Finished Parsing XDC File [/Orion/GraphHBM/UTIL_IP/IP_64URAM_2W2R_WE/64_uram_we_wrapper.gen/sources_1/bd/uram_wex64/ip/uram_wex64_uram_2w_2r_we_3_6/uram_wex64_uram_2w_2r_we_3_6/uram_wex64_uram_2w_2r_we_4_3_in_context.xdc] for cell 'inst_64uram_we/uram_wex64_i/uram_2w_2r_we_51'
Parsing XDC File [/Orion/GraphHBM/UTIL_IP/IP_64URAM_2W2R_WE/64_uram_we_wrapper.gen/sources_1/bd/uram_wex64/ip/uram_wex64_uram_2w_2r_we_4_5/uram_wex64_uram_2w_2r_we_4_5/uram_wex64_uram_2w_2r_we_4_3_in_context.xdc] for cell 'inst_64uram_we/uram_wex64_i/uram_2w_2r_we_52'
Finished Parsing XDC File [/Orion/GraphHBM/UTIL_IP/IP_64URAM_2W2R_WE/64_uram_we_wrapper.gen/sources_1/bd/uram_wex64/ip/uram_wex64_uram_2w_2r_we_4_5/uram_wex64_uram_2w_2r_we_4_5/uram_wex64_uram_2w_2r_we_4_3_in_context.xdc] for cell 'inst_64uram_we/uram_wex64_i/uram_2w_2r_we_52'
Parsing XDC File [/Orion/GraphHBM/UTIL_IP/IP_64URAM_2W2R_WE/64_uram_we_wrapper.gen/sources_1/bd/uram_wex64/ip/uram_wex64_uram_2w_2r_we_5_5/uram_wex64_uram_2w_2r_we_5_5/uram_wex64_uram_2w_2r_we_4_3_in_context.xdc] for cell 'inst_64uram_we/uram_wex64_i/uram_2w_2r_we_53'
Finished Parsing XDC File [/Orion/GraphHBM/UTIL_IP/IP_64URAM_2W2R_WE/64_uram_we_wrapper.gen/sources_1/bd/uram_wex64/ip/uram_wex64_uram_2w_2r_we_5_5/uram_wex64_uram_2w_2r_we_5_5/uram_wex64_uram_2w_2r_we_4_3_in_context.xdc] for cell 'inst_64uram_we/uram_wex64_i/uram_2w_2r_we_53'
Parsing XDC File [/Orion/GraphHBM/UTIL_IP/IP_64URAM_2W2R_WE/64_uram_we_wrapper.gen/sources_1/bd/uram_wex64/ip/uram_wex64_uram_2w_2r_we_6_5/uram_wex64_uram_2w_2r_we_6_5/uram_wex64_uram_2w_2r_we_4_3_in_context.xdc] for cell 'inst_64uram_we/uram_wex64_i/uram_2w_2r_we_54'
Finished Parsing XDC File [/Orion/GraphHBM/UTIL_IP/IP_64URAM_2W2R_WE/64_uram_we_wrapper.gen/sources_1/bd/uram_wex64/ip/uram_wex64_uram_2w_2r_we_6_5/uram_wex64_uram_2w_2r_we_6_5/uram_wex64_uram_2w_2r_we_4_3_in_context.xdc] for cell 'inst_64uram_we/uram_wex64_i/uram_2w_2r_we_54'
Parsing XDC File [/Orion/GraphHBM/UTIL_IP/IP_64URAM_2W2R_WE/64_uram_we_wrapper.gen/sources_1/bd/uram_wex64/ip/uram_wex64_uram_2w_2r_we_7_5/uram_wex64_uram_2w_2r_we_7_5/uram_wex64_uram_2w_2r_we_4_3_in_context.xdc] for cell 'inst_64uram_we/uram_wex64_i/uram_2w_2r_we_55'
Finished Parsing XDC File [/Orion/GraphHBM/UTIL_IP/IP_64URAM_2W2R_WE/64_uram_we_wrapper.gen/sources_1/bd/uram_wex64/ip/uram_wex64_uram_2w_2r_we_7_5/uram_wex64_uram_2w_2r_we_7_5/uram_wex64_uram_2w_2r_we_4_3_in_context.xdc] for cell 'inst_64uram_we/uram_wex64_i/uram_2w_2r_we_55'
Parsing XDC File [/Orion/GraphHBM/UTIL_IP/IP_64URAM_2W2R_WE/64_uram_we_wrapper.gen/sources_1/bd/uram_wex64/ip/uram_wex64_uram_2w_2r_we_0_10/uram_wex64_uram_2w_2r_we_0_10/uram_wex64_uram_2w_2r_we_4_3_in_context.xdc] for cell 'inst_64uram_we/uram_wex64_i/uram_2w_2r_we_56'
Finished Parsing XDC File [/Orion/GraphHBM/UTIL_IP/IP_64URAM_2W2R_WE/64_uram_we_wrapper.gen/sources_1/bd/uram_wex64/ip/uram_wex64_uram_2w_2r_we_0_10/uram_wex64_uram_2w_2r_we_0_10/uram_wex64_uram_2w_2r_we_4_3_in_context.xdc] for cell 'inst_64uram_we/uram_wex64_i/uram_2w_2r_we_56'
Parsing XDC File [/Orion/GraphHBM/UTIL_IP/IP_64URAM_2W2R_WE/64_uram_we_wrapper.gen/sources_1/bd/uram_wex64/ip/uram_wex64_uram_2w_2r_we_1_8/uram_wex64_uram_2w_2r_we_1_8/uram_wex64_uram_2w_2r_we_4_3_in_context.xdc] for cell 'inst_64uram_we/uram_wex64_i/uram_2w_2r_we_57'
Finished Parsing XDC File [/Orion/GraphHBM/UTIL_IP/IP_64URAM_2W2R_WE/64_uram_we_wrapper.gen/sources_1/bd/uram_wex64/ip/uram_wex64_uram_2w_2r_we_1_8/uram_wex64_uram_2w_2r_we_1_8/uram_wex64_uram_2w_2r_we_4_3_in_context.xdc] for cell 'inst_64uram_we/uram_wex64_i/uram_2w_2r_we_57'
Parsing XDC File [/Orion/GraphHBM/UTIL_IP/IP_64URAM_2W2R_WE/64_uram_we_wrapper.gen/sources_1/bd/uram_wex64/ip/uram_wex64_uram_2w_2r_we_2_7/uram_wex64_uram_2w_2r_we_2_7/uram_wex64_uram_2w_2r_we_4_3_in_context.xdc] for cell 'inst_64uram_we/uram_wex64_i/uram_2w_2r_we_58'
Finished Parsing XDC File [/Orion/GraphHBM/UTIL_IP/IP_64URAM_2W2R_WE/64_uram_we_wrapper.gen/sources_1/bd/uram_wex64/ip/uram_wex64_uram_2w_2r_we_2_7/uram_wex64_uram_2w_2r_we_2_7/uram_wex64_uram_2w_2r_we_4_3_in_context.xdc] for cell 'inst_64uram_we/uram_wex64_i/uram_2w_2r_we_58'
Parsing XDC File [/Orion/GraphHBM/UTIL_IP/IP_64URAM_2W2R_WE/64_uram_we_wrapper.gen/sources_1/bd/uram_wex64/ip/uram_wex64_uram_2w_2r_we_3_7/uram_wex64_uram_2w_2r_we_3_7/uram_wex64_uram_2w_2r_we_4_3_in_context.xdc] for cell 'inst_64uram_we/uram_wex64_i/uram_2w_2r_we_59'
Finished Parsing XDC File [/Orion/GraphHBM/UTIL_IP/IP_64URAM_2W2R_WE/64_uram_we_wrapper.gen/sources_1/bd/uram_wex64/ip/uram_wex64_uram_2w_2r_we_3_7/uram_wex64_uram_2w_2r_we_3_7/uram_wex64_uram_2w_2r_we_4_3_in_context.xdc] for cell 'inst_64uram_we/uram_wex64_i/uram_2w_2r_we_59'
Parsing XDC File [/Orion/GraphHBM/UTIL_IP/IP_64URAM_2W2R_WE/64_uram_we_wrapper.gen/sources_1/bd/uram_wex64/ip/uram_wex64_uram_2w_2r_we_4_6/uram_wex64_uram_2w_2r_we_4_6/uram_wex64_uram_2w_2r_we_4_3_in_context.xdc] for cell 'inst_64uram_we/uram_wex64_i/uram_2w_2r_we_60'
Finished Parsing XDC File [/Orion/GraphHBM/UTIL_IP/IP_64URAM_2W2R_WE/64_uram_we_wrapper.gen/sources_1/bd/uram_wex64/ip/uram_wex64_uram_2w_2r_we_4_6/uram_wex64_uram_2w_2r_we_4_6/uram_wex64_uram_2w_2r_we_4_3_in_context.xdc] for cell 'inst_64uram_we/uram_wex64_i/uram_2w_2r_we_60'
Parsing XDC File [/Orion/GraphHBM/UTIL_IP/IP_64URAM_2W2R_WE/64_uram_we_wrapper.gen/sources_1/bd/uram_wex64/ip/uram_wex64_uram_2w_2r_we_5_6/uram_wex64_uram_2w_2r_we_5_6/uram_wex64_uram_2w_2r_we_4_3_in_context.xdc] for cell 'inst_64uram_we/uram_wex64_i/uram_2w_2r_we_61'
Finished Parsing XDC File [/Orion/GraphHBM/UTIL_IP/IP_64URAM_2W2R_WE/64_uram_we_wrapper.gen/sources_1/bd/uram_wex64/ip/uram_wex64_uram_2w_2r_we_5_6/uram_wex64_uram_2w_2r_we_5_6/uram_wex64_uram_2w_2r_we_4_3_in_context.xdc] for cell 'inst_64uram_we/uram_wex64_i/uram_2w_2r_we_61'
Parsing XDC File [/Orion/GraphHBM/UTIL_IP/IP_64URAM_2W2R_WE/64_uram_we_wrapper.gen/sources_1/bd/uram_wex64/ip/uram_wex64_uram_2w_2r_we_6_6/uram_wex64_uram_2w_2r_we_6_6/uram_wex64_uram_2w_2r_we_4_3_in_context.xdc] for cell 'inst_64uram_we/uram_wex64_i/uram_2w_2r_we_62'
Finished Parsing XDC File [/Orion/GraphHBM/UTIL_IP/IP_64URAM_2W2R_WE/64_uram_we_wrapper.gen/sources_1/bd/uram_wex64/ip/uram_wex64_uram_2w_2r_we_6_6/uram_wex64_uram_2w_2r_we_6_6/uram_wex64_uram_2w_2r_we_4_3_in_context.xdc] for cell 'inst_64uram_we/uram_wex64_i/uram_2w_2r_we_62'
Parsing XDC File [/Orion/GraphHBM/UTIL_IP/IP_64URAM_2W2R_WE/64_uram_we_wrapper.gen/sources_1/bd/uram_wex64/ip/uram_wex64_uram_2w_2r_we_7_6/uram_wex64_uram_2w_2r_we_7_6/uram_wex64_uram_2w_2r_we_4_3_in_context.xdc] for cell 'inst_64uram_we/uram_wex64_i/uram_2w_2r_we_63'
Finished Parsing XDC File [/Orion/GraphHBM/UTIL_IP/IP_64URAM_2W2R_WE/64_uram_we_wrapper.gen/sources_1/bd/uram_wex64/ip/uram_wex64_uram_2w_2r_we_7_6/uram_wex64_uram_2w_2r_we_7_6/uram_wex64_uram_2w_2r_we_4_3_in_context.xdc] for cell 'inst_64uram_we/uram_wex64_i/uram_2w_2r_we_63'
Parsing XDC File [/Orion/GraphHBM/UTIL_IP/IP_64URAM_2W2R_WE/64_uram_we_wrapper.runs/synth_1/dont_touch.xdc]
Finished Parsing XDC File [/Orion/GraphHBM/UTIL_IP/IP_64URAM_2W2R_WE/64_uram_we_wrapper.runs/synth_1/dont_touch.xdc]
Completed Processing XDC Constraints

Netlist sorting complete. Time (s): cpu = 00:00:00 ; elapsed = 00:00:00 . Memory (MB): peak = 3406.207 ; gain = 0.000 ; free physical = 22230 ; free virtual = 49885
INFO: [Project 1-111] Unisim Transformation Summary:
No Unisim elements were transformed.

Constraint Validation Runtime : Time (s): cpu = 00:00:00.01 ; elapsed = 00:00:00.01 . Memory (MB): peak = 3406.207 ; gain = 0.000 ; free physical = 22230 ; free virtual = 49885
---------------------------------------------------------------------------------
Finished Constraint Validation : Time (s): cpu = 00:00:06 ; elapsed = 00:00:07 . Memory (MB): peak = 3406.207 ; gain = 372.094 ; free physical = 22354 ; free virtual = 50009
---------------------------------------------------------------------------------
---------------------------------------------------------------------------------
Start Loading Part and Timing Information
---------------------------------------------------------------------------------
Loading part: xcu280-fsvh2892-2L-e
INFO: [Synth 8-6742] Reading net delay rules and data
---------------------------------------------------------------------------------
Finished Loading Part and Timing Information : Time (s): cpu = 00:00:06 ; elapsed = 00:00:07 . Memory (MB): peak = 3406.207 ; gain = 372.094 ; free physical = 22354 ; free virtual = 50009
---------------------------------------------------------------------------------
---------------------------------------------------------------------------------
Start Applying 'set_property' XDC Constraints
---------------------------------------------------------------------------------
Applied set_property KEEP_HIERARCHY = SOFT for inst_64uram_we/uram_wex64_i. (constraint file  auto generated constraint).
Applied set_property KEEP_HIERARCHY = SOFT for inst_64uram_we/uram_wex64_i/uram_2w_2r_we_0. (constraint file  auto generated constraint).
Applied set_property KEEP_HIERARCHY = SOFT for inst_64uram_we/uram_wex64_i/uram_2w_2r_we_1. (constraint file  auto generated constraint).
Applied set_property KEEP_HIERARCHY = SOFT for inst_64uram_we/uram_wex64_i/uram_2w_2r_we_2. (constraint file  auto generated constraint).
Applied set_property KEEP_HIERARCHY = SOFT for inst_64uram_we/uram_wex64_i/uram_2w_2r_we_3. (constraint file  auto generated constraint).
Applied set_property KEEP_HIERARCHY = SOFT for inst_64uram_we/uram_wex64_i/uram_2w_2r_we_4. (constraint file  auto generated constraint).
Applied set_property KEEP_HIERARCHY = SOFT for inst_64uram_we/uram_wex64_i/uram_2w_2r_we_5. (constraint file  auto generated constraint).
Applied set_property KEEP_HIERARCHY = SOFT for inst_64uram_we/uram_wex64_i/uram_2w_2r_we_6. (constraint file  auto generated constraint).
Applied set_property KEEP_HIERARCHY = SOFT for inst_64uram_we/uram_wex64_i/uram_2w_2r_we_7. (constraint file  auto generated constraint).
Applied set_property KEEP_HIERARCHY = SOFT for inst_64uram_we/uram_wex64_i/uram_2w_2r_we_8. (constraint file  auto generated constraint).
Applied set_property KEEP_HIERARCHY = SOFT for inst_64uram_we/uram_wex64_i/uram_2w_2r_we_9. (constraint file  auto generated constraint).
Applied set_property KEEP_HIERARCHY = SOFT for inst_64uram_we/uram_wex64_i/uram_2w_2r_we_10. (constraint file  auto generated constraint).
Applied set_property KEEP_HIERARCHY = SOFT for inst_64uram_we/uram_wex64_i/uram_2w_2r_we_11. (constraint file  auto generated constraint).
Applied set_property KEEP_HIERARCHY = SOFT for inst_64uram_we/uram_wex64_i/uram_2w_2r_we_12. (constraint file  auto generated constraint).
Applied set_property KEEP_HIERARCHY = SOFT for inst_64uram_we/uram_wex64_i/uram_2w_2r_we_13. (constraint file  auto generated constraint).
Applied set_property KEEP_HIERARCHY = SOFT for inst_64uram_we/uram_wex64_i/uram_2w_2r_we_14. (constraint file  auto generated constraint).
Applied set_property KEEP_HIERARCHY = SOFT for inst_64uram_we/uram_wex64_i/uram_2w_2r_we_15. (constraint file  auto generated constraint).
Applied set_property KEEP_HIERARCHY = SOFT for inst_64uram_we/uram_wex64_i/uram_2w_2r_we_16. (constraint file  auto generated constraint).
Applied set_property KEEP_HIERARCHY = SOFT for inst_64uram_we/uram_wex64_i/uram_2w_2r_we_17. (constraint file  auto generated constraint).
Applied set_property KEEP_HIERARCHY = SOFT for inst_64uram_we/uram_wex64_i/uram_2w_2r_we_18. (constraint file  auto generated constraint).
Applied set_property KEEP_HIERARCHY = SOFT for inst_64uram_we/uram_wex64_i/uram_2w_2r_we_19. (constraint file  auto generated constraint).
Applied set_property KEEP_HIERARCHY = SOFT for inst_64uram_we/uram_wex64_i/uram_2w_2r_we_20. (constraint file  auto generated constraint).
Applied set_property KEEP_HIERARCHY = SOFT for inst_64uram_we/uram_wex64_i/uram_2w_2r_we_21. (constraint file  auto generated constraint).
Applied set_property KEEP_HIERARCHY = SOFT for inst_64uram_we/uram_wex64_i/uram_2w_2r_we_22. (constraint file  auto generated constraint).
Applied set_property KEEP_HIERARCHY = SOFT for inst_64uram_we/uram_wex64_i/uram_2w_2r_we_23. (constraint file  auto generated constraint).
Applied set_property KEEP_HIERARCHY = SOFT for inst_64uram_we/uram_wex64_i/uram_2w_2r_we_24. (constraint file  auto generated constraint).
Applied set_property KEEP_HIERARCHY = SOFT for inst_64uram_we/uram_wex64_i/uram_2w_2r_we_25. (constraint file  auto generated constraint).
Applied set_property KEEP_HIERARCHY = SOFT for inst_64uram_we/uram_wex64_i/uram_2w_2r_we_26. (constraint file  auto generated constraint).
Applied set_property KEEP_HIERARCHY = SOFT for inst_64uram_we/uram_wex64_i/uram_2w_2r_we_27. (constraint file  auto generated constraint).
Applied set_property KEEP_HIERARCHY = SOFT for inst_64uram_we/uram_wex64_i/uram_2w_2r_we_28. (constraint file  auto generated constraint).
Applied set_property KEEP_HIERARCHY = SOFT for inst_64uram_we/uram_wex64_i/uram_2w_2r_we_29. (constraint file  auto generated constraint).
Applied set_property KEEP_HIERARCHY = SOFT for inst_64uram_we/uram_wex64_i/uram_2w_2r_we_30. (constraint file  auto generated constraint).
Applied set_property KEEP_HIERARCHY = SOFT for inst_64uram_we/uram_wex64_i/uram_2w_2r_we_31. (constraint file  auto generated constraint).
Applied set_property KEEP_HIERARCHY = SOFT for inst_64uram_we/uram_wex64_i/uram_2w_2r_we_32. (constraint file  auto generated constraint).
Applied set_property KEEP_HIERARCHY = SOFT for inst_64uram_we/uram_wex64_i/uram_2w_2r_we_33. (constraint file  auto generated constraint).
Applied set_property KEEP_HIERARCHY = SOFT for inst_64uram_we/uram_wex64_i/uram_2w_2r_we_34. (constraint file  auto generated constraint).
Applied set_property KEEP_HIERARCHY = SOFT for inst_64uram_we/uram_wex64_i/uram_2w_2r_we_35. (constraint file  auto generated constraint).
Applied set_property KEEP_HIERARCHY = SOFT for inst_64uram_we/uram_wex64_i/uram_2w_2r_we_36. (constraint file  auto generated constraint).
Applied set_property KEEP_HIERARCHY = SOFT for inst_64uram_we/uram_wex64_i/uram_2w_2r_we_37. (constraint file  auto generated constraint).
Applied set_property KEEP_HIERARCHY = SOFT for inst_64uram_we/uram_wex64_i/uram_2w_2r_we_38. (constraint file  auto generated constraint).
Applied set_property KEEP_HIERARCHY = SOFT for inst_64uram_we/uram_wex64_i/uram_2w_2r_we_39. (constraint file  auto generated constraint).
Applied set_property KEEP_HIERARCHY = SOFT for inst_64uram_we/uram_wex64_i/uram_2w_2r_we_40. (constraint file  auto generated constraint).
Applied set_property KEEP_HIERARCHY = SOFT for inst_64uram_we/uram_wex64_i/uram_2w_2r_we_41. (constraint file  auto generated constraint).
Applied set_property KEEP_HIERARCHY = SOFT for inst_64uram_we/uram_wex64_i/uram_2w_2r_we_42. (constraint file  auto generated constraint).
Applied set_property KEEP_HIERARCHY = SOFT for inst_64uram_we/uram_wex64_i/uram_2w_2r_we_43. (constraint file  auto generated constraint).
Applied set_property KEEP_HIERARCHY = SOFT for inst_64uram_we/uram_wex64_i/uram_2w_2r_we_44. (constraint file  auto generated constraint).
Applied set_property KEEP_HIERARCHY = SOFT for inst_64uram_we/uram_wex64_i/uram_2w_2r_we_45. (constraint file  auto generated constraint).
Applied set_property KEEP_HIERARCHY = SOFT for inst_64uram_we/uram_wex64_i/uram_2w_2r_we_46. (constraint file  auto generated constraint).
Applied set_property KEEP_HIERARCHY = SOFT for inst_64uram_we/uram_wex64_i/uram_2w_2r_we_47. (constraint file  auto generated constraint).
Applied set_property KEEP_HIERARCHY = SOFT for inst_64uram_we/uram_wex64_i/uram_2w_2r_we_48. (constraint file  auto generated constraint).
Applied set_property KEEP_HIERARCHY = SOFT for inst_64uram_we/uram_wex64_i/uram_2w_2r_we_49. (constraint file  auto generated constraint).
Applied set_property KEEP_HIERARCHY = SOFT for inst_64uram_we/uram_wex64_i/uram_2w_2r_we_50. (constraint file  auto generated constraint).
Applied set_property KEEP_HIERARCHY = SOFT for inst_64uram_we/uram_wex64_i/uram_2w_2r_we_51. (constraint file  auto generated constraint).
Applied set_property KEEP_HIERARCHY = SOFT for inst_64uram_we/uram_wex64_i/uram_2w_2r_we_52. (constraint file  auto generated constraint).
Applied set_property KEEP_HIERARCHY = SOFT for inst_64uram_we/uram_wex64_i/uram_2w_2r_we_53. (constraint file  auto generated constraint).
Applied set_property KEEP_HIERARCHY = SOFT for inst_64uram_we/uram_wex64_i/uram_2w_2r_we_54. (constraint file  auto generated constraint).
Applied set_property KEEP_HIERARCHY = SOFT for inst_64uram_we/uram_wex64_i/uram_2w_2r_we_55. (constraint file  auto generated constraint).
Applied set_property KEEP_HIERARCHY = SOFT for inst_64uram_we/uram_wex64_i/uram_2w_2r_we_56. (constraint file  auto generated constraint).
Applied set_property KEEP_HIERARCHY = SOFT for inst_64uram_we/uram_wex64_i/uram_2w_2r_we_57. (constraint file  auto generated constraint).
Applied set_property KEEP_HIERARCHY = SOFT for inst_64uram_we/uram_wex64_i/uram_2w_2r_we_58. (constraint file  auto generated constraint).
Applied set_property KEEP_HIERARCHY = SOFT for inst_64uram_we/uram_wex64_i/uram_2w_2r_we_59. (constraint file  auto generated constraint).
Applied set_property KEEP_HIERARCHY = SOFT for inst_64uram_we/uram_wex64_i/uram_2w_2r_we_60. (constraint file  auto generated constraint).
Applied set_property KEEP_HIERARCHY = SOFT for inst_64uram_we/uram_wex64_i/uram_2w_2r_we_61. (constraint file  auto generated constraint).
Applied set_property KEEP_HIERARCHY = SOFT for inst_64uram_we/uram_wex64_i/uram_2w_2r_we_62. (constraint file  auto generated constraint).
Applied set_property KEEP_HIERARCHY = SOFT for inst_64uram_we/uram_wex64_i/uram_2w_2r_we_63. (constraint file  auto generated constraint).
---------------------------------------------------------------------------------
Finished applying 'set_property' XDC Constraints : Time (s): cpu = 00:00:06 ; elapsed = 00:00:07 . Memory (MB): peak = 3406.207 ; gain = 372.094 ; free physical = 22348 ; free virtual = 50003
---------------------------------------------------------------------------------
---------------------------------------------------------------------------------
Finished RTL Optimization Phase 2 : Time (s): cpu = 00:00:06 ; elapsed = 00:00:07 . Memory (MB): peak = 3406.207 ; gain = 372.094 ; free physical = 22338 ; free virtual = 49995
---------------------------------------------------------------------------------
---------------------------------------------------------------------------------
Start RTL Component Statistics 
---------------------------------------------------------------------------------
Detailed RTL Component Info : 
---------------------------------------------------------------------------------
Finished RTL Component Statistics 
---------------------------------------------------------------------------------
---------------------------------------------------------------------------------
Start Part Resource Summary
---------------------------------------------------------------------------------
Part Resources:
DSPs: 9024 (col length:94)
BRAMs: 4032 (col length: RAMB18 288 RAMB36 144)
---------------------------------------------------------------------------------
Finished Part Resource Summary
---------------------------------------------------------------------------------
---------------------------------------------------------------------------------
Start Cross Boundary and Area Optimization
---------------------------------------------------------------------------------
---------------------------------------------------------------------------------
Finished Cross Boundary and Area Optimization : Time (s): cpu = 00:00:07 ; elapsed = 00:00:08 . Memory (MB): peak = 3406.207 ; gain = 372.094 ; free physical = 22315 ; free virtual = 49977
---------------------------------------------------------------------------------
---------------------------------------------------------------------------------
Start Applying XDC Timing Constraints
---------------------------------------------------------------------------------
---------------------------------------------------------------------------------
Finished Applying XDC Timing Constraints : Time (s): cpu = 00:00:14 ; elapsed = 00:00:20 . Memory (MB): peak = 3753.637 ; gain = 719.523 ; free physical = 21224 ; free virtual = 48886
---------------------------------------------------------------------------------
---------------------------------------------------------------------------------
Start Timing Optimization
---------------------------------------------------------------------------------
---------------------------------------------------------------------------------
Finished Timing Optimization : Time (s): cpu = 00:00:14 ; elapsed = 00:00:20 . Memory (MB): peak = 3759.637 ; gain = 725.523 ; free physical = 21716 ; free virtual = 49379
---------------------------------------------------------------------------------
---------------------------------------------------------------------------------
Start Technology Mapping
---------------------------------------------------------------------------------
---------------------------------------------------------------------------------
Finished Technology Mapping : Time (s): cpu = 00:00:14 ; elapsed = 00:00:20 . Memory (MB): peak = 3786.676 ; gain = 752.562 ; free physical = 21715 ; free virtual = 49377
---------------------------------------------------------------------------------
---------------------------------------------------------------------------------
Start IO Insertion
---------------------------------------------------------------------------------
---------------------------------------------------------------------------------
Start Flattening Before IO Insertion
---------------------------------------------------------------------------------
---------------------------------------------------------------------------------
Finished Flattening Before IO Insertion
---------------------------------------------------------------------------------
---------------------------------------------------------------------------------
Start Final Netlist Cleanup
---------------------------------------------------------------------------------
---------------------------------------------------------------------------------
Finished Final Netlist Cleanup
---------------------------------------------------------------------------------
---------------------------------------------------------------------------------
Finished IO Insertion : Time (s): cpu = 00:00:16 ; elapsed = 00:00:22 . Memory (MB): peak = 3786.676 ; gain = 752.562 ; free physical = 21731 ; free virtual = 49393
---------------------------------------------------------------------------------
---------------------------------------------------------------------------------
Start Renaming Generated Instances
---------------------------------------------------------------------------------
---------------------------------------------------------------------------------
Finished Renaming Generated Instances : Time (s): cpu = 00:00:16 ; elapsed = 00:00:22 . Memory (MB): peak = 3786.676 ; gain = 752.562 ; free physical = 21731 ; free virtual = 49393
---------------------------------------------------------------------------------
---------------------------------------------------------------------------------
Start Rebuilding User Hierarchy
---------------------------------------------------------------------------------
---------------------------------------------------------------------------------
Finished Rebuilding User Hierarchy : Time (s): cpu = 00:00:16 ; elapsed = 00:00:22 . Memory (MB): peak = 3786.676 ; gain = 752.562 ; free physical = 21727 ; free virtual = 49390
---------------------------------------------------------------------------------
---------------------------------------------------------------------------------
Start Renaming Generated Ports
---------------------------------------------------------------------------------
---------------------------------------------------------------------------------
Finished Renaming Generated Ports : Time (s): cpu = 00:00:16 ; elapsed = 00:00:22 . Memory (MB): peak = 3786.676 ; gain = 752.562 ; free physical = 21727 ; free virtual = 49390
---------------------------------------------------------------------------------
---------------------------------------------------------------------------------
Start Handling Custom Attributes
---------------------------------------------------------------------------------
---------------------------------------------------------------------------------
Finished Handling Custom Attributes : Time (s): cpu = 00:00:16 ; elapsed = 00:00:22 . Memory (MB): peak = 3786.676 ; gain = 752.562 ; free physical = 21727 ; free virtual = 49390
---------------------------------------------------------------------------------
---------------------------------------------------------------------------------
Start Renaming Generated Nets
---------------------------------------------------------------------------------
---------------------------------------------------------------------------------
Finished Renaming Generated Nets : Time (s): cpu = 00:00:16 ; elapsed = 00:00:22 . Memory (MB): peak = 3786.676 ; gain = 752.562 ; free physical = 21727 ; free virtual = 49390
---------------------------------------------------------------------------------
---------------------------------------------------------------------------------
Start Writing Synthesis Report
---------------------------------------------------------------------------------

Report BlackBoxes: 
+------+------------------------------+----------+
|      |BlackBox name                 |Instances |
+------+------------------------------+----------+
|1     |uram_wex64_uram_2w_2r_we_0_0  |         1|
|2     |uram_wex64_uram_2w_2r_we_0_1  |         1|
|3     |uram_wex64_uram_2w_2r_we_2_1  |         1|
|4     |uram_wex64_uram_2w_2r_we_3_1  |         1|
|5     |uram_wex64_uram_2w_2r_we_4_0  |         1|
|6     |uram_wex64_uram_2w_2r_we_5_0  |         1|
|7     |uram_wex64_uram_2w_2r_we_6_0  |         1|
|8     |uram_wex64_uram_2w_2r_we_7_0  |         1|
|9     |uram_wex64_uram_2w_2r_we_0_5  |         1|
|10    |uram_wex64_uram_2w_2r_we_1_3  |         1|
|11    |uram_wex64_uram_2w_2r_we_2_2  |         1|
|12    |uram_wex64_uram_2w_2r_we_3_2  |         1|
|13    |uram_wex64_uram_2w_2r_we_0_2  |         1|
|14    |uram_wex64_uram_2w_2r_we_4_1  |         1|
|15    |uram_wex64_uram_2w_2r_we_5_1  |         1|
|16    |uram_wex64_uram_2w_2r_we_6_1  |         1|
|17    |uram_wex64_uram_2w_2r_we_7_1  |         1|
|18    |uram_wex64_uram_2w_2r_we_0_6  |         1|
|19    |uram_wex64_uram_2w_2r_we_1_4  |         1|
|20    |uram_wex64_uram_2w_2r_we_2_3  |         1|
|21    |uram_wex64_uram_2w_2r_we_3_3  |         1|
|22    |uram_wex64_uram_2w_2r_we_4_2  |         1|
|23    |uram_wex64_uram_2w_2r_we_5_2  |         1|
|24    |uram_wex64_uram_2w_2r_we_1_0  |         1|
|25    |uram_wex64_uram_2w_2r_we_6_2  |         1|
|26    |uram_wex64_uram_2w_2r_we_7_2  |         1|
|27    |uram_wex64_uram_2w_2r_we_0_7  |         1|
|28    |uram_wex64_uram_2w_2r_we_1_5  |         1|
|29    |uram_wex64_uram_2w_2r_we_2_4  |         1|
|30    |uram_wex64_uram_2w_2r_we_3_4  |         1|
|31    |uram_wex64_uram_2w_2r_we_4_3  |         1|
|32    |uram_wex64_uram_2w_2r_we_5_3  |         1|
|33    |uram_wex64_uram_2w_2r_we_6_3  |         1|
|34    |uram_wex64_uram_2w_2r_we_7_3  |         1|
|35    |uram_wex64_uram_2w_2r_we_0_3  |         1|
|36    |uram_wex64_uram_2w_2r_we_0_8  |         1|
|37    |uram_wex64_uram_2w_2r_we_1_6  |         1|
|38    |uram_wex64_uram_2w_2r_we_2_5  |         1|
|39    |uram_wex64_uram_2w_2r_we_3_5  |         1|
|40    |uram_wex64_uram_2w_2r_we_4_4  |         1|
|41    |uram_wex64_uram_2w_2r_we_5_4  |         1|
|42    |uram_wex64_uram_2w_2r_we_6_4  |         1|
|43    |uram_wex64_uram_2w_2r_we_7_4  |         1|
|44    |uram_wex64_uram_2w_2r_we_0_9  |         1|
|45    |uram_wex64_uram_2w_2r_we_1_7  |         1|
|46    |uram_wex64_uram_2w_2r_we_1_1  |         1|
|47    |uram_wex64_uram_2w_2r_we_2_6  |         1|
|48    |uram_wex64_uram_2w_2r_we_3_6  |         1|
|49    |uram_wex64_uram_2w_2r_we_4_5  |         1|
|50    |uram_wex64_uram_2w_2r_we_5_5  |         1|
|51    |uram_wex64_uram_2w_2r_we_6_5  |         1|
|52    |uram_wex64_uram_2w_2r_we_7_5  |         1|
|53    |uram_wex64_uram_2w_2r_we_0_10 |         1|
|54    |uram_wex64_uram_2w_2r_we_1_8  |         1|
|55    |uram_wex64_uram_2w_2r_we_2_7  |         1|
|56    |uram_wex64_uram_2w_2r_we_3_7  |         1|
|57    |uram_wex64_uram_2w_2r_we_2_0  |         1|
|58    |uram_wex64_uram_2w_2r_we_4_6  |         1|
|59    |uram_wex64_uram_2w_2r_we_5_6  |         1|
|60    |uram_wex64_uram_2w_2r_we_6_6  |         1|
|61    |uram_wex64_uram_2w_2r_we_7_6  |         1|
|62    |uram_wex64_uram_2w_2r_we_3_0  |         1|
|63    |uram_wex64_uram_2w_2r_we_0_4  |         1|
|64    |uram_wex64_uram_2w_2r_we_1_2  |         1|
+------+------------------------------+----------+

Report Cell Usage: 
+------+---------------------------+------+
|      |Cell                       |Count |
+------+---------------------------+------+
|1     |uram_wex64_uram_2w_2r_we_0 |    11|
|12    |uram_wex64_uram_2w_2r_we_1 |     9|
|21    |uram_wex64_uram_2w_2r_we_2 |     8|
|29    |uram_wex64_uram_2w_2r_we_3 |     8|
|37    |uram_wex64_uram_2w_2r_we_4 |     7|
|44    |uram_wex64_uram_2w_2r_we_5 |     7|
|51    |uram_wex64_uram_2w_2r_we_6 |     7|
|58    |uram_wex64_uram_2w_2r_we_7 |     7|
|65    |IBUF                       | 10882|
|66    |OBUF                       |  8192|
+------+---------------------------+------+
---------------------------------------------------------------------------------
Finished Writing Synthesis Report : Time (s): cpu = 00:00:16 ; elapsed = 00:00:22 . Memory (MB): peak = 3786.676 ; gain = 752.562 ; free physical = 21727 ; free virtual = 49390
---------------------------------------------------------------------------------
Synthesis finished with 0 errors, 0 critical warnings and 0 warnings.
Synthesis Optimization Runtime : Time (s): cpu = 00:00:15 ; elapsed = 00:00:20 . Memory (MB): peak = 3786.676 ; gain = 629.969 ; free physical = 21764 ; free virtual = 49426
Synthesis Optimization Complete : Time (s): cpu = 00:00:16 ; elapsed = 00:00:23 . Memory (MB): peak = 3786.684 ; gain = 752.562 ; free physical = 21764 ; free virtual = 49426
INFO: [Project 1-571] Translating synthesized netlist
Netlist sorting complete. Time (s): cpu = 00:00:00.10 ; elapsed = 00:00:00.10 . Memory (MB): peak = 3793.613 ; gain = 0.000 ; free physical = 21789 ; free virtual = 49451
INFO: [Netlist 29-17] Analyzing 10882 Unisim elements for replacement
INFO: [Netlist 29-28] Unisim Transformation completed in 0 CPU seconds
WARNING: [Netlist 29-101] Netlist 'uram_2w_2r_we_x64' is not ideal for floorplanning, since the cellview 'uram_2w_2r_we_x64' contains a large number of primitives.  Please consider enabling hierarchy in synthesis if you want to do floorplanning.
INFO: [Project 1-570] Preparing netlist for logic optimization
INFO: [Opt 31-138] Pushed 0 inverter(s) to 0 load pin(s).
Netlist sorting complete. Time (s): cpu = 00:00:00 ; elapsed = 00:00:00.01 . Memory (MB): peak = 3945.113 ; gain = 0.000 ; free physical = 21506 ; free virtual = 49168
INFO: [Project 1-111] Unisim Transformation Summary:
  A total of 10882 instances were transformed.
  IBUF => IBUF (IBUFCTRL, INBUF): 10882 instances

INFO: [Common 17-83] Releasing license: Synthesis
152 Infos, 5 Warnings, 0 Critical Warnings and 0 Errors encountered.
synth_design completed successfully
synth_design: Time (s): cpu = 00:00:29 ; elapsed = 00:00:35 . Memory (MB): peak = 3945.113 ; gain = 1568.359 ; free physical = 21651 ; free virtual = 49313
INFO: [Common 17-1381] The checkpoint '/Orion/GraphHBM/UTIL_IP/IP_64URAM_2W2R_WE/64_uram_we_wrapper.runs/synth_1/uram_2w_2r_we_x64.dcp' has been generated.
INFO: [runtcl-4] Executing : report_utilization -file uram_2w_2r_we_x64_utilization_synth.rpt -pb uram_2w_2r_we_x64_utilization_synth.pb
INFO: [Common 17-206] Exiting Vivado at Mon Sep 18 23:09:44 2023...
