

================================================================
== Vitis HLS Report for 'BuffOfst'
================================================================
* Date:           Wed Dec 20 22:12:20 2023

* Version:        2020.2 (Build 3064766 on Wed Nov 18 09:12:47 MST 2020)
* Project:        bfs_scatter_v1
* Solution:       solution1 (Vivado IP Flow Target)
* Product family: virtexuplus
* Target device:  xcu280-fsvh2892-2L-e


================================================================
== Performance Estimates
================================================================
+ Timing: 
    * Summary: 
    +--------+---------+----------+------------+
    |  Clock |  Target | Estimated| Uncertainty|
    +--------+---------+----------+------------+
    |ap_clk  |  5.00 ns|  2.849 ns|     1.35 ns|
    +--------+---------+----------+------------+

+ Latency: 
    * Summary: 
    +---------+---------+----------+----------+-----+-----+---------+
    |  Latency (cycles) |  Latency (absolute) |  Interval | Pipeline|
    |   min   |   max   |    min   |    max   | min | max |   Type  |
    +---------+---------+----------+----------+-----+-----+---------+
    |        ?|        ?|         ?|         ?|    ?|    ?|     none|
    +---------+---------+----------+----------+-----+-----+---------+

    + Detail: 
        * Instance: 
        N/A

        * Loop: 
        +----------------------+---------+---------+----------+-----------+-----------+----------+----------+
        |                      |  Latency (cycles) | Iteration|  Initiation Interval  |   Trip   |          |
        |       Loop Name      |   min   |   max   |  Latency |  achieved |   target  |   Count  | Pipelined|
        +----------------------+---------+---------+----------+-----------+-----------+----------+----------+
        |- L4                  |        ?|        ?|         ?|          -|          -|  0 ~ 4096|        no|
        | + SEND_REQ_TUPLE_L4  |        0|       16|         2|          1|          1|    0 ~ 16|       yes|
        | + VITIS_LOOP_57_1    |        ?|        ?|         2|          2|          1|         ?|       yes|
        +----------------------+---------+---------+----------+-----------+-----------+----------+----------+

============================================================
+ Verbose Summary: Synthesis Manager
============================================================
InlineROM: 1
ExposeGlobal: 0
============================================================
+ Verbose Summary: CDFG Model
============================================================
IsTopModel: 0
ResetActiveHigh: 1
IsCombinational: 0
IsDatapathOnly: 0
HasWiredReturn: 1
HasMFsm: 0
HasVarLatency: 1
IsPipeline: 0
IsRtlPipelined: 0
IsInstanceOverlapped: 0
IsDontTouch: 0
HasImplIP: 0
IsGatedGlobalClock: 0

+ Individual pipeline summary: 
  * Pipeline-0: initiation interval (II) = 1, depth = 2
  * Pipeline-1: initiation interval (II) = 2, depth = 2


============================================================
+ Verbose Summary: Schedule
============================================================
* Number of FSM states : 8
* Pipeline : 2
  Pipeline-0 : II = 1, D = 2, States = { 3 4 }
  Pipeline-1 : II = 2, D = 2, States = { 6 7 }
* Dataflow Pipeline: 0

* FSM state transitions: 
1 --> 2 
2 --> 3 
3 --> 5 4 
4 --> 3 
5 --> 6 
6 --> 7 
7 --> 8 6 
8 --> 2 

* FSM state operations: 

State 1 <SV = 0> <Delay = 2.84>
ST_1 : Operation 9 [1/1] (0.00ns)   --->   "%size_read = read i20 @_ssdm_op_Read.ap_auto.i20, i20 %size"   --->   Operation 9 'read' 'size_read' <Predicate = true> <Delay = 0.00>
ST_1 : Operation 10 [1/1] (0.00ns)   --->   "%empty = trunc i20 %size_read"   --->   Operation 10 'trunc' 'empty' <Predicate = true> <Delay = 0.00>
ST_1 : Operation 11 [1/1] (0.00ns)   --->   "%specmemcore_ln0 = specmemcore void @_ssdm_op_SpecMemCore, i64 %ofst_buff, i64 666, i64 24, i64 1"   --->   Operation 11 'specmemcore' 'specmemcore_ln0' <Predicate = true> <Delay = 0.00>
ST_1 : Operation 12 [1/1] (0.00ns)   --->   "%specinterface_ln0 = specinterface void @_ssdm_op_SpecInterface, i32 %rd_req_V, void @empty_16, i32 0, i32 0, void @empty_9, i32 0, i32 0, void @empty_9, void @empty_9, void @empty_9, i32 0, i32 0, i32 0, i32 0, void @empty_9, void @empty_9"   --->   Operation 12 'specinterface' 'specinterface_ln0' <Predicate = true> <Delay = 0.00>
ST_1 : Operation 13 [1/1] (0.00ns)   --->   "%specinterface_ln0 = specinterface void @_ssdm_op_SpecInterface, i1 %rd_port_V_last_V, void @empty_19, i32 0, i32 0, void @empty_10, i32 0, i32 0, void @empty_9, void @empty_9, void @empty_9, i32 0, i32 0, i32 0, i32 0, void @empty_9, void @empty_9"   --->   Operation 13 'specinterface' 'specinterface_ln0' <Predicate = true> <Delay = 0.00>
ST_1 : Operation 14 [1/1] (0.00ns)   --->   "%specinterface_ln0 = specinterface void @_ssdm_op_SpecInterface, i16 %rd_port_V_strb_V, void @empty_19, i32 0, i32 0, void @empty_10, i32 0, i32 0, void @empty_9, void @empty_9, void @empty_9, i32 0, i32 0, i32 0, i32 0, void @empty_9, void @empty_9"   --->   Operation 14 'specinterface' 'specinterface_ln0' <Predicate = true> <Delay = 0.00>
ST_1 : Operation 15 [1/1] (0.00ns)   --->   "%specinterface_ln0 = specinterface void @_ssdm_op_SpecInterface, i16 %rd_port_V_keep_V, void @empty_19, i32 0, i32 0, void @empty_10, i32 0, i32 0, void @empty_9, void @empty_9, void @empty_9, i32 0, i32 0, i32 0, i32 0, void @empty_9, void @empty_9"   --->   Operation 15 'specinterface' 'specinterface_ln0' <Predicate = true> <Delay = 0.00>
ST_1 : Operation 16 [1/1] (0.00ns)   --->   "%specinterface_ln0 = specinterface void @_ssdm_op_SpecInterface, i128 %rd_port_V_data_V, void @empty_19, i32 0, i32 0, void @empty_10, i32 0, i32 0, void @empty_9, void @empty_9, void @empty_9, i32 0, i32 0, i32 0, i32 0, void @empty_9, void @empty_9"   --->   Operation 16 'specinterface' 'specinterface_ln0' <Predicate = true> <Delay = 0.00>
ST_1 : Operation 17 [1/1] (0.65ns)   --->   "%icmp_ln34 = icmp_eq  i4 %empty, i4 0" [/Zodiac/GraFlex/ArtifactEvaluation/figure8/BFS_Scalability/PE_4/src/hw/scatter/bfs_scatter.cpp:34]   --->   Operation 17 'icmp' 'icmp_ln34' <Predicate = true> <Delay = 0.65> <CoreInst = "Cmp">   --->   Core 9 'Cmp' <Latency = 0> <II = 1> <Delay = 0.64> <FuncUnit> <Opcode : 'icmp'> <InPorts = 2> <OutPorts = 1>
ST_1 : Operation 18 [1/1] (0.00ns)   --->   "%trunc_ln = partselect i16 @_ssdm_op_PartSelect.i16.i20.i32.i32, i20 %size_read, i32 4, i32 19" [/Zodiac/GraFlex/ArtifactEvaluation/figure8/BFS_Scalability/PE_4/src/hw/scatter/bfs_scatter.cpp:34]   --->   Operation 18 'partselect' 'trunc_ln' <Predicate = true> <Delay = 0.00>
ST_1 : Operation 19 [1/1] (0.78ns)   --->   "%add_ln34 = add i16 %trunc_ln, i16 1" [/Zodiac/GraFlex/ArtifactEvaluation/figure8/BFS_Scalability/PE_4/src/hw/scatter/bfs_scatter.cpp:34]   --->   Operation 19 'add' 'add_ln34' <Predicate = true> <Delay = 0.78> <CoreInst = "Adder">   --->   Core 1 'Adder' <Latency = 0> <II = 1> <Delay = 0.70> <FuncUnit> <Opcode : 'add' 'sub'> <InPorts = 2> <OutPorts = 1>
ST_1 : Operation 20 [1/1] (0.24ns)   --->   "%n_chunk = select i1 %icmp_ln34, i16 %trunc_ln, i16 %add_ln34" [/Zodiac/GraFlex/ArtifactEvaluation/figure8/BFS_Scalability/PE_4/src/hw/scatter/bfs_scatter.cpp:34]   --->   Operation 20 'select' 'n_chunk' <Predicate = true> <Delay = 0.24> <CoreInst = "Sel">   --->   Core 73 'Sel' <Latency = 0> <II = 1> <Delay = 0.27> <FuncUnit> <Opcode : 'select'> <InPorts = 3> <OutPorts = 1>
ST_1 : Operation 21 [1/1] (0.00ns)   --->   "%trunc_ln34 = trunc i16 %n_chunk" [/Zodiac/GraFlex/ArtifactEvaluation/figure8/BFS_Scalability/PE_4/src/hw/scatter/bfs_scatter.cpp:34]   --->   Operation 21 'trunc' 'trunc_ln34' <Predicate = true> <Delay = 0.00>
ST_1 : Operation 22 [1/1] (0.65ns)   --->   "%icmp_ln35 = icmp_eq  i4 %trunc_ln34, i4 0" [/Zodiac/GraFlex/ArtifactEvaluation/figure8/BFS_Scalability/PE_4/src/hw/scatter/bfs_scatter.cpp:35]   --->   Operation 22 'icmp' 'icmp_ln35' <Predicate = true> <Delay = 0.65> <CoreInst = "Cmp">   --->   Core 9 'Cmp' <Latency = 0> <II = 1> <Delay = 0.64> <FuncUnit> <Opcode : 'icmp'> <InPorts = 2> <OutPorts = 1>
ST_1 : Operation 23 [1/1] (0.00ns)   --->   "%trunc_ln35_1 = partselect i12 @_ssdm_op_PartSelect.i12.i16.i32.i32, i16 %n_chunk, i32 4, i32 15" [/Zodiac/GraFlex/ArtifactEvaluation/figure8/BFS_Scalability/PE_4/src/hw/scatter/bfs_scatter.cpp:35]   --->   Operation 23 'partselect' 'trunc_ln35_1' <Predicate = true> <Delay = 0.00>
ST_1 : Operation 24 [1/1] (0.00ns)   --->   "%zext_ln35 = zext i12 %trunc_ln35_1" [/Zodiac/GraFlex/ArtifactEvaluation/figure8/BFS_Scalability/PE_4/src/hw/scatter/bfs_scatter.cpp:35]   --->   Operation 24 'zext' 'zext_ln35' <Predicate = true> <Delay = 0.00>
ST_1 : Operation 25 [1/1] (0.74ns)   --->   "%add_ln35 = add i13 %zext_ln35, i13 1" [/Zodiac/GraFlex/ArtifactEvaluation/figure8/BFS_Scalability/PE_4/src/hw/scatter/bfs_scatter.cpp:35]   --->   Operation 25 'add' 'add_ln35' <Predicate = true> <Delay = 0.74> <CoreInst = "Adder">   --->   Core 1 'Adder' <Latency = 0> <II = 1> <Delay = 0.70> <FuncUnit> <Opcode : 'add' 'sub'> <InPorts = 2> <OutPorts = 1>
ST_1 : Operation 26 [1/1] (0.32ns)   --->   "%n_iter = select i1 %icmp_ln35, i13 %zext_ln35, i13 %add_ln35" [/Zodiac/GraFlex/ArtifactEvaluation/figure8/BFS_Scalability/PE_4/src/hw/scatter/bfs_scatter.cpp:35]   --->   Operation 26 'select' 'n_iter' <Predicate = true> <Delay = 0.32> <CoreInst = "Sel">   --->   Core 73 'Sel' <Latency = 0> <II = 1> <Delay = 0.27> <FuncUnit> <Opcode : 'select'> <InPorts = 3> <OutPorts = 1>
ST_1 : Operation 27 [1/1] (0.75ns)   --->   "%sub = add i13 %n_iter, i13 8191" [/Zodiac/GraFlex/ArtifactEvaluation/figure8/BFS_Scalability/PE_4/src/hw/scatter/bfs_scatter.cpp:35]   --->   Operation 27 'add' 'sub' <Predicate = true> <Delay = 0.75> <CoreInst = "Adder">   --->   Core 1 'Adder' <Latency = 0> <II = 1> <Delay = 0.70> <FuncUnit> <Opcode : 'add' 'sub'> <InPorts = 2> <OutPorts = 1>
ST_1 : Operation 28 [1/1] (0.00ns)   --->   "%sub_cast = sext i13 %sub" [/Zodiac/GraFlex/ArtifactEvaluation/figure8/BFS_Scalability/PE_4/src/hw/scatter/bfs_scatter.cpp:35]   --->   Operation 28 'sext' 'sub_cast' <Predicate = true> <Delay = 0.00>
ST_1 : Operation 29 [1/1] (0.70ns)   --->   "%tmp_arlen_V = add i4 %empty, i4 15"   --->   Operation 29 'add' 'tmp_arlen_V' <Predicate = true> <Delay = 0.70> <CoreInst = "Adder">   --->   Core 1 'Adder' <Latency = 0> <II = 1> <Delay = 0.70> <FuncUnit> <Opcode : 'add' 'sub'> <InPorts = 2> <OutPorts = 1>
ST_1 : Operation 30 [1/1] (0.00ns)   --->   "%zext_ln44 = zext i4 %trunc_ln34" [/Zodiac/GraFlex/ArtifactEvaluation/figure8/BFS_Scalability/PE_4/src/hw/scatter/bfs_scatter.cpp:44]   --->   Operation 30 'zext' 'zext_ln44' <Predicate = true> <Delay = 0.00>
ST_1 : Operation 31 [1/1] (0.27ns)   --->   "%select_ln44 = select i1 %icmp_ln35, i5 16, i5 %zext_ln44" [/Zodiac/GraFlex/ArtifactEvaluation/figure8/BFS_Scalability/PE_4/src/hw/scatter/bfs_scatter.cpp:44]   --->   Operation 31 'select' 'select_ln44' <Predicate = true> <Delay = 0.27> <CoreInst = "Sel">   --->   Core 73 'Sel' <Latency = 0> <II = 1> <Delay = 0.27> <FuncUnit> <Opcode : 'select'> <InPorts = 3> <OutPorts = 1>
ST_1 : Operation 32 [1/1] (0.38ns)   --->   "%br_ln42 = br void" [/Zodiac/GraFlex/ArtifactEvaluation/figure8/BFS_Scalability/PE_4/src/hw/scatter/bfs_scatter.cpp:42]   --->   Operation 32 'br' 'br_ln42' <Predicate = true> <Delay = 0.38>

State 2 <SV = 1> <Delay = 1.62>
ST_2 : Operation 33 [1/1] (0.00ns)   --->   "%i = phi i13 0, void %.lr.ph74, i13 %i_2, void"   --->   Operation 33 'phi' 'i' <Predicate = true> <Delay = 0.00>
ST_2 : Operation 34 [1/1] (0.00ns)   --->   "%ofst_buff_ptr = phi i32 0, void %.lr.ph74, i32 %ofst_buff_ptr_2, void"   --->   Operation 34 'phi' 'ofst_buff_ptr' <Predicate = true> <Delay = 0.00>
ST_2 : Operation 35 [1/1] (0.75ns)   --->   "%i_2 = add i13 %i, i13 1" [/Zodiac/GraFlex/ArtifactEvaluation/figure8/BFS_Scalability/PE_4/src/hw/scatter/bfs_scatter.cpp:42]   --->   Operation 35 'add' 'i_2' <Predicate = true> <Delay = 0.75> <CoreInst = "Adder">   --->   Core 1 'Adder' <Latency = 0> <II = 1> <Delay = 0.70> <FuncUnit> <Opcode : 'add' 'sub'> <InPorts = 2> <OutPorts = 1>
ST_2 : Operation 36 [1/1] (0.64ns)   --->   "%icmp_ln42 = icmp_eq  i13 %i, i13 %n_iter" [/Zodiac/GraFlex/ArtifactEvaluation/figure8/BFS_Scalability/PE_4/src/hw/scatter/bfs_scatter.cpp:42]   --->   Operation 36 'icmp' 'icmp_ln42' <Predicate = true> <Delay = 0.64> <CoreInst = "Cmp">   --->   Core 9 'Cmp' <Latency = 0> <II = 1> <Delay = 0.64> <FuncUnit> <Opcode : 'icmp'> <InPorts = 2> <OutPorts = 1>
ST_2 : Operation 37 [1/1] (0.00ns)   --->   "%empty_157 = speclooptripcount i32 @_ssdm_op_SpecLoopTripCount, i64 0, i64 4096, i64 0"   --->   Operation 37 'speclooptripcount' 'empty_157' <Predicate = true> <Delay = 0.00>
ST_2 : Operation 38 [1/1] (0.00ns)   --->   "%br_ln42 = br i1 %icmp_ln42, void %.split6, void %._crit_edge75.loopexit" [/Zodiac/GraFlex/ArtifactEvaluation/figure8/BFS_Scalability/PE_4/src/hw/scatter/bfs_scatter.cpp:42]   --->   Operation 38 'br' 'br_ln42' <Predicate = true> <Delay = 0.00>
ST_2 : Operation 39 [1/1] (0.00ns)   --->   "%zext_ln42 = zext i13 %i" [/Zodiac/GraFlex/ArtifactEvaluation/figure8/BFS_Scalability/PE_4/src/hw/scatter/bfs_scatter.cpp:42]   --->   Operation 39 'zext' 'zext_ln42' <Predicate = (!icmp_ln42)> <Delay = 0.00>
ST_2 : Operation 40 [1/1] (0.00ns)   --->   "%specloopname_ln38 = specloopname void @_ssdm_op_SpecLoopName, void @empty_6" [/Zodiac/GraFlex/ArtifactEvaluation/figure8/BFS_Scalability/PE_4/src/hw/scatter/bfs_scatter.cpp:38]   --->   Operation 40 'specloopname' 'specloopname_ln38' <Predicate = (!icmp_ln42)> <Delay = 0.00>
ST_2 : Operation 41 [1/1] (0.64ns)   --->   "%icmp_ln44 = icmp_eq  i14 %zext_ln42, i14 %sub_cast" [/Zodiac/GraFlex/ArtifactEvaluation/figure8/BFS_Scalability/PE_4/src/hw/scatter/bfs_scatter.cpp:44]   --->   Operation 41 'icmp' 'icmp_ln44' <Predicate = (!icmp_ln42)> <Delay = 0.64> <CoreInst = "Cmp">   --->   Core 9 'Cmp' <Latency = 0> <II = 1> <Delay = 0.64> <FuncUnit> <Opcode : 'icmp'> <InPorts = 2> <OutPorts = 1>
ST_2 : Operation 42 [1/1] (0.27ns)   --->   "%tail = select i1 %icmp_ln44, i5 %select_ln44, i5 16" [/Zodiac/GraFlex/ArtifactEvaluation/figure8/BFS_Scalability/PE_4/src/hw/scatter/bfs_scatter.cpp:44]   --->   Operation 42 'select' 'tail' <Predicate = (!icmp_ln42)> <Delay = 0.27> <CoreInst = "Sel">   --->   Core 73 'Sel' <Latency = 0> <II = 1> <Delay = 0.27> <FuncUnit> <Opcode : 'select'> <InPorts = 3> <OutPorts = 1>
ST_2 : Operation 43 [1/1] (0.70ns)   --->   "%sub36 = add i5 %tail, i5 31" [/Zodiac/GraFlex/ArtifactEvaluation/figure8/BFS_Scalability/PE_4/src/hw/scatter/bfs_scatter.cpp:44]   --->   Operation 43 'add' 'sub36' <Predicate = (!icmp_ln42)> <Delay = 0.70> <CoreInst = "Adder">   --->   Core 1 'Adder' <Latency = 0> <II = 1> <Delay = 0.70> <FuncUnit> <Opcode : 'add' 'sub'> <InPorts = 2> <OutPorts = 1>
ST_2 : Operation 44 [1/1] (0.00ns)   --->   "%sext_ln52 = sext i5 %sub36" [/Zodiac/GraFlex/ArtifactEvaluation/figure8/BFS_Scalability/PE_4/src/hw/scatter/bfs_scatter.cpp:52]   --->   Operation 44 'sext' 'sext_ln52' <Predicate = (!icmp_ln42)> <Delay = 0.00>
ST_2 : Operation 45 [1/1] (0.00ns)   --->   "%trunc_ln52 = trunc i13 %i" [/Zodiac/GraFlex/ArtifactEvaluation/figure8/BFS_Scalability/PE_4/src/hw/scatter/bfs_scatter.cpp:52]   --->   Operation 45 'trunc' 'trunc_ln52' <Predicate = (!icmp_ln42)> <Delay = 0.00>
ST_2 : Operation 46 [1/1] (0.00ns)   --->   "%shl_ln = bitconcatenate i16 @_ssdm_op_BitConcatenate.i16.i12.i4, i12 %trunc_ln52, i4 0" [/Zodiac/GraFlex/ArtifactEvaluation/figure8/BFS_Scalability/PE_4/src/hw/scatter/bfs_scatter.cpp:52]   --->   Operation 46 'bitconcatenate' 'shl_ln' <Predicate = (!icmp_ln42)> <Delay = 0.00>
ST_2 : Operation 47 [1/1] (0.38ns)   --->   "%br_ln46 = br void" [/Zodiac/GraFlex/ArtifactEvaluation/figure8/BFS_Scalability/PE_4/src/hw/scatter/bfs_scatter.cpp:46]   --->   Operation 47 'br' 'br_ln46' <Predicate = (!icmp_ln42)> <Delay = 0.38>
ST_2 : Operation 48 [1/1] (0.00ns)   --->   "%ret_ln68 = ret" [/Zodiac/GraFlex/ArtifactEvaluation/figure8/BFS_Scalability/PE_4/src/hw/scatter/bfs_scatter.cpp:68]   --->   Operation 48 'ret' 'ret_ln68' <Predicate = (icmp_ln42)> <Delay = 0.00>

State 3 <SV = 2> <Delay = 0.70>
ST_3 : Operation 49 [1/1] (0.00ns)   --->   "%j = phi i5 0, void %.split6, i5 %j_3, void %.split"   --->   Operation 49 'phi' 'j' <Predicate = true> <Delay = 0.00>
ST_3 : Operation 50 [1/1] (0.70ns)   --->   "%j_3 = add i5 %j, i5 1" [/Zodiac/GraFlex/ArtifactEvaluation/figure8/BFS_Scalability/PE_4/src/hw/scatter/bfs_scatter.cpp:46]   --->   Operation 50 'add' 'j_3' <Predicate = true> <Delay = 0.70> <CoreInst = "Adder">   --->   Core 1 'Adder' <Latency = 0> <II = 1> <Delay = 0.70> <FuncUnit> <Opcode : 'add' 'sub'> <InPorts = 2> <OutPorts = 1>
ST_3 : Operation 51 [1/1] (0.00ns)   --->   "%specpipeline_ln0 = specpipeline void @_ssdm_op_SpecPipeline, i32 4294967295, i32 0, i32 1, i32 0, void @p_str"   --->   Operation 51 'specpipeline' 'specpipeline_ln0' <Predicate = true> <Delay = 0.00>
ST_3 : Operation 52 [1/1] (0.63ns)   --->   "%icmp_ln46 = icmp_eq  i5 %j, i5 %tail" [/Zodiac/GraFlex/ArtifactEvaluation/figure8/BFS_Scalability/PE_4/src/hw/scatter/bfs_scatter.cpp:46]   --->   Operation 52 'icmp' 'icmp_ln46' <Predicate = true> <Delay = 0.63> <CoreInst = "Cmp">   --->   Core 9 'Cmp' <Latency = 0> <II = 1> <Delay = 0.64> <FuncUnit> <Opcode : 'icmp'> <InPorts = 2> <OutPorts = 1>
ST_3 : Operation 53 [1/1] (0.00ns)   --->   "%empty_158 = speclooptripcount i32 @_ssdm_op_SpecLoopTripCount, i64 0, i64 16, i64 0"   --->   Operation 53 'speclooptripcount' 'empty_158' <Predicate = true> <Delay = 0.00>
ST_3 : Operation 54 [1/1] (0.00ns)   --->   "%br_ln46 = br i1 %icmp_ln46, void %.split, void %._crit_edge.loopexit" [/Zodiac/GraFlex/ArtifactEvaluation/figure8/BFS_Scalability/PE_4/src/hw/scatter/bfs_scatter.cpp:46]   --->   Operation 54 'br' 'br_ln46' <Predicate = true> <Delay = 0.00>

State 4 <SV = 3> <Delay = 2.31>
ST_4 : Operation 55 [1/1] (0.00ns)   --->   "%zext_ln46 = zext i5 %j" [/Zodiac/GraFlex/ArtifactEvaluation/figure8/BFS_Scalability/PE_4/src/hw/scatter/bfs_scatter.cpp:46]   --->   Operation 55 'zext' 'zext_ln46' <Predicate = (!icmp_ln46)> <Delay = 0.00>
ST_4 : Operation 56 [1/1] (0.00ns)   --->   "%specloopname_ln46 = specloopname void @_ssdm_op_SpecLoopName, void @empty_4" [/Zodiac/GraFlex/ArtifactEvaluation/figure8/BFS_Scalability/PE_4/src/hw/scatter/bfs_scatter.cpp:46]   --->   Operation 56 'specloopname' 'specloopname_ln46' <Predicate = (!icmp_ln46)> <Delay = 0.00>
ST_4 : Operation 57 [1/1] (0.63ns)   --->   "%icmp_ln47 = icmp_eq  i6 %zext_ln46, i6 %sext_ln52" [/Zodiac/GraFlex/ArtifactEvaluation/figure8/BFS_Scalability/PE_4/src/hw/scatter/bfs_scatter.cpp:47]   --->   Operation 57 'icmp' 'icmp_ln47' <Predicate = (!icmp_ln46)> <Delay = 0.63> <CoreInst = "Cmp">   --->   Core 9 'Cmp' <Latency = 0> <II = 1> <Delay = 0.64> <FuncUnit> <Opcode : 'icmp'> <InPorts = 2> <OutPorts = 1>
ST_4 : Operation 58 [1/1] (0.00ns) (grouped into LUT with out node tmp_arlen_V_2)   --->   "%and_ln47 = and i1 %icmp_ln44, i1 %icmp_ln47" [/Zodiac/GraFlex/ArtifactEvaluation/figure8/BFS_Scalability/PE_4/src/hw/scatter/bfs_scatter.cpp:47]   --->   Operation 58 'and' 'and_ln47' <Predicate = (!icmp_ln46)> <Delay = 0.00> <CoreInst = "LogicGate">   --->   Core 74 'LogicGate' <Latency = 0> <II = 1> <Delay = 0.12> <FuncUnit> <Opcode : 'and' 'or' 'xor'> <InPorts = 2> <OutPorts = 1>
ST_4 : Operation 59 [1/1] (0.35ns) (out node of the LUT)   --->   "%tmp_arlen_V_2 = select i1 %and_ln47, i4 %tmp_arlen_V, i4 15" [/Zodiac/GraFlex/ArtifactEvaluation/figure8/BFS_Scalability/PE_4/src/hw/scatter/bfs_scatter.cpp:47]   --->   Operation 59 'select' 'tmp_arlen_V_2' <Predicate = (!icmp_ln46)> <Delay = 0.35> <CoreInst = "Sel">   --->   Core 73 'Sel' <Latency = 0> <II = 1> <Delay = 0.27> <FuncUnit> <Opcode : 'select'> <InPorts = 3> <OutPorts = 1>
ST_4 : Operation 60 [1/1] (0.00ns)   --->   "%zext_ln301 = zext i5 %j"   --->   Operation 60 'zext' 'zext_ln301' <Predicate = (!icmp_ln46)> <Delay = 0.00>
ST_4 : Operation 61 [1/1] (0.78ns)   --->   "%add_ln301 = add i16 %shl_ln, i16 %zext_ln301"   --->   Operation 61 'add' 'add_ln301' <Predicate = (!icmp_ln46)> <Delay = 0.78> <CoreInst = "Adder">   --->   Core 1 'Adder' <Latency = 0> <II = 1> <Delay = 0.70> <FuncUnit> <Opcode : 'add' 'sub'> <InPorts = 2> <OutPorts = 1>
ST_4 : Operation 62 [1/1] (0.00ns)   --->   "%v2_V = bitconcatenate i24 @_ssdm_op_BitConcatenate.i24.i16.i8, i16 %add_ln301, i8 0"   --->   Operation 62 'bitconcatenate' 'v2_V' <Predicate = (!icmp_ln46)> <Delay = 0.00>
ST_4 : Operation 63 [1/1] (0.00ns)   --->   "%zext_ln308 = zext i24 %v2_V"   --->   Operation 63 'zext' 'zext_ln308' <Predicate = (!icmp_ln46)> <Delay = 0.00>
ST_4 : Operation 64 [1/1] (0.00ns)   --->   "%p_Result_s = bitconcatenate i32 @_ssdm_op_BitConcatenate.i32.i4.i28, i4 %tmp_arlen_V_2, i28 %zext_ln308"   --->   Operation 64 'bitconcatenate' 'p_Result_s' <Predicate = (!icmp_ln46)> <Delay = 0.00>
ST_4 : Operation 65 [1/1] (1.32ns)   --->   "%write_ln174 = write void @_ssdm_op_Write.ap_fifo.volatile.i32P0A, i32 %rd_req_V, i32 %p_Result_s" [/opt/Xilinx/Vitis_HLS/2020.2/common/technology/autopilot/hls_stream_39.h:174]   --->   Operation 65 'write' 'write_ln174' <Predicate = (!icmp_ln46)> <Delay = 1.32> <CoreInst = "FIFO">   --->   Core 78 'FIFO' <Latency = 0> <II = 1> <Delay = 1.32> <Storage> <Opcode : 'read' 'write' 'nbread' 'nbwrite'> <Ports = 0> <Width = 32> <Depth = 0> <FIFO>
ST_4 : Operation 66 [1/1] (0.00ns)   --->   "%br_ln0 = br void"   --->   Operation 66 'br' 'br_ln0' <Predicate = (!icmp_ln46)> <Delay = 0.00>

State 5 <SV = 3> <Delay = 0.38>
ST_5 : Operation 67 [1/1] (0.00ns)   --->   "%write_ln55 = write void @_ssdm_op_Write.ap_auto.volatile.i1P0A, i1 %rd_start, i1 1" [/Zodiac/GraFlex/ArtifactEvaluation/figure8/BFS_Scalability/PE_4/src/hw/scatter/bfs_scatter.cpp:55]   --->   Operation 67 'write' 'write_ln55' <Predicate = true> <Delay = 0.00>
ST_5 : Operation 68 [1/1] (0.38ns)   --->   "%br_ln57 = br void %load-store-loop" [/Zodiac/GraFlex/ArtifactEvaluation/figure8/BFS_Scalability/PE_4/src/hw/scatter/bfs_scatter.cpp:57]   --->   Operation 68 'br' 'br_ln57' <Predicate = true> <Delay = 0.38>

State 6 <SV = 4> <Delay = 2.03>
ST_6 : Operation 69 [1/1] (0.00ns)   --->   "%ofst_buff_ptr_1 = phi i32 %ofst_buff_ptr, void %._crit_edge.loopexit, i32 %ofst_buff_ptr_2, void %load-store-loop"   --->   Operation 69 'phi' 'ofst_buff_ptr_1' <Predicate = true> <Delay = 0.00>
ST_6 : Operation 70 [1/1] (0.00ns)   --->   "%empty_159 = read i161 @_ssdm_op_Read.axis.volatile.i128P0A.i16P0A.i16P0A.i1P0A, i128 %rd_port_V_data_V, i16 %rd_port_V_keep_V, i16 %rd_port_V_strb_V, i1 %rd_port_V_last_V"   --->   Operation 70 'read' 'empty_159' <Predicate = true> <Delay = 0.00> <CoreInst = "axis">   --->   Core 123 'axis' <Latency = 0> <II = 1> <Delay = 1.00> <Adapter> <Opcode : >
ST_6 : Operation 71 [1/1] (0.00ns)   --->   "%rd_pkt_data_V = extractvalue i161 %empty_159"   --->   Operation 71 'extractvalue' 'rd_pkt_data_V' <Predicate = true> <Delay = 0.00>
ST_6 : Operation 72 [1/1] (0.00ns)   --->   "%rd_pkt_last_V = extractvalue i161 %empty_159"   --->   Operation 72 'extractvalue' 'rd_pkt_last_V' <Predicate = true> <Delay = 0.00>
ST_6 : Operation 73 [1/1] (0.00ns)   --->   "%trunc_ln61 = trunc i32 %ofst_buff_ptr_1" [/Zodiac/GraFlex/ArtifactEvaluation/figure8/BFS_Scalability/PE_4/src/hw/scatter/bfs_scatter.cpp:61]   --->   Operation 73 'trunc' 'trunc_ln61' <Predicate = true> <Delay = 0.00>
ST_6 : Operation 74 [1/1] (0.00ns)   --->   "%shl_ln3 = bitconcatenate i19 @_ssdm_op_BitConcatenate.i19.i18.i1, i18 %trunc_ln61, i1 0" [/Zodiac/GraFlex/ArtifactEvaluation/figure8/BFS_Scalability/PE_4/src/hw/scatter/bfs_scatter.cpp:61]   --->   Operation 74 'bitconcatenate' 'shl_ln3' <Predicate = true> <Delay = 0.00>
ST_6 : Operation 75 [1/1] (0.00ns)   --->   "%zext_ln61 = zext i19 %shl_ln3" [/Zodiac/GraFlex/ArtifactEvaluation/figure8/BFS_Scalability/PE_4/src/hw/scatter/bfs_scatter.cpp:61]   --->   Operation 75 'zext' 'zext_ln61' <Predicate = true> <Delay = 0.00>
ST_6 : Operation 76 [1/1] (0.00ns)   --->   "%empty_160 = trunc i128 %rd_pkt_data_V"   --->   Operation 76 'trunc' 'empty_160' <Predicate = true> <Delay = 0.00>
ST_6 : Operation 77 [1/1] (0.00ns)   --->   "%ofst_buff_addr = getelementptr i64 %ofst_buff, i64 0, i64 %zext_ln61" [/Zodiac/GraFlex/ArtifactEvaluation/figure8/BFS_Scalability/PE_4/src/hw/scatter/bfs_scatter.cpp:61]   --->   Operation 77 'getelementptr' 'ofst_buff_addr' <Predicate = true> <Delay = 0.00>
ST_6 : Operation 78 [1/1] (2.03ns)   --->   "%store_ln293 = store i64 %empty_160, i19 %ofst_buff_addr"   --->   Operation 78 'store' 'store_ln293' <Predicate = true> <Delay = 2.03> <CoreInst = "RAM_2P_URAM">   --->   Core 95 'RAM_2P_URAM' <Latency = 1> <II = 1> <Delay = 2.03> <Storage> <Opcode : 'load' 'store'> <Ports = 2> <Width = 64> <Depth = 393216> <RAM>
ST_6 : Operation 79 [1/1] (0.00ns)   --->   "%p_cast = partselect i64 @_ssdm_op_PartSelect.i64.i128.i32.i32, i128 %rd_pkt_data_V, i32 64, i32 127"   --->   Operation 79 'partselect' 'p_cast' <Predicate = true> <Delay = 0.00>

State 7 <SV = 5> <Delay = 2.03>
ST_7 : Operation 80 [1/1] (0.00ns)   --->   "%specpipeline_ln0 = specpipeline void @_ssdm_op_SpecPipeline, i32 4294967295, i32 0, i32 1, i32 0, void @p_str"   --->   Operation 80 'specpipeline' 'specpipeline_ln0' <Predicate = true> <Delay = 0.00>
ST_7 : Operation 81 [1/1] (0.00ns)   --->   "%specloopname_ln38 = specloopname void @_ssdm_op_SpecLoopName, void @empty_5" [/Zodiac/GraFlex/ArtifactEvaluation/figure8/BFS_Scalability/PE_4/src/hw/scatter/bfs_scatter.cpp:38]   --->   Operation 81 'specloopname' 'specloopname_ln38' <Predicate = true> <Delay = 0.00>
ST_7 : Operation 82 [1/1] (0.00ns)   --->   "%p_sum1 = or i19 %shl_ln3, i19 1" [/Zodiac/GraFlex/ArtifactEvaluation/figure8/BFS_Scalability/PE_4/src/hw/scatter/bfs_scatter.cpp:61]   --->   Operation 82 'or' 'p_sum1' <Predicate = true> <Delay = 0.00>
ST_7 : Operation 83 [1/1] (0.00ns)   --->   "%p_sum1_cast = zext i19 %p_sum1" [/Zodiac/GraFlex/ArtifactEvaluation/figure8/BFS_Scalability/PE_4/src/hw/scatter/bfs_scatter.cpp:61]   --->   Operation 83 'zext' 'p_sum1_cast' <Predicate = true> <Delay = 0.00>
ST_7 : Operation 84 [1/1] (0.00ns)   --->   "%ofst_buff_addr_2 = getelementptr i64 %ofst_buff, i64 0, i64 %p_sum1_cast" [/Zodiac/GraFlex/ArtifactEvaluation/figure8/BFS_Scalability/PE_4/src/hw/scatter/bfs_scatter.cpp:61]   --->   Operation 84 'getelementptr' 'ofst_buff_addr_2' <Predicate = true> <Delay = 0.00>
ST_7 : Operation 85 [1/1] (2.03ns)   --->   "%store_ln293 = store i64 %p_cast, i19 %ofst_buff_addr_2"   --->   Operation 85 'store' 'store_ln293' <Predicate = true> <Delay = 2.03> <CoreInst = "RAM_2P_URAM">   --->   Core 95 'RAM_2P_URAM' <Latency = 1> <II = 1> <Delay = 2.03> <Storage> <Opcode : 'load' 'store'> <Ports = 2> <Width = 64> <Depth = 393216> <RAM>
ST_7 : Operation 86 [1/1] (0.88ns)   --->   "%ofst_buff_ptr_2 = add i32 %ofst_buff_ptr_1, i32 1" [/Zodiac/GraFlex/ArtifactEvaluation/figure8/BFS_Scalability/PE_4/src/hw/scatter/bfs_scatter.cpp:62]   --->   Operation 86 'add' 'ofst_buff_ptr_2' <Predicate = true> <Delay = 0.88> <CoreInst = "Adder">   --->   Core 1 'Adder' <Latency = 0> <II = 1> <Delay = 0.70> <FuncUnit> <Opcode : 'add' 'sub'> <InPorts = 2> <OutPorts = 1>
ST_7 : Operation 87 [1/1] (0.00ns)   --->   "%br_ln63 = br i1 %rd_pkt_last_V, void %load-store-loop, void" [/Zodiac/GraFlex/ArtifactEvaluation/figure8/BFS_Scalability/PE_4/src/hw/scatter/bfs_scatter.cpp:63]   --->   Operation 87 'br' 'br_ln63' <Predicate = true> <Delay = 0.00>

State 8 <SV = 6> <Delay = 0.00>
ST_8 : Operation 88 [1/1] (0.00ns)   --->   "%write_ln65 = write void @_ssdm_op_Write.ap_auto.volatile.i1P0A, i1 %rd_start, i1 0" [/Zodiac/GraFlex/ArtifactEvaluation/figure8/BFS_Scalability/PE_4/src/hw/scatter/bfs_scatter.cpp:65]   --->   Operation 88 'write' 'write_ln65' <Predicate = true> <Delay = 0.00>
ST_8 : Operation 89 [1/1] (0.00ns)   --->   "%br_ln0 = br void"   --->   Operation 89 'br' 'br_ln0' <Predicate = true> <Delay = 0.00>


============================================================
+ Verbose Summary: Timing violations
============================================================
Target clock period: 5ns, clock uncertainty: 1.35ns.

 <State 1>: 2.85ns
The critical path consists of the following:
	wire read on port 'size' [9]  (0 ns)
	'add' operation ('add_ln34', /Zodiac/GraFlex/ArtifactEvaluation/figure8/BFS_Scalability/PE_4/src/hw/scatter/bfs_scatter.cpp:34) [19]  (0.785 ns)
	'select' operation ('n_chunk', /Zodiac/GraFlex/ArtifactEvaluation/figure8/BFS_Scalability/PE_4/src/hw/scatter/bfs_scatter.cpp:34) [20]  (0.243 ns)
	'add' operation ('add_ln35', /Zodiac/GraFlex/ArtifactEvaluation/figure8/BFS_Scalability/PE_4/src/hw/scatter/bfs_scatter.cpp:35) [25]  (0.745 ns)
	'select' operation ('n_iter', /Zodiac/GraFlex/ArtifactEvaluation/figure8/BFS_Scalability/PE_4/src/hw/scatter/bfs_scatter.cpp:35) [26]  (0.321 ns)
	'add' operation ('sub', /Zodiac/GraFlex/ArtifactEvaluation/figure8/BFS_Scalability/PE_4/src/hw/scatter/bfs_scatter.cpp:35) [27]  (0.755 ns)

 <State 2>: 1.63ns
The critical path consists of the following:
	'phi' operation ('i') with incoming values : ('i', /Zodiac/GraFlex/ArtifactEvaluation/figure8/BFS_Scalability/PE_4/src/hw/scatter/bfs_scatter.cpp:42) [34]  (0 ns)
	'icmp' operation ('icmp_ln44', /Zodiac/GraFlex/ArtifactEvaluation/figure8/BFS_Scalability/PE_4/src/hw/scatter/bfs_scatter.cpp:44) [43]  (0.64 ns)
	'select' operation ('tail', /Zodiac/GraFlex/ArtifactEvaluation/figure8/BFS_Scalability/PE_4/src/hw/scatter/bfs_scatter.cpp:44) [44]  (0.278 ns)
	'add' operation ('sub36', /Zodiac/GraFlex/ArtifactEvaluation/figure8/BFS_Scalability/PE_4/src/hw/scatter/bfs_scatter.cpp:44) [45]  (0.707 ns)

 <State 3>: 0.707ns
The critical path consists of the following:
	'phi' operation ('j') with incoming values : ('j', /Zodiac/GraFlex/ArtifactEvaluation/figure8/BFS_Scalability/PE_4/src/hw/scatter/bfs_scatter.cpp:46) [51]  (0 ns)
	'add' operation ('j', /Zodiac/GraFlex/ArtifactEvaluation/figure8/BFS_Scalability/PE_4/src/hw/scatter/bfs_scatter.cpp:46) [52]  (0.707 ns)

 <State 4>: 2.31ns
The critical path consists of the following:
	'icmp' operation ('icmp_ln47', /Zodiac/GraFlex/ArtifactEvaluation/figure8/BFS_Scalability/PE_4/src/hw/scatter/bfs_scatter.cpp:47) [60]  (0.637 ns)
	'and' operation ('and_ln47', /Zodiac/GraFlex/ArtifactEvaluation/figure8/BFS_Scalability/PE_4/src/hw/scatter/bfs_scatter.cpp:47) [61]  (0 ns)
	'select' operation ('tmp_arlen.V', /Zodiac/GraFlex/ArtifactEvaluation/figure8/BFS_Scalability/PE_4/src/hw/scatter/bfs_scatter.cpp:47) [62]  (0.351 ns)
	fifo write on port 'rd_req_V' (/opt/Xilinx/Vitis_HLS/2020.2/common/technology/autopilot/hls_stream_39.h:174) [68]  (1.32 ns)

 <State 5>: 0.387ns
The critical path consists of the following:
	multiplexor before 'phi' operation ('ofst_buff_ptr') with incoming values : ('ofst_buff_ptr', /Zodiac/GraFlex/ArtifactEvaluation/figure8/BFS_Scalability/PE_4/src/hw/scatter/bfs_scatter.cpp:62) [74]  (0.387 ns)

 <State 6>: 2.04ns
The critical path consists of the following:
	'phi' operation ('ofst_buff_ptr') with incoming values : ('ofst_buff_ptr', /Zodiac/GraFlex/ArtifactEvaluation/figure8/BFS_Scalability/PE_4/src/hw/scatter/bfs_scatter.cpp:62) [74]  (0 ns)
	'getelementptr' operation ('ofst_buff_addr', /Zodiac/GraFlex/ArtifactEvaluation/figure8/BFS_Scalability/PE_4/src/hw/scatter/bfs_scatter.cpp:61) [84]  (0 ns)
	'store' operation ('store_ln293') of variable 'empty_160' on array 'ofst_buff' [85]  (2.04 ns)

 <State 7>: 2.04ns
The critical path consists of the following:
	'or' operation ('p_sum1', /Zodiac/GraFlex/ArtifactEvaluation/figure8/BFS_Scalability/PE_4/src/hw/scatter/bfs_scatter.cpp:61) [87]  (0 ns)
	'getelementptr' operation ('ofst_buff_addr_2', /Zodiac/GraFlex/ArtifactEvaluation/figure8/BFS_Scalability/PE_4/src/hw/scatter/bfs_scatter.cpp:61) [89]  (0 ns)
	'store' operation ('store_ln293') of variable 'p_cast' on array 'ofst_buff' [90]  (2.04 ns)

 <State 8>: 0ns
The critical path consists of the following:


============================================================
+ Verbose Summary: Binding
============================================================
N/A
* FSMD analyzer results:
  - Output states:
 - Input state : 
  - Chain level:
	State 1
	State 2
	State 3
	State 4
	State 5
	State 6
	State 7
	State 8


============================================================
+ Verbose Summary: Datapath Resource usage 
============================================================
N/A
