

================================================================
== Vitis HLS Report for 'gen_access_tuple'
================================================================
* Date:           Wed Dec 20 22:12:20 2023

* Version:        2020.2 (Build 3064766 on Wed Nov 18 09:12:47 MST 2020)
* Project:        bfs_scatter_v1
* Solution:       solution1 (Vivado IP Flow Target)
* Product family: virtexuplus
* Target device:  xcu280-fsvh2892-2L-e


================================================================
== Performance Estimates
================================================================
+ Timing: 
    * Summary: 
    +--------+---------+----------+------------+
    |  Clock |  Target | Estimated| Uncertainty|
    +--------+---------+----------+------------+
    |ap_clk  |  5.00 ns|  3.306 ns|     1.35 ns|
    +--------+---------+----------+------------+

+ Latency: 
    * Summary: 
    +---------+---------+-----------+----------+-----+--------+---------+
    |  Latency (cycles) |  Latency (absolute)  |   Interval   | Pipeline|
    |   min   |   max   |    min    |    max   | min |   max  |   Type  |
    +---------+---------+-----------+----------+-----+--------+---------+
    |        8|   131585|  40.000 ns|  0.658 ms|    8|  131585|     none|
    +---------+---------+-----------+----------+-----+--------+---------+

    + Detail: 
        * Instance: 
        N/A

        * Loop: 
        +----------+---------+---------+----------+-----------+-----------+----------+----------+
        |          |  Latency (cycles) | Iteration|  Initiation Interval  |   Trip   |          |
        | Loop Name|   min   |   max   |  Latency |  achieved |   target  |   Count  | Pipelined|
        +----------+---------+---------+----------+-----------+-----------+----------+----------+
        |- L3      |        7|   131584|  7 ~ 2056|          -|          -|    1 ~ 64|        no|
        | + L3_1   |        2|     2048|         3|          2|          1|  1 ~ 1024|       yes|
        +----------+---------+---------+----------+-----------+-----------+----------+----------+

============================================================
+ Verbose Summary: Synthesis Manager
============================================================
InlineROM: 1
ExposeGlobal: 0
============================================================
+ Verbose Summary: CDFG Model
============================================================
IsTopModel: 0
ResetActiveHigh: 1
IsCombinational: 0
IsDatapathOnly: 0
HasWiredReturn: 1
HasMFsm: 0
HasVarLatency: 1
IsPipeline: 0
IsRtlPipelined: 0
IsInstanceOverlapped: 0
IsDontTouch: 0
HasImplIP: 0
IsGatedGlobalClock: 0

+ Individual pipeline summary: 
  * Pipeline-0: initiation interval (II) = 2, depth = 3


============================================================
+ Verbose Summary: Schedule
============================================================
* Number of FSM states : 11
* Pipeline : 1
  Pipeline-0 : II = 2, D = 3, States = { 6 7 8 }
* Dataflow Pipeline: 0

* FSM state transitions: 
1 --> 2 
2 --> 3 
3 --> 4 
4 --> 5 
5 --> 9 6 
6 --> 9 7 
7 --> 8 
8 --> 6 
9 --> 10 
10 --> 11 
11 --> 2 

* FSM state operations: 

State 1 <SV = 0> <Delay = 0.38>
ST_1 : Operation 12 [1/1] (0.00ns)   --->   "%batchIdx_read = read i25 @_ssdm_op_Read.ap_auto.i25, i25 %batchIdx"   --->   Operation 12 'read' 'batchIdx_read' <Predicate = true> <Delay = 0.00>
ST_1 : Operation 13 [1/1] (0.00ns)   --->   "%rlt_tail_idx_read = read i31 @_ssdm_op_Read.ap_auto.i31, i31 %rlt_tail_idx"   --->   Operation 13 'read' 'rlt_tail_idx_read' <Predicate = true> <Delay = 0.00>
ST_1 : Operation 14 [1/1] (0.00ns)   --->   "%specmemcore_ln0 = specmemcore void @_ssdm_op_SpecMemCore, i32 %mem_req_buff, i64 666, i64 22, i64 18446744073709551615"   --->   Operation 14 'specmemcore' 'specmemcore_ln0' <Predicate = true> <Delay = 0.00>
ST_1 : Operation 15 [1/1] (0.00ns)   --->   "%specmemcore_ln0 = specmemcore void @_ssdm_op_SpecMemCore, i64 %ofst_buff, i64 666, i64 24, i64 1"   --->   Operation 15 'specmemcore' 'specmemcore_ln0' <Predicate = true> <Delay = 0.00>
ST_1 : Operation 16 [1/1] (0.00ns)   --->   "%specstablecontent_ln75 = specstablecontent void @_ssdm_op_SpecStableContent, i16 %n_mem_tuples, void " [/Zodiac/GraFlex/ArtifactEvaluation/figure8/BFS_Scalability/PE_4/src/hw/scatter/bfs_scatter.cpp:75]   --->   Operation 16 'specstablecontent' 'specstablecontent_ln75' <Predicate = true> <Delay = 0.00>
ST_1 : Operation 17 [1/1] (0.00ns)   --->   "%write_ln88 = write void @_ssdm_op_Write.ap_auto.i16P0A, i16 %n_mem_tuples, i16 0" [/Zodiac/GraFlex/ArtifactEvaluation/figure8/BFS_Scalability/PE_4/src/hw/scatter/bfs_scatter.cpp:88]   --->   Operation 17 'write' 'write_ln88' <Predicate = true> <Delay = 0.00>
ST_1 : Operation 18 [1/1] (0.00ns)   --->   "%mul = bitconcatenate i31 @_ssdm_op_BitConcatenate.i31.i25.i6, i25 %batchIdx_read, i6 0"   --->   Operation 18 'bitconcatenate' 'mul' <Predicate = true> <Delay = 0.00>
ST_1 : Operation 19 [1/1] (0.00ns)   --->   "%trunc_ln92 = trunc i25 %batchIdx_read" [/Zodiac/GraFlex/ArtifactEvaluation/figure8/BFS_Scalability/PE_4/src/hw/scatter/bfs_scatter.cpp:92]   --->   Operation 19 'trunc' 'trunc_ln92' <Predicate = true> <Delay = 0.00>
ST_1 : Operation 20 [1/1] (0.00ns)   --->   "%trunc_ln = bitconcatenate i20 @_ssdm_op_BitConcatenate.i20.i14.i6, i14 %trunc_ln92, i6 0" [/Zodiac/GraFlex/ArtifactEvaluation/figure8/BFS_Scalability/PE_4/src/hw/scatter/bfs_scatter.cpp:92]   --->   Operation 20 'bitconcatenate' 'trunc_ln' <Predicate = true> <Delay = 0.00>
ST_1 : Operation 21 [1/1] (0.38ns)   --->   "%br_ln90 = br void" [/Zodiac/GraFlex/ArtifactEvaluation/figure8/BFS_Scalability/PE_4/src/hw/scatter/bfs_scatter.cpp:90]   --->   Operation 21 'br' 'br_ln90' <Predicate = true> <Delay = 0.38>

State 2 <SV = 1> <Delay = 1.84>
ST_2 : Operation 22 [1/1] (0.00ns)   --->   "%k = phi i7 0, void, i7 %add_ln90, void %._crit_edge._crit_edge" [/Zodiac/GraFlex/ArtifactEvaluation/figure8/BFS_Scalability/PE_4/src/hw/scatter/bfs_scatter.cpp:90]   --->   Operation 22 'phi' 'k' <Predicate = true> <Delay = 0.00>
ST_2 : Operation 23 [1/1] (0.00ns)   --->   "%n_mem_tuples_promoted = phi i16 0, void, i16 %n_mem_tuples_promoted14, void %._crit_edge._crit_edge" [/Zodiac/GraFlex/ArtifactEvaluation/figure8/BFS_Scalability/PE_4/src/hw/scatter/bfs_scatter.cpp:140]   --->   Operation 23 'phi' 'n_mem_tuples_promoted' <Predicate = true> <Delay = 0.00>
ST_2 : Operation 24 [1/1] (0.00ns)   --->   "%tmp = bitselect i1 @_ssdm_op_BitSelect.i1.i7.i32, i7 %k, i32 6" [/Zodiac/GraFlex/ArtifactEvaluation/figure8/BFS_Scalability/PE_4/src/hw/scatter/bfs_scatter.cpp:90]   --->   Operation 24 'bitselect' 'tmp' <Predicate = true> <Delay = 0.00>
ST_2 : Operation 25 [1/1] (0.00ns)   --->   "%empty = speclooptripcount i32 @_ssdm_op_SpecLoopTripCount, i64 1, i64 64, i64 32"   --->   Operation 25 'speclooptripcount' 'empty' <Predicate = true> <Delay = 0.00>
ST_2 : Operation 26 [1/1] (0.70ns)   --->   "%add_ln90 = add i7 %k, i7 1" [/Zodiac/GraFlex/ArtifactEvaluation/figure8/BFS_Scalability/PE_4/src/hw/scatter/bfs_scatter.cpp:90]   --->   Operation 26 'add' 'add_ln90' <Predicate = true> <Delay = 0.70> <CoreInst = "Adder">   --->   Core 1 'Adder' <Latency = 0> <II = 1> <Delay = 0.78> <FuncUnit> <Opcode : 'add' 'sub'> <InPorts = 2> <OutPorts = 1>
ST_2 : Operation 27 [1/1] (0.00ns)   --->   "%br_ln90 = br i1 %tmp, void %.split18, void %._crit_edge1" [/Zodiac/GraFlex/ArtifactEvaluation/figure8/BFS_Scalability/PE_4/src/hw/scatter/bfs_scatter.cpp:90]   --->   Operation 27 'br' 'br_ln90' <Predicate = true> <Delay = 0.00>
ST_2 : Operation 28 [1/1] (0.00ns)   --->   "%zext_ln90 = zext i7 %k" [/Zodiac/GraFlex/ArtifactEvaluation/figure8/BFS_Scalability/PE_4/src/hw/scatter/bfs_scatter.cpp:90]   --->   Operation 28 'zext' 'zext_ln90' <Predicate = (!tmp)> <Delay = 0.00>
ST_2 : Operation 29 [1/1] (0.00ns)   --->   "%specloopname_ln90 = specloopname void @_ssdm_op_SpecLoopName, void @empty_15" [/Zodiac/GraFlex/ArtifactEvaluation/figure8/BFS_Scalability/PE_4/src/hw/scatter/bfs_scatter.cpp:90]   --->   Operation 29 'specloopname' 'specloopname_ln90' <Predicate = (!tmp)> <Delay = 0.00>
ST_2 : Operation 30 [1/1] (0.00ns)   --->   "%zext_ln92 = zext i7 %k" [/Zodiac/GraFlex/ArtifactEvaluation/figure8/BFS_Scalability/PE_4/src/hw/scatter/bfs_scatter.cpp:92]   --->   Operation 30 'zext' 'zext_ln92' <Predicate = (!tmp)> <Delay = 0.00>
ST_2 : Operation 31 [1/1] (0.00ns)   --->   "%trunc_ln92_1 = trunc i7 %k" [/Zodiac/GraFlex/ArtifactEvaluation/figure8/BFS_Scalability/PE_4/src/hw/scatter/bfs_scatter.cpp:92]   --->   Operation 31 'trunc' 'trunc_ln92_1' <Predicate = (!tmp)> <Delay = 0.00>
ST_2 : Operation 32 [1/1] (0.87ns)   --->   "%tmpVid = add i31 %zext_ln90, i31 %mul" [/Zodiac/GraFlex/ArtifactEvaluation/figure8/BFS_Scalability/PE_4/src/hw/scatter/bfs_scatter.cpp:92]   --->   Operation 32 'add' 'tmpVid' <Predicate = (!tmp)> <Delay = 0.87> <CoreInst = "Adder">   --->   Core 1 'Adder' <Latency = 0> <II = 1> <Delay = 0.78> <FuncUnit> <Opcode : 'add' 'sub'> <InPorts = 2> <OutPorts = 1>
ST_2 : Operation 33 [1/1] (0.80ns)   --->   "%add_ln79 = add i20 %zext_ln92, i20 %trunc_ln" [/Zodiac/GraFlex/ArtifactEvaluation/figure8/BFS_Scalability/PE_4/src/hw/scatter/bfs_scatter.cpp:79]   --->   Operation 33 'add' 'add_ln79' <Predicate = (!tmp)> <Delay = 0.80> <CoreInst = "Adder">   --->   Core 1 'Adder' <Latency = 0> <II = 1> <Delay = 0.78> <FuncUnit> <Opcode : 'add' 'sub'> <InPorts = 2> <OutPorts = 1>
ST_2 : Operation 34 [1/1] (0.84ns)   --->   "%icmp_ln93 = icmp_ugt  i31 %tmpVid, i31 %rlt_tail_idx_read" [/Zodiac/GraFlex/ArtifactEvaluation/figure8/BFS_Scalability/PE_4/src/hw/scatter/bfs_scatter.cpp:93]   --->   Operation 34 'icmp' 'icmp_ln93' <Predicate = (!tmp)> <Delay = 0.84> <CoreInst = "Cmp">   --->   Core 9 'Cmp' <Latency = 0> <II = 1> <Delay = 0.67> <FuncUnit> <Opcode : 'icmp'> <InPorts = 2> <OutPorts = 1>
ST_2 : Operation 35 [1/1] (0.00ns)   --->   "%br_ln93 = br i1 %icmp_ln93, void, void %._crit_edge1" [/Zodiac/GraFlex/ArtifactEvaluation/figure8/BFS_Scalability/PE_4/src/hw/scatter/bfs_scatter.cpp:93]   --->   Operation 35 'br' 'br_ln93' <Predicate = (!tmp)> <Delay = 0.00>
ST_2 : Operation 36 [1/1] (0.00ns)   --->   "%lshr_ln = partselect i19 @_ssdm_op_PartSelect.i19.i20.i32.i32, i20 %add_ln79, i32 1, i32 19" [/Zodiac/GraFlex/ArtifactEvaluation/figure8/BFS_Scalability/PE_4/src/hw/scatter/bfs_scatter.cpp:95]   --->   Operation 36 'partselect' 'lshr_ln' <Predicate = (!tmp & !icmp_ln93)> <Delay = 0.00>
ST_2 : Operation 37 [1/1] (0.00ns)   --->   "%ret_ln145 = ret" [/Zodiac/GraFlex/ArtifactEvaluation/figure8/BFS_Scalability/PE_4/src/hw/scatter/bfs_scatter.cpp:145]   --->   Operation 37 'ret' 'ret_ln145' <Predicate = (icmp_ln93) | (tmp)> <Delay = 0.00>

State 3 <SV = 2> <Delay = 3.15>
ST_3 : Operation 38 [1/1] (0.00ns)   --->   "%zext_ln95 = zext i19 %lshr_ln" [/Zodiac/GraFlex/ArtifactEvaluation/figure8/BFS_Scalability/PE_4/src/hw/scatter/bfs_scatter.cpp:95]   --->   Operation 38 'zext' 'zext_ln95' <Predicate = true> <Delay = 0.00>
ST_3 : Operation 39 [1/1] (0.00ns)   --->   "%ofst_buff_addr = getelementptr i64 %ofst_buff, i64 0, i64 %zext_ln95" [/Zodiac/GraFlex/ArtifactEvaluation/figure8/BFS_Scalability/PE_4/src/hw/scatter/bfs_scatter.cpp:95]   --->   Operation 39 'getelementptr' 'ofst_buff_addr' <Predicate = true> <Delay = 0.00>
ST_3 : Operation 40 [2/2] (2.03ns)   --->   "%curVal = load i19 %ofst_buff_addr" [/Zodiac/GraFlex/ArtifactEvaluation/figure8/BFS_Scalability/PE_4/src/hw/scatter/bfs_scatter.cpp:95]   --->   Operation 40 'load' 'curVal' <Predicate = true> <Delay = 2.03> <CoreInst = "RAM_2P_URAM">   --->   Core 95 'RAM_2P_URAM' <Latency = 1> <II = 1> <Delay = 2.03> <Storage> <Opcode : 'load' 'store'> <Ports = 2> <Width = 64> <Depth = 393216> <RAM>
ST_3 : Operation 41 [1/1] (0.80ns)   --->   "%add_ln96 = add i19 %lshr_ln, i19 1" [/Zodiac/GraFlex/ArtifactEvaluation/figure8/BFS_Scalability/PE_4/src/hw/scatter/bfs_scatter.cpp:96]   --->   Operation 41 'add' 'add_ln96' <Predicate = (trunc_ln92_1)> <Delay = 0.80> <CoreInst = "Adder">   --->   Core 1 'Adder' <Latency = 0> <II = 1> <Delay = 0.78> <FuncUnit> <Opcode : 'add' 'sub'> <InPorts = 2> <OutPorts = 1>
ST_3 : Operation 42 [1/1] (0.31ns)   --->   "%select_ln674 = select i1 %trunc_ln92_1, i19 %add_ln96, i19 %lshr_ln"   --->   Operation 42 'select' 'select_ln674' <Predicate = true> <Delay = 0.31> <CoreInst = "Sel">   --->   Core 73 'Sel' <Latency = 0> <II = 1> <Delay = 0.24> <FuncUnit> <Opcode : 'select'> <InPorts = 3> <OutPorts = 1>
ST_3 : Operation 43 [1/1] (0.00ns)   --->   "%zext_ln95_1 = zext i19 %select_ln674" [/Zodiac/GraFlex/ArtifactEvaluation/figure8/BFS_Scalability/PE_4/src/hw/scatter/bfs_scatter.cpp:95]   --->   Operation 43 'zext' 'zext_ln95_1' <Predicate = true> <Delay = 0.00>
ST_3 : Operation 44 [1/1] (0.00ns)   --->   "%ofst_buff_addr_1 = getelementptr i64 %ofst_buff, i64 0, i64 %zext_ln95_1" [/Zodiac/GraFlex/ArtifactEvaluation/figure8/BFS_Scalability/PE_4/src/hw/scatter/bfs_scatter.cpp:95]   --->   Operation 44 'getelementptr' 'ofst_buff_addr_1' <Predicate = true> <Delay = 0.00>
ST_3 : Operation 45 [2/2] (2.03ns)   --->   "%p_Val2_1 = load i19 %ofst_buff_addr_1"   --->   Operation 45 'load' 'p_Val2_1' <Predicate = true> <Delay = 2.03> <CoreInst = "RAM_2P_URAM">   --->   Core 95 'RAM_2P_URAM' <Latency = 1> <II = 1> <Delay = 2.03> <Storage> <Opcode : 'load' 'store'> <Ports = 2> <Width = 64> <Depth = 393216> <RAM>

State 4 <SV = 3> <Delay = 3.02>
ST_4 : Operation 46 [1/2] (2.03ns)   --->   "%curVal = load i19 %ofst_buff_addr" [/Zodiac/GraFlex/ArtifactEvaluation/figure8/BFS_Scalability/PE_4/src/hw/scatter/bfs_scatter.cpp:95]   --->   Operation 46 'load' 'curVal' <Predicate = true> <Delay = 2.03> <CoreInst = "RAM_2P_URAM">   --->   Core 95 'RAM_2P_URAM' <Latency = 1> <II = 1> <Delay = 2.03> <Storage> <Opcode : 'load' 'store'> <Ports = 2> <Width = 64> <Depth = 393216> <RAM>
ST_4 : Operation 47 [1/1] (0.00ns)   --->   "%trunc_ln674 = trunc i64 %curVal"   --->   Operation 47 'trunc' 'trunc_ln674' <Predicate = (!trunc_ln92_1)> <Delay = 0.00>
ST_4 : Operation 48 [1/1] (0.00ns)   --->   "%tmp_1 = partselect i32 @_ssdm_op_PartSelect.i32.i64.i32.i32, i64 %curVal, i32 32, i32 63"   --->   Operation 48 'partselect' 'tmp_1' <Predicate = (trunc_ln92_1)> <Delay = 0.00>
ST_4 : Operation 49 [1/1] (0.22ns)   --->   "%select_ln98 = select i1 %trunc_ln92_1, i32 %tmp_1, i32 %trunc_ln674" [/Zodiac/GraFlex/ArtifactEvaluation/figure8/BFS_Scalability/PE_4/src/hw/scatter/bfs_scatter.cpp:98]   --->   Operation 49 'select' 'select_ln98' <Predicate = true> <Delay = 0.22> <CoreInst = "Sel">   --->   Core 73 'Sel' <Latency = 0> <II = 1> <Delay = 0.24> <FuncUnit> <Opcode : 'select'> <InPorts = 3> <OutPorts = 1>
ST_4 : Operation 50 [1/2] (2.03ns)   --->   "%p_Val2_1 = load i19 %ofst_buff_addr_1"   --->   Operation 50 'load' 'p_Val2_1' <Predicate = true> <Delay = 2.03> <CoreInst = "RAM_2P_URAM">   --->   Core 95 'RAM_2P_URAM' <Latency = 1> <II = 1> <Delay = 2.03> <Storage> <Opcode : 'load' 'store'> <Ports = 2> <Width = 64> <Depth = 393216> <RAM>
ST_4 : Operation 51 [1/1] (0.00ns) (grouped into LUT with out node sub_ln103)   --->   "%tmp_2 = partselect i14 @_ssdm_op_PartSelect.i14.i64.i32.i32, i64 %p_Val2_1, i32 32, i32 45" [/Zodiac/GraFlex/ArtifactEvaluation/figure8/BFS_Scalability/PE_4/src/hw/scatter/bfs_scatter.cpp:99]   --->   Operation 51 'partselect' 'tmp_2' <Predicate = (!trunc_ln92_1)> <Delay = 0.00>
ST_4 : Operation 52 [1/1] (0.00ns) (grouped into LUT with out node sub_ln103)   --->   "%trunc_ln99 = trunc i64 %p_Val2_1" [/Zodiac/GraFlex/ArtifactEvaluation/figure8/BFS_Scalability/PE_4/src/hw/scatter/bfs_scatter.cpp:99]   --->   Operation 52 'trunc' 'trunc_ln99' <Predicate = (trunc_ln92_1)> <Delay = 0.00>
ST_4 : Operation 53 [1/1] (0.00ns) (grouped into LUT with out node sub_ln103)   --->   "%select_ln99 = select i1 %trunc_ln92_1, i14 %trunc_ln99, i14 %tmp_2" [/Zodiac/GraFlex/ArtifactEvaluation/figure8/BFS_Scalability/PE_4/src/hw/scatter/bfs_scatter.cpp:99]   --->   Operation 53 'select' 'select_ln99' <Predicate = true> <Delay = 0.00> <CoreInst = "Sel">   --->   Core 73 'Sel' <Latency = 0> <II = 1> <Delay = 0.24> <FuncUnit> <Opcode : 'select'> <InPorts = 3> <OutPorts = 1>
ST_4 : Operation 54 [1/1] (0.00ns)   --->   "%trunc_ln213 = trunc i32 %select_ln98"   --->   Operation 54 'trunc' 'trunc_ln213' <Predicate = true> <Delay = 0.00>
ST_4 : Operation 55 [1/1] (0.00ns)   --->   "%padDecr_V = partselect i4 @_ssdm_op_PartSelect.i4.i32.i32.i32, i32 %select_ln98, i32 28, i32 31"   --->   Operation 55 'partselect' 'padDecr_V' <Predicate = true> <Delay = 0.00>
ST_4 : Operation 56 [1/1] (0.00ns) (grouped into LUT with out node sub_ln103)   --->   "%trunc_ln103 = trunc i32 %select_ln98" [/Zodiac/GraFlex/ArtifactEvaluation/figure8/BFS_Scalability/PE_4/src/hw/scatter/bfs_scatter.cpp:103]   --->   Operation 56 'trunc' 'trunc_ln103' <Predicate = true> <Delay = 0.00>
ST_4 : Operation 57 [1/1] (0.76ns) (out node of the LUT)   --->   "%sub_ln103 = sub i14 %select_ln99, i14 %trunc_ln103" [/Zodiac/GraFlex/ArtifactEvaluation/figure8/BFS_Scalability/PE_4/src/hw/scatter/bfs_scatter.cpp:103]   --->   Operation 57 'sub' 'sub_ln103' <Predicate = true> <Delay = 0.76> <CoreInst = "Adder">   --->   Core 1 'Adder' <Latency = 0> <II = 1> <Delay = 0.78> <FuncUnit> <Opcode : 'add' 'sub'> <InPorts = 2> <OutPorts = 1>

State 5 <SV = 4> <Delay = 2.84>
ST_5 : Operation 58 [1/1] (0.00ns)   --->   "%ofstAddr_V = bitconcatenate i28 @_ssdm_op_BitConcatenate.i28.i24.i4, i24 %trunc_ln213, i4 0"   --->   Operation 58 'bitconcatenate' 'ofstAddr_V' <Predicate = true> <Delay = 0.00>
ST_5 : Operation 59 [1/1] (0.00ns)   --->   "%shl_ln = bitconcatenate i16 @_ssdm_op_BitConcatenate.i16.i14.i2, i14 %sub_ln103, i2 0" [/Zodiac/GraFlex/ArtifactEvaluation/figure8/BFS_Scalability/PE_4/src/hw/scatter/bfs_scatter.cpp:103]   --->   Operation 59 'bitconcatenate' 'shl_ln' <Predicate = true> <Delay = 0.00>
ST_5 : Operation 60 [1/1] (0.00ns)   --->   "%zext_ln103 = zext i4 %padDecr_V" [/Zodiac/GraFlex/ArtifactEvaluation/figure8/BFS_Scalability/PE_4/src/hw/scatter/bfs_scatter.cpp:103]   --->   Operation 60 'zext' 'zext_ln103' <Predicate = true> <Delay = 0.00>
ST_5 : Operation 61 [1/1] (0.78ns)   --->   "%vDegree = sub i16 %shl_ln, i16 %zext_ln103" [/Zodiac/GraFlex/ArtifactEvaluation/figure8/BFS_Scalability/PE_4/src/hw/scatter/bfs_scatter.cpp:103]   --->   Operation 61 'sub' 'vDegree' <Predicate = true> <Delay = 0.78> <CoreInst = "Adder">   --->   Core 1 'Adder' <Latency = 0> <II = 1> <Delay = 0.78> <FuncUnit> <Opcode : 'add' 'sub'> <InPorts = 2> <OutPorts = 1>
ST_5 : Operation 62 [1/1] (0.00ns)   --->   "%trunc_ln80 = trunc i16 %vDegree" [/Zodiac/GraFlex/ArtifactEvaluation/figure8/BFS_Scalability/PE_4/src/hw/scatter/bfs_scatter.cpp:80]   --->   Operation 62 'trunc' 'trunc_ln80' <Predicate = true> <Delay = 0.00>
ST_5 : Operation 63 [1/1] (0.34ns)   --->   "%icmp_ln105 = icmp_eq  i2 %trunc_ln80, i2 0" [/Zodiac/GraFlex/ArtifactEvaluation/figure8/BFS_Scalability/PE_4/src/hw/scatter/bfs_scatter.cpp:105]   --->   Operation 63 'icmp' 'icmp_ln105' <Predicate = true> <Delay = 0.34> <CoreInst = "Cmp">   --->   Core 9 'Cmp' <Latency = 0> <II = 1> <Delay = 0.67> <FuncUnit> <Opcode : 'icmp'> <InPorts = 2> <OutPorts = 1>
ST_5 : Operation 64 [1/1] (0.00ns)   --->   "%trunc_ln4 = partselect i14 @_ssdm_op_PartSelect.i14.i16.i32.i32, i16 %vDegree, i32 2, i32 15" [/Zodiac/GraFlex/ArtifactEvaluation/figure8/BFS_Scalability/PE_4/src/hw/scatter/bfs_scatter.cpp:105]   --->   Operation 64 'partselect' 'trunc_ln4' <Predicate = true> <Delay = 0.00>
ST_5 : Operation 65 [1/1] (0.00ns)   --->   "%zext_ln105 = zext i14 %trunc_ln4" [/Zodiac/GraFlex/ArtifactEvaluation/figure8/BFS_Scalability/PE_4/src/hw/scatter/bfs_scatter.cpp:105]   --->   Operation 65 'zext' 'zext_ln105' <Predicate = true> <Delay = 0.00>
ST_5 : Operation 66 [1/1] (0.76ns)   --->   "%add_ln105 = add i15 %zext_ln105, i15 1" [/Zodiac/GraFlex/ArtifactEvaluation/figure8/BFS_Scalability/PE_4/src/hw/scatter/bfs_scatter.cpp:105]   --->   Operation 66 'add' 'add_ln105' <Predicate = true> <Delay = 0.76> <CoreInst = "Adder">   --->   Core 1 'Adder' <Latency = 0> <II = 1> <Delay = 0.78> <FuncUnit> <Opcode : 'add' 'sub'> <InPorts = 2> <OutPorts = 1>
ST_5 : Operation 67 [1/1] (0.29ns)   --->   "%realDeg = select i1 %icmp_ln105, i15 %zext_ln105, i15 %add_ln105" [/Zodiac/GraFlex/ArtifactEvaluation/figure8/BFS_Scalability/PE_4/src/hw/scatter/bfs_scatter.cpp:105]   --->   Operation 67 'select' 'realDeg' <Predicate = true> <Delay = 0.29> <CoreInst = "Sel">   --->   Core 73 'Sel' <Latency = 0> <II = 1> <Delay = 0.24> <FuncUnit> <Opcode : 'select'> <InPorts = 3> <OutPorts = 1>
ST_5 : Operation 68 [1/1] (0.00ns)   --->   "%n_rmdr_elem = trunc i15 %realDeg" [/Zodiac/GraFlex/ArtifactEvaluation/figure8/BFS_Scalability/PE_4/src/hw/scatter/bfs_scatter.cpp:138]   --->   Operation 68 'trunc' 'n_rmdr_elem' <Predicate = true> <Delay = 0.00>
ST_5 : Operation 69 [1/1] (0.00ns)   --->   "%trunc_ln5 = partselect i11 @_ssdm_op_PartSelect.i11.i15.i32.i32, i15 %realDeg, i32 4, i32 14" [/Zodiac/GraFlex/ArtifactEvaluation/figure8/BFS_Scalability/PE_4/src/hw/scatter/bfs_scatter.cpp:82]   --->   Operation 69 'partselect' 'trunc_ln5' <Predicate = true> <Delay = 0.00>
ST_5 : Operation 70 [1/1] (0.00ns)   --->   "%zext_ln81 = zext i4 %n_rmdr_elem" [/Zodiac/GraFlex/ArtifactEvaluation/figure8/BFS_Scalability/PE_4/src/hw/scatter/bfs_scatter.cpp:81]   --->   Operation 70 'zext' 'zext_ln81' <Predicate = true> <Delay = 0.00>
ST_5 : Operation 71 [1/1] (0.61ns)   --->   "%icmp_ln110 = icmp_eq  i11 %trunc_ln5, i11 0" [/Zodiac/GraFlex/ArtifactEvaluation/figure8/BFS_Scalability/PE_4/src/hw/scatter/bfs_scatter.cpp:110]   --->   Operation 71 'icmp' 'icmp_ln110' <Predicate = true> <Delay = 0.61> <CoreInst = "Cmp">   --->   Core 9 'Cmp' <Latency = 0> <II = 1> <Delay = 0.67> <FuncUnit> <Opcode : 'icmp'> <InPorts = 2> <OutPorts = 1>
ST_5 : Operation 72 [1/1] (0.38ns)   --->   "%br_ln110 = br i1 %icmp_ln110, void %.lr.ph.preheader, void %._crit_edge" [/Zodiac/GraFlex/ArtifactEvaluation/figure8/BFS_Scalability/PE_4/src/hw/scatter/bfs_scatter.cpp:110]   --->   Operation 72 'br' 'br_ln110' <Predicate = true> <Delay = 0.38>
ST_5 : Operation 73 [1/1] (0.38ns)   --->   "%br_ln0 = br void %.lr.ph"   --->   Operation 73 'br' 'br_ln0' <Predicate = (!icmp_ln110)> <Delay = 0.38>

State 6 <SV = 5> <Delay = 3.30>
ST_6 : Operation 74 [1/1] (0.00ns)   --->   "%empty_48 = phi i16 %add_ln126, void, i16 %n_mem_tuples_promoted, void %.lr.ph.preheader" [/Zodiac/GraFlex/ArtifactEvaluation/figure8/BFS_Scalability/PE_4/src/hw/scatter/bfs_scatter.cpp:126]   --->   Operation 74 'phi' 'empty_48' <Predicate = true> <Delay = 0.00>
ST_6 : Operation 75 [1/1] (0.00ns)   --->   "%j = phi i11 %j_1, void, i11 0, void %.lr.ph.preheader"   --->   Operation 75 'phi' 'j' <Predicate = true> <Delay = 0.00>
ST_6 : Operation 76 [1/1] (0.00ns)   --->   "%ofstAddr_V_8 = phi i28 %ofstAddr_V_5, void, i28 %ofstAddr_V, void %.lr.ph.preheader"   --->   Operation 76 'phi' 'ofstAddr_V_8' <Predicate = true> <Delay = 0.00>
ST_6 : Operation 77 [1/1] (0.73ns)   --->   "%j_1 = add i11 %j, i11 1" [/Zodiac/GraFlex/ArtifactEvaluation/figure8/BFS_Scalability/PE_4/src/hw/scatter/bfs_scatter.cpp:110]   --->   Operation 77 'add' 'j_1' <Predicate = true> <Delay = 0.73> <CoreInst = "Adder">   --->   Core 1 'Adder' <Latency = 0> <II = 1> <Delay = 0.78> <FuncUnit> <Opcode : 'add' 'sub'> <InPorts = 2> <OutPorts = 1>
ST_6 : Operation 78 [1/1] (0.00ns)   --->   "%specpipeline_ln0 = specpipeline void @_ssdm_op_SpecPipeline, i32 4294967295, i32 0, i32 1, i32 0, void @p_str"   --->   Operation 78 'specpipeline' 'specpipeline_ln0' <Predicate = true> <Delay = 0.00>
ST_6 : Operation 79 [1/1] (0.00ns)   --->   "%empty_49 = speclooptripcount i32 @_ssdm_op_SpecLoopTripCount, i64 1, i64 1024, i64 0"   --->   Operation 79 'speclooptripcount' 'empty_49' <Predicate = true> <Delay = 0.00>
ST_6 : Operation 80 [1/1] (0.61ns)   --->   "%icmp_ln110_1 = icmp_eq  i11 %j, i11 %trunc_ln5" [/Zodiac/GraFlex/ArtifactEvaluation/figure8/BFS_Scalability/PE_4/src/hw/scatter/bfs_scatter.cpp:110]   --->   Operation 80 'icmp' 'icmp_ln110_1' <Predicate = true> <Delay = 0.61> <CoreInst = "Cmp">   --->   Core 9 'Cmp' <Latency = 0> <II = 1> <Delay = 0.67> <FuncUnit> <Opcode : 'icmp'> <InPorts = 2> <OutPorts = 1>
ST_6 : Operation 81 [1/1] (0.00ns)   --->   "%br_ln110 = br i1 %icmp_ln110_1, void %.split, void %._crit_edge.loopexit" [/Zodiac/GraFlex/ArtifactEvaluation/figure8/BFS_Scalability/PE_4/src/hw/scatter/bfs_scatter.cpp:110]   --->   Operation 81 'br' 'br_ln110' <Predicate = true> <Delay = 0.00>
ST_6 : Operation 82 [1/1] (0.00ns)   --->   "%tmp_6 = partselect i16 @_ssdm_op_PartSelect.i16.i28.i32.i32, i28 %ofstAddr_V_8, i32 12, i32 27"   --->   Operation 82 'partselect' 'tmp_6' <Predicate = (!icmp_ln110_1)> <Delay = 0.00>
ST_6 : Operation 83 [1/1] (0.00ns)   --->   "%shl_ln1 = bitconcatenate i28 @_ssdm_op_BitConcatenate.i28.i16.i12, i16 %tmp_6, i12 0"   --->   Operation 83 'bitconcatenate' 'shl_ln1' <Predicate = (!icmp_ln110_1)> <Delay = 0.00>
ST_6 : Operation 84 [1/1] (0.85ns)   --->   "%next4K_V = add i28 %shl_ln1, i28 4096"   --->   Operation 84 'add' 'next4K_V' <Predicate = (!icmp_ln110_1)> <Delay = 0.85> <CoreInst = "Adder">   --->   Core 1 'Adder' <Latency = 0> <II = 1> <Delay = 0.78> <FuncUnit> <Opcode : 'add' 'sub'> <InPorts = 2> <OutPorts = 1>
ST_6 : Operation 85 [1/1] (0.00ns)   --->   "%zext_ln215 = zext i28 %next4K_V"   --->   Operation 85 'zext' 'zext_ln215' <Predicate = (!icmp_ln110_1)> <Delay = 0.00>
ST_6 : Operation 86 [1/1] (0.00ns)   --->   "%zext_ln215_1 = zext i28 %ofstAddr_V_8"   --->   Operation 86 'zext' 'zext_ln215_1' <Predicate = (!icmp_ln110_1)> <Delay = 0.00>
ST_6 : Operation 87 [1/1] (0.85ns)   --->   "%ret = sub i29 %zext_ln215, i29 %zext_ln215_1"   --->   Operation 87 'sub' 'ret' <Predicate = (!icmp_ln110_1)> <Delay = 0.85> <CoreInst = "Adder">   --->   Core 1 'Adder' <Latency = 0> <II = 1> <Delay = 0.78> <FuncUnit> <Opcode : 'add' 'sub'> <InPorts = 2> <OutPorts = 1>
ST_6 : Operation 88 [1/1] (0.00ns)   --->   "%trunc_ln1347 = trunc i29 %ret"   --->   Operation 88 'trunc' 'trunc_ln1347' <Predicate = (!icmp_ln110_1)> <Delay = 0.00>
ST_6 : Operation 89 [1/1] (0.00ns)   --->   "%tmp_3 = bitselect i1 @_ssdm_op_BitSelect.i1.i29.i32, i29 %ret, i32 28"   --->   Operation 89 'bitselect' 'tmp_3' <Predicate = (!icmp_ln110_1)> <Delay = 0.00>
ST_6 : Operation 90 [1/1] (0.80ns)   --->   "%sub_ln1364 = sub i20 0, i20 %trunc_ln1347"   --->   Operation 90 'sub' 'sub_ln1364' <Predicate = (!icmp_ln110_1)> <Delay = 0.80> <CoreInst = "Adder">   --->   Core 1 'Adder' <Latency = 0> <II = 1> <Delay = 0.78> <FuncUnit> <Opcode : 'add' 'sub'> <InPorts = 2> <OutPorts = 1>
ST_6 : Operation 91 [1/1] (0.00ns)   --->   "%trunc_ln1364_1 = partselect i16 @_ssdm_op_PartSelect.i16.i20.i32.i32, i20 %sub_ln1364, i32 4, i32 19"   --->   Operation 91 'partselect' 'trunc_ln1364_1' <Predicate = (!icmp_ln110_1)> <Delay = 0.00>
ST_6 : Operation 92 [1/1] (0.78ns)   --->   "%sub_ln1364_1 = sub i16 0, i16 %trunc_ln1364_1"   --->   Operation 92 'sub' 'sub_ln1364_1' <Predicate = (!icmp_ln110_1)> <Delay = 0.78> <CoreInst = "Adder">   --->   Core 1 'Adder' <Latency = 0> <II = 1> <Delay = 0.78> <FuncUnit> <Opcode : 'add' 'sub'> <InPorts = 2> <OutPorts = 1>
ST_6 : Operation 93 [1/1] (0.00ns)   --->   "%trunc_ln1364_2 = partselect i16 @_ssdm_op_PartSelect.i16.i29.i32.i32, i29 %ret, i32 4, i32 19"   --->   Operation 93 'partselect' 'trunc_ln1364_2' <Predicate = (!icmp_ln110_1)> <Delay = 0.00>

State 7 <SV = 6> <Delay = 2.34>
ST_7 : Operation 94 [1/1] (0.00ns)   --->   "%specloopname_ln85 = specloopname void @_ssdm_op_SpecLoopName, void @empty_14" [/Zodiac/GraFlex/ArtifactEvaluation/figure8/BFS_Scalability/PE_4/src/hw/scatter/bfs_scatter.cpp:85]   --->   Operation 94 'specloopname' 'specloopname_ln85' <Predicate = (!icmp_ln110_1)> <Delay = 0.00>
ST_7 : Operation 95 [1/1] (0.24ns)   --->   "%n_elem_margin = select i1 %tmp_3, i16 %sub_ln1364_1, i16 %trunc_ln1364_2"   --->   Operation 95 'select' 'n_elem_margin' <Predicate = (!icmp_ln110_1)> <Delay = 0.24> <CoreInst = "Sel">   --->   Core 73 'Sel' <Latency = 0> <II = 1> <Delay = 0.24> <FuncUnit> <Opcode : 'select'> <InPorts = 3> <OutPorts = 1>
ST_7 : Operation 96 [1/1] (0.00ns)   --->   "%trunc_ln120 = trunc i16 %n_elem_margin" [/Zodiac/GraFlex/ArtifactEvaluation/figure8/BFS_Scalability/PE_4/src/hw/scatter/bfs_scatter.cpp:120]   --->   Operation 96 'trunc' 'trunc_ln120' <Predicate = (!icmp_ln110_1)> <Delay = 0.00>
ST_7 : Operation 97 [1/1] (0.00ns)   --->   "%trunc_ln116 = trunc i16 %n_elem_margin" [/Zodiac/GraFlex/ArtifactEvaluation/figure8/BFS_Scalability/PE_4/src/hw/scatter/bfs_scatter.cpp:116]   --->   Operation 97 'trunc' 'trunc_ln116' <Predicate = (!icmp_ln110_1)> <Delay = 0.00>
ST_7 : Operation 98 [1/1] (0.00ns)   --->   "%tmp_4 = partselect i12 @_ssdm_op_PartSelect.i12.i16.i32.i32, i16 %n_elem_margin, i32 4, i32 15" [/Zodiac/GraFlex/ArtifactEvaluation/figure8/BFS_Scalability/PE_4/src/hw/scatter/bfs_scatter.cpp:116]   --->   Operation 98 'partselect' 'tmp_4' <Predicate = (!icmp_ln110_1)> <Delay = 0.00>
ST_7 : Operation 99 [1/1] (0.62ns)   --->   "%icmp_ln116 = icmp_eq  i12 %tmp_4, i12 0" [/Zodiac/GraFlex/ArtifactEvaluation/figure8/BFS_Scalability/PE_4/src/hw/scatter/bfs_scatter.cpp:116]   --->   Operation 99 'icmp' 'icmp_ln116' <Predicate = (!icmp_ln110_1)> <Delay = 0.62> <CoreInst = "Cmp">   --->   Core 9 'Cmp' <Latency = 0> <II = 1> <Delay = 0.67> <FuncUnit> <Opcode : 'icmp'> <InPorts = 2> <OutPorts = 1>
ST_7 : Operation 100 [1/1] (0.00ns)   --->   "%zext_ln120 = zext i16 %empty_48" [/Zodiac/GraFlex/ArtifactEvaluation/figure8/BFS_Scalability/PE_4/src/hw/scatter/bfs_scatter.cpp:120]   --->   Operation 100 'zext' 'zext_ln120' <Predicate = (!icmp_ln110_1)> <Delay = 0.00>
ST_7 : Operation 101 [1/1] (0.00ns)   --->   "%mem_req_buff_addr = getelementptr i32 %mem_req_buff, i64 0, i64 %zext_ln120" [/Zodiac/GraFlex/ArtifactEvaluation/figure8/BFS_Scalability/PE_4/src/hw/scatter/bfs_scatter.cpp:120]   --->   Operation 101 'getelementptr' 'mem_req_buff_addr' <Predicate = (!icmp_ln110_1)> <Delay = 0.00>
ST_7 : Operation 102 [1/1] (0.00ns)   --->   "%br_ln116 = br i1 %icmp_ln116, void %branch5, void %branch4" [/Zodiac/GraFlex/ArtifactEvaluation/figure8/BFS_Scalability/PE_4/src/hw/scatter/bfs_scatter.cpp:116]   --->   Operation 102 'br' 'br_ln116' <Predicate = (!icmp_ln110_1)> <Delay = 0.00>
ST_7 : Operation 103 [1/1] (0.00ns)   --->   "%p_Result_s = bitconcatenate i32 @_ssdm_op_BitConcatenate.i32.i4.i28, i4 15, i28 %ofstAddr_V_8"   --->   Operation 103 'bitconcatenate' 'p_Result_s' <Predicate = (!icmp_ln110_1 & !icmp_ln116)> <Delay = 0.00>
ST_7 : Operation 104 [1/1] (1.20ns)   --->   "%store_ln117 = store i32 %p_Result_s, i11 %mem_req_buff_addr" [/Zodiac/GraFlex/ArtifactEvaluation/figure8/BFS_Scalability/PE_4/src/hw/scatter/bfs_scatter.cpp:117]   --->   Operation 104 'store' 'store_ln117' <Predicate = (!icmp_ln110_1 & !icmp_ln116)> <Delay = 1.20> <CoreInst = "RAM_2P_BRAM">   --->   Core 94 'RAM_2P_BRAM' <Latency = 1> <II = 1> <Delay = 1.20> <Storage> <Opcode : 'load' 'store'> <Ports = 2> <Width = 32> <Depth = 2048> <RAM>
ST_7 : Operation 105 [1/1] (0.85ns)   --->   "%ofstAddr_V_6 = add i28 %ofstAddr_V_8, i28 256"   --->   Operation 105 'add' 'ofstAddr_V_6' <Predicate = (!icmp_ln110_1 & !icmp_ln116)> <Delay = 0.85> <CoreInst = "Adder">   --->   Core 1 'Adder' <Latency = 0> <II = 1> <Delay = 0.78> <FuncUnit> <Opcode : 'add' 'sub'> <InPorts = 2> <OutPorts = 1>
ST_7 : Operation 106 [1/1] (0.38ns)   --->   "%br_ln119 = br void" [/Zodiac/GraFlex/ArtifactEvaluation/figure8/BFS_Scalability/PE_4/src/hw/scatter/bfs_scatter.cpp:119]   --->   Operation 106 'br' 'br_ln119' <Predicate = (!icmp_ln110_1 & !icmp_ln116)> <Delay = 0.38>
ST_7 : Operation 107 [1/1] (0.70ns)   --->   "%v1_V = add i4 %trunc_ln120, i4 15"   --->   Operation 107 'add' 'v1_V' <Predicate = (!icmp_ln110_1 & icmp_ln116)> <Delay = 0.70> <CoreInst = "Adder">   --->   Core 1 'Adder' <Latency = 0> <II = 1> <Delay = 0.78> <FuncUnit> <Opcode : 'add' 'sub'> <InPorts = 2> <OutPorts = 1>
ST_7 : Operation 108 [1/1] (0.00ns)   --->   "%p_Result_3 = bitconcatenate i32 @_ssdm_op_BitConcatenate.i32.i4.i28, i4 %v1_V, i28 %ofstAddr_V_8"   --->   Operation 108 'bitconcatenate' 'p_Result_3' <Predicate = (!icmp_ln110_1 & icmp_ln116)> <Delay = 0.00>
ST_7 : Operation 109 [1/1] (1.20ns)   --->   "%store_ln120 = store i32 %p_Result_3, i11 %mem_req_buff_addr" [/Zodiac/GraFlex/ArtifactEvaluation/figure8/BFS_Scalability/PE_4/src/hw/scatter/bfs_scatter.cpp:120]   --->   Operation 109 'store' 'store_ln120' <Predicate = (!icmp_ln110_1 & icmp_ln116)> <Delay = 1.20> <CoreInst = "RAM_2P_BRAM">   --->   Core 94 'RAM_2P_BRAM' <Latency = 1> <II = 1> <Delay = 1.20> <Storage> <Opcode : 'load' 'store'> <Ports = 2> <Width = 32> <Depth = 2048> <RAM>
ST_7 : Operation 110 [1/1] (0.78ns)   --->   "%add_ln121 = add i16 %empty_48, i16 1" [/Zodiac/GraFlex/ArtifactEvaluation/figure8/BFS_Scalability/PE_4/src/hw/scatter/bfs_scatter.cpp:121]   --->   Operation 110 'add' 'add_ln121' <Predicate = (!icmp_ln110_1 & icmp_ln116)> <Delay = 0.78> <CoreInst = "Adder">   --->   Core 1 'Adder' <Latency = 0> <II = 1> <Delay = 0.78> <FuncUnit> <Opcode : 'add' 'sub'> <InPorts = 2> <OutPorts = 1>
ST_7 : Operation 111 [1/1] (0.00ns)   --->   "%shl_ln2 = bitconcatenate i8 @_ssdm_op_BitConcatenate.i8.i4.i4, i4 %trunc_ln120, i4 0"   --->   Operation 111 'bitconcatenate' 'shl_ln2' <Predicate = (!icmp_ln110_1 & icmp_ln116)> <Delay = 0.00>
ST_7 : Operation 112 [1/1] (0.00ns)   --->   "%zext_ln691 = zext i8 %shl_ln2"   --->   Operation 112 'zext' 'zext_ln691' <Predicate = (!icmp_ln110_1 & icmp_ln116)> <Delay = 0.00>
ST_7 : Operation 113 [1/1] (0.85ns)   --->   "%ofstAddr_V_9 = add i28 %zext_ln691, i28 %ofstAddr_V_8"   --->   Operation 113 'add' 'ofstAddr_V_9' <Predicate = (!icmp_ln110_1 & icmp_ln116)> <Delay = 0.85> <CoreInst = "Adder">   --->   Core 1 'Adder' <Latency = 0> <II = 1> <Delay = 0.78> <FuncUnit> <Opcode : 'add' 'sub'> <InPorts = 2> <OutPorts = 1>
ST_7 : Operation 114 [1/1] (0.70ns)   --->   "%sub_ln124 = sub i5 16, i5 %trunc_ln116" [/Zodiac/GraFlex/ArtifactEvaluation/figure8/BFS_Scalability/PE_4/src/hw/scatter/bfs_scatter.cpp:124]   --->   Operation 114 'sub' 'sub_ln124' <Predicate = (!icmp_ln110_1 & icmp_ln116)> <Delay = 0.70> <CoreInst = "Adder">   --->   Core 1 'Adder' <Latency = 0> <II = 1> <Delay = 0.78> <FuncUnit> <Opcode : 'add' 'sub'> <InPorts = 2> <OutPorts = 1>
ST_7 : Operation 115 [1/1] (0.00ns)   --->   "%trunc_ln123 = trunc i5 %sub_ln124" [/Zodiac/GraFlex/ArtifactEvaluation/figure8/BFS_Scalability/PE_4/src/hw/scatter/bfs_scatter.cpp:123]   --->   Operation 115 'trunc' 'trunc_ln123' <Predicate = (!icmp_ln110_1 & icmp_ln116)> <Delay = 0.00>
ST_7 : Operation 116 [1/1] (0.00ns)   --->   "%shl_ln691_1 = bitconcatenate i9 @_ssdm_op_BitConcatenate.i9.i5.i4, i5 %sub_ln124, i4 0"   --->   Operation 116 'bitconcatenate' 'shl_ln691_1' <Predicate = (!icmp_ln110_1 & icmp_ln116)> <Delay = 0.00>
ST_7 : Operation 117 [1/1] (0.00ns)   --->   "%zext_ln691_1 = zext i9 %shl_ln691_1"   --->   Operation 117 'zext' 'zext_ln691_1' <Predicate = (!icmp_ln110_1 & icmp_ln116)> <Delay = 0.00>
ST_7 : Operation 118 [1/1] (0.85ns)   --->   "%ofstAddr_V_4 = add i28 %zext_ln691_1, i28 %ofstAddr_V_9"   --->   Operation 118 'add' 'ofstAddr_V_4' <Predicate = (!icmp_ln110_1 & icmp_ln116)> <Delay = 0.85> <CoreInst = "Adder">   --->   Core 1 'Adder' <Latency = 0> <II = 1> <Delay = 0.78> <FuncUnit> <Opcode : 'add' 'sub'> <InPorts = 2> <OutPorts = 1>
ST_7 : Operation 119 [1/1] (0.38ns)   --->   "%br_ln0 = br void"   --->   Operation 119 'br' 'br_ln0' <Predicate = (!icmp_ln110_1 & icmp_ln116)> <Delay = 0.38>
ST_7 : Operation 120 [1/1] (0.00ns) (grouped into LUT with out node add_ln126)   --->   "%empty_50 = phi i16 %empty_48, void %branch5, i16 %add_ln121, void %branch4" [/Zodiac/GraFlex/ArtifactEvaluation/figure8/BFS_Scalability/PE_4/src/hw/scatter/bfs_scatter.cpp:126]   --->   Operation 120 'phi' 'empty_50' <Predicate = (!icmp_ln110_1)> <Delay = 0.00>
ST_7 : Operation 121 [1/1] (0.00ns)   --->   "%ofstAddr_V_5 = phi i28 %ofstAddr_V_6, void %branch5, i28 %ofstAddr_V_4, void %branch4"   --->   Operation 121 'phi' 'ofstAddr_V_5' <Predicate = (!icmp_ln110_1)> <Delay = 0.00>
ST_7 : Operation 122 [1/1] (0.78ns) (out node of the LUT)   --->   "%add_ln126 = add i16 %empty_50, i16 1" [/Zodiac/GraFlex/ArtifactEvaluation/figure8/BFS_Scalability/PE_4/src/hw/scatter/bfs_scatter.cpp:126]   --->   Operation 122 'add' 'add_ln126' <Predicate = (!icmp_ln110_1)> <Delay = 0.78> <CoreInst = "Adder">   --->   Core 1 'Adder' <Latency = 0> <II = 1> <Delay = 0.78> <FuncUnit> <Opcode : 'add' 'sub'> <InPorts = 2> <OutPorts = 1>
ST_7 : Operation 123 [1/1] (0.00ns)   --->   "%br_ln0 = br void %.lr.ph"   --->   Operation 123 'br' 'br_ln0' <Predicate = (!icmp_ln110_1)> <Delay = 0.00>

State 8 <SV = 7> <Delay = 1.91>
ST_8 : Operation 124 [1/1] (0.70ns)   --->   "%v1_V_1 = add i4 %trunc_ln123, i4 15"   --->   Operation 124 'add' 'v1_V_1' <Predicate = (!icmp_ln110_1 & icmp_ln116)> <Delay = 0.70> <CoreInst = "Adder">   --->   Core 1 'Adder' <Latency = 0> <II = 1> <Delay = 0.78> <FuncUnit> <Opcode : 'add' 'sub'> <InPorts = 2> <OutPorts = 1>
ST_8 : Operation 125 [1/1] (0.00ns)   --->   "%p_Result_4 = bitconcatenate i32 @_ssdm_op_BitConcatenate.i32.i4.i28, i4 %v1_V_1, i28 %ofstAddr_V_9"   --->   Operation 125 'bitconcatenate' 'p_Result_4' <Predicate = (!icmp_ln110_1 & icmp_ln116)> <Delay = 0.00>
ST_8 : Operation 126 [1/1] (0.00ns)   --->   "%zext_ln123 = zext i16 %add_ln121" [/Zodiac/GraFlex/ArtifactEvaluation/figure8/BFS_Scalability/PE_4/src/hw/scatter/bfs_scatter.cpp:123]   --->   Operation 126 'zext' 'zext_ln123' <Predicate = (!icmp_ln110_1 & icmp_ln116)> <Delay = 0.00>
ST_8 : Operation 127 [1/1] (0.00ns)   --->   "%mem_req_buff_addr_1 = getelementptr i32 %mem_req_buff, i64 0, i64 %zext_ln123" [/Zodiac/GraFlex/ArtifactEvaluation/figure8/BFS_Scalability/PE_4/src/hw/scatter/bfs_scatter.cpp:123]   --->   Operation 127 'getelementptr' 'mem_req_buff_addr_1' <Predicate = (!icmp_ln110_1 & icmp_ln116)> <Delay = 0.00>
ST_8 : Operation 128 [1/1] (1.20ns)   --->   "%store_ln123 = store i32 %p_Result_4, i11 %mem_req_buff_addr_1" [/Zodiac/GraFlex/ArtifactEvaluation/figure8/BFS_Scalability/PE_4/src/hw/scatter/bfs_scatter.cpp:123]   --->   Operation 128 'store' 'store_ln123' <Predicate = (!icmp_ln110_1 & icmp_ln116)> <Delay = 1.20> <CoreInst = "RAM_2P_BRAM">   --->   Core 94 'RAM_2P_BRAM' <Latency = 1> <II = 1> <Delay = 1.20> <Storage> <Opcode : 'load' 'store'> <Ports = 2> <Width = 32> <Depth = 2048> <RAM>

State 9 <SV = 6> <Delay = 2.90>
ST_9 : Operation 129 [1/1] (0.00ns)   --->   "%write_ln117 = write void @_ssdm_op_Write.ap_auto.i16P0A, i16 %n_mem_tuples, i16 %empty_48" [/Zodiac/GraFlex/ArtifactEvaluation/figure8/BFS_Scalability/PE_4/src/hw/scatter/bfs_scatter.cpp:117]   --->   Operation 129 'write' 'write_ln117' <Predicate = (!icmp_ln110)> <Delay = 0.00>
ST_9 : Operation 130 [1/1] (0.38ns)   --->   "%br_ln674 = br void %._crit_edge"   --->   Operation 130 'br' 'br_ln674' <Predicate = (!icmp_ln110)> <Delay = 0.38>
ST_9 : Operation 131 [1/1] (0.00ns)   --->   "%rhs = phi i28 %ofstAddr_V_8, void %._crit_edge.loopexit, i28 %ofstAddr_V, void"   --->   Operation 131 'phi' 'rhs' <Predicate = true> <Delay = 0.00>
ST_9 : Operation 132 [1/1] (0.00ns)   --->   "%tmp_7 = partselect i16 @_ssdm_op_PartSelect.i16.i28.i32.i32, i28 %rhs, i32 12, i32 27"   --->   Operation 132 'partselect' 'tmp_7' <Predicate = true> <Delay = 0.00>
ST_9 : Operation 133 [1/1] (0.00ns)   --->   "%shl_ln213_1 = bitconcatenate i28 @_ssdm_op_BitConcatenate.i28.i16.i12, i16 %tmp_7, i12 0"   --->   Operation 133 'bitconcatenate' 'shl_ln213_1' <Predicate = true> <Delay = 0.00>
ST_9 : Operation 134 [1/1] (0.85ns)   --->   "%next4K_V_1 = add i28 %shl_ln213_1, i28 4096"   --->   Operation 134 'add' 'next4K_V_1' <Predicate = true> <Delay = 0.85> <CoreInst = "Adder">   --->   Core 1 'Adder' <Latency = 0> <II = 1> <Delay = 0.78> <FuncUnit> <Opcode : 'add' 'sub'> <InPorts = 2> <OutPorts = 1>
ST_9 : Operation 135 [1/1] (0.00ns)   --->   "%zext_ln215_2 = zext i28 %next4K_V_1"   --->   Operation 135 'zext' 'zext_ln215_2' <Predicate = true> <Delay = 0.00>
ST_9 : Operation 136 [1/1] (0.00ns)   --->   "%zext_ln215_3 = zext i28 %rhs"   --->   Operation 136 'zext' 'zext_ln215_3' <Predicate = true> <Delay = 0.00>
ST_9 : Operation 137 [1/1] (0.85ns)   --->   "%ret_1 = sub i29 %zext_ln215_2, i29 %zext_ln215_3"   --->   Operation 137 'sub' 'ret_1' <Predicate = true> <Delay = 0.85> <CoreInst = "Adder">   --->   Core 1 'Adder' <Latency = 0> <II = 1> <Delay = 0.78> <FuncUnit> <Opcode : 'add' 'sub'> <InPorts = 2> <OutPorts = 1>
ST_9 : Operation 138 [1/1] (0.00ns)   --->   "%trunc_ln1347_1 = trunc i29 %ret_1"   --->   Operation 138 'trunc' 'trunc_ln1347_1' <Predicate = true> <Delay = 0.00>
ST_9 : Operation 139 [1/1] (0.00ns)   --->   "%tmp_5 = bitselect i1 @_ssdm_op_BitSelect.i1.i29.i32, i29 %ret_1, i32 28"   --->   Operation 139 'bitselect' 'tmp_5' <Predicate = true> <Delay = 0.00>
ST_9 : Operation 140 [1/1] (0.80ns)   --->   "%sub_ln1364_2 = sub i20 0, i20 %trunc_ln1347_1"   --->   Operation 140 'sub' 'sub_ln1364_2' <Predicate = true> <Delay = 0.80> <CoreInst = "Adder">   --->   Core 1 'Adder' <Latency = 0> <II = 1> <Delay = 0.78> <FuncUnit> <Opcode : 'add' 'sub'> <InPorts = 2> <OutPorts = 1>
ST_9 : Operation 141 [1/1] (0.00ns)   --->   "%trunc_ln1364_4 = partselect i16 @_ssdm_op_PartSelect.i16.i20.i32.i32, i20 %sub_ln1364_2, i32 4, i32 19"   --->   Operation 141 'partselect' 'trunc_ln1364_4' <Predicate = true> <Delay = 0.00>
ST_9 : Operation 142 [1/1] (0.00ns)   --->   "%trunc_ln1364_5 = partselect i16 @_ssdm_op_PartSelect.i16.i29.i32.i32, i29 %ret_1, i32 4, i32 19"   --->   Operation 142 'partselect' 'trunc_ln1364_5' <Predicate = true> <Delay = 0.00>

State 10 <SV = 7> <Delay = 3.02>
ST_10 : Operation 143 [1/1] (0.00ns)   --->   "%empty_51 = phi i16 %empty_48, void %._crit_edge.loopexit, i16 %n_mem_tuples_promoted, void" [/Zodiac/GraFlex/ArtifactEvaluation/figure8/BFS_Scalability/PE_4/src/hw/scatter/bfs_scatter.cpp:126]   --->   Operation 143 'phi' 'empty_51' <Predicate = true> <Delay = 0.00>
ST_10 : Operation 144 [1/1] (0.78ns)   --->   "%sub_ln1364_3 = sub i16 0, i16 %trunc_ln1364_4"   --->   Operation 144 'sub' 'sub_ln1364_3' <Predicate = (tmp_5)> <Delay = 0.78> <CoreInst = "Adder">   --->   Core 1 'Adder' <Latency = 0> <II = 1> <Delay = 0.78> <FuncUnit> <Opcode : 'add' 'sub'> <InPorts = 2> <OutPorts = 1>
ST_10 : Operation 145 [1/1] (0.24ns)   --->   "%n_elem_margin_1 = select i1 %tmp_5, i16 %sub_ln1364_3, i16 %trunc_ln1364_5"   --->   Operation 145 'select' 'n_elem_margin_1' <Predicate = true> <Delay = 0.24> <CoreInst = "Sel">   --->   Core 73 'Sel' <Latency = 0> <II = 1> <Delay = 0.24> <FuncUnit> <Opcode : 'select'> <InPorts = 3> <OutPorts = 1>
ST_10 : Operation 146 [1/1] (0.00ns)   --->   "%trunc_ln135 = trunc i16 %n_elem_margin_1" [/Zodiac/GraFlex/ArtifactEvaluation/figure8/BFS_Scalability/PE_4/src/hw/scatter/bfs_scatter.cpp:135]   --->   Operation 146 'trunc' 'trunc_ln135' <Predicate = true> <Delay = 0.00>
ST_10 : Operation 147 [1/1] (0.65ns)   --->   "%icmp_ln131 = icmp_eq  i4 %n_rmdr_elem, i4 0" [/Zodiac/GraFlex/ArtifactEvaluation/figure8/BFS_Scalability/PE_4/src/hw/scatter/bfs_scatter.cpp:131]   --->   Operation 147 'icmp' 'icmp_ln131' <Predicate = true> <Delay = 0.65> <CoreInst = "Cmp">   --->   Core 9 'Cmp' <Latency = 0> <II = 1> <Delay = 0.67> <FuncUnit> <Opcode : 'icmp'> <InPorts = 2> <OutPorts = 1>
ST_10 : Operation 148 [1/1] (0.38ns)   --->   "%br_ln131 = br i1 %icmp_ln131, void, void %._crit_edge._crit_edge" [/Zodiac/GraFlex/ArtifactEvaluation/figure8/BFS_Scalability/PE_4/src/hw/scatter/bfs_scatter.cpp:131]   --->   Operation 148 'br' 'br_ln131' <Predicate = true> <Delay = 0.38>
ST_10 : Operation 149 [1/1] (0.67ns)   --->   "%icmp_ln132 = icmp_ult  i16 %n_elem_margin_1, i16 %zext_ln81" [/Zodiac/GraFlex/ArtifactEvaluation/figure8/BFS_Scalability/PE_4/src/hw/scatter/bfs_scatter.cpp:132]   --->   Operation 149 'icmp' 'icmp_ln132' <Predicate = (!icmp_ln131)> <Delay = 0.67> <CoreInst = "Cmp">   --->   Core 9 'Cmp' <Latency = 0> <II = 1> <Delay = 0.67> <FuncUnit> <Opcode : 'icmp'> <InPorts = 2> <OutPorts = 1>
ST_10 : Operation 150 [1/1] (0.00ns)   --->   "%zext_ln133 = zext i16 %empty_51" [/Zodiac/GraFlex/ArtifactEvaluation/figure8/BFS_Scalability/PE_4/src/hw/scatter/bfs_scatter.cpp:133]   --->   Operation 150 'zext' 'zext_ln133' <Predicate = (!icmp_ln131)> <Delay = 0.00>
ST_10 : Operation 151 [1/1] (0.00ns)   --->   "%mem_req_buff_addr_2 = getelementptr i32 %mem_req_buff, i64 0, i64 %zext_ln133" [/Zodiac/GraFlex/ArtifactEvaluation/figure8/BFS_Scalability/PE_4/src/hw/scatter/bfs_scatter.cpp:133]   --->   Operation 151 'getelementptr' 'mem_req_buff_addr_2' <Predicate = (!icmp_ln131)> <Delay = 0.00>
ST_10 : Operation 152 [1/1] (0.00ns)   --->   "%br_ln132 = br i1 %icmp_ln132, void %branch2, void %branch1" [/Zodiac/GraFlex/ArtifactEvaluation/figure8/BFS_Scalability/PE_4/src/hw/scatter/bfs_scatter.cpp:132]   --->   Operation 152 'br' 'br_ln132' <Predicate = (!icmp_ln131)> <Delay = 0.00>
ST_10 : Operation 153 [1/1] (0.70ns)   --->   "%v1_V_2 = add i4 %n_rmdr_elem, i4 15"   --->   Operation 153 'add' 'v1_V_2' <Predicate = (!icmp_ln131 & !icmp_ln132)> <Delay = 0.70> <CoreInst = "Adder">   --->   Core 1 'Adder' <Latency = 0> <II = 1> <Delay = 0.78> <FuncUnit> <Opcode : 'add' 'sub'> <InPorts = 2> <OutPorts = 1>
ST_10 : Operation 154 [1/1] (0.00ns)   --->   "%p_Result_5 = bitconcatenate i32 @_ssdm_op_BitConcatenate.i32.i4.i28, i4 %v1_V_2, i28 %rhs"   --->   Operation 154 'bitconcatenate' 'p_Result_5' <Predicate = (!icmp_ln131 & !icmp_ln132)> <Delay = 0.00>
ST_10 : Operation 155 [1/1] (1.20ns)   --->   "%store_ln133 = store i32 %p_Result_5, i11 %mem_req_buff_addr_2" [/Zodiac/GraFlex/ArtifactEvaluation/figure8/BFS_Scalability/PE_4/src/hw/scatter/bfs_scatter.cpp:133]   --->   Operation 155 'store' 'store_ln133' <Predicate = (!icmp_ln131 & !icmp_ln132)> <Delay = 1.20> <CoreInst = "RAM_2P_BRAM">   --->   Core 94 'RAM_2P_BRAM' <Latency = 1> <II = 1> <Delay = 1.20> <Storage> <Opcode : 'load' 'store'> <Ports = 2> <Width = 32> <Depth = 2048> <RAM>
ST_10 : Operation 156 [1/1] (0.38ns)   --->   "%br_ln134 = br void" [/Zodiac/GraFlex/ArtifactEvaluation/figure8/BFS_Scalability/PE_4/src/hw/scatter/bfs_scatter.cpp:134]   --->   Operation 156 'br' 'br_ln134' <Predicate = (!icmp_ln131 & !icmp_ln132)> <Delay = 0.38>
ST_10 : Operation 157 [1/1] (0.70ns)   --->   "%v1_V_3 = add i4 %trunc_ln135, i4 15"   --->   Operation 157 'add' 'v1_V_3' <Predicate = (!icmp_ln131 & icmp_ln132)> <Delay = 0.70> <CoreInst = "Adder">   --->   Core 1 'Adder' <Latency = 0> <II = 1> <Delay = 0.78> <FuncUnit> <Opcode : 'add' 'sub'> <InPorts = 2> <OutPorts = 1>
ST_10 : Operation 158 [1/1] (0.00ns)   --->   "%p_Result_6 = bitconcatenate i32 @_ssdm_op_BitConcatenate.i32.i4.i28, i4 %v1_V_3, i28 %rhs"   --->   Operation 158 'bitconcatenate' 'p_Result_6' <Predicate = (!icmp_ln131 & icmp_ln132)> <Delay = 0.00>
ST_10 : Operation 159 [1/1] (1.20ns)   --->   "%store_ln135 = store i32 %p_Result_6, i11 %mem_req_buff_addr_2" [/Zodiac/GraFlex/ArtifactEvaluation/figure8/BFS_Scalability/PE_4/src/hw/scatter/bfs_scatter.cpp:135]   --->   Operation 159 'store' 'store_ln135' <Predicate = (!icmp_ln131 & icmp_ln132)> <Delay = 1.20> <CoreInst = "RAM_2P_BRAM">   --->   Core 94 'RAM_2P_BRAM' <Latency = 1> <II = 1> <Delay = 1.20> <Storage> <Opcode : 'load' 'store'> <Ports = 2> <Width = 32> <Depth = 2048> <RAM>
ST_10 : Operation 160 [1/1] (0.00ns)   --->   "%shl_ln691_2 = bitconcatenate i8 @_ssdm_op_BitConcatenate.i8.i4.i4, i4 %trunc_ln135, i4 0"   --->   Operation 160 'bitconcatenate' 'shl_ln691_2' <Predicate = (!icmp_ln131 & icmp_ln132)> <Delay = 0.00>
ST_10 : Operation 161 [1/1] (0.00ns)   --->   "%zext_ln691_2 = zext i8 %shl_ln691_2"   --->   Operation 161 'zext' 'zext_ln691_2' <Predicate = (!icmp_ln131 & icmp_ln132)> <Delay = 0.00>
ST_10 : Operation 162 [1/1] (0.85ns)   --->   "%ofstAddr_V_10 = add i28 %zext_ln691_2, i28 %rhs"   --->   Operation 162 'add' 'ofstAddr_V_10' <Predicate = (!icmp_ln131 & icmp_ln132)> <Delay = 0.85> <CoreInst = "Adder">   --->   Core 1 'Adder' <Latency = 0> <II = 1> <Delay = 0.78> <FuncUnit> <Opcode : 'add' 'sub'> <InPorts = 2> <OutPorts = 1>
ST_10 : Operation 163 [1/1] (0.00ns) (grouped into TernaryAdder)   --->   "%add_ln138 = add i4 %n_rmdr_elem, i4 15" [/Zodiac/GraFlex/ArtifactEvaluation/figure8/BFS_Scalability/PE_4/src/hw/scatter/bfs_scatter.cpp:138]   --->   Operation 163 'add' 'add_ln138' <Predicate = (!icmp_ln131 & icmp_ln132)> <Delay = 0.00> <CoreInst = "TAddSub">   --->   Core 10 'TAddSub' <Latency = 0> <II = 1> <Delay = 0.18> <IPBlock> <Opcode : 'add' 'sub'> <InPorts = 3> <OutPorts = 1> <Sync>
ST_10 : Operation 164 [1/1] (0.37ns) (root node of TernaryAdder)   --->   "%v1_V_4 = sub i4 %add_ln138, i4 %trunc_ln135"   --->   Operation 164 'sub' 'v1_V_4' <Predicate = (!icmp_ln131 & icmp_ln132)> <Delay = 0.37> <CoreInst = "TAddSub">   --->   Core 10 'TAddSub' <Latency = 0> <II = 1> <Delay = 0.18> <IPBlock> <Opcode : 'add' 'sub'> <InPorts = 3> <OutPorts = 1> <Sync>

State 11 <SV = 8> <Delay = 2.34>
ST_11 : Operation 165 [1/1] (0.78ns)   --->   "%add_ln136 = add i16 %empty_51, i16 1" [/Zodiac/GraFlex/ArtifactEvaluation/figure8/BFS_Scalability/PE_4/src/hw/scatter/bfs_scatter.cpp:136]   --->   Operation 165 'add' 'add_ln136' <Predicate = (!icmp_ln131 & icmp_ln132)> <Delay = 0.78> <CoreInst = "Adder">   --->   Core 1 'Adder' <Latency = 0> <II = 1> <Delay = 0.78> <FuncUnit> <Opcode : 'add' 'sub'> <InPorts = 2> <OutPorts = 1>
ST_11 : Operation 166 [1/1] (0.00ns)   --->   "%p_Result_7 = bitconcatenate i32 @_ssdm_op_BitConcatenate.i32.i4.i28, i4 %v1_V_4, i28 %ofstAddr_V_10"   --->   Operation 166 'bitconcatenate' 'p_Result_7' <Predicate = (!icmp_ln131 & icmp_ln132)> <Delay = 0.00>
ST_11 : Operation 167 [1/1] (0.00ns)   --->   "%zext_ln138 = zext i16 %add_ln136" [/Zodiac/GraFlex/ArtifactEvaluation/figure8/BFS_Scalability/PE_4/src/hw/scatter/bfs_scatter.cpp:138]   --->   Operation 167 'zext' 'zext_ln138' <Predicate = (!icmp_ln131 & icmp_ln132)> <Delay = 0.00>
ST_11 : Operation 168 [1/1] (0.00ns)   --->   "%mem_req_buff_addr_3 = getelementptr i32 %mem_req_buff, i64 0, i64 %zext_ln138" [/Zodiac/GraFlex/ArtifactEvaluation/figure8/BFS_Scalability/PE_4/src/hw/scatter/bfs_scatter.cpp:138]   --->   Operation 168 'getelementptr' 'mem_req_buff_addr_3' <Predicate = (!icmp_ln131 & icmp_ln132)> <Delay = 0.00>
ST_11 : Operation 169 [1/1] (1.20ns)   --->   "%store_ln138 = store i32 %p_Result_7, i11 %mem_req_buff_addr_3" [/Zodiac/GraFlex/ArtifactEvaluation/figure8/BFS_Scalability/PE_4/src/hw/scatter/bfs_scatter.cpp:138]   --->   Operation 169 'store' 'store_ln138' <Predicate = (!icmp_ln131 & icmp_ln132)> <Delay = 1.20> <CoreInst = "RAM_2P_BRAM">   --->   Core 94 'RAM_2P_BRAM' <Latency = 1> <II = 1> <Delay = 1.20> <Storage> <Opcode : 'load' 'store'> <Ports = 2> <Width = 32> <Depth = 2048> <RAM>
ST_11 : Operation 170 [1/1] (0.38ns)   --->   "%br_ln0 = br void"   --->   Operation 170 'br' 'br_ln0' <Predicate = (!icmp_ln131 & icmp_ln132)> <Delay = 0.38>
ST_11 : Operation 171 [1/1] (0.00ns) (grouped into LUT with out node add_ln140)   --->   "%empty_52 = phi i16 %add_ln136, void %branch1, i16 %empty_51, void %branch2" [/Zodiac/GraFlex/ArtifactEvaluation/figure8/BFS_Scalability/PE_4/src/hw/scatter/bfs_scatter.cpp:136]   --->   Operation 171 'phi' 'empty_52' <Predicate = (!icmp_ln131)> <Delay = 0.00>
ST_11 : Operation 172 [1/1] (0.78ns) (out node of the LUT)   --->   "%add_ln140 = add i16 %empty_52, i16 1" [/Zodiac/GraFlex/ArtifactEvaluation/figure8/BFS_Scalability/PE_4/src/hw/scatter/bfs_scatter.cpp:140]   --->   Operation 172 'add' 'add_ln140' <Predicate = (!icmp_ln131)> <Delay = 0.78> <CoreInst = "Adder">   --->   Core 1 'Adder' <Latency = 0> <II = 1> <Delay = 0.78> <FuncUnit> <Opcode : 'add' 'sub'> <InPorts = 2> <OutPorts = 1>
ST_11 : Operation 173 [1/1] (0.00ns)   --->   "%write_ln140 = write void @_ssdm_op_Write.ap_auto.i16P0A, i16 %n_mem_tuples, i16 %add_ln140" [/Zodiac/GraFlex/ArtifactEvaluation/figure8/BFS_Scalability/PE_4/src/hw/scatter/bfs_scatter.cpp:140]   --->   Operation 173 'write' 'write_ln140' <Predicate = (!icmp_ln131)> <Delay = 0.00>
ST_11 : Operation 174 [1/1] (0.38ns)   --->   "%br_ln141 = br void %._crit_edge._crit_edge" [/Zodiac/GraFlex/ArtifactEvaluation/figure8/BFS_Scalability/PE_4/src/hw/scatter/bfs_scatter.cpp:141]   --->   Operation 174 'br' 'br_ln141' <Predicate = (!icmp_ln131)> <Delay = 0.38>
ST_11 : Operation 175 [1/1] (0.00ns)   --->   "%n_mem_tuples_promoted14 = phi i16 %add_ln140, void, i16 %empty_51, void %._crit_edge" [/Zodiac/GraFlex/ArtifactEvaluation/figure8/BFS_Scalability/PE_4/src/hw/scatter/bfs_scatter.cpp:140]   --->   Operation 175 'phi' 'n_mem_tuples_promoted14' <Predicate = true> <Delay = 0.00>
ST_11 : Operation 176 [1/1] (0.00ns)   --->   "%br_ln0 = br void"   --->   Operation 176 'br' 'br_ln0' <Predicate = true> <Delay = 0.00>


============================================================
+ Verbose Summary: Timing violations
============================================================
Target clock period: 5ns, clock uncertainty: 1.35ns.

 <State 1>: 0.387ns
The critical path consists of the following:
	multiplexor before 'phi' operation ('k', /Zodiac/GraFlex/ArtifactEvaluation/figure8/BFS_Scalability/PE_4/src/hw/scatter/bfs_scatter.cpp:90) with incoming values : ('add_ln90', /Zodiac/GraFlex/ArtifactEvaluation/figure8/BFS_Scalability/PE_4/src/hw/scatter/bfs_scatter.cpp:90) [17]  (0.387 ns)

 <State 2>: 1.84ns
The critical path consists of the following:
	'phi' operation ('k', /Zodiac/GraFlex/ArtifactEvaluation/figure8/BFS_Scalability/PE_4/src/hw/scatter/bfs_scatter.cpp:90) with incoming values : ('add_ln90', /Zodiac/GraFlex/ArtifactEvaluation/figure8/BFS_Scalability/PE_4/src/hw/scatter/bfs_scatter.cpp:90) [17]  (0 ns)
	'add' operation ('tmpVid', /Zodiac/GraFlex/ArtifactEvaluation/figure8/BFS_Scalability/PE_4/src/hw/scatter/bfs_scatter.cpp:92) [28]  (0.874 ns)
	'icmp' operation ('icmp_ln93', /Zodiac/GraFlex/ArtifactEvaluation/figure8/BFS_Scalability/PE_4/src/hw/scatter/bfs_scatter.cpp:93) [30]  (0.848 ns)
	blocking operation 0.122 ns on control path)

 <State 3>: 3.16ns
The critical path consists of the following:
	'add' operation ('add_ln96', /Zodiac/GraFlex/ArtifactEvaluation/figure8/BFS_Scalability/PE_4/src/hw/scatter/bfs_scatter.cpp:96) [37]  (0.803 ns)
	'select' operation ('select_ln674') [41]  (0.319 ns)
	'getelementptr' operation ('ofst_buff_addr_1', /Zodiac/GraFlex/ArtifactEvaluation/figure8/BFS_Scalability/PE_4/src/hw/scatter/bfs_scatter.cpp:95) [43]  (0 ns)
	'load' operation ('__Val2__') on array 'ofst_buff' [44]  (2.04 ns)

 <State 4>: 3.03ns
The critical path consists of the following:
	'load' operation ('curVal', /Zodiac/GraFlex/ArtifactEvaluation/figure8/BFS_Scalability/PE_4/src/hw/scatter/bfs_scatter.cpp:95) on array 'ofst_buff' [36]  (2.04 ns)
	'select' operation ('select_ln98', /Zodiac/GraFlex/ArtifactEvaluation/figure8/BFS_Scalability/PE_4/src/hw/scatter/bfs_scatter.cpp:98) [40]  (0.227 ns)
	'sub' operation ('sub_ln103', /Zodiac/GraFlex/ArtifactEvaluation/figure8/BFS_Scalability/PE_4/src/hw/scatter/bfs_scatter.cpp:103) [52]  (0.765 ns)

 <State 5>: 2.85ns
The critical path consists of the following:
	'sub' operation ('vDegree', /Zodiac/GraFlex/ArtifactEvaluation/figure8/BFS_Scalability/PE_4/src/hw/scatter/bfs_scatter.cpp:103) [55]  (0.785 ns)
	'add' operation ('add_ln105', /Zodiac/GraFlex/ArtifactEvaluation/figure8/BFS_Scalability/PE_4/src/hw/scatter/bfs_scatter.cpp:105) [60]  (0.765 ns)
	'select' operation ('realDeg', /Zodiac/GraFlex/ArtifactEvaluation/figure8/BFS_Scalability/PE_4/src/hw/scatter/bfs_scatter.cpp:105) [61]  (0.292 ns)
	'icmp' operation ('icmp_ln110', /Zodiac/GraFlex/ArtifactEvaluation/figure8/BFS_Scalability/PE_4/src/hw/scatter/bfs_scatter.cpp:110) [65]  (0.617 ns)
	multiplexor before 'phi' operation ('empty_51', /Zodiac/GraFlex/ArtifactEvaluation/figure8/BFS_Scalability/PE_4/src/hw/scatter/bfs_scatter.cpp:126) with incoming values : ('add_ln126', /Zodiac/GraFlex/ArtifactEvaluation/figure8/BFS_Scalability/PE_4/src/hw/scatter/bfs_scatter.cpp:126) ('add_ln140', /Zodiac/GraFlex/ArtifactEvaluation/figure8/BFS_Scalability/PE_4/src/hw/scatter/bfs_scatter.cpp:140) [133]  (0.387 ns)

 <State 6>: 3.31ns
The critical path consists of the following:
	'phi' operation ('ofstAddr.V') with incoming values : ('ofstAddr.V') [72]  (0 ns)
	'add' operation ('next4K.V') [82]  (0.856 ns)
	'sub' operation ('ret') [85]  (0.856 ns)
	'sub' operation ('sub_ln1364') [88]  (0.809 ns)
	'sub' operation ('sub_ln1364_1') [90]  (0.785 ns)

 <State 7>: 2.34ns
The critical path consists of the following:
	'select' operation ('n_elem_margin') [92]  (0.243 ns)
	'add' operation ('ofstAddr.V') [112]  (0.856 ns)
	'add' operation ('ofstAddr.V') [122]  (0.856 ns)
	multiplexor before 'phi' operation ('ofstAddr.V') with incoming values : ('ofstAddr.V') [126]  (0.387 ns)
	'phi' operation ('ofstAddr.V') with incoming values : ('ofstAddr.V') [126]  (0 ns)

 <State 8>: 1.91ns
The critical path consists of the following:
	'add' operation ('v1.V') [115]  (0.708 ns)
	'store' operation ('store_ln123', /Zodiac/GraFlex/ArtifactEvaluation/figure8/BFS_Scalability/PE_4/src/hw/scatter/bfs_scatter.cpp:123) of variable '__Result__' on array 'mem_req_buff' [119]  (1.2 ns)

 <State 9>: 2.91ns
The critical path consists of the following:
	multiplexor before 'phi' operation ('ofstAddr.V') with incoming values : ('ofstAddr.V') [134]  (0.387 ns)
	'phi' operation ('ofstAddr.V') with incoming values : ('ofstAddr.V') [134]  (0 ns)
	'add' operation ('next4K.V') [137]  (0.856 ns)
	'sub' operation ('ret') [140]  (0.856 ns)
	'sub' operation ('sub_ln1364_2') [143]  (0.809 ns)

 <State 10>: 3.03ns
The critical path consists of the following:
	'sub' operation ('sub_ln1364_3') [145]  (0.785 ns)
	'select' operation ('n_elem_margin') [147]  (0.243 ns)
	'add' operation ('v1.V') [162]  (0.708 ns)
	'store' operation ('store_ln135', /Zodiac/GraFlex/ArtifactEvaluation/figure8/BFS_Scalability/PE_4/src/hw/scatter/bfs_scatter.cpp:135) of variable '__Result__' on array 'mem_req_buff' [164]  (1.2 ns)
	blocking operation 0.09 ns on control path)

 <State 11>: 2.34ns
The critical path consists of the following:
	'add' operation ('add_ln136', /Zodiac/GraFlex/ArtifactEvaluation/figure8/BFS_Scalability/PE_4/src/hw/scatter/bfs_scatter.cpp:136) [165]  (0.785 ns)
	multiplexor before 'phi' operation ('empty_52', /Zodiac/GraFlex/ArtifactEvaluation/figure8/BFS_Scalability/PE_4/src/hw/scatter/bfs_scatter.cpp:136) with incoming values : ('add_ln126', /Zodiac/GraFlex/ArtifactEvaluation/figure8/BFS_Scalability/PE_4/src/hw/scatter/bfs_scatter.cpp:126) ('add_ln136', /Zodiac/GraFlex/ArtifactEvaluation/figure8/BFS_Scalability/PE_4/src/hw/scatter/bfs_scatter.cpp:136) ('add_ln140', /Zodiac/GraFlex/ArtifactEvaluation/figure8/BFS_Scalability/PE_4/src/hw/scatter/bfs_scatter.cpp:140) [177]  (0.387 ns)
	'phi' operation ('empty_52', /Zodiac/GraFlex/ArtifactEvaluation/figure8/BFS_Scalability/PE_4/src/hw/scatter/bfs_scatter.cpp:136) with incoming values : ('add_ln126', /Zodiac/GraFlex/ArtifactEvaluation/figure8/BFS_Scalability/PE_4/src/hw/scatter/bfs_scatter.cpp:126) ('add_ln136', /Zodiac/GraFlex/ArtifactEvaluation/figure8/BFS_Scalability/PE_4/src/hw/scatter/bfs_scatter.cpp:136) ('add_ln140', /Zodiac/GraFlex/ArtifactEvaluation/figure8/BFS_Scalability/PE_4/src/hw/scatter/bfs_scatter.cpp:140) [177]  (0 ns)
	'add' operation ('add_ln140', /Zodiac/GraFlex/ArtifactEvaluation/figure8/BFS_Scalability/PE_4/src/hw/scatter/bfs_scatter.cpp:140) [178]  (0.785 ns)
	multiplexor before 'phi' operation ('n_mem_tuples_promoted14', /Zodiac/GraFlex/ArtifactEvaluation/figure8/BFS_Scalability/PE_4/src/hw/scatter/bfs_scatter.cpp:140) with incoming values : ('add_ln126', /Zodiac/GraFlex/ArtifactEvaluation/figure8/BFS_Scalability/PE_4/src/hw/scatter/bfs_scatter.cpp:126) ('add_ln140', /Zodiac/GraFlex/ArtifactEvaluation/figure8/BFS_Scalability/PE_4/src/hw/scatter/bfs_scatter.cpp:140) [182]  (0.387 ns)
	'phi' operation ('n_mem_tuples_promoted14', /Zodiac/GraFlex/ArtifactEvaluation/figure8/BFS_Scalability/PE_4/src/hw/scatter/bfs_scatter.cpp:140) with incoming values : ('add_ln126', /Zodiac/GraFlex/ArtifactEvaluation/figure8/BFS_Scalability/PE_4/src/hw/scatter/bfs_scatter.cpp:126) ('add_ln140', /Zodiac/GraFlex/ArtifactEvaluation/figure8/BFS_Scalability/PE_4/src/hw/scatter/bfs_scatter.cpp:140) [182]  (0 ns)


============================================================
+ Verbose Summary: Binding
============================================================
N/A
* FSMD analyzer results:
  - Output states:
 - Input state : 
  - Chain level:
	State 1
	State 2
	State 3
	State 4
	State 5
	State 6
	State 7
	State 8
	State 9
	State 10
	State 11


============================================================
+ Verbose Summary: Datapath Resource usage 
============================================================
N/A
