

================================================================
== Vitis HLS Report for 'gen_access_tuple'
================================================================
* Date:           Wed Dec 20 18:42:14 2023

* Version:        2020.2 (Build 3064766 on Wed Nov 18 09:12:47 MST 2020)
* Project:        bfs_scatter_v1
* Solution:       solution1 (Vivado IP Flow Target)
* Product family: virtexuplus
* Target device:  xcu280-fsvh2892-2L-e


================================================================
== Performance Estimates
================================================================
+ Timing: 
    * Summary: 
    +--------+---------+----------+------------+
    |  Clock |  Target | Estimated| Uncertainty|
    +--------+---------+----------+------------+
    |ap_clk  |  5.00 ns|  3.306 ns|     1.35 ns|
    +--------+---------+----------+------------+

+ Latency: 
    * Summary: 
    +---------+---------+-----------+----------+-----+--------+---------+
    |  Latency (cycles) |  Latency (absolute)  |   Interval   | Pipeline|
    |   min   |   max   |    min    |    max   | min |   max  |   Type  |
    +---------+---------+-----------+----------+-----+--------+---------+
    |        8|   131585|  40.000 ns|  0.658 ms|    8|  131585|     none|
    +---------+---------+-----------+----------+-----+--------+---------+

    + Detail: 
        * Instance: 
        N/A

        * Loop: 
        +----------+---------+---------+----------+-----------+-----------+----------+----------+
        |          |  Latency (cycles) | Iteration|  Initiation Interval  |   Trip   |          |
        | Loop Name|   min   |   max   |  Latency |  achieved |   target  |   Count  | Pipelined|
        +----------+---------+---------+----------+-----------+-----------+----------+----------+
        |- L3      |        7|   131584|  7 ~ 2056|          -|          -|    1 ~ 64|        no|
        | + L3_1   |        2|     2048|         3|          2|          1|  1 ~ 1024|       yes|
        +----------+---------+---------+----------+-----------+-----------+----------+----------+



================================================================
== Utilization Estimates
================================================================
* Summary: 
+---------------------+---------+------+---------+---------+-----+
|         Name        | BRAM_18K|  DSP |    FF   |   LUT   | URAM|
+---------------------+---------+------+---------+---------+-----+
|DSP                  |        -|     -|        -|        -|    -|
|Expression           |        -|     -|        0|      942|    -|
|FIFO                 |        -|     -|        -|        -|    -|
|Instance             |        -|     -|        -|        -|    -|
|Memory               |        -|     -|        -|        -|    -|
|Multiplexer          |        -|     -|        -|      305|    -|
|Register             |        -|     -|      502|        -|    -|
+---------------------+---------+------+---------+---------+-----+
|Total                |        0|     0|      502|     1247|    0|
+---------------------+---------+------+---------+---------+-----+
|Available SLR        |     1344|  3008|   869120|   434560|  320|
+---------------------+---------+------+---------+---------+-----+
|Utilization SLR (%)  |        0|     0|       ~0|       ~0|    0|
+---------------------+---------+------+---------+---------+-----+
|Available            |     4032|  9024|  2607360|  1303680|  960|
+---------------------+---------+------+---------+---------+-----+
|Utilization (%)      |        0|     0|       ~0|       ~0|    0|
+---------------------+---------+------+---------+---------+-----+

+ Detail: 
    * Instance: 
    N/A

    * DSP: 
    N/A

    * Memory: 
    N/A

    * FIFO: 
    N/A

    * Expression: 
    +---------------------------+----------+----+---+----+------------+------------+
    |       Variable Name       | Operation| DSP| FF| LUT| Bitwidth P0| Bitwidth P1|
    +---------------------------+----------+----+---+----+------------+------------+
    |add_ln105_fu_572_p2        |         +|   0|  0|  22|          15|           1|
    |add_ln121_fu_768_p2        |         +|   0|  0|  23|          16|           1|
    |add_ln126_fu_822_p2        |         +|   0|  0|  23|          16|           1|
    |add_ln136_fu_1009_p2       |         +|   0|  0|  23|          16|           1|
    |add_ln138_fu_998_p2        |         +|   0|  0|   7|           4|           2|
    |add_ln140_fu_1028_p2       |         +|   0|  0|  23|          16|           1|
    |add_ln79_fu_419_p2         |         +|   0|  0|  28|          21|          21|
    |add_ln90_fu_396_p2         |         +|   0|  0|  14|           7|           1|
    |add_ln96_fu_443_p2         |         +|   0|  0|  27|          20|           1|
    |j_1_fu_610_p2              |         +|   0|  0|  18|          11|           1|
    |next4K_V_1_fu_863_p2       |         +|   0|  0|  35|          28|          13|
    |next4K_V_fu_639_p2         |         +|   0|  0|  35|          28|          13|
    |ofstAddr_V_10_fu_992_p2    |         +|   0|  0|  35|          28|          28|
    |ofstAddr_V_4_fu_815_p2     |         +|   0|  0|  35|          28|          28|
    |ofstAddr_V_6_fu_746_p2     |         +|   0|  0|  35|          28|           9|
    |ofstAddr_V_9_fu_787_p2     |         +|   0|  0|  35|          28|          28|
    |tmpVid_fu_414_p2           |         +|   0|  0|  39|          32|          32|
    |v1_V_1_fu_828_p2           |         +|   0|  0|  12|           4|           2|
    |v1_V_2_fu_951_p2           |         +|   0|  0|  12|           4|           2|
    |v1_V_3_fu_965_p2           |         +|   0|  0|  12|           4|           2|
    |v1_V_fu_753_p2             |         +|   0|  0|  12|           4|           2|
    |ret_1_fu_877_p2            |         -|   0|  0|  36|          29|          29|
    |ret_fu_653_p2              |         -|   0|  0|  36|          29|          29|
    |sub_ln103_fu_519_p2        |         -|   0|  0|  21|          14|          14|
    |sub_ln124_fu_793_p2        |         -|   0|  0|  13|           6|           5|
    |sub_ln1364_1_fu_687_p2     |         -|   0|  0|  23|           1|          16|
    |sub_ln1364_2_fu_895_p2     |         -|   0|  0|  27|           1|          20|
    |sub_ln1364_3_fu_921_p2     |         -|   0|  0|  23|           1|          16|
    |sub_ln1364_fu_671_p2       |         -|   0|  0|  27|           1|          20|
    |v1_V_4_fu_1003_p2          |         -|   0|  0|   7|           4|           4|
    |vDegree_fu_542_p2          |         -|   0|  0|  23|          16|          16|
    |ap_condition_175           |       and|   0|  0|   2|           1|           1|
    |icmp_ln105_fu_552_p2       |      icmp|   0|  0|   8|           2|           1|
    |icmp_ln110_1_fu_616_p2     |      icmp|   0|  0|  11|          11|          11|
    |icmp_ln110_fu_604_p2       |      icmp|   0|  0|  11|          11|           1|
    |icmp_ln116_fu_726_p2       |      icmp|   0|  0|  12|          12|           1|
    |icmp_ln131_fu_936_p2       |      icmp|   0|  0|   9|           4|           1|
    |icmp_ln132_fu_941_p2       |      icmp|   0|  0|  13|          16|          16|
    |icmp_ln93_fu_424_p2        |      icmp|   0|  0|  20|          32|          32|
    |n_elem_margin_1_fu_926_p3  |    select|   0|  0|  16|           1|          16|
    |n_elem_margin_fu_703_p3    |    select|   0|  0|  16|           1|          16|
    |realDeg_fu_578_p3          |    select|   0|  0|  15|           1|          15|
    |select_ln674_fu_448_p3     |    select|   0|  0|  20|           1|          20|
    |select_ln98_fu_473_p3      |    select|   0|  0|  32|           1|          32|
    |select_ln99_fu_494_p3      |    select|   0|  0|  14|           1|          14|
    |ap_enable_pp0              |       xor|   0|  0|   2|           1|           2|
    +---------------------------+----------+----+---+----+------------+------------+
    |Total                      |          |   0|  0| 942|         556|         538|
    +---------------------------+----------+----+---+----+------------+------------+

    * Multiplexer: 
    +--------------------------------------------------+----+-----------+-----+-----------+
    |                       Name                       | LUT| Input Size| Bits| Total Bits|
    +--------------------------------------------------+----+-----------+-----+-----------+
    |ap_NS_fsm                                         |  59|         11|    1|         11|
    |ap_enable_reg_pp0_iter1                           |   9|          2|    1|          2|
    |ap_phi_mux_empty_52_phi_fu_305_p4                 |  14|          3|   16|         48|
    |ap_phi_mux_empty_54_phi_fu_349_p4                 |   9|          2|   16|         32|
    |ap_phi_mux_j_phi_fu_285_p4                        |   9|          2|   11|         22|
    |ap_phi_mux_n_mem_tuples_promoted14_phi_fu_360_p4  |   9|          2|   16|         32|
    |ap_phi_mux_ofstAddr_V_8_phi_fu_295_p4             |   9|          2|   28|         56|
    |ap_phi_mux_rhs_phi_fu_326_p4                      |   9|          2|   28|         56|
    |empty_50_reg_269                                  |   9|          2|   16|         32|
    |empty_53_reg_334                                  |   9|          2|   16|         32|
    |empty_54_reg_346                                  |   9|          2|   16|         32|
    |j_reg_281                                         |   9|          2|   11|         22|
    |k_reg_246                                         |   9|          2|    7|         14|
    |mem_req_buff_address1                             |  26|          5|   12|         60|
    |mem_req_buff_d1                                   |  37|          7|   32|        224|
    |n_mem_tuples                                      |  20|          4|   16|         64|
    |n_mem_tuples_promoted14_reg_356                   |   9|          2|   16|         32|
    |n_mem_tuples_promoted_reg_257                     |   9|          2|   16|         32|
    |ofstAddr_V_5_reg_312                              |  14|          3|   28|         84|
    |ofstAddr_V_8_reg_292                              |   9|          2|   28|         56|
    |rhs_reg_323                                       |   9|          2|   28|         56|
    +--------------------------------------------------+----+-----------+-----+-----------+
    |Total                                             | 305|         63|  359|        999|
    +--------------------------------------------------+----+-----------+-----+-----------+

    * Register: 
    +---------------------------------+----+----+-----+-----------+
    |               Name              | FF | LUT| Bits| Const Bits|
    +---------------------------------+----+----+-----+-----------+
    |add_ln121_reg_1156               |  16|   0|   16|          0|
    |add_ln126_reg_1171               |  16|   0|   16|          0|
    |add_ln90_reg_1054                |   7|   0|    7|          0|
    |ap_CS_fsm                        |  10|   0|   10|          0|
    |ap_enable_reg_pp0_iter0          |   1|   0|    1|          0|
    |ap_enable_reg_pp0_iter1          |   1|   0|    1|          0|
    |empty_50_reg_269                 |  16|   0|   16|          0|
    |empty_53_reg_334                 |  16|   0|   16|          0|
    |empty_54_reg_346                 |  16|   0|   16|          0|
    |icmp_ln110_1_reg_1133            |   1|   0|    1|          0|
    |icmp_ln110_reg_1124              |   1|   0|    1|          0|
    |icmp_ln116_reg_1152              |   1|   0|    1|          0|
    |icmp_ln131_reg_1191              |   1|   0|    1|          0|
    |icmp_ln132_reg_1195              |   1|   0|    1|          0|
    |j_1_reg_1128                     |  11|   0|   11|          0|
    |j_reg_281                        |  11|   0|   11|          0|
    |k_reg_246                        |   7|   0|    7|          0|
    |lshr_ln_reg_1069                 |  20|   0|   20|          0|
    |mul_reg_1041                     |  26|   0|   32|          6|
    |n_mem_tuples_promoted14_reg_356  |  16|   0|   16|          0|
    |n_mem_tuples_promoted_reg_257    |  16|   0|   16|          0|
    |n_rmdr_elem_reg_1107             |   4|   0|    4|          0|
    |ofstAddr_V_10_reg_1199           |  28|   0|   28|          0|
    |ofstAddr_V_5_reg_312             |  28|   0|   28|          0|
    |ofstAddr_V_8_reg_292             |  28|   0|   28|          0|
    |ofstAddr_V_9_reg_1161            |  28|   0|   28|          0|
    |padDecr_V_reg_1091               |   4|   0|    4|          0|
    |rhs_reg_323                      |  28|   0|   28|          0|
    |sub_ln103_reg_1096               |  14|   0|   14|          0|
    |sub_ln1364_1_reg_1142            |  16|   0|   16|          0|
    |tmp_3_reg_1137                   |   1|   0|    1|          0|
    |tmp_5_reg_1176                   |   1|   0|    1|          0|
    |trunc_ln123_reg_1166             |   4|   0|    4|          0|
    |trunc_ln1364_2_reg_1147          |  16|   0|   16|          0|
    |trunc_ln1364_4_reg_1181          |  16|   0|   16|          0|
    |trunc_ln1364_5_reg_1186          |  16|   0|   16|          0|
    |trunc_ln213_reg_1086             |  24|   0|   24|          0|
    |trunc_ln5_reg_1114               |  11|   0|   11|          0|
    |trunc_ln92_1_reg_1059            |   1|   0|    1|          0|
    |trunc_ln_reg_1046                |  15|   0|   21|          6|
    |v1_V_4_reg_1204                  |   4|   0|    4|          0|
    |zext_ln81_reg_1119               |   4|   0|   16|         12|
    +---------------------------------+----+----+-----+-----------+
    |Total                            | 502|   0|  526|         24|
    +---------------------------------+----+----+-----+-----------+



================================================================
== Interface
================================================================
* Summary: 
+-----------------------+-----+-----+------------+------------------+--------------+
|       RTL Ports       | Dir | Bits|  Protocol  |   Source Object  |    C Type    |
+-----------------------+-----+-----+------------+------------------+--------------+
|ap_clk                 |   in|    1|  ap_ctrl_hs|  gen_access_tuple|  return value|
|ap_rst                 |   in|    1|  ap_ctrl_hs|  gen_access_tuple|  return value|
|ap_start               |   in|    1|  ap_ctrl_hs|  gen_access_tuple|  return value|
|ap_done                |  out|    1|  ap_ctrl_hs|  gen_access_tuple|  return value|
|ap_idle                |  out|    1|  ap_ctrl_hs|  gen_access_tuple|  return value|
|ap_ready               |  out|    1|  ap_ctrl_hs|  gen_access_tuple|  return value|
|ofst_buff_address0     |  out|   20|   ap_memory|         ofst_buff|         array|
|ofst_buff_ce0          |  out|    1|   ap_memory|         ofst_buff|         array|
|ofst_buff_q0           |   in|   64|   ap_memory|         ofst_buff|         array|
|ofst_buff_address1     |  out|   20|   ap_memory|         ofst_buff|         array|
|ofst_buff_ce1          |  out|    1|   ap_memory|         ofst_buff|         array|
|ofst_buff_q1           |   in|   64|   ap_memory|         ofst_buff|         array|
|rlt_tail_idx           |   in|   32|     ap_none|      rlt_tail_idx|        scalar|
|batchIdx               |   in|   26|     ap_none|          batchIdx|        scalar|
|n_mem_tuples           |  out|   16|      ap_vld|      n_mem_tuples|       pointer|
|n_mem_tuples_ap_vld    |  out|    1|      ap_vld|      n_mem_tuples|       pointer|
|mem_req_buff_address1  |  out|   12|   ap_memory|      mem_req_buff|         array|
|mem_req_buff_ce1       |  out|    1|   ap_memory|      mem_req_buff|         array|
|mem_req_buff_we1       |  out|    1|   ap_memory|      mem_req_buff|         array|
|mem_req_buff_d1        |  out|   32|   ap_memory|      mem_req_buff|         array|
+-----------------------+-----+-----+------------+------------------+--------------+

