
*** Running vivado
    with args -log uram_2w_2r_we.vds -m64 -product Vivado -mode batch -messageDb vivado.pb -notrace -source uram_2w_2r_we.tcl


****** Vivado v2020.2 (64-bit)
  **** SW Build 3064766 on Wed Nov 18 09:12:47 MST 2020
  **** IP Build 3064653 on Wed Nov 18 14:17:31 MST 2020
    ** Copyright 1986-2020 Xilinx, Inc. All Rights Reserved.

source uram_2w_2r_we.tcl -notrace
Command: synth_design -top uram_2w_2r_we -part xcu280-fsvh2892-2L-e -directive AlternateRoutability -no_lc -shreg_min_size 10
Starting synth_design
Attempting to get a license for feature 'Synthesis' and/or device 'xcu280'
INFO: [Common 17-349] Got license for feature 'Synthesis' and/or device 'xcu280'
INFO: [Synth 8-7079] Multithreading enabled for synth_design using a maximum of 4 processes.
INFO: [Synth 8-7078] Launching helper process for spawning children vivado processes
INFO: [Synth 8-7075] Helper process launched with PID 2107533
---------------------------------------------------------------------------------
Starting Synthesize : Time (s): cpu = 00:00:02 ; elapsed = 00:00:02 . Memory (MB): peak = 2378.883 ; gain = 0.000 ; free physical = 57239 ; free virtual = 96158
---------------------------------------------------------------------------------
INFO: [Synth 8-6157] synthesizing module 'uram_2w_2r_we' [/Orion/GraphHBM/UTIL_IP/IP_URAM_2W2R_WE/uram_2w2r_we.srcs/sources_1/new/uram_2w_2r_we.v:15]
INFO: [Synth 8-6157] synthesizing module 'URAM288_BASE' [/opt/Xilinx/Vivado/2020.2/scripts/rt/data/unisim_comp.v:81591]
	Parameter AUTO_SLEEP_LATENCY bound to: 8 - type: integer 
	Parameter AVG_CONS_INACTIVE_CYCLES bound to: 10 - type: integer 
	Parameter BWE_MODE_A bound to: PARITY_INDEPENDENT - type: string 
	Parameter BWE_MODE_B bound to: PARITY_INDEPENDENT - type: string 
	Parameter EN_AUTO_SLEEP_MODE bound to: FALSE - type: string 
	Parameter EN_ECC_RD_A bound to: FALSE - type: string 
	Parameter EN_ECC_RD_B bound to: FALSE - type: string 
	Parameter EN_ECC_WR_A bound to: FALSE - type: string 
	Parameter EN_ECC_WR_B bound to: FALSE - type: string 
	Parameter IREG_PRE_A bound to: FALSE - type: string 
	Parameter IREG_PRE_B bound to: FALSE - type: string 
	Parameter IS_CLK_INVERTED bound to: 1'b0 
	Parameter IS_EN_A_INVERTED bound to: 1'b0 
	Parameter IS_EN_B_INVERTED bound to: 1'b0 
	Parameter IS_RDB_WR_A_INVERTED bound to: 1'b0 
	Parameter IS_RDB_WR_B_INVERTED bound to: 1'b0 
	Parameter IS_RST_A_INVERTED bound to: 1'b0 
	Parameter IS_RST_B_INVERTED bound to: 1'b0 
	Parameter OREG_A bound to: FALSE - type: string 
	Parameter OREG_B bound to: FALSE - type: string 
	Parameter OREG_ECC_A bound to: FALSE - type: string 
	Parameter OREG_ECC_B bound to: FALSE - type: string 
	Parameter RST_MODE_A bound to: SYNC - type: string 
	Parameter RST_MODE_B bound to: SYNC - type: string 
	Parameter USE_EXT_CE_A bound to: FALSE - type: string 
	Parameter USE_EXT_CE_B bound to: FALSE - type: string 
INFO: [Synth 8-6155] done synthesizing module 'URAM288_BASE' (1#1) [/opt/Xilinx/Vivado/2020.2/scripts/rt/data/unisim_comp.v:81591]
INFO: [Synth 8-6155] done synthesizing module 'uram_2w_2r_we' (2#1) [/Orion/GraphHBM/UTIL_IP/IP_URAM_2W2R_WE/uram_2w2r_we.srcs/sources_1/new/uram_2w_2r_we.v:15]
---------------------------------------------------------------------------------
Finished Synthesize : Time (s): cpu = 00:00:02 ; elapsed = 00:00:02 . Memory (MB): peak = 2378.883 ; gain = 0.000 ; free physical = 57281 ; free virtual = 96201
---------------------------------------------------------------------------------
---------------------------------------------------------------------------------
Finished Constraint Validation : Time (s): cpu = 00:00:02 ; elapsed = 00:00:03 . Memory (MB): peak = 2378.883 ; gain = 0.000 ; free physical = 57994 ; free virtual = 96914
---------------------------------------------------------------------------------
---------------------------------------------------------------------------------
Start Loading Part and Timing Information
---------------------------------------------------------------------------------
Loading part: xcu280-fsvh2892-2L-e
INFO: [Synth 8-6742] Reading net delay rules and data
---------------------------------------------------------------------------------
INFO: [Device 21-403] Loading part xcu280-fsvh2892-2L-e
Finished Loading Part and Timing Information : Time (s): cpu = 00:00:02 ; elapsed = 00:00:03 . Memory (MB): peak = 2386.758 ; gain = 7.875 ; free physical = 57966 ; free virtual = 96886
---------------------------------------------------------------------------------
---------------------------------------------------------------------------------
Finished RTL Optimization Phase 2 : Time (s): cpu = 00:00:02 ; elapsed = 00:00:03 . Memory (MB): peak = 2386.758 ; gain = 7.875 ; free physical = 57955 ; free virtual = 96876
---------------------------------------------------------------------------------
No constraint files found.
---------------------------------------------------------------------------------
Start RTL Component Statistics 
---------------------------------------------------------------------------------
Detailed RTL Component Info : 
---------------------------------------------------------------------------------
Finished RTL Component Statistics 
---------------------------------------------------------------------------------
---------------------------------------------------------------------------------
Start Part Resource Summary
---------------------------------------------------------------------------------
Part Resources:
DSPs: 9024 (col length:94)
BRAMs: 4032 (col length: RAMB18 288 RAMB36 144)
---------------------------------------------------------------------------------
Finished Part Resource Summary
---------------------------------------------------------------------------------
No constraint files found.
---------------------------------------------------------------------------------
Start Cross Boundary and Area Optimization
---------------------------------------------------------------------------------
---------------------------------------------------------------------------------
Finished Cross Boundary and Area Optimization : Time (s): cpu = 00:00:07 ; elapsed = 00:00:10 . Memory (MB): peak = 3222.117 ; gain = 843.234 ; free physical = 56852 ; free virtual = 95774
---------------------------------------------------------------------------------
No constraint files found.
---------------------------------------------------------------------------------
Start Timing Optimization
---------------------------------------------------------------------------------
---------------------------------------------------------------------------------
Finished Timing Optimization : Time (s): cpu = 00:00:07 ; elapsed = 00:00:10 . Memory (MB): peak = 3222.117 ; gain = 843.234 ; free physical = 56851 ; free virtual = 95773
---------------------------------------------------------------------------------
---------------------------------------------------------------------------------
Start Technology Mapping
---------------------------------------------------------------------------------
---------------------------------------------------------------------------------
Finished Technology Mapping : Time (s): cpu = 00:00:07 ; elapsed = 00:00:10 . Memory (MB): peak = 3222.117 ; gain = 843.234 ; free physical = 56850 ; free virtual = 95773
---------------------------------------------------------------------------------
---------------------------------------------------------------------------------
Start IO Insertion
---------------------------------------------------------------------------------
---------------------------------------------------------------------------------
Start Flattening Before IO Insertion
---------------------------------------------------------------------------------
---------------------------------------------------------------------------------
Finished Flattening Before IO Insertion
---------------------------------------------------------------------------------
---------------------------------------------------------------------------------
Start Final Netlist Cleanup
---------------------------------------------------------------------------------
---------------------------------------------------------------------------------
Finished Final Netlist Cleanup
---------------------------------------------------------------------------------
---------------------------------------------------------------------------------
Finished IO Insertion : Time (s): cpu = 00:00:09 ; elapsed = 00:00:12 . Memory (MB): peak = 3222.117 ; gain = 843.234 ; free physical = 56851 ; free virtual = 95773
---------------------------------------------------------------------------------
---------------------------------------------------------------------------------
Start Renaming Generated Instances
---------------------------------------------------------------------------------
---------------------------------------------------------------------------------
Finished Renaming Generated Instances : Time (s): cpu = 00:00:09 ; elapsed = 00:00:12 . Memory (MB): peak = 3222.117 ; gain = 843.234 ; free physical = 56851 ; free virtual = 95773
---------------------------------------------------------------------------------
---------------------------------------------------------------------------------
Start Rebuilding User Hierarchy
---------------------------------------------------------------------------------
---------------------------------------------------------------------------------
Finished Rebuilding User Hierarchy : Time (s): cpu = 00:00:09 ; elapsed = 00:00:12 . Memory (MB): peak = 3222.117 ; gain = 843.234 ; free physical = 56851 ; free virtual = 95773
---------------------------------------------------------------------------------
---------------------------------------------------------------------------------
Start Renaming Generated Ports
---------------------------------------------------------------------------------
---------------------------------------------------------------------------------
Finished Renaming Generated Ports : Time (s): cpu = 00:00:09 ; elapsed = 00:00:12 . Memory (MB): peak = 3222.117 ; gain = 843.234 ; free physical = 56851 ; free virtual = 95773
---------------------------------------------------------------------------------
---------------------------------------------------------------------------------
Start Handling Custom Attributes
---------------------------------------------------------------------------------
---------------------------------------------------------------------------------
Finished Handling Custom Attributes : Time (s): cpu = 00:00:09 ; elapsed = 00:00:12 . Memory (MB): peak = 3222.117 ; gain = 843.234 ; free physical = 56851 ; free virtual = 95773
---------------------------------------------------------------------------------
---------------------------------------------------------------------------------
Start Renaming Generated Nets
---------------------------------------------------------------------------------
---------------------------------------------------------------------------------
Finished Renaming Generated Nets : Time (s): cpu = 00:00:09 ; elapsed = 00:00:12 . Memory (MB): peak = 3222.117 ; gain = 843.234 ; free physical = 56851 ; free virtual = 95773
---------------------------------------------------------------------------------
---------------------------------------------------------------------------------
Start Writing Synthesis Report
---------------------------------------------------------------------------------

Report BlackBoxes: 
+-+--------------+----------+
| |BlackBox name |Instances |
+-+--------------+----------+
+-+--------------+----------+

Report Cell Usage: 
+------+-------------+------+
|      |Cell         |Count |
+------+-------------+------+
|1     |BUFG         |     1|
|2     |LUT1         |     1|
|3     |LUT4         |     2|
|4     |LUT5         |     2|
|5     |URAM288_BASE |     1|
|6     |IBUF         |   172|
|7     |OBUF         |   128|
+------+-------------+------+

Report Instance Areas: 
+------+---------+-------+------+
|      |Instance |Module |Cells |
+------+---------+-------+------+
|1     |top      |       |   307|
+------+---------+-------+------+
---------------------------------------------------------------------------------
Finished Writing Synthesis Report : Time (s): cpu = 00:00:09 ; elapsed = 00:00:12 . Memory (MB): peak = 3222.117 ; gain = 843.234 ; free physical = 56851 ; free virtual = 95773
---------------------------------------------------------------------------------
Synthesis finished with 0 errors, 0 critical warnings and 0 warnings.
Synthesis Optimization Runtime : Time (s): cpu = 00:00:09 ; elapsed = 00:00:12 . Memory (MB): peak = 3222.117 ; gain = 843.234 ; free physical = 56853 ; free virtual = 95776
Synthesis Optimization Complete : Time (s): cpu = 00:00:09 ; elapsed = 00:00:12 . Memory (MB): peak = 3222.125 ; gain = 843.234 ; free physical = 56853 ; free virtual = 95776
INFO: [Project 1-571] Translating synthesized netlist
Netlist sorting complete. Time (s): cpu = 00:00:00 ; elapsed = 00:00:00 . Memory (MB): peak = 3222.125 ; gain = 0.000 ; free physical = 56937 ; free virtual = 95859
INFO: [Netlist 29-17] Analyzing 173 Unisim elements for replacement
INFO: [Netlist 29-28] Unisim Transformation completed in 0 CPU seconds
INFO: [Project 1-570] Preparing netlist for logic optimization
INFO: [Opt 31-138] Pushed 0 inverter(s) to 0 load pin(s).
Netlist sorting complete. Time (s): cpu = 00:00:00 ; elapsed = 00:00:00 . Memory (MB): peak = 3286.867 ; gain = 0.000 ; free physical = 56826 ; free virtual = 95748
INFO: [Project 1-111] Unisim Transformation Summary:
  A total of 173 instances were transformed.
  BUFG => BUFGCE: 1 instance 
  IBUF => IBUF (IBUFCTRL, INBUF): 172 instances

INFO: [Common 17-83] Releasing license: Synthesis
17 Infos, 0 Warnings, 0 Critical Warnings and 0 Errors encountered.
synth_design completed successfully
synth_design: Time (s): cpu = 00:00:13 ; elapsed = 00:00:14 . Memory (MB): peak = 3286.867 ; gain = 908.113 ; free physical = 56973 ; free virtual = 95896
INFO: [Common 17-1381] The checkpoint '/Orion/GraphHBM/UTIL_IP/IP_URAM_2W2R_WE/uram_2w2r_we.runs/synth_1/uram_2w_2r_we.dcp' has been generated.
INFO: [runtcl-4] Executing : report_utilization -file uram_2w_2r_we_utilization_synth.rpt -pb uram_2w_2r_we_utilization_synth.pb
INFO: [Common 17-206] Exiting Vivado at Sun May  7 10:21:25 2023...
