==============================================================
Vitis HLS - High-Level Synthesis from C, C++ and OpenCL v2020.2 (64-bit)
Copyright 1986-2020 Xilinx, Inc. All Rights Reserved.
==============================================================
INFO: [HLS 200-1505] Using flow_target 'vivado'
INFO: [HLS 200-1510] Running: set_part xcu280-fsvh2892-2L-e 
INFO: [HLS 200-10] Setting target device to 'xcu280-fsvh2892-2L-e'
INFO: [HLS 200-1510] Running: create_clock -period 5 -name default 
INFO: [SYN 201-201] Setting up clock 'default' with a period of 5ns.
INFO: [HLS 200-1510] Running: csynth_design 
INFO: [HLS 200-111] Finished File checks and directory preparation: CPU user time: 0.01 seconds. CPU system time: 0 seconds. Elapsed time: 0 seconds; current allocated memory: 167.064 MB.
INFO: [HLS 200-10] Analyzing design file '/Zodiac/GraFlex/ArtifactEvaluation/figure8/BFS_Scalability/PE_2/src/hw/gather/bfs_gather.cpp' ... 
INFO: [HLS 200-111] Finished Source Code Analysis and Preprocessing: CPU user time: 2.39 seconds. CPU system time: 0.19 seconds. Elapsed time: 2 seconds; current allocated memory: 168.699 MB.
INFO: [HLS 200-777] Using interface defaults for 'Vivado' flow target.
INFO: [HLS 214-248] complete partitioned array 'tmp_dist' on dimension 1 (/Zodiac/GraFlex/ArtifactEvaluation/figure8/BFS_Scalability/PE_2/src/hw/gather/bfs_gather.cpp:5:2)
INFO: [HLS 214-131] Inlining function '_llvm.fpga.pack.none.i8.s_struct.ap_uints' into 'BFS_Gather(unsigned char, unsigned int volatile*, bool volatile*, dpkt_t (*) [4096])' (/Zodiac/GraFlex/ArtifactEvaluation/figure8/BFS_Scalability/PE_2/src/hw/gather/bfs_gather.cpp:43:42)
INFO: [HLS 214-131] Inlining function '_llvm.fpga.pack.none.i8.s_struct.ap_uints' into 'BFS_Gather(unsigned char, unsigned int volatile*, bool volatile*, dpkt_t (*) [4096])' (/Zodiac/GraFlex/ArtifactEvaluation/figure8/BFS_Scalability/PE_2/src/hw/gather/bfs_gather.cpp:92:42)
INFO: [HLS 214-131] Inlining function '_llvm.fpga.pack.none.i8.s_struct.ap_uints' into 'BFS_Gather(unsigned char, unsigned int volatile*, bool volatile*, dpkt_t (*) [4096])' (/Zodiac/GraFlex/ArtifactEvaluation/figure8/BFS_Scalability/PE_2/src/hw/gather/bfs_gather.cpp:92:42)
INFO: [HLS 214-131] Inlining function '_llvm.fpga.pack.none.i8.s_struct.ap_uints' into 'BFS_Gather(unsigned char, unsigned int volatile*, bool volatile*, dpkt_t (*) [4096])' (/Zodiac/GraFlex/ArtifactEvaluation/figure8/BFS_Scalability/PE_2/src/hw/gather/bfs_gather.cpp:92:42)
INFO: [HLS 214-131] Inlining function '_llvm.fpga.pack.none.i8.s_struct.ap_uints' into 'BFS_Gather(unsigned char, unsigned int volatile*, bool volatile*, dpkt_t (*) [4096])' (/Zodiac/GraFlex/ArtifactEvaluation/figure8/BFS_Scalability/PE_2/src/hw/gather/bfs_gather.cpp:92:42)
INFO: [HLS 214-131] Inlining function '_llvm.fpga.pack.none.i8.s_struct.ap_uints' into 'BFS_Gather(unsigned char, unsigned int volatile*, bool volatile*, dpkt_t (*) [4096])' (/Zodiac/GraFlex/ArtifactEvaluation/figure8/BFS_Scalability/PE_2/src/hw/gather/bfs_gather.cpp:92:42)
INFO: [HLS 214-131] Inlining function '_llvm.fpga.pack.none.i8.s_struct.ap_uints' into 'BFS_Gather(unsigned char, unsigned int volatile*, bool volatile*, dpkt_t (*) [4096])' (/Zodiac/GraFlex/ArtifactEvaluation/figure8/BFS_Scalability/PE_2/src/hw/gather/bfs_gather.cpp:92:42)
INFO: [HLS 214-131] Inlining function '_llvm.fpga.pack.none.i8.s_struct.ap_uints' into 'BFS_Gather(unsigned char, unsigned int volatile*, bool volatile*, dpkt_t (*) [4096])' (/Zodiac/GraFlex/ArtifactEvaluation/figure8/BFS_Scalability/PE_2/src/hw/gather/bfs_gather.cpp:92:42)
INFO: [HLS 214-131] Inlining function '_llvm.fpga.pack.none.i8.s_struct.ap_uints' into 'BFS_Gather(unsigned char, unsigned int volatile*, bool volatile*, dpkt_t (*) [4096])' (/Zodiac/GraFlex/ArtifactEvaluation/figure8/BFS_Scalability/PE_2/src/hw/gather/bfs_gather.cpp:92:42)
INFO: [HLS 214-131] Inlining function '_llvm.fpga.pack.none.i8.s_struct.ap_uints' into 'BFS_Gather(unsigned char, unsigned int volatile*, bool volatile*, dpkt_t (*) [4096])' (/Zodiac/GraFlex/ArtifactEvaluation/figure8/BFS_Scalability/PE_2/src/hw/gather/bfs_gather.cpp:85:42)
INFO: [HLS 214-131] Inlining function '_llvm.fpga.pack.none.i8.s_struct.ap_uints' into 'BFS_Gather(unsigned char, unsigned int volatile*, bool volatile*, dpkt_t (*) [4096])' (/Zodiac/GraFlex/ArtifactEvaluation/figure8/BFS_Scalability/PE_2/src/hw/gather/bfs_gather.cpp:85:42)
INFO: [HLS 214-131] Inlining function '_llvm.fpga.pack.none.i8.s_struct.ap_uints' into 'BFS_Gather(unsigned char, unsigned int volatile*, bool volatile*, dpkt_t (*) [4096])' (/Zodiac/GraFlex/ArtifactEvaluation/figure8/BFS_Scalability/PE_2/src/hw/gather/bfs_gather.cpp:85:42)
INFO: [HLS 214-131] Inlining function '_llvm.fpga.pack.none.i8.s_struct.ap_uints' into 'BFS_Gather(unsigned char, unsigned int volatile*, bool volatile*, dpkt_t (*) [4096])' (/Zodiac/GraFlex/ArtifactEvaluation/figure8/BFS_Scalability/PE_2/src/hw/gather/bfs_gather.cpp:85:42)
INFO: [HLS 214-131] Inlining function '_llvm.fpga.pack.none.i8.s_struct.ap_uints' into 'BFS_Gather(unsigned char, unsigned int volatile*, bool volatile*, dpkt_t (*) [4096])' (/Zodiac/GraFlex/ArtifactEvaluation/figure8/BFS_Scalability/PE_2/src/hw/gather/bfs_gather.cpp:85:42)
INFO: [HLS 214-131] Inlining function '_llvm.fpga.pack.none.i8.s_struct.ap_uints' into 'BFS_Gather(unsigned char, unsigned int volatile*, bool volatile*, dpkt_t (*) [4096])' (/Zodiac/GraFlex/ArtifactEvaluation/figure8/BFS_Scalability/PE_2/src/hw/gather/bfs_gather.cpp:85:42)
INFO: [HLS 214-131] Inlining function '_llvm.fpga.pack.none.i8.s_struct.ap_uints' into 'BFS_Gather(unsigned char, unsigned int volatile*, bool volatile*, dpkt_t (*) [4096])' (/Zodiac/GraFlex/ArtifactEvaluation/figure8/BFS_Scalability/PE_2/src/hw/gather/bfs_gather.cpp:85:42)
INFO: [HLS 214-131] Inlining function '_llvm.fpga.pack.none.i8.s_struct.ap_uints' into 'BFS_Gather(unsigned char, unsigned int volatile*, bool volatile*, dpkt_t (*) [4096])' (/Zodiac/GraFlex/ArtifactEvaluation/figure8/BFS_Scalability/PE_2/src/hw/gather/bfs_gather.cpp:85:42)
INFO: [HLS 214-131] Inlining function '_llvm.fpga.pack.none.i8.s_struct.ap_uints' into 'BFS_Gather(unsigned char, unsigned int volatile*, bool volatile*, dpkt_t (*) [4096])' (/Zodiac/GraFlex/ArtifactEvaluation/figure8/BFS_Scalability/PE_2/src/hw/gather/bfs_gather.cpp:78:42)
INFO: [HLS 214-131] Inlining function '_llvm.fpga.pack.none.i8.s_struct.ap_uints' into 'BFS_Gather(unsigned char, unsigned int volatile*, bool volatile*, dpkt_t (*) [4096])' (/Zodiac/GraFlex/ArtifactEvaluation/figure8/BFS_Scalability/PE_2/src/hw/gather/bfs_gather.cpp:78:42)
INFO: [HLS 214-131] Inlining function '_llvm.fpga.pack.none.i8.s_struct.ap_uints' into 'BFS_Gather(unsigned char, unsigned int volatile*, bool volatile*, dpkt_t (*) [4096])' (/Zodiac/GraFlex/ArtifactEvaluation/figure8/BFS_Scalability/PE_2/src/hw/gather/bfs_gather.cpp:78:42)
INFO: [HLS 214-131] Inlining function '_llvm.fpga.pack.none.i8.s_struct.ap_uints' into 'BFS_Gather(unsigned char, unsigned int volatile*, bool volatile*, dpkt_t (*) [4096])' (/Zodiac/GraFlex/ArtifactEvaluation/figure8/BFS_Scalability/PE_2/src/hw/gather/bfs_gather.cpp:78:42)
INFO: [HLS 214-131] Inlining function '_llvm.fpga.pack.none.i8.s_struct.ap_uints' into 'BFS_Gather(unsigned char, unsigned int volatile*, bool volatile*, dpkt_t (*) [4096])' (/Zodiac/GraFlex/ArtifactEvaluation/figure8/BFS_Scalability/PE_2/src/hw/gather/bfs_gather.cpp:78:42)
INFO: [HLS 214-131] Inlining function '_llvm.fpga.pack.none.i8.s_struct.ap_uints' into 'BFS_Gather(unsigned char, unsigned int volatile*, bool volatile*, dpkt_t (*) [4096])' (/Zodiac/GraFlex/ArtifactEvaluation/figure8/BFS_Scalability/PE_2/src/hw/gather/bfs_gather.cpp:78:42)
INFO: [HLS 214-131] Inlining function '_llvm.fpga.pack.none.i8.s_struct.ap_uints' into 'BFS_Gather(unsigned char, unsigned int volatile*, bool volatile*, dpkt_t (*) [4096])' (/Zodiac/GraFlex/ArtifactEvaluation/figure8/BFS_Scalability/PE_2/src/hw/gather/bfs_gather.cpp:78:42)
INFO: [HLS 214-131] Inlining function '_llvm.fpga.pack.none.i8.s_struct.ap_uints' into 'BFS_Gather(unsigned char, unsigned int volatile*, bool volatile*, dpkt_t (*) [4096])' (/Zodiac/GraFlex/ArtifactEvaluation/figure8/BFS_Scalability/PE_2/src/hw/gather/bfs_gather.cpp:78:42)
INFO: [HLS 214-131] Inlining function '_llvm.fpga.pack.none.i8.s_struct.ap_uints' into 'BFS_Gather(unsigned char, unsigned int volatile*, bool volatile*, dpkt_t (*) [4096])' (/Zodiac/GraFlex/ArtifactEvaluation/figure8/BFS_Scalability/PE_2/src/hw/gather/bfs_gather.cpp:71:42)
INFO: [HLS 214-131] Inlining function '_llvm.fpga.pack.none.i8.s_struct.ap_uints' into 'BFS_Gather(unsigned char, unsigned int volatile*, bool volatile*, dpkt_t (*) [4096])' (/Zodiac/GraFlex/ArtifactEvaluation/figure8/BFS_Scalability/PE_2/src/hw/gather/bfs_gather.cpp:71:42)
INFO: [HLS 214-131] Inlining function '_llvm.fpga.pack.none.i8.s_struct.ap_uints' into 'BFS_Gather(unsigned char, unsigned int volatile*, bool volatile*, dpkt_t (*) [4096])' (/Zodiac/GraFlex/ArtifactEvaluation/figure8/BFS_Scalability/PE_2/src/hw/gather/bfs_gather.cpp:71:42)
INFO: [HLS 214-131] Inlining function '_llvm.fpga.pack.none.i8.s_struct.ap_uints' into 'BFS_Gather(unsigned char, unsigned int volatile*, bool volatile*, dpkt_t (*) [4096])' (/Zodiac/GraFlex/ArtifactEvaluation/figure8/BFS_Scalability/PE_2/src/hw/gather/bfs_gather.cpp:71:42)
INFO: [HLS 214-131] Inlining function '_llvm.fpga.pack.none.i8.s_struct.ap_uints' into 'BFS_Gather(unsigned char, unsigned int volatile*, bool volatile*, dpkt_t (*) [4096])' (/Zodiac/GraFlex/ArtifactEvaluation/figure8/BFS_Scalability/PE_2/src/hw/gather/bfs_gather.cpp:71:42)
INFO: [HLS 214-131] Inlining function '_llvm.fpga.pack.none.i8.s_struct.ap_uints' into 'BFS_Gather(unsigned char, unsigned int volatile*, bool volatile*, dpkt_t (*) [4096])' (/Zodiac/GraFlex/ArtifactEvaluation/figure8/BFS_Scalability/PE_2/src/hw/gather/bfs_gather.cpp:71:42)
INFO: [HLS 214-131] Inlining function '_llvm.fpga.pack.none.i8.s_struct.ap_uints' into 'BFS_Gather(unsigned char, unsigned int volatile*, bool volatile*, dpkt_t (*) [4096])' (/Zodiac/GraFlex/ArtifactEvaluation/figure8/BFS_Scalability/PE_2/src/hw/gather/bfs_gather.cpp:71:42)
INFO: [HLS 214-131] Inlining function '_llvm.fpga.pack.none.i8.s_struct.ap_uints' into 'BFS_Gather(unsigned char, unsigned int volatile*, bool volatile*, dpkt_t (*) [4096])' (/Zodiac/GraFlex/ArtifactEvaluation/figure8/BFS_Scalability/PE_2/src/hw/gather/bfs_gather.cpp:71:42)
INFO: [HLS 214-131] Inlining function '_llvm.fpga.pack.none.i8.s_struct.ap_uints' into 'BFS_Gather(unsigned char, unsigned int volatile*, bool volatile*, dpkt_t (*) [4096])' (/Zodiac/GraFlex/ArtifactEvaluation/figure8/BFS_Scalability/PE_2/src/hw/gather/bfs_gather.cpp:64:42)
INFO: [HLS 214-131] Inlining function '_llvm.fpga.pack.none.i8.s_struct.ap_uints' into 'BFS_Gather(unsigned char, unsigned int volatile*, bool volatile*, dpkt_t (*) [4096])' (/Zodiac/GraFlex/ArtifactEvaluation/figure8/BFS_Scalability/PE_2/src/hw/gather/bfs_gather.cpp:64:42)
INFO: [HLS 214-131] Inlining function '_llvm.fpga.pack.none.i8.s_struct.ap_uints' into 'BFS_Gather(unsigned char, unsigned int volatile*, bool volatile*, dpkt_t (*) [4096])' (/Zodiac/GraFlex/ArtifactEvaluation/figure8/BFS_Scalability/PE_2/src/hw/gather/bfs_gather.cpp:64:42)
INFO: [HLS 214-131] Inlining function '_llvm.fpga.pack.none.i8.s_struct.ap_uints' into 'BFS_Gather(unsigned char, unsigned int volatile*, bool volatile*, dpkt_t (*) [4096])' (/Zodiac/GraFlex/ArtifactEvaluation/figure8/BFS_Scalability/PE_2/src/hw/gather/bfs_gather.cpp:64:42)
INFO: [HLS 214-131] Inlining function '_llvm.fpga.pack.none.i8.s_struct.ap_uints' into 'BFS_Gather(unsigned char, unsigned int volatile*, bool volatile*, dpkt_t (*) [4096])' (/Zodiac/GraFlex/ArtifactEvaluation/figure8/BFS_Scalability/PE_2/src/hw/gather/bfs_gather.cpp:64:42)
INFO: [HLS 214-131] Inlining function '_llvm.fpga.pack.none.i8.s_struct.ap_uints' into 'BFS_Gather(unsigned char, unsigned int volatile*, bool volatile*, dpkt_t (*) [4096])' (/Zodiac/GraFlex/ArtifactEvaluation/figure8/BFS_Scalability/PE_2/src/hw/gather/bfs_gather.cpp:64:42)
INFO: [HLS 214-131] Inlining function '_llvm.fpga.pack.none.i8.s_struct.ap_uints' into 'BFS_Gather(unsigned char, unsigned int volatile*, bool volatile*, dpkt_t (*) [4096])' (/Zodiac/GraFlex/ArtifactEvaluation/figure8/BFS_Scalability/PE_2/src/hw/gather/bfs_gather.cpp:64:42)
INFO: [HLS 214-131] Inlining function '_llvm.fpga.pack.none.i8.s_struct.ap_uints' into 'BFS_Gather(unsigned char, unsigned int volatile*, bool volatile*, dpkt_t (*) [4096])' (/Zodiac/GraFlex/ArtifactEvaluation/figure8/BFS_Scalability/PE_2/src/hw/gather/bfs_gather.cpp:64:42)
INFO: [HLS 214-131] Inlining function '_llvm.fpga.pack.none.i8.s_struct.ap_uints' into 'BFS_Gather(unsigned char, unsigned int volatile*, bool volatile*, dpkt_t (*) [4096])' (/Zodiac/GraFlex/ArtifactEvaluation/figure8/BFS_Scalability/PE_2/src/hw/gather/bfs_gather.cpp:57:42)
INFO: [HLS 214-131] Inlining function '_llvm.fpga.pack.none.i8.s_struct.ap_uints' into 'BFS_Gather(unsigned char, unsigned int volatile*, bool volatile*, dpkt_t (*) [4096])' (/Zodiac/GraFlex/ArtifactEvaluation/figure8/BFS_Scalability/PE_2/src/hw/gather/bfs_gather.cpp:57:42)
INFO: [HLS 214-131] Inlining function '_llvm.fpga.pack.none.i8.s_struct.ap_uints' into 'BFS_Gather(unsigned char, unsigned int volatile*, bool volatile*, dpkt_t (*) [4096])' (/Zodiac/GraFlex/ArtifactEvaluation/figure8/BFS_Scalability/PE_2/src/hw/gather/bfs_gather.cpp:57:42)
INFO: [HLS 214-131] Inlining function '_llvm.fpga.pack.none.i8.s_struct.ap_uints' into 'BFS_Gather(unsigned char, unsigned int volatile*, bool volatile*, dpkt_t (*) [4096])' (/Zodiac/GraFlex/ArtifactEvaluation/figure8/BFS_Scalability/PE_2/src/hw/gather/bfs_gather.cpp:57:42)
INFO: [HLS 214-131] Inlining function '_llvm.fpga.pack.none.i8.s_struct.ap_uints' into 'BFS_Gather(unsigned char, unsigned int volatile*, bool volatile*, dpkt_t (*) [4096])' (/Zodiac/GraFlex/ArtifactEvaluation/figure8/BFS_Scalability/PE_2/src/hw/gather/bfs_gather.cpp:57:42)
INFO: [HLS 214-131] Inlining function '_llvm.fpga.pack.none.i8.s_struct.ap_uints' into 'BFS_Gather(unsigned char, unsigned int volatile*, bool volatile*, dpkt_t (*) [4096])' (/Zodiac/GraFlex/ArtifactEvaluation/figure8/BFS_Scalability/PE_2/src/hw/gather/bfs_gather.cpp:57:42)
INFO: [HLS 214-131] Inlining function '_llvm.fpga.pack.none.i8.s_struct.ap_uints' into 'BFS_Gather(unsigned char, unsigned int volatile*, bool volatile*, dpkt_t (*) [4096])' (/Zodiac/GraFlex/ArtifactEvaluation/figure8/BFS_Scalability/PE_2/src/hw/gather/bfs_gather.cpp:57:42)
INFO: [HLS 214-131] Inlining function '_llvm.fpga.pack.none.i8.s_struct.ap_uints' into 'BFS_Gather(unsigned char, unsigned int volatile*, bool volatile*, dpkt_t (*) [4096])' (/Zodiac/GraFlex/ArtifactEvaluation/figure8/BFS_Scalability/PE_2/src/hw/gather/bfs_gather.cpp:57:42)
INFO: [HLS 214-131] Inlining function '_llvm.fpga.pack.none.i8.s_struct.ap_uints' into 'BFS_Gather(unsigned char, unsigned int volatile*, bool volatile*, dpkt_t (*) [4096])' (/Zodiac/GraFlex/ArtifactEvaluation/figure8/BFS_Scalability/PE_2/src/hw/gather/bfs_gather.cpp:50:42)
INFO: [HLS 214-131] Inlining function '_llvm.fpga.pack.none.i8.s_struct.ap_uints' into 'BFS_Gather(unsigned char, unsigned int volatile*, bool volatile*, dpkt_t (*) [4096])' (/Zodiac/GraFlex/ArtifactEvaluation/figure8/BFS_Scalability/PE_2/src/hw/gather/bfs_gather.cpp:50:42)
INFO: [HLS 214-131] Inlining function '_llvm.fpga.pack.none.i8.s_struct.ap_uints' into 'BFS_Gather(unsigned char, unsigned int volatile*, bool volatile*, dpkt_t (*) [4096])' (/Zodiac/GraFlex/ArtifactEvaluation/figure8/BFS_Scalability/PE_2/src/hw/gather/bfs_gather.cpp:50:42)
INFO: [HLS 214-131] Inlining function '_llvm.fpga.pack.none.i8.s_struct.ap_uints' into 'BFS_Gather(unsigned char, unsigned int volatile*, bool volatile*, dpkt_t (*) [4096])' (/Zodiac/GraFlex/ArtifactEvaluation/figure8/BFS_Scalability/PE_2/src/hw/gather/bfs_gather.cpp:50:42)
INFO: [HLS 214-131] Inlining function '_llvm.fpga.pack.none.i8.s_struct.ap_uints' into 'BFS_Gather(unsigned char, unsigned int volatile*, bool volatile*, dpkt_t (*) [4096])' (/Zodiac/GraFlex/ArtifactEvaluation/figure8/BFS_Scalability/PE_2/src/hw/gather/bfs_gather.cpp:50:42)
INFO: [HLS 214-131] Inlining function '_llvm.fpga.pack.none.i8.s_struct.ap_uints' into 'BFS_Gather(unsigned char, unsigned int volatile*, bool volatile*, dpkt_t (*) [4096])' (/Zodiac/GraFlex/ArtifactEvaluation/figure8/BFS_Scalability/PE_2/src/hw/gather/bfs_gather.cpp:50:42)
INFO: [HLS 214-131] Inlining function '_llvm.fpga.pack.none.i8.s_struct.ap_uints' into 'BFS_Gather(unsigned char, unsigned int volatile*, bool volatile*, dpkt_t (*) [4096])' (/Zodiac/GraFlex/ArtifactEvaluation/figure8/BFS_Scalability/PE_2/src/hw/gather/bfs_gather.cpp:50:42)
INFO: [HLS 214-131] Inlining function '_llvm.fpga.pack.none.i8.s_struct.ap_uints' into 'BFS_Gather(unsigned char, unsigned int volatile*, bool volatile*, dpkt_t (*) [4096])' (/Zodiac/GraFlex/ArtifactEvaluation/figure8/BFS_Scalability/PE_2/src/hw/gather/bfs_gather.cpp:50:42)
INFO: [HLS 214-131] Inlining function '_llvm.fpga.pack.none.i8.s_struct.ap_uints' into 'BFS_Gather(unsigned char, unsigned int volatile*, bool volatile*, dpkt_t (*) [4096])' (/Zodiac/GraFlex/ArtifactEvaluation/figure8/BFS_Scalability/PE_2/src/hw/gather/bfs_gather.cpp:43:42)
INFO: [HLS 214-131] Inlining function '_llvm.fpga.pack.none.i8.s_struct.ap_uints' into 'BFS_Gather(unsigned char, unsigned int volatile*, bool volatile*, dpkt_t (*) [4096])' (/Zodiac/GraFlex/ArtifactEvaluation/figure8/BFS_Scalability/PE_2/src/hw/gather/bfs_gather.cpp:43:42)
INFO: [HLS 214-131] Inlining function '_llvm.fpga.pack.none.i8.s_struct.ap_uints' into 'BFS_Gather(unsigned char, unsigned int volatile*, bool volatile*, dpkt_t (*) [4096])' (/Zodiac/GraFlex/ArtifactEvaluation/figure8/BFS_Scalability/PE_2/src/hw/gather/bfs_gather.cpp:43:42)
INFO: [HLS 214-131] Inlining function '_llvm.fpga.pack.none.i8.s_struct.ap_uints' into 'BFS_Gather(unsigned char, unsigned int volatile*, bool volatile*, dpkt_t (*) [4096])' (/Zodiac/GraFlex/ArtifactEvaluation/figure8/BFS_Scalability/PE_2/src/hw/gather/bfs_gather.cpp:43:42)
INFO: [HLS 214-131] Inlining function '_llvm.fpga.pack.none.i8.s_struct.ap_uints' into 'BFS_Gather(unsigned char, unsigned int volatile*, bool volatile*, dpkt_t (*) [4096])' (/Zodiac/GraFlex/ArtifactEvaluation/figure8/BFS_Scalability/PE_2/src/hw/gather/bfs_gather.cpp:43:42)
INFO: [HLS 214-131] Inlining function '_llvm.fpga.pack.none.i8.s_struct.ap_uints' into 'BFS_Gather(unsigned char, unsigned int volatile*, bool volatile*, dpkt_t (*) [4096])' (/Zodiac/GraFlex/ArtifactEvaluation/figure8/BFS_Scalability/PE_2/src/hw/gather/bfs_gather.cpp:43:42)
INFO: [HLS 214-131] Inlining function '_llvm.fpga.pack.none.i8.s_struct.ap_uints' into 'BFS_Gather(unsigned char, unsigned int volatile*, bool volatile*, dpkt_t (*) [4096])' (/Zodiac/GraFlex/ArtifactEvaluation/figure8/BFS_Scalability/PE_2/src/hw/gather/bfs_gather.cpp:43:42)
INFO: [HLS 200-111] Finished Compiling Optimization and Transform: CPU user time: 2.2 seconds. CPU system time: 0.17 seconds. Elapsed time: 2.58 seconds; current allocated memory: 169.594 MB.
INFO: [HLS 200-111] Finished Checking Pragmas: CPU user time: 0 seconds. CPU system time: 0 seconds. Elapsed time: 0 seconds; current allocated memory: 169.595 MB.
INFO: [HLS 200-10] Starting code transformations ...
INFO: [HLS 200-111] Finished Standard Transforms: CPU user time: 0.05 seconds. CPU system time: 0.01 seconds. Elapsed time: 0.05 seconds; current allocated memory: 176.105 MB.
INFO: [HLS 200-10] Checking synthesizability ...
INFO: [HLS 200-111] Finished Checking Synthesizability: CPU user time: 0.08 seconds. CPU system time: 0 seconds. Elapsed time: 0.12 seconds; current allocated memory: 183.227 MB.
INFO: [XFORM 203-401] Performing if-conversion on hyperblock to (/Zodiac/GraFlex/ArtifactEvaluation/figure8/BFS_Scalability/PE_2/src/hw/gather/bfs_gather.cpp:38:3) in function 'BFS_Gather'... converting 10 basic blocks.
INFO: [HLS 200-111] Finished Loop, function and other optimizations: CPU user time: 0.28 seconds. CPU system time: 0.01 seconds. Elapsed time: 0.29 seconds; current allocated memory: 212.369 MB.
INFO: [HLS 200-111] Finished Architecture Synthesis: CPU user time: 0.25 seconds. CPU system time: 0 seconds. Elapsed time: 0.24 seconds; current allocated memory: 211.489 MB.
INFO: [HLS 200-10] Starting hardware synthesis ...
INFO: [HLS 200-10] Synthesizing 'BFS_Gather' ...
INFO: [HLS 200-10] ----------------------------------------------------------------
INFO: [HLS 200-42] -- Implementing module 'BFS_Gather' 
INFO: [HLS 200-10] ----------------------------------------------------------------
INFO: [SCHED 204-11] Starting scheduling ...
INFO: [SCHED 204-61] Pipelining function 'BFS_Gather'.
INFO: [HLS 200-1470] Pipelining result : Target II = 2, Final II = 2, Depth = 3, function 'BFS_Gather'
WARNING: [HLS 200-871] Estimated clock period (5.52688ns) exceeds the target (target clock period: 5ns, clock uncertainty: 1.35ns, effective delay budget: 3.65ns).
WARNING: [HLS 200-1016] The critical path in module 'BFS_Gather' consists of the following:	'load' operation ('tmp_dist_0_load', /Zodiac/GraFlex/ArtifactEvaluation/figure8/BFS_Scalability/PE_2/src/hw/gather/bfs_gather.cpp:36) on array 'tmp_dist_0' [70]  (1.65 ns)
	'select' operation ('select_ln36', /Zodiac/GraFlex/ArtifactEvaluation/figure8/BFS_Scalability/PE_2/src/hw/gather/bfs_gather.cpp:36) [86]  (0 ns)
	'select' operation ('select_ln36_1', /Zodiac/GraFlex/ArtifactEvaluation/figure8/BFS_Scalability/PE_2/src/hw/gather/bfs_gather.cpp:36) [88]  (0.411 ns)
	'select' operation ('select_ln36_2', /Zodiac/GraFlex/ArtifactEvaluation/figure8/BFS_Scalability/PE_2/src/hw/gather/bfs_gather.cpp:36) [90]  (0 ns)
	'select' operation ('select_ln36_3', /Zodiac/GraFlex/ArtifactEvaluation/figure8/BFS_Scalability/PE_2/src/hw/gather/bfs_gather.cpp:36) [92]  (0.411 ns)
	'select' operation ('select_ln36_4', /Zodiac/GraFlex/ArtifactEvaluation/figure8/BFS_Scalability/PE_2/src/hw/gather/bfs_gather.cpp:36) [94]  (0 ns)
	'select' operation ('select_ln36_5', /Zodiac/GraFlex/ArtifactEvaluation/figure8/BFS_Scalability/PE_2/src/hw/gather/bfs_gather.cpp:36) [96]  (0.411 ns)
	'select' operation ('select_ln36_6', /Zodiac/GraFlex/ArtifactEvaluation/figure8/BFS_Scalability/PE_2/src/hw/gather/bfs_gather.cpp:36) [98]  (0.411 ns)
	'icmp' operation ('icmp_ln878') [490]  (0.593 ns)
	blocking operation 1.65 ns on control path)

