
*** Running vivado
    with args -log cus_m_axi_s_256_uram.vds -m64 -product Vivado -mode batch -messageDb vivado.pb -notrace -source cus_m_axi_s_256_uram.tcl


****** Vivado v2020.2 (64-bit)
  **** SW Build 3064766 on Wed Nov 18 09:12:47 MST 2020
  **** IP Build 3064653 on Wed Nov 18 14:17:31 MST 2020
    ** Copyright 1986-2020 Xilinx, Inc. All Rights Reserved.

source cus_m_axi_s_256_uram.tcl -notrace
INFO: [IP_Flow 19-234] Refreshing IP repositories
INFO: [IP_Flow 19-1700] Loaded user IP repository '/Orion/GraphHBM/UTIL_IP'.
WARNING: [IP_Flow 19-3656] If you move the project, the path for repository '/Orion/GraphHBM/UTIL_IP' may become invalid. A better location for the repository would be in a path adjacent to the project. (Current project location is '/Orion/GraphHBM/UTIL_IP/IP_AXI_ENGINE_S/m_axi_256_ultra/cus_m_axi_s_256_ultra.runs/synth_1'.)
INFO: [IP_Flow 19-2313] Loaded Vivado IP repository '/opt/XILINX/Vivado/2020.2/data/ip'.
WARNING: [IP_Flow 19-1663] Duplicate IP found for 'user.org:user:cycle_counter:1.0'. The one found in IP location '/Orion/GraphHBM/UTIL_IP/IP_CYCLE_CNT' will take precedence over the same IP in location /Orion/GraphHBM/UTIL_IP/IP_CYCLE_CNT/cycle_cnt.srcs/sources_1/new
Command: synth_design -top cus_m_axi_s_256_uram -part xcu280-fsvh2892-2L-e
Starting synth_design
Attempting to get a license for feature 'Synthesis' and/or device 'xcu280'
INFO: [Common 17-349] Got license for feature 'Synthesis' and/or device 'xcu280'
INFO: [Device 21-403] Loading part xcu280-fsvh2892-2L-e
INFO: [Synth 8-7079] Multithreading enabled for synth_design using a maximum of 4 processes.
INFO: [Synth 8-7078] Launching helper process for spawning children vivado processes
INFO: [Synth 8-7075] Helper process launched with PID 100808
---------------------------------------------------------------------------------
Starting RTL Elaboration : Time (s): cpu = 00:00:02 ; elapsed = 00:00:02 . Memory (MB): peak = 3223.770 ; gain = 173.719 ; free physical = 101963 ; free virtual = 116431
---------------------------------------------------------------------------------
INFO: [Synth 8-6157] synthesizing module 'cus_m_axi_s_256_uram' [/Orion/GraphHBM/UTIL_IP/IP_AXI_ENGINE_S/m_axi_256_ultra/cus_m_axi_s_256_ultra.gen/sources_1/bd/cus_m_axi_s_256_ultra/hdl/cus_m_axi_s_256_ultra_wrapper.v:12]
INFO: [Synth 8-6157] synthesizing module 'cus_m_axi_s_256_ultra' [/Orion/GraphHBM/UTIL_IP/IP_AXI_ENGINE_S/m_axi_256_ultra/cus_m_axi_s_256_ultra.gen/sources_1/bd/cus_m_axi_s_256_ultra/synth/cus_m_axi_s_256_ultra.v:13]
INFO: [Synth 8-6157] synthesizing module 'cus_m_axi_s_256_ultra_mread_master_ultra_0_0' [/Orion/GraphHBM/UTIL_IP/IP_AXI_ENGINE_S/m_axi_256_ultra/cus_m_axi_s_256_ultra.runs/synth_1/.Xil/Vivado-100711-noah/realtime/cus_m_axi_s_256_ultra_mread_master_ultra_0_0_stub.v:6]
INFO: [Synth 8-6155] done synthesizing module 'cus_m_axi_s_256_ultra_mread_master_ultra_0_0' (1#1) [/Orion/GraphHBM/UTIL_IP/IP_AXI_ENGINE_S/m_axi_256_ultra/cus_m_axi_s_256_ultra.runs/synth_1/.Xil/Vivado-100711-noah/realtime/cus_m_axi_s_256_ultra_mread_master_ultra_0_0_stub.v:6]
INFO: [Synth 8-6157] synthesizing module 'cus_m_axi_s_256_ultra_step_to_pulse_0_0' [/Orion/GraphHBM/UTIL_IP/IP_AXI_ENGINE_S/m_axi_256_ultra/cus_m_axi_s_256_ultra.runs/synth_1/.Xil/Vivado-100711-noah/realtime/cus_m_axi_s_256_ultra_step_to_pulse_0_0_stub.v:6]
INFO: [Synth 8-6155] done synthesizing module 'cus_m_axi_s_256_ultra_step_to_pulse_0_0' (2#1) [/Orion/GraphHBM/UTIL_IP/IP_AXI_ENGINE_S/m_axi_256_ultra/cus_m_axi_s_256_ultra.runs/synth_1/.Xil/Vivado-100711-noah/realtime/cus_m_axi_s_256_ultra_step_to_pulse_0_0_stub.v:6]
INFO: [Synth 8-6157] synthesizing module 'cus_m_axi_s_256_ultra_step_to_pulse_0_1' [/Orion/GraphHBM/UTIL_IP/IP_AXI_ENGINE_S/m_axi_256_ultra/cus_m_axi_s_256_ultra.runs/synth_1/.Xil/Vivado-100711-noah/realtime/cus_m_axi_s_256_ultra_step_to_pulse_0_1_stub.v:6]
INFO: [Synth 8-6155] done synthesizing module 'cus_m_axi_s_256_ultra_step_to_pulse_0_1' (3#1) [/Orion/GraphHBM/UTIL_IP/IP_AXI_ENGINE_S/m_axi_256_ultra/cus_m_axi_s_256_ultra.runs/synth_1/.Xil/Vivado-100711-noah/realtime/cus_m_axi_s_256_ultra_step_to_pulse_0_1_stub.v:6]
INFO: [Synth 8-6157] synthesizing module 'cus_m_axi_s_256_ultra_swr_engine_0_0' [/Orion/GraphHBM/UTIL_IP/IP_AXI_ENGINE_S/m_axi_256_ultra/cus_m_axi_s_256_ultra.runs/synth_1/.Xil/Vivado-100711-noah/realtime/cus_m_axi_s_256_ultra_swr_engine_0_0_stub.v:6]
INFO: [Synth 8-6155] done synthesizing module 'cus_m_axi_s_256_ultra_swr_engine_0_0' (4#1) [/Orion/GraphHBM/UTIL_IP/IP_AXI_ENGINE_S/m_axi_256_ultra/cus_m_axi_s_256_ultra.runs/synth_1/.Xil/Vivado-100711-noah/realtime/cus_m_axi_s_256_ultra_swr_engine_0_0_stub.v:6]
INFO: [Synth 8-6155] done synthesizing module 'cus_m_axi_s_256_ultra' (5#1) [/Orion/GraphHBM/UTIL_IP/IP_AXI_ENGINE_S/m_axi_256_ultra/cus_m_axi_s_256_ultra.gen/sources_1/bd/cus_m_axi_s_256_ultra/synth/cus_m_axi_s_256_ultra.v:13]
INFO: [Synth 8-6155] done synthesizing module 'cus_m_axi_s_256_uram' (6#1) [/Orion/GraphHBM/UTIL_IP/IP_AXI_ENGINE_S/m_axi_256_ultra/cus_m_axi_s_256_ultra.gen/sources_1/bd/cus_m_axi_s_256_ultra/hdl/cus_m_axi_s_256_ultra_wrapper.v:12]
---------------------------------------------------------------------------------
Finished RTL Elaboration : Time (s): cpu = 00:00:02 ; elapsed = 00:00:02 . Memory (MB): peak = 3269.676 ; gain = 219.625 ; free physical = 102001 ; free virtual = 116469
---------------------------------------------------------------------------------
---------------------------------------------------------------------------------
Start Handling Custom Attributes
---------------------------------------------------------------------------------
---------------------------------------------------------------------------------
Finished Handling Custom Attributes : Time (s): cpu = 00:00:02 ; elapsed = 00:00:03 . Memory (MB): peak = 3288.520 ; gain = 238.469 ; free physical = 102684 ; free virtual = 117152
---------------------------------------------------------------------------------
---------------------------------------------------------------------------------
Finished RTL Optimization Phase 1 : Time (s): cpu = 00:00:02 ; elapsed = 00:00:03 . Memory (MB): peak = 3288.520 ; gain = 238.469 ; free physical = 102684 ; free virtual = 117152
---------------------------------------------------------------------------------
Netlist sorting complete. Time (s): cpu = 00:00:00.01 ; elapsed = 00:00:00.01 . Memory (MB): peak = 3288.520 ; gain = 0.000 ; free physical = 102677 ; free virtual = 117145
INFO: [Project 1-570] Preparing netlist for logic optimization

Processing XDC Constraints
Initializing timing engine
Parsing XDC File [/Orion/GraphHBM/UTIL_IP/IP_AXI_ENGINE_S/m_axi_256_ultra/cus_m_axi_s_256_ultra.gen/sources_1/bd/cus_m_axi_s_256_ultra/ip/cus_m_axi_s_256_ultra_step_to_pulse_0_0/cus_m_axi_s_256_ultra_step_to_pulse_0_0/cus_m_axi_s_256_ultra_step_to_pulse_0_0_in_context.xdc] for cell 'cus_m_axi_s_256_ultra_i/step_to_pulse_0'
Finished Parsing XDC File [/Orion/GraphHBM/UTIL_IP/IP_AXI_ENGINE_S/m_axi_256_ultra/cus_m_axi_s_256_ultra.gen/sources_1/bd/cus_m_axi_s_256_ultra/ip/cus_m_axi_s_256_ultra_step_to_pulse_0_0/cus_m_axi_s_256_ultra_step_to_pulse_0_0/cus_m_axi_s_256_ultra_step_to_pulse_0_0_in_context.xdc] for cell 'cus_m_axi_s_256_ultra_i/step_to_pulse_0'
Parsing XDC File [/Orion/GraphHBM/UTIL_IP/IP_AXI_ENGINE_S/m_axi_256_ultra/cus_m_axi_s_256_ultra.gen/sources_1/bd/cus_m_axi_s_256_ultra/ip/cus_m_axi_s_256_ultra_step_to_pulse_0_1/cus_m_axi_s_256_ultra_step_to_pulse_0_1/cus_m_axi_s_256_ultra_step_to_pulse_0_0_in_context.xdc] for cell 'cus_m_axi_s_256_ultra_i/step_to_pulse_1'
Finished Parsing XDC File [/Orion/GraphHBM/UTIL_IP/IP_AXI_ENGINE_S/m_axi_256_ultra/cus_m_axi_s_256_ultra.gen/sources_1/bd/cus_m_axi_s_256_ultra/ip/cus_m_axi_s_256_ultra_step_to_pulse_0_1/cus_m_axi_s_256_ultra_step_to_pulse_0_1/cus_m_axi_s_256_ultra_step_to_pulse_0_0_in_context.xdc] for cell 'cus_m_axi_s_256_ultra_i/step_to_pulse_1'
Parsing XDC File [/Orion/GraphHBM/UTIL_IP/IP_AXI_ENGINE_S/m_axi_256_ultra/cus_m_axi_s_256_ultra.gen/sources_1/bd/cus_m_axi_s_256_ultra/ip/cus_m_axi_s_256_ultra_swr_engine_0_0/cus_m_axi_s_256_ultra_swr_engine_0_0/cus_m_axi_s_256_ultra_swr_engine_0_0_in_context.xdc] for cell 'cus_m_axi_s_256_ultra_i/swr_engine_0'
Finished Parsing XDC File [/Orion/GraphHBM/UTIL_IP/IP_AXI_ENGINE_S/m_axi_256_ultra/cus_m_axi_s_256_ultra.gen/sources_1/bd/cus_m_axi_s_256_ultra/ip/cus_m_axi_s_256_ultra_swr_engine_0_0/cus_m_axi_s_256_ultra_swr_engine_0_0/cus_m_axi_s_256_ultra_swr_engine_0_0_in_context.xdc] for cell 'cus_m_axi_s_256_ultra_i/swr_engine_0'
Parsing XDC File [/Orion/GraphHBM/UTIL_IP/IP_AXI_ENGINE_S/m_axi_256_ultra/cus_m_axi_s_256_ultra.gen/sources_1/bd/cus_m_axi_s_256_ultra/ip/cus_m_axi_s_256_ultra_mread_master_ultra_0_0/cus_m_axi_s_256_ultra_mread_master_ultra_0_0/cus_m_axi_s_256_ultra_mread_master_ultra_0_0_in_context.xdc] for cell 'cus_m_axi_s_256_ultra_i/mread_master_ultra_0'
Finished Parsing XDC File [/Orion/GraphHBM/UTIL_IP/IP_AXI_ENGINE_S/m_axi_256_ultra/cus_m_axi_s_256_ultra.gen/sources_1/bd/cus_m_axi_s_256_ultra/ip/cus_m_axi_s_256_ultra_mread_master_ultra_0_0/cus_m_axi_s_256_ultra_mread_master_ultra_0_0/cus_m_axi_s_256_ultra_mread_master_ultra_0_0_in_context.xdc] for cell 'cus_m_axi_s_256_ultra_i/mread_master_ultra_0'
Parsing XDC File [/Orion/GraphHBM/UTIL_IP/IP_AXI_ENGINE_S/m_axi_256_ultra/cus_m_axi_s_256_ultra.runs/synth_1/dont_touch.xdc]
Finished Parsing XDC File [/Orion/GraphHBM/UTIL_IP/IP_AXI_ENGINE_S/m_axi_256_ultra/cus_m_axi_s_256_ultra.runs/synth_1/dont_touch.xdc]
Completed Processing XDC Constraints

Netlist sorting complete. Time (s): cpu = 00:00:00 ; elapsed = 00:00:00 . Memory (MB): peak = 3393.207 ; gain = 0.000 ; free physical = 102640 ; free virtual = 117108
INFO: [Project 1-111] Unisim Transformation Summary:
No Unisim elements were transformed.

Constraint Validation Runtime : Time (s): cpu = 00:00:00.01 ; elapsed = 00:00:00 . Memory (MB): peak = 3393.207 ; gain = 0.000 ; free physical = 102640 ; free virtual = 117108
---------------------------------------------------------------------------------
Finished Constraint Validation : Time (s): cpu = 00:00:05 ; elapsed = 00:00:06 . Memory (MB): peak = 3393.207 ; gain = 343.156 ; free physical = 102728 ; free virtual = 117196
---------------------------------------------------------------------------------
---------------------------------------------------------------------------------
Start Loading Part and Timing Information
---------------------------------------------------------------------------------
Loading part: xcu280-fsvh2892-2L-e
INFO: [Synth 8-6742] Reading net delay rules and data
---------------------------------------------------------------------------------
Finished Loading Part and Timing Information : Time (s): cpu = 00:00:05 ; elapsed = 00:00:06 . Memory (MB): peak = 3393.207 ; gain = 343.156 ; free physical = 102728 ; free virtual = 117196
---------------------------------------------------------------------------------
---------------------------------------------------------------------------------
Start Applying 'set_property' XDC Constraints
---------------------------------------------------------------------------------
Applied set_property KEEP_HIERARCHY = SOFT for cus_m_axi_s_256_ultra_i. (constraint file  auto generated constraint).
Applied set_property KEEP_HIERARCHY = SOFT for cus_m_axi_s_256_ultra_i/step_to_pulse_0. (constraint file  auto generated constraint).
Applied set_property KEEP_HIERARCHY = SOFT for cus_m_axi_s_256_ultra_i/step_to_pulse_1. (constraint file  auto generated constraint).
Applied set_property KEEP_HIERARCHY = SOFT for cus_m_axi_s_256_ultra_i/swr_engine_0. (constraint file  auto generated constraint).
Applied set_property KEEP_HIERARCHY = SOFT for cus_m_axi_s_256_ultra_i/mread_master_ultra_0. (constraint file  auto generated constraint).
---------------------------------------------------------------------------------
Finished applying 'set_property' XDC Constraints : Time (s): cpu = 00:00:05 ; elapsed = 00:00:06 . Memory (MB): peak = 3393.207 ; gain = 343.156 ; free physical = 102728 ; free virtual = 117196
---------------------------------------------------------------------------------
---------------------------------------------------------------------------------
Finished RTL Optimization Phase 2 : Time (s): cpu = 00:00:05 ; elapsed = 00:00:06 . Memory (MB): peak = 3393.207 ; gain = 343.156 ; free physical = 102727 ; free virtual = 117196
---------------------------------------------------------------------------------
---------------------------------------------------------------------------------
Start RTL Component Statistics 
---------------------------------------------------------------------------------
Detailed RTL Component Info : 
---------------------------------------------------------------------------------
Finished RTL Component Statistics 
---------------------------------------------------------------------------------
---------------------------------------------------------------------------------
Start Part Resource Summary
---------------------------------------------------------------------------------
Part Resources:
DSPs: 9024 (col length:94)
BRAMs: 4032 (col length: RAMB18 288 RAMB36 144)
---------------------------------------------------------------------------------
Finished Part Resource Summary
---------------------------------------------------------------------------------
---------------------------------------------------------------------------------
Start Cross Boundary and Area Optimization
---------------------------------------------------------------------------------
---------------------------------------------------------------------------------
Finished Cross Boundary and Area Optimization : Time (s): cpu = 00:00:05 ; elapsed = 00:00:06 . Memory (MB): peak = 3393.207 ; gain = 343.156 ; free physical = 102715 ; free virtual = 117187
---------------------------------------------------------------------------------
---------------------------------------------------------------------------------
Start Applying XDC Timing Constraints
---------------------------------------------------------------------------------
---------------------------------------------------------------------------------
Finished Applying XDC Timing Constraints : Time (s): cpu = 00:00:12 ; elapsed = 00:00:18 . Memory (MB): peak = 3759.645 ; gain = 709.594 ; free physical = 102006 ; free virtual = 116504
---------------------------------------------------------------------------------
---------------------------------------------------------------------------------
Start Timing Optimization
---------------------------------------------------------------------------------
---------------------------------------------------------------------------------
Finished Timing Optimization : Time (s): cpu = 00:00:12 ; elapsed = 00:00:18 . Memory (MB): peak = 3759.645 ; gain = 709.594 ; free physical = 102005 ; free virtual = 116503
---------------------------------------------------------------------------------
---------------------------------------------------------------------------------
Start Technology Mapping
---------------------------------------------------------------------------------
---------------------------------------------------------------------------------
Finished Technology Mapping : Time (s): cpu = 00:00:13 ; elapsed = 00:00:18 . Memory (MB): peak = 3779.684 ; gain = 729.633 ; free physical = 102004 ; free virtual = 116502
---------------------------------------------------------------------------------
---------------------------------------------------------------------------------
Start IO Insertion
---------------------------------------------------------------------------------
---------------------------------------------------------------------------------
Start Flattening Before IO Insertion
---------------------------------------------------------------------------------
---------------------------------------------------------------------------------
Finished Flattening Before IO Insertion
---------------------------------------------------------------------------------
---------------------------------------------------------------------------------
Start Final Netlist Cleanup
---------------------------------------------------------------------------------
---------------------------------------------------------------------------------
Finished Final Netlist Cleanup
---------------------------------------------------------------------------------
---------------------------------------------------------------------------------
Finished IO Insertion : Time (s): cpu = 00:00:14 ; elapsed = 00:00:20 . Memory (MB): peak = 3785.621 ; gain = 735.570 ; free physical = 101990 ; free virtual = 116497
---------------------------------------------------------------------------------
---------------------------------------------------------------------------------
Start Renaming Generated Instances
---------------------------------------------------------------------------------
---------------------------------------------------------------------------------
Finished Renaming Generated Instances : Time (s): cpu = 00:00:14 ; elapsed = 00:00:20 . Memory (MB): peak = 3785.621 ; gain = 735.570 ; free physical = 101990 ; free virtual = 116497
---------------------------------------------------------------------------------
---------------------------------------------------------------------------------
Start Rebuilding User Hierarchy
---------------------------------------------------------------------------------
---------------------------------------------------------------------------------
Finished Rebuilding User Hierarchy : Time (s): cpu = 00:00:14 ; elapsed = 00:00:20 . Memory (MB): peak = 3785.621 ; gain = 735.570 ; free physical = 101990 ; free virtual = 116497
---------------------------------------------------------------------------------
---------------------------------------------------------------------------------
Start Renaming Generated Ports
---------------------------------------------------------------------------------
---------------------------------------------------------------------------------
Finished Renaming Generated Ports : Time (s): cpu = 00:00:14 ; elapsed = 00:00:20 . Memory (MB): peak = 3785.621 ; gain = 735.570 ; free physical = 101990 ; free virtual = 116497
---------------------------------------------------------------------------------
---------------------------------------------------------------------------------
Start Handling Custom Attributes
---------------------------------------------------------------------------------
---------------------------------------------------------------------------------
Finished Handling Custom Attributes : Time (s): cpu = 00:00:14 ; elapsed = 00:00:20 . Memory (MB): peak = 3785.621 ; gain = 735.570 ; free physical = 101990 ; free virtual = 116497
---------------------------------------------------------------------------------
---------------------------------------------------------------------------------
Start Renaming Generated Nets
---------------------------------------------------------------------------------
---------------------------------------------------------------------------------
Finished Renaming Generated Nets : Time (s): cpu = 00:00:14 ; elapsed = 00:00:20 . Memory (MB): peak = 3785.621 ; gain = 735.570 ; free physical = 101990 ; free virtual = 116497
---------------------------------------------------------------------------------
---------------------------------------------------------------------------------
Start Writing Synthesis Report
---------------------------------------------------------------------------------

Report BlackBoxes: 
+------+---------------------------------------------+----------+
|      |BlackBox name                                |Instances |
+------+---------------------------------------------+----------+
|1     |cus_m_axi_s_256_ultra_mread_master_ultra_0_0 |         1|
|2     |cus_m_axi_s_256_ultra_step_to_pulse_0_0      |         1|
|3     |cus_m_axi_s_256_ultra_step_to_pulse_0_1      |         1|
|4     |cus_m_axi_s_256_ultra_swr_engine_0_0         |         1|
+------+---------------------------------------------+----------+

Report Cell Usage: 
+------+-------------------------------------------+------+
|      |Cell                                       |Count |
+------+-------------------------------------------+------+
|1     |cus_m_axi_s_256_ultra_mread_master_ultra_0 |     1|
|2     |cus_m_axi_s_256_ultra_step_to_pulse_0      |     2|
|4     |cus_m_axi_s_256_ultra_swr_engine_0         |     1|
|5     |IBUF                                       |   581|
|6     |OBUF                                       |   654|
+------+-------------------------------------------+------+
---------------------------------------------------------------------------------
Finished Writing Synthesis Report : Time (s): cpu = 00:00:14 ; elapsed = 00:00:20 . Memory (MB): peak = 3785.621 ; gain = 735.570 ; free physical = 101990 ; free virtual = 116497
---------------------------------------------------------------------------------
Synthesis finished with 0 errors, 0 critical warnings and 0 warnings.
Synthesis Optimization Runtime : Time (s): cpu = 00:00:13 ; elapsed = 00:00:19 . Memory (MB): peak = 3785.621 ; gain = 630.883 ; free physical = 102027 ; free virtual = 116534
Synthesis Optimization Complete : Time (s): cpu = 00:00:14 ; elapsed = 00:00:20 . Memory (MB): peak = 3785.629 ; gain = 735.570 ; free physical = 102027 ; free virtual = 116534
INFO: [Project 1-571] Translating synthesized netlist
Netlist sorting complete. Time (s): cpu = 00:00:00.01 ; elapsed = 00:00:00.01 . Memory (MB): peak = 3793.559 ; gain = 0.000 ; free physical = 102118 ; free virtual = 116625
INFO: [Netlist 29-17] Analyzing 581 Unisim elements for replacement
INFO: [Netlist 29-28] Unisim Transformation completed in 0 CPU seconds
WARNING: [Netlist 29-101] Netlist 'cus_m_axi_s_256_uram' is not ideal for floorplanning, since the cellview 'cus_m_axi_s_256_uram' contains a large number of primitives.  Please consider enabling hierarchy in synthesis if you want to do floorplanning.
INFO: [Project 1-570] Preparing netlist for logic optimization
INFO: [Opt 31-138] Pushed 0 inverter(s) to 0 load pin(s).
Netlist sorting complete. Time (s): cpu = 00:00:00 ; elapsed = 00:00:00 . Memory (MB): peak = 3854.895 ; gain = 0.000 ; free physical = 102017 ; free virtual = 116532
INFO: [Project 1-111] Unisim Transformation Summary:
  A total of 581 instances were transformed.
  IBUF => IBUF (IBUFCTRL, INBUF): 581 instances

INFO: [Common 17-83] Releasing license: Synthesis
30 Infos, 3 Warnings, 0 Critical Warnings and 0 Errors encountered.
synth_design completed successfully
synth_design: Time (s): cpu = 00:00:22 ; elapsed = 00:00:28 . Memory (MB): peak = 3854.895 ; gain = 1463.203 ; free physical = 102152 ; free virtual = 116666
INFO: [Common 17-1381] The checkpoint '/Orion/GraphHBM/UTIL_IP/IP_AXI_ENGINE_S/m_axi_256_ultra/cus_m_axi_s_256_ultra.runs/synth_1/cus_m_axi_s_256_uram.dcp' has been generated.
INFO: [runtcl-4] Executing : report_utilization -file cus_m_axi_s_256_uram_utilization_synth.rpt -pb cus_m_axi_s_256_uram_utilization_synth.pb
INFO: [Common 17-206] Exiting Vivado at Sun Dec 11 17:41:08 2022...
