

================================================================
== Vitis HLS Report for 'BFS_Gather'
================================================================
* Date:           Wed Dec 20 18:42:29 2023

* Version:        2020.2 (Build 3064766 on Wed Nov 18 09:12:47 MST 2020)
* Project:        bfs_gather_v1
* Solution:       solution1 (Vivado IP Flow Target)
* Product family: virtexuplus
* Target device:  xcu280-fsvh2892-2L-e


================================================================
== Performance Estimates
================================================================
+ Timing: 
    * Summary: 
    +--------+---------+----------+------------+
    |  Clock |  Target | Estimated| Uncertainty|
    +--------+---------+----------+------------+
    |ap_clk  |  5.00 ns|  5.527 ns|     1.35 ns|
    +--------+---------+----------+------------+

+ Latency: 
    * Summary: 
    +---------+---------+-----------+-----------+-----+-----+---------+
    |  Latency (cycles) |   Latency (absolute)  |  Interval | Pipeline|
    |   min   |   max   |    min    |    max    | min | max |   Type  |
    +---------+---------+-----------+-----------+-----+-----+---------+
    |        2|        2|  11.054 ns|  11.054 ns|    2|    2|      yes|
    +---------+---------+-----------+-----------+-----+-----+---------+

    + Detail: 
        * Instance: 
        N/A

        * Loop: 
        N/A



================================================================
== Utilization Estimates
================================================================
* Summary: 
+---------------------+---------+------+---------+---------+-----+
|         Name        | BRAM_18K|  DSP |    FF   |   LUT   | URAM|
+---------------------+---------+------+---------+---------+-----+
|DSP                  |        -|     -|        -|        -|    -|
|Expression           |        -|     -|        0|      869|    -|
|FIFO                 |        -|     -|        -|        -|    -|
|Instance             |        -|     -|        -|        -|    -|
|Memory               |        -|     -|        -|        -|    -|
|Multiplexer          |        -|     -|        -|      942|    -|
|Register             |        -|     -|      119|        -|    -|
+---------------------+---------+------+---------+---------+-----+
|Total                |        0|     0|      119|     1811|    0|
+---------------------+---------+------+---------+---------+-----+
|Available SLR        |     1344|  3008|   869120|   434560|  320|
+---------------------+---------+------+---------+---------+-----+
|Utilization SLR (%)  |        0|     0|       ~0|       ~0|    0|
+---------------------+---------+------+---------+---------+-----+
|Available            |     4032|  9024|  2607360|  1303680|  960|
+---------------------+---------+------+---------+---------+-----+
|Utilization (%)      |        0|     0|       ~0|       ~0|    0|
+---------------------+---------+------+---------+---------+-----+

+ Detail: 
    * Instance: 
    N/A

    * DSP: 
    N/A

    * Memory: 
    N/A

    * FIFO: 
    N/A

    * Expression: 
    +---------------------------+----------+----+---+----+------------+------------+
    |       Variable Name       | Operation| DSP| FF| LUT| Bitwidth P0| Bitwidth P1|
    +---------------------------+----------+----+---+----+------------+------------+
    |grp_fu_311_p2              |         +|   0|  0|  15|           8|           1|
    |ret_2_fu_1429_p2           |         +|   0|  0|  16|           9|           1|
    |ret_3_fu_1338_p2           |         +|   0|  0|  16|           9|           1|
    |ret_4_fu_1205_p2           |         +|   0|  0|  16|           9|           1|
    |ret_5_fu_1072_p2           |         +|   0|  0|  16|           9|           1|
    |ret_6_fu_939_p2            |         +|   0|  0|  16|           9|           1|
    |ret_7_fu_806_p2            |         +|   0|  0|  16|           9|           1|
    |ret_8_fu_673_p2            |         +|   0|  0|  16|           9|           1|
    |ret_9_fu_540_p2            |         +|   0|  0|  16|           9|           1|
    |ret_fu_338_p2              |         -|   0|  0|  32|          25|          25|
    |sub_ln1364_1_fu_372_p2     |         -|   0|  0|  25|           1|          18|
    |sub_ln1364_fu_356_p2       |         -|   0|  0|  29|           1|          22|
    |ap_block_pp0_stage0_11001  |       and|   0|  0|   2|           1|           1|
    |ap_condition_1584          |       and|   0|  0|   2|           1|           1|
    |ap_condition_1587          |       and|   0|  0|   2|           1|           1|
    |ap_condition_1591          |       and|   0|  0|   2|           1|           1|
    |ap_condition_1594          |       and|   0|  0|   2|           1|           1|
    |ap_condition_1598          |       and|   0|  0|   2|           1|           1|
    |ap_condition_1601          |       and|   0|  0|   2|           1|           1|
    |ap_condition_1605          |       and|   0|  0|   2|           1|           1|
    |ap_condition_1608          |       and|   0|  0|   2|           1|           1|
    |ap_condition_1612          |       and|   0|  0|   2|           1|           1|
    |ap_condition_1615          |       and|   0|  0|   2|           1|           1|
    |ap_condition_1619          |       and|   0|  0|   2|           1|           1|
    |ap_condition_1622          |       and|   0|  0|   2|           1|           1|
    |ap_condition_1626          |       and|   0|  0|   2|           1|           1|
    |ap_condition_1629          |       and|   0|  0|   2|           1|           1|
    |ap_condition_1633          |       and|   0|  0|   2|           1|           1|
    |ap_condition_1636          |       and|   0|  0|   2|           1|           1|
    |icmp_ln36_1_fu_428_p2      |      icmp|   0|  0|   8|           3|           2|
    |icmp_ln36_2_fu_434_p2      |      icmp|   0|  0|   8|           3|           2|
    |icmp_ln36_3_fu_440_p2      |      icmp|   0|  0|   9|           3|           4|
    |icmp_ln36_4_fu_484_p2      |      icmp|   0|  0|   8|           3|           3|
    |icmp_ln36_5_fu_497_p2      |      icmp|   0|  0|   8|           3|           3|
    |icmp_ln36_6_fu_510_p2      |      icmp|   0|  0|   8|           3|           2|
    |icmp_ln36_fu_422_p2        |      icmp|   0|  0|   8|           3|           1|
    |icmp_ln878_1_fu_1348_p2    |      icmp|   0|  0|  11|           9|           9|
    |icmp_ln878_2_fu_1225_p2    |      icmp|   0|  0|  11|           9|           9|
    |icmp_ln878_3_fu_1092_p2    |      icmp|   0|  0|  11|           9|           9|
    |icmp_ln878_4_fu_959_p2     |      icmp|   0|  0|  11|           9|           9|
    |icmp_ln878_5_fu_826_p2     |      icmp|   0|  0|  11|           9|           9|
    |icmp_ln878_6_fu_693_p2     |      icmp|   0|  0|  11|           9|           9|
    |icmp_ln878_7_fu_560_p2     |      icmp|   0|  0|  11|           9|           9|
    |icmp_ln878_fu_1439_p2      |      icmp|   0|  0|  11|           9|           9|
    |ret_1_fu_388_p3            |    select|   0|  0|  18|           1|          18|
    |select_ln36_1_fu_463_p3    |    select|   0|  0|  63|           1|          64|
    |select_ln36_2_fu_470_p3    |    select|   0|  0|  63|           1|          64|
    |select_ln36_3_fu_477_p3    |    select|   0|  0|  63|           1|          64|
    |select_ln36_4_fu_489_p3    |    select|   0|  0|  63|           1|          64|
    |select_ln36_5_fu_502_p3    |    select|   0|  0|  63|           1|          64|
    |select_ln36_6_fu_515_p3    |    select|   0|  0|  63|           1|          64|
    |select_ln36_fu_456_p3      |    select|   0|  0|  63|           1|          64|
    |ap_enable_pp0              |       xor|   0|  0|   2|           1|           2|
    +---------------------------+----------+----+---+----+------------+------------+
    |Total                      |          |   0|  0| 869|         226|         648|
    +---------------------------+----------+----+---+----+------------+------------+

    * Multiplexer: 
    +-------------------------+----+-----------+-----+-----------+
    |           Name          | LUT| Input Size| Bits| Total Bits|
    +-------------------------+----+-----------+-----+-----------+
    |ap_NS_fsm                |  14|          3|    1|          3|
    |ap_enable_reg_pp0_iter0  |   9|          2|    1|          2|
    |ap_enable_reg_pp0_iter1  |   9|          2|    1|          2|
    |exist_1_data_in          |  14|          3|    1|          3|
    |tmp_dist_0_address0      |  14|          3|   12|         36|
    |tmp_dist_0_d0            |  49|          9|   64|        576|
    |tmp_dist_0_we0           |  49|          9|    8|         72|
    |tmp_dist_1_address0      |  14|          3|   12|         36|
    |tmp_dist_1_d0            |  49|          9|   64|        576|
    |tmp_dist_1_we0           |  49|          9|    8|         72|
    |tmp_dist_2_address0      |  14|          3|   12|         36|
    |tmp_dist_2_d0            |  49|          9|   64|        576|
    |tmp_dist_2_we0           |  49|          9|    8|         72|
    |tmp_dist_3_address0      |  14|          3|   12|         36|
    |tmp_dist_3_d0            |  49|          9|   64|        576|
    |tmp_dist_3_we0           |  49|          9|    8|         72|
    |tmp_dist_4_address0      |  14|          3|   12|         36|
    |tmp_dist_4_d0            |  49|          9|   64|        576|
    |tmp_dist_4_we0           |  49|          9|    8|         72|
    |tmp_dist_5_address0      |  14|          3|   12|         36|
    |tmp_dist_5_d0            |  49|          9|   64|        576|
    |tmp_dist_5_we0           |  49|          9|    8|         72|
    |tmp_dist_6_address0      |  14|          3|   12|         36|
    |tmp_dist_6_d0            |  49|          9|   64|        576|
    |tmp_dist_6_we0           |  49|          9|    8|         72|
    |tmp_dist_7_address0      |  14|          3|   12|         36|
    |tmp_dist_7_d0            |  49|          9|   64|        576|
    |tmp_dist_7_we0           |  49|          9|    8|         72|
    +-------------------------+----+-----------+-----+-----------+
    |Total                    | 942|        178|  676|       5482|
    +-------------------------+----+-----------+-----+-----------+

    * Register: 
    +-----------------------------+----+----+-----+-----------+
    |             Name            | FF | LUT| Bits| Const Bits|
    +-----------------------------+----+----+-----+-----------+
    |ap_CS_fsm                    |   2|   0|    2|          0|
    |ap_enable_reg_pp0_iter0_reg  |   1|   0|    1|          0|
    |ap_enable_reg_pp0_iter1      |   1|   0|    1|          0|
    |exist_1_data_reg             |   1|   0|    1|          0|
    |exist_1_vld_reg              |   0|   0|    1|          1|
    |icmp_ln36_1_reg_1550         |   1|   0|    1|          0|
    |icmp_ln36_2_reg_1555         |   1|   0|    1|          0|
    |icmp_ln36_3_reg_1560         |   1|   0|    1|          0|
    |icmp_ln36_reg_1545           |   1|   0|    1|          0|
    |rltBank_reg_1498             |   3|   0|    3|          0|
    |srcDist_V_reg_1485           |   8|   0|    8|          0|
    |tmp_dist_0_addr_reg_1505     |  12|   0|   12|          0|
    |tmp_dist_1_addr_reg_1515     |  12|   0|   12|          0|
    |tmp_dist_2_addr_reg_1520     |  12|   0|   12|          0|
    |tmp_dist_3_addr_reg_1525     |  12|   0|   12|          0|
    |tmp_dist_4_addr_reg_1530     |  12|   0|   12|          0|
    |tmp_dist_5_addr_reg_1535     |  12|   0|   12|          0|
    |tmp_dist_6_addr_reg_1540     |  12|   0|   12|          0|
    |tmp_dist_7_addr_reg_1510     |  12|   0|   12|          0|
    |trunc_ln2_reg_1565           |   3|   0|    3|          0|
    +-----------------------------+----+----+-----+-----------+
    |Total                        | 119|   0|  120|          1|
    +-----------------------------+----+----+-----+-----------+



================================================================
== Interface
================================================================
* Summary: 
+---------------------+-----+-----+------------+--------------+--------------+
|      RTL Ports      | Dir | Bits|  Protocol  | Source Object|    C Type    |
+---------------------+-----+-----+------------+--------------+--------------+
|ap_clk               |   in|    1|  ap_ctrl_hs|    BFS_Gather|  return value|
|ap_rst               |   in|    1|  ap_ctrl_hs|    BFS_Gather|  return value|
|ap_start             |   in|    1|  ap_ctrl_hs|    BFS_Gather|  return value|
|ap_done              |  out|    1|  ap_ctrl_hs|    BFS_Gather|  return value|
|ap_idle              |  out|    1|  ap_ctrl_hs|    BFS_Gather|  return value|
|ap_ready             |  out|    1|  ap_ctrl_hs|    BFS_Gather|  return value|
|peID                 |   in|    8|     ap_none|          peID|        scalar|
|sw_data              |   in|   32|     ap_none|       sw_data|       pointer|
|exist                |  out|    1|     ap_none|         exist|       pointer|
|tmp_dist_0_address0  |  out|   12|   ap_memory|    tmp_dist_0|         array|
|tmp_dist_0_ce0       |  out|    1|   ap_memory|    tmp_dist_0|         array|
|tmp_dist_0_we0       |  out|    8|   ap_memory|    tmp_dist_0|         array|
|tmp_dist_0_d0        |  out|   64|   ap_memory|    tmp_dist_0|         array|
|tmp_dist_0_q0        |   in|   64|   ap_memory|    tmp_dist_0|         array|
|tmp_dist_1_address0  |  out|   12|   ap_memory|    tmp_dist_1|         array|
|tmp_dist_1_ce0       |  out|    1|   ap_memory|    tmp_dist_1|         array|
|tmp_dist_1_we0       |  out|    8|   ap_memory|    tmp_dist_1|         array|
|tmp_dist_1_d0        |  out|   64|   ap_memory|    tmp_dist_1|         array|
|tmp_dist_1_q0        |   in|   64|   ap_memory|    tmp_dist_1|         array|
|tmp_dist_2_address0  |  out|   12|   ap_memory|    tmp_dist_2|         array|
|tmp_dist_2_ce0       |  out|    1|   ap_memory|    tmp_dist_2|         array|
|tmp_dist_2_we0       |  out|    8|   ap_memory|    tmp_dist_2|         array|
|tmp_dist_2_d0        |  out|   64|   ap_memory|    tmp_dist_2|         array|
|tmp_dist_2_q0        |   in|   64|   ap_memory|    tmp_dist_2|         array|
|tmp_dist_3_address0  |  out|   12|   ap_memory|    tmp_dist_3|         array|
|tmp_dist_3_ce0       |  out|    1|   ap_memory|    tmp_dist_3|         array|
|tmp_dist_3_we0       |  out|    8|   ap_memory|    tmp_dist_3|         array|
|tmp_dist_3_d0        |  out|   64|   ap_memory|    tmp_dist_3|         array|
|tmp_dist_3_q0        |   in|   64|   ap_memory|    tmp_dist_3|         array|
|tmp_dist_4_address0  |  out|   12|   ap_memory|    tmp_dist_4|         array|
|tmp_dist_4_ce0       |  out|    1|   ap_memory|    tmp_dist_4|         array|
|tmp_dist_4_we0       |  out|    8|   ap_memory|    tmp_dist_4|         array|
|tmp_dist_4_d0        |  out|   64|   ap_memory|    tmp_dist_4|         array|
|tmp_dist_4_q0        |   in|   64|   ap_memory|    tmp_dist_4|         array|
|tmp_dist_5_address0  |  out|   12|   ap_memory|    tmp_dist_5|         array|
|tmp_dist_5_ce0       |  out|    1|   ap_memory|    tmp_dist_5|         array|
|tmp_dist_5_we0       |  out|    8|   ap_memory|    tmp_dist_5|         array|
|tmp_dist_5_d0        |  out|   64|   ap_memory|    tmp_dist_5|         array|
|tmp_dist_5_q0        |   in|   64|   ap_memory|    tmp_dist_5|         array|
|tmp_dist_6_address0  |  out|   12|   ap_memory|    tmp_dist_6|         array|
|tmp_dist_6_ce0       |  out|    1|   ap_memory|    tmp_dist_6|         array|
|tmp_dist_6_we0       |  out|    8|   ap_memory|    tmp_dist_6|         array|
|tmp_dist_6_d0        |  out|   64|   ap_memory|    tmp_dist_6|         array|
|tmp_dist_6_q0        |   in|   64|   ap_memory|    tmp_dist_6|         array|
|tmp_dist_7_address0  |  out|   12|   ap_memory|    tmp_dist_7|         array|
|tmp_dist_7_ce0       |  out|    1|   ap_memory|    tmp_dist_7|         array|
|tmp_dist_7_we0       |  out|    8|   ap_memory|    tmp_dist_7|         array|
|tmp_dist_7_d0        |  out|   64|   ap_memory|    tmp_dist_7|         array|
|tmp_dist_7_q0        |   in|   64|   ap_memory|    tmp_dist_7|         array|
+---------------------+-----+-----+------------+--------------+--------------+

