
*** Running vivado
    with args -log uram_2w_2r_x4.vds -m64 -product Vivado -mode batch -messageDb vivado.pb -notrace -source uram_2w_2r_x4.tcl


****** Vivado v2020.2 (64-bit)
  **** SW Build 3064766 on Wed Nov 18 09:12:47 MST 2020
  **** IP Build 3064653 on Wed Nov 18 14:17:31 MST 2020
    ** Copyright 1986-2020 Xilinx, Inc. All Rights Reserved.

source uram_2w_2r_x4.tcl -notrace
INFO: [IP_Flow 19-234] Refreshing IP repositories
INFO: [IP_Flow 19-1700] Loaded user IP repository '/Orion/GraphHBM/UTIL_IP'.
WARNING: [IP_Flow 19-3656] If you move the project, the path for repository '/Orion/GraphHBM/UTIL_IP' may become invalid. A better location for the repository would be in a path adjacent to the project. (Current project location is '/Orion/GraphHBM/UTIL_IP/IP_4URAM_2W2R/4_uram_wrapper.runs/synth_1'.)
INFO: [IP_Flow 19-2313] Loaded Vivado IP repository '/opt/Xilinx/Vivado/2020.2/data/ip'.
WARNING: [IP_Flow 19-1663] Duplicate IP found for 'user.org:user:bram_32k_2w_2r:1.0'. The one found in IP location '/Orion/GraphHBM/UTIL_IP/IP_BRAM_32K_2W2R' will take precedence over the same IP in location /Orion/GraphHBM/UTIL_IP/IP_BRAM_32K_2W2R/bram_32k_2w2r.srcs/sources_1/new
WARNING: [IP_Flow 19-1663] Duplicate IP found for 'user.org:user:cycle_counter:1.0'. The one found in IP location '/Orion/GraphHBM/UTIL_IP/IP_CYCLE_CNT' will take precedence over the same IP in location /Orion/GraphHBM/UTIL_IP/IP_CYCLE_CNT/cycle_cnt.srcs/sources_1/new
WARNING: [IP_Flow 19-1663] Duplicate IP found for 'user.org:user:cus_m_axi_s_256_uram:1.0'. The one found in IP location '/Orion/GraphHBM/UTIL_IP/IP_AXI_ENGINE_S/m_axi_256_ultra' will take precedence over the same IP in location /Orion/GraphHBM/UTIL_IP/IP_AXI_ENGINE_S/m_axi_256_ultra/cus_m_axi_s_256_ultra.srcs/sources_1
Command: synth_design -top uram_2w_2r_x4 -part xcu280-fsvh2892-2L-e -directive AlternateRoutability -no_lc -shreg_min_size 10
Starting synth_design
Attempting to get a license for feature 'Synthesis' and/or device 'xcu280'
INFO: [Common 17-349] Got license for feature 'Synthesis' and/or device 'xcu280'
INFO: [Device 21-403] Loading part xcu280-fsvh2892-2L-e
INFO: [Synth 8-7079] Multithreading enabled for synth_design using a maximum of 4 processes.
INFO: [Synth 8-7078] Launching helper process for spawning children vivado processes
INFO: [Synth 8-7075] Helper process launched with PID 2968559
---------------------------------------------------------------------------------
Starting RTL Elaboration : Time (s): cpu = 00:00:02 ; elapsed = 00:00:02 . Memory (MB): peak = 3202.832 ; gain = 173.719 ; free physical = 47217 ; free virtual = 88406
---------------------------------------------------------------------------------
INFO: [Synth 8-6157] synthesizing module 'uram_2w_2r_x4' [/Orion/GraphHBM/UTIL_IP/IP_4URAM_2W2R/4_uram_wrapper.srcs/sources_1/new/four_uram.v:4]
INFO: [Synth 8-6157] synthesizing module 'uramx4_wrapper' [/Orion/GraphHBM/UTIL_IP/IP_4URAM_2W2R/4_uram_wrapper.gen/sources_1/bd/uramx4/hdl/uramx4_wrapper.v:12]
INFO: [Synth 8-6157] synthesizing module 'uramx4' [/Orion/GraphHBM/UTIL_IP/IP_4URAM_2W2R/4_uram_wrapper.gen/sources_1/bd/uramx4/synth/uramx4.v:13]
INFO: [Synth 8-6157] synthesizing module 'uramx4_uram_2w_2r_0_3' [/Orion/GraphHBM/UTIL_IP/IP_4URAM_2W2R/4_uram_wrapper.runs/synth_1/.Xil/Vivado-2968423-noah/realtime/uramx4_uram_2w_2r_0_3_stub.v:6]
INFO: [Synth 8-6155] done synthesizing module 'uramx4_uram_2w_2r_0_3' (1#1) [/Orion/GraphHBM/UTIL_IP/IP_4URAM_2W2R/4_uram_wrapper.runs/synth_1/.Xil/Vivado-2968423-noah/realtime/uramx4_uram_2w_2r_0_3_stub.v:6]
INFO: [Synth 8-6157] synthesizing module 'uramx4_uram_2w_2r_0_4' [/Orion/GraphHBM/UTIL_IP/IP_4URAM_2W2R/4_uram_wrapper.runs/synth_1/.Xil/Vivado-2968423-noah/realtime/uramx4_uram_2w_2r_0_4_stub.v:6]
INFO: [Synth 8-6155] done synthesizing module 'uramx4_uram_2w_2r_0_4' (2#1) [/Orion/GraphHBM/UTIL_IP/IP_4URAM_2W2R/4_uram_wrapper.runs/synth_1/.Xil/Vivado-2968423-noah/realtime/uramx4_uram_2w_2r_0_4_stub.v:6]
INFO: [Synth 8-6157] synthesizing module 'uramx4_uram_2w_2r_1_1' [/Orion/GraphHBM/UTIL_IP/IP_4URAM_2W2R/4_uram_wrapper.runs/synth_1/.Xil/Vivado-2968423-noah/realtime/uramx4_uram_2w_2r_1_1_stub.v:6]
INFO: [Synth 8-6155] done synthesizing module 'uramx4_uram_2w_2r_1_1' (3#1) [/Orion/GraphHBM/UTIL_IP/IP_4URAM_2W2R/4_uram_wrapper.runs/synth_1/.Xil/Vivado-2968423-noah/realtime/uramx4_uram_2w_2r_1_1_stub.v:6]
INFO: [Synth 8-6157] synthesizing module 'uramx4_uram_2w_2r_2_0' [/Orion/GraphHBM/UTIL_IP/IP_4URAM_2W2R/4_uram_wrapper.runs/synth_1/.Xil/Vivado-2968423-noah/realtime/uramx4_uram_2w_2r_2_0_stub.v:6]
INFO: [Synth 8-6155] done synthesizing module 'uramx4_uram_2w_2r_2_0' (4#1) [/Orion/GraphHBM/UTIL_IP/IP_4URAM_2W2R/4_uram_wrapper.runs/synth_1/.Xil/Vivado-2968423-noah/realtime/uramx4_uram_2w_2r_2_0_stub.v:6]
INFO: [Synth 8-6155] done synthesizing module 'uramx4' (5#1) [/Orion/GraphHBM/UTIL_IP/IP_4URAM_2W2R/4_uram_wrapper.gen/sources_1/bd/uramx4/synth/uramx4.v:13]
INFO: [Synth 8-6155] done synthesizing module 'uramx4_wrapper' (6#1) [/Orion/GraphHBM/UTIL_IP/IP_4URAM_2W2R/4_uram_wrapper.gen/sources_1/bd/uramx4/hdl/uramx4_wrapper.v:12]
INFO: [Synth 8-6155] done synthesizing module 'uram_2w_2r_x4' (7#1) [/Orion/GraphHBM/UTIL_IP/IP_4URAM_2W2R/4_uram_wrapper.srcs/sources_1/new/four_uram.v:4]
---------------------------------------------------------------------------------
Finished RTL Elaboration : Time (s): cpu = 00:00:02 ; elapsed = 00:00:03 . Memory (MB): peak = 3246.738 ; gain = 217.625 ; free physical = 47236 ; free virtual = 88426
---------------------------------------------------------------------------------
---------------------------------------------------------------------------------
Start Handling Custom Attributes
---------------------------------------------------------------------------------
---------------------------------------------------------------------------------
Finished Handling Custom Attributes : Time (s): cpu = 00:00:02 ; elapsed = 00:00:03 . Memory (MB): peak = 3263.582 ; gain = 234.469 ; free physical = 47950 ; free virtual = 89139
---------------------------------------------------------------------------------
---------------------------------------------------------------------------------
Finished RTL Optimization Phase 1 : Time (s): cpu = 00:00:02 ; elapsed = 00:00:03 . Memory (MB): peak = 3263.582 ; gain = 234.469 ; free physical = 47949 ; free virtual = 89139
---------------------------------------------------------------------------------
Netlist sorting complete. Time (s): cpu = 00:00:00 ; elapsed = 00:00:00 . Memory (MB): peak = 3263.582 ; gain = 0.000 ; free physical = 47913 ; free virtual = 89102
INFO: [Project 1-570] Preparing netlist for logic optimization

Processing XDC Constraints
Initializing timing engine
Parsing XDC File [/Orion/GraphHBM/UTIL_IP/IP_4URAM_2W2R/4_uram_wrapper.gen/sources_1/bd/uramx4/ip/uramx4_uram_2w_2r_0_3/uramx4_uram_2w_2r_0_3/uramx4_uram_2w_2r_0_0_in_context.xdc] for cell 'inst_4uram/uramx4_i/uram_2w_2r_0'
Finished Parsing XDC File [/Orion/GraphHBM/UTIL_IP/IP_4URAM_2W2R/4_uram_wrapper.gen/sources_1/bd/uramx4/ip/uramx4_uram_2w_2r_0_3/uramx4_uram_2w_2r_0_3/uramx4_uram_2w_2r_0_0_in_context.xdc] for cell 'inst_4uram/uramx4_i/uram_2w_2r_0'
Parsing XDC File [/Orion/GraphHBM/UTIL_IP/IP_4URAM_2W2R/4_uram_wrapper.gen/sources_1/bd/uramx4/ip/uramx4_uram_2w_2r_0_4/uramx4_uram_2w_2r_0_4/uramx4_uram_2w_2r_0_0_in_context.xdc] for cell 'inst_4uram/uramx4_i/uram_2w_2r_1'
Finished Parsing XDC File [/Orion/GraphHBM/UTIL_IP/IP_4URAM_2W2R/4_uram_wrapper.gen/sources_1/bd/uramx4/ip/uramx4_uram_2w_2r_0_4/uramx4_uram_2w_2r_0_4/uramx4_uram_2w_2r_0_0_in_context.xdc] for cell 'inst_4uram/uramx4_i/uram_2w_2r_1'
Parsing XDC File [/Orion/GraphHBM/UTIL_IP/IP_4URAM_2W2R/4_uram_wrapper.gen/sources_1/bd/uramx4/ip/uramx4_uram_2w_2r_1_1/uramx4_uram_2w_2r_1_1/uramx4_uram_2w_2r_0_0_in_context.xdc] for cell 'inst_4uram/uramx4_i/uram_2w_2r_2'
Finished Parsing XDC File [/Orion/GraphHBM/UTIL_IP/IP_4URAM_2W2R/4_uram_wrapper.gen/sources_1/bd/uramx4/ip/uramx4_uram_2w_2r_1_1/uramx4_uram_2w_2r_1_1/uramx4_uram_2w_2r_0_0_in_context.xdc] for cell 'inst_4uram/uramx4_i/uram_2w_2r_2'
Parsing XDC File [/Orion/GraphHBM/UTIL_IP/IP_4URAM_2W2R/4_uram_wrapper.gen/sources_1/bd/uramx4/ip/uramx4_uram_2w_2r_2_0/uramx4_uram_2w_2r_2_0/uramx4_uram_2w_2r_0_0_in_context.xdc] for cell 'inst_4uram/uramx4_i/uram_2w_2r_3'
Finished Parsing XDC File [/Orion/GraphHBM/UTIL_IP/IP_4URAM_2W2R/4_uram_wrapper.gen/sources_1/bd/uramx4/ip/uramx4_uram_2w_2r_2_0/uramx4_uram_2w_2r_2_0/uramx4_uram_2w_2r_0_0_in_context.xdc] for cell 'inst_4uram/uramx4_i/uram_2w_2r_3'
Parsing XDC File [/Orion/GraphHBM/UTIL_IP/IP_4URAM_2W2R/4_uram_wrapper.runs/synth_1/dont_touch.xdc]
Finished Parsing XDC File [/Orion/GraphHBM/UTIL_IP/IP_4URAM_2W2R/4_uram_wrapper.runs/synth_1/dont_touch.xdc]
Completed Processing XDC Constraints

Netlist sorting complete. Time (s): cpu = 00:00:00 ; elapsed = 00:00:00 . Memory (MB): peak = 3368.270 ; gain = 0.000 ; free physical = 47719 ; free virtual = 88904
INFO: [Project 1-111] Unisim Transformation Summary:
No Unisim elements were transformed.

Constraint Validation Runtime : Time (s): cpu = 00:00:00 ; elapsed = 00:00:00 . Memory (MB): peak = 3368.270 ; gain = 0.000 ; free physical = 47718 ; free virtual = 88903
---------------------------------------------------------------------------------
Finished Constraint Validation : Time (s): cpu = 00:00:05 ; elapsed = 00:00:06 . Memory (MB): peak = 3368.270 ; gain = 339.156 ; free physical = 47622 ; free virtual = 88844
---------------------------------------------------------------------------------
---------------------------------------------------------------------------------
Start Loading Part and Timing Information
---------------------------------------------------------------------------------
Loading part: xcu280-fsvh2892-2L-e
INFO: [Synth 8-6742] Reading net delay rules and data
---------------------------------------------------------------------------------
Finished Loading Part and Timing Information : Time (s): cpu = 00:00:05 ; elapsed = 00:00:06 . Memory (MB): peak = 3368.270 ; gain = 339.156 ; free physical = 47622 ; free virtual = 88844
---------------------------------------------------------------------------------
---------------------------------------------------------------------------------
Start Applying 'set_property' XDC Constraints
---------------------------------------------------------------------------------
Applied set_property KEEP_HIERARCHY = SOFT for inst_4uram/uramx4_i. (constraint file  auto generated constraint).
Applied set_property KEEP_HIERARCHY = SOFT for inst_4uram/uramx4_i/uram_2w_2r_0. (constraint file  auto generated constraint).
Applied set_property KEEP_HIERARCHY = SOFT for inst_4uram/uramx4_i/uram_2w_2r_1. (constraint file  auto generated constraint).
Applied set_property KEEP_HIERARCHY = SOFT for inst_4uram/uramx4_i/uram_2w_2r_2. (constraint file  auto generated constraint).
Applied set_property KEEP_HIERARCHY = SOFT for inst_4uram/uramx4_i/uram_2w_2r_3. (constraint file  auto generated constraint).
---------------------------------------------------------------------------------
Finished applying 'set_property' XDC Constraints : Time (s): cpu = 00:00:05 ; elapsed = 00:00:06 . Memory (MB): peak = 3368.270 ; gain = 339.156 ; free physical = 47622 ; free virtual = 88844
---------------------------------------------------------------------------------
---------------------------------------------------------------------------------
Finished RTL Optimization Phase 2 : Time (s): cpu = 00:00:05 ; elapsed = 00:00:06 . Memory (MB): peak = 3368.270 ; gain = 339.156 ; free physical = 47622 ; free virtual = 88846
---------------------------------------------------------------------------------
---------------------------------------------------------------------------------
Start RTL Component Statistics 
---------------------------------------------------------------------------------
Detailed RTL Component Info : 
---------------------------------------------------------------------------------
Finished RTL Component Statistics 
---------------------------------------------------------------------------------
---------------------------------------------------------------------------------
Start Part Resource Summary
---------------------------------------------------------------------------------
Part Resources:
DSPs: 9024 (col length:94)
BRAMs: 4032 (col length: RAMB18 288 RAMB36 144)
---------------------------------------------------------------------------------
Finished Part Resource Summary
---------------------------------------------------------------------------------
---------------------------------------------------------------------------------
Start Cross Boundary and Area Optimization
---------------------------------------------------------------------------------
---------------------------------------------------------------------------------
Finished Cross Boundary and Area Optimization : Time (s): cpu = 00:00:06 ; elapsed = 00:00:07 . Memory (MB): peak = 3368.270 ; gain = 339.156 ; free physical = 47617 ; free virtual = 88841
---------------------------------------------------------------------------------
---------------------------------------------------------------------------------
Start Applying XDC Timing Constraints
---------------------------------------------------------------------------------
---------------------------------------------------------------------------------
Finished Applying XDC Timing Constraints : Time (s): cpu = 00:00:13 ; elapsed = 00:00:19 . Memory (MB): peak = 3737.027 ; gain = 707.914 ; free physical = 47455 ; free virtual = 88622
---------------------------------------------------------------------------------
---------------------------------------------------------------------------------
Start Timing Optimization
---------------------------------------------------------------------------------
---------------------------------------------------------------------------------
Finished Timing Optimization : Time (s): cpu = 00:00:13 ; elapsed = 00:00:19 . Memory (MB): peak = 3738.027 ; gain = 708.914 ; free physical = 47455 ; free virtual = 88621
---------------------------------------------------------------------------------
---------------------------------------------------------------------------------
Start Technology Mapping
---------------------------------------------------------------------------------
---------------------------------------------------------------------------------
Finished Technology Mapping : Time (s): cpu = 00:00:13 ; elapsed = 00:00:19 . Memory (MB): peak = 3757.059 ; gain = 727.945 ; free physical = 47453 ; free virtual = 88620
---------------------------------------------------------------------------------
---------------------------------------------------------------------------------
Start IO Insertion
---------------------------------------------------------------------------------
---------------------------------------------------------------------------------
Start Flattening Before IO Insertion
---------------------------------------------------------------------------------
---------------------------------------------------------------------------------
Finished Flattening Before IO Insertion
---------------------------------------------------------------------------------
---------------------------------------------------------------------------------
Start Final Netlist Cleanup
---------------------------------------------------------------------------------
---------------------------------------------------------------------------------
Finished Final Netlist Cleanup
---------------------------------------------------------------------------------
---------------------------------------------------------------------------------
Finished IO Insertion : Time (s): cpu = 00:00:14 ; elapsed = 00:00:20 . Memory (MB): peak = 3762.996 ; gain = 733.883 ; free physical = 47438 ; free virtual = 88607
---------------------------------------------------------------------------------
---------------------------------------------------------------------------------
Start Renaming Generated Instances
---------------------------------------------------------------------------------
---------------------------------------------------------------------------------
Finished Renaming Generated Instances : Time (s): cpu = 00:00:14 ; elapsed = 00:00:20 . Memory (MB): peak = 3762.996 ; gain = 733.883 ; free physical = 47438 ; free virtual = 88607
---------------------------------------------------------------------------------
---------------------------------------------------------------------------------
Start Rebuilding User Hierarchy
---------------------------------------------------------------------------------
---------------------------------------------------------------------------------
Finished Rebuilding User Hierarchy : Time (s): cpu = 00:00:14 ; elapsed = 00:00:20 . Memory (MB): peak = 3762.996 ; gain = 733.883 ; free physical = 47438 ; free virtual = 88607
---------------------------------------------------------------------------------
---------------------------------------------------------------------------------
Start Renaming Generated Ports
---------------------------------------------------------------------------------
---------------------------------------------------------------------------------
Finished Renaming Generated Ports : Time (s): cpu = 00:00:14 ; elapsed = 00:00:20 . Memory (MB): peak = 3762.996 ; gain = 733.883 ; free physical = 47438 ; free virtual = 88607
---------------------------------------------------------------------------------
---------------------------------------------------------------------------------
Start Handling Custom Attributes
---------------------------------------------------------------------------------
---------------------------------------------------------------------------------
Finished Handling Custom Attributes : Time (s): cpu = 00:00:14 ; elapsed = 00:00:20 . Memory (MB): peak = 3762.996 ; gain = 733.883 ; free physical = 47438 ; free virtual = 88607
---------------------------------------------------------------------------------
---------------------------------------------------------------------------------
Start Renaming Generated Nets
---------------------------------------------------------------------------------
---------------------------------------------------------------------------------
Finished Renaming Generated Nets : Time (s): cpu = 00:00:14 ; elapsed = 00:00:20 . Memory (MB): peak = 3762.996 ; gain = 733.883 ; free physical = 47438 ; free virtual = 88607
---------------------------------------------------------------------------------
---------------------------------------------------------------------------------
Start Writing Synthesis Report
---------------------------------------------------------------------------------

Report BlackBoxes: 
+------+----------------------+----------+
|      |BlackBox name         |Instances |
+------+----------------------+----------+
|1     |uramx4_uram_2w_2r_0_3 |         1|
|2     |uramx4_uram_2w_2r_0_4 |         1|
|3     |uramx4_uram_2w_2r_1_1 |         1|
|4     |uramx4_uram_2w_2r_2_0 |         1|
+------+----------------------+----------+

Report Cell Usage: 
+------+--------------------+------+
|      |Cell                |Count |
+------+--------------------+------+
|1     |uramx4_uram_2w_2r_0 |     2|
|3     |uramx4_uram_2w_2r_1 |     1|
|4     |uramx4_uram_2w_2r_2 |     1|
|5     |IBUF                |   626|
|6     |OBUF                |   512|
+------+--------------------+------+
---------------------------------------------------------------------------------
Finished Writing Synthesis Report : Time (s): cpu = 00:00:14 ; elapsed = 00:00:20 . Memory (MB): peak = 3762.996 ; gain = 733.883 ; free physical = 47438 ; free virtual = 88607
---------------------------------------------------------------------------------
Synthesis finished with 0 errors, 0 critical warnings and 0 warnings.
Synthesis Optimization Runtime : Time (s): cpu = 00:00:13 ; elapsed = 00:00:19 . Memory (MB): peak = 3762.996 ; gain = 629.195 ; free physical = 47477 ; free virtual = 88645
Synthesis Optimization Complete : Time (s): cpu = 00:00:14 ; elapsed = 00:00:21 . Memory (MB): peak = 3763.004 ; gain = 733.883 ; free physical = 47477 ; free virtual = 88646
INFO: [Project 1-571] Translating synthesized netlist
Netlist sorting complete. Time (s): cpu = 00:00:00 ; elapsed = 00:00:00.01 . Memory (MB): peak = 3769.934 ; gain = 0.000 ; free physical = 47560 ; free virtual = 88728
INFO: [Netlist 29-17] Analyzing 626 Unisim elements for replacement
INFO: [Netlist 29-28] Unisim Transformation completed in 0 CPU seconds
WARNING: [Netlist 29-101] Netlist 'uram_2w_2r_x4' is not ideal for floorplanning, since the cellview 'uram_2w_2r_x4' contains a large number of primitives.  Please consider enabling hierarchy in synthesis if you want to do floorplanning.
INFO: [Project 1-570] Preparing netlist for logic optimization
INFO: [Opt 31-138] Pushed 0 inverter(s) to 0 load pin(s).
Netlist sorting complete. Time (s): cpu = 00:00:00 ; elapsed = 00:00:00 . Memory (MB): peak = 3832.238 ; gain = 0.000 ; free physical = 47460 ; free virtual = 88629
INFO: [Project 1-111] Unisim Transformation Summary:
  A total of 626 instances were transformed.
  IBUF => IBUF (IBUFCTRL, INBUF): 626 instances

INFO: [Common 17-83] Releasing license: Synthesis
32 Infos, 5 Warnings, 0 Critical Warnings and 0 Errors encountered.
synth_design completed successfully
synth_design: Time (s): cpu = 00:00:23 ; elapsed = 00:00:29 . Memory (MB): peak = 3832.238 ; gain = 1453.484 ; free physical = 47594 ; free virtual = 88763
INFO: [Common 17-1381] The checkpoint '/Orion/GraphHBM/UTIL_IP/IP_4URAM_2W2R/4_uram_wrapper.runs/synth_1/uram_2w_2r_x4.dcp' has been generated.
INFO: [runtcl-4] Executing : report_utilization -file uram_2w_2r_x4_utilization_synth.rpt -pb uram_2w_2r_x4_utilization_synth.pb
INFO: [Common 17-206] Exiting Vivado at Mon May  8 18:59:37 2023...
