

================================================================
== Vitis HLS Report for 'BFS_Ctrl_32X1_VER1'
================================================================
* Date:           Fri Mar 22 20:13:47 2024

* Version:        2020.2 (Build 3064766 on Wed Nov 18 09:12:47 MST 2020)
* Project:        bfs_ctrl_v1
* Solution:       solution1 (Vivado IP Flow Target)
* Product family: virtexuplus
* Target device:  xcu280-fsvh2892-2L-e


================================================================
== Performance Estimates
================================================================
+ Timing: 
    * Summary: 
    +--------+---------+----------+------------+
    |  Clock |  Target | Estimated| Uncertainty|
    +--------+---------+----------+------------+
    |ap_clk  |  5.00 ns|  3.201 ns|     1.35 ns|
    +--------+---------+----------+------------+

+ Latency: 
    * Summary: 
    +---------+---------+----------+----------+-----+-----+---------+
    |  Latency (cycles) |  Latency (absolute) |  Interval | Pipeline|
    |   min   |   max   |    min   |    max   | min | max |   Type  |
    +---------+---------+----------+----------+-----+-----+---------+
    |        ?|        ?|         ?|         ?|    ?|    ?|     none|
    +---------+---------+----------+----------+-----+-----+---------+

    + Detail: 
        * Instance: 
        +-------------------+--------+---------+---------+----------+----------+-----+-----+---------+
        |                   |        |  Latency (cycles) |  Latency (absolute) |  Interval | Pipeline|
        |      Instance     | Module |   min   |   max   |    min   |    max   | min | max |   Type  |
        +-------------------+--------+---------+---------+----------+----------+-----+-----+---------+
        |grp_BFS_PE_fu_862  |BFS_PE  |        1|        1|  5.000 ns|  5.000 ns|    1|    1|     none|
        +-------------------+--------+---------+---------+----------+----------+-----+-----+---------+

        * Loop: 
        +------------+---------+---------+----------+-----------+-----------+------+----------+
        |            |  Latency (cycles) | Iteration|  Initiation Interval  | Trip |          |
        |  Loop Name |   min   |   max   |  Latency |  achieved |   target  | Count| Pipelined|
        +------------+---------+---------+----------+-----------+-----------+------+----------+
        |- MainLoop  |        ?|        ?|         ?|          -|          -|     ?|        no|
        | + waitId0  |        ?|        ?|         2|          2|          1|     ?|       yes|
        +------------+---------+---------+----------+-----------+-----------+------+----------+



================================================================
== Utilization Estimates
================================================================
* Summary: 
+---------------------+---------+------+---------+---------+-----+
|         Name        | BRAM_18K|  DSP |    FF   |   LUT   | URAM|
+---------------------+---------+------+---------+---------+-----+
|DSP                  |        -|     -|        -|        -|    -|
|Expression           |        -|     -|        0|     2203|    -|
|FIFO                 |        -|     -|        -|        -|    -|
|Instance             |        -|     -|        2|       14|    -|
|Memory               |        -|     -|        -|        -|    -|
|Multiplexer          |        -|     -|        -|       68|    -|
|Register             |        -|     -|      236|        -|    -|
+---------------------+---------+------+---------+---------+-----+
|Total                |        0|     0|      238|     2285|    0|
+---------------------+---------+------+---------+---------+-----+
|Available SLR        |     1344|  3008|   869120|   434560|  320|
+---------------------+---------+------+---------+---------+-----+
|Utilization SLR (%)  |        0|     0|       ~0|       ~0|    0|
+---------------------+---------+------+---------+---------+-----+
|Available            |     4032|  9024|  2607360|  1303680|  960|
+---------------------+---------+------+---------+---------+-----+
|Utilization (%)      |        0|     0|       ~0|       ~0|    0|
+---------------------+---------+------+---------+---------+-----+

+ Detail: 
    * Instance: 
    +-------------------+--------+---------+----+---+----+-----+
    |      Instance     | Module | BRAM_18K| DSP| FF| LUT| URAM|
    +-------------------+--------+---------+----+---+----+-----+
    |grp_BFS_PE_fu_862  |BFS_PE  |        0|   0|  2|  14|    0|
    +-------------------+--------+---------+----+---+----+-----+
    |Total              |        |        0|   0|  2|  14|    0|
    +-------------------+--------+---------+----+---+----+-----+

    * DSP: 
    N/A

    * Memory: 
    N/A

    * FIFO: 
    N/A

    * Expression: 
    +-------------------------+----------+----+---+----+------------+------------+
    |      Variable Name      | Operation| DSP| FF| LUT| Bitwidth P0| Bitwidth P1|
    +-------------------------+----------+----+---+----+------------+------------+
    |add_ln184_10_fu_1133_p2  |         +|   0|  0|  32|          32|          32|
    |add_ln184_11_fu_1139_p2  |         +|   0|  0|  32|          32|          32|
    |add_ln184_12_fu_888_p2   |         +|   0|  0|  39|          32|          32|
    |add_ln184_13_fu_1145_p2  |         +|   0|  0|  32|          32|          32|
    |add_ln184_14_fu_1150_p2  |         +|   0|  0|  32|          32|          32|
    |add_ln184_15_fu_1156_p2  |         +|   0|  0|  32|          32|          32|
    |add_ln184_16_fu_894_p2   |         +|   0|  0|  32|          32|          32|
    |add_ln184_17_fu_900_p2   |         +|   0|  0|  39|          32|          32|
    |add_ln184_18_fu_906_p2   |         +|   0|  0|  32|          32|          32|
    |add_ln184_19_fu_912_p2   |         +|   0|  0|  32|          32|          32|
    |add_ln184_1_fu_1092_p2   |         +|   0|  0|  39|          32|          32|
    |add_ln184_20_fu_918_p2   |         +|   0|  0|  39|          32|          32|
    |add_ln184_21_fu_924_p2   |         +|   0|  0|  32|          32|          32|
    |add_ln184_22_fu_930_p2   |         +|   0|  0|  32|          32|          32|
    |add_ln184_23_fu_936_p2   |         +|   0|  0|  39|          32|          32|
    |add_ln184_24_fu_942_p2   |         +|   0|  0|  39|          32|          32|
    |add_ln184_25_fu_948_p2   |         +|   0|  0|  32|          32|          32|
    |add_ln184_26_fu_954_p2   |         +|   0|  0|  32|          32|          32|
    |add_ln184_27_fu_960_p2   |         +|   0|  0|  39|          32|          32|
    |add_ln184_28_fu_966_p2   |         +|   0|  0|  32|          32|          32|
    |add_ln184_29_fu_972_p2   |         +|   0|  0|  32|          32|          32|
    |add_ln184_2_fu_1098_p2   |         +|   0|  0|  32|          32|          32|
    |add_ln184_30_fu_978_p2   |         +|   0|  0|  32|          32|          32|
    |add_ln184_3_fu_1104_p2   |         +|   0|  0|  32|          32|          32|
    |add_ln184_4_fu_882_p2    |         +|   0|  0|  39|          32|          32|
    |add_ln184_5_fu_1110_p2   |         +|   0|  0|  32|          32|          32|
    |add_ln184_6_fu_1162_p2   |         +|   0|  0|  32|          32|          32|
    |add_ln184_7_fu_1115_p2   |         +|   0|  0|  32|          32|          32|
    |add_ln184_8_fu_1121_p2   |         +|   0|  0|  39|          32|          32|
    |add_ln184_9_fu_1127_p2   |         +|   0|  0|  39|          32|          32|
    |add_ln184_fu_1086_p2     |         +|   0|  0|  39|          32|          32|
    |add_ln188_10_fu_1214_p2  |         +|   0|  0|  32|          32|          32|
    |add_ln188_11_fu_1220_p2  |         +|   0|  0|  32|          32|          32|
    |add_ln188_12_fu_990_p2   |         +|   0|  0|  39|          32|          32|
    |add_ln188_13_fu_1226_p2  |         +|   0|  0|  32|          32|          32|
    |add_ln188_14_fu_1231_p2  |         +|   0|  0|  32|          32|          32|
    |add_ln188_15_fu_1237_p2  |         +|   0|  0|  32|          32|          32|
    |add_ln188_16_fu_996_p2   |         +|   0|  0|  32|          32|          32|
    |add_ln188_17_fu_1002_p2  |         +|   0|  0|  39|          32|          32|
    |add_ln188_18_fu_1008_p2  |         +|   0|  0|  32|          32|          32|
    |add_ln188_19_fu_1014_p2  |         +|   0|  0|  32|          32|          32|
    |add_ln188_1_fu_1173_p2   |         +|   0|  0|  39|          32|          32|
    |add_ln188_20_fu_1020_p2  |         +|   0|  0|  39|          32|          32|
    |add_ln188_21_fu_1026_p2  |         +|   0|  0|  32|          32|          32|
    |add_ln188_22_fu_1032_p2  |         +|   0|  0|  32|          32|          32|
    |add_ln188_23_fu_1038_p2  |         +|   0|  0|  39|          32|          32|
    |add_ln188_24_fu_1044_p2  |         +|   0|  0|  39|          32|          32|
    |add_ln188_25_fu_1050_p2  |         +|   0|  0|  32|          32|          32|
    |add_ln188_26_fu_1056_p2  |         +|   0|  0|  32|          32|          32|
    |add_ln188_27_fu_1062_p2  |         +|   0|  0|  39|          32|          32|
    |add_ln188_28_fu_1068_p2  |         +|   0|  0|  32|          32|          32|
    |add_ln188_29_fu_1074_p2  |         +|   0|  0|  32|          32|          32|
    |add_ln188_2_fu_1179_p2   |         +|   0|  0|  32|          32|          32|
    |add_ln188_30_fu_1080_p2  |         +|   0|  0|  32|          32|          32|
    |add_ln188_3_fu_1185_p2   |         +|   0|  0|  32|          32|          32|
    |add_ln188_4_fu_984_p2    |         +|   0|  0|  39|          32|          32|
    |add_ln188_5_fu_1191_p2   |         +|   0|  0|  32|          32|          32|
    |add_ln188_6_fu_1243_p2   |         +|   0|  0|  32|          32|          32|
    |add_ln188_7_fu_1196_p2   |         +|   0|  0|  32|          32|          32|
    |add_ln188_8_fu_1202_p2   |         +|   0|  0|  39|          32|          32|
    |add_ln188_9_fu_1208_p2   |         +|   0|  0|  39|          32|          32|
    |add_ln188_fu_1167_p2     |         +|   0|  0|  39|          32|          32|
    |add_ln202_fu_1254_p2     |         +|   0|  0|  23|          16|           1|
    |icmp_ln172_fu_877_p2     |      icmp|   0|  0|  20|          32|          32|
    |icmp_ln184_fu_1248_p2    |      icmp|   0|  0|  20|          32|          32|
    |ap_block_state9          |        or|   0|  0|   2|           1|           1|
    +-------------------------+----------+----+---+----+------------+------------+
    |Total                    |          |   0|  0|2203|        2065|        2050|
    +-------------------------+----------+----+---+----+------------+------------+

    * Multiplexer: 
    +--------------------+----+-----------+-----+-----------+
    |        Name        | LUT| Input Size| Bits| Total Bits|
    +--------------------+----+-----------+-----+-----------+
    |ap_NS_fsm           |  54|         10|    1|         10|
    |resWrite_1_data_in  |  14|          3|    1|          3|
    +--------------------+----+-----------+-----+-----------+
    |Total               |  68|         13|    2|         13|
    +--------------------+----+-----------+-----+-----------+

    * Register: 
    +--------------------------------+----+----+-----+-----------+
    |              Name              | FF | LUT| Bits| Const Bits|
    +--------------------------------+----+----+-----+-----------+
    |add_ln184_12_reg_1282           |  32|   0|   32|          0|
    |add_ln184_30_reg_1287           |  32|   0|   32|          0|
    |add_ln184_4_reg_1277            |  32|   0|   32|          0|
    |add_ln188_12_reg_1297           |  32|   0|   32|          0|
    |add_ln188_30_reg_1302           |  32|   0|   32|          0|
    |add_ln188_4_reg_1292            |  32|   0|   32|          0|
    |ap_CS_fsm                       |   9|   0|    9|          0|
    |glblIterIdx_1_data_reg          |  16|   0|   16|          0|
    |glblIterIdx_1_vld_reg           |   0|   0|    1|          1|
    |grp_BFS_PE_fu_862_ap_start_reg  |   1|   0|    1|          0|
    |icmp_ln172_reg_1273             |   1|   0|    1|          0|
    |iterIdx                         |  16|   0|   16|          0|
    |resWrite_1_data_reg             |   1|   0|    1|          0|
    |resWrite_1_vld_reg              |   0|   0|    1|          1|
    +--------------------------------+----+----+-----+-----------+
    |Total                           | 236|   0|  238|          2|
    +--------------------------------+----+----+-----+-----------+



================================================================
== Interface
================================================================
* Summary: 
+----------------+-----+-----+------------+--------------------+--------------+
|    RTL Ports   | Dir | Bits|  Protocol  |    Source Object   |    C Type    |
+----------------+-----+-----+------------+--------------------+--------------+
|ap_clk          |   in|    1|  ap_ctrl_hs|  BFS_Ctrl_32X1_VER1|  return value|
|ap_rst          |   in|    1|  ap_ctrl_hs|  BFS_Ctrl_32X1_VER1|  return value|
|ap_start        |   in|    1|  ap_ctrl_hs|  BFS_Ctrl_32X1_VER1|  return value|
|ap_done         |  out|    1|  ap_ctrl_hs|  BFS_Ctrl_32X1_VER1|  return value|
|ap_idle         |  out|    1|  ap_ctrl_hs|  BFS_Ctrl_32X1_VER1|  return value|
|ap_ready        |  out|    1|  ap_ctrl_hs|  BFS_Ctrl_32X1_VER1|  return value|
|dummyParam      |   in|    1|     ap_none|          dummyParam|       pointer|
|N_Vertex        |   in|   32|     ap_none|            N_Vertex|        scalar|
|resWrite        |  out|    1|     ap_none|            resWrite|       pointer|
|glblIterIdx     |  out|   16|     ap_none|         glblIterIdx|       pointer|
|cnt_scatter_0   |   in|   32|     ap_none|       cnt_scatter_0|       pointer|
|cnt_scatter_1   |   in|   32|     ap_none|       cnt_scatter_1|       pointer|
|cnt_scatter_2   |   in|   32|     ap_none|       cnt_scatter_2|       pointer|
|cnt_scatter_3   |   in|   32|     ap_none|       cnt_scatter_3|       pointer|
|cnt_scatter_4   |   in|   32|     ap_none|       cnt_scatter_4|       pointer|
|cnt_scatter_5   |   in|   32|     ap_none|       cnt_scatter_5|       pointer|
|cnt_scatter_6   |   in|   32|     ap_none|       cnt_scatter_6|       pointer|
|cnt_scatter_7   |   in|   32|     ap_none|       cnt_scatter_7|       pointer|
|cnt_scatter_8   |   in|   32|     ap_none|       cnt_scatter_8|       pointer|
|cnt_scatter_9   |   in|   32|     ap_none|       cnt_scatter_9|       pointer|
|cnt_scatter_10  |   in|   32|     ap_none|      cnt_scatter_10|       pointer|
|cnt_scatter_11  |   in|   32|     ap_none|      cnt_scatter_11|       pointer|
|cnt_scatter_12  |   in|   32|     ap_none|      cnt_scatter_12|       pointer|
|cnt_scatter_13  |   in|   32|     ap_none|      cnt_scatter_13|       pointer|
|cnt_scatter_14  |   in|   32|     ap_none|      cnt_scatter_14|       pointer|
|cnt_scatter_15  |   in|   32|     ap_none|      cnt_scatter_15|       pointer|
|cnt_scatter_16  |   in|   32|     ap_none|      cnt_scatter_16|       pointer|
|cnt_scatter_17  |   in|   32|     ap_none|      cnt_scatter_17|       pointer|
|cnt_scatter_18  |   in|   32|     ap_none|      cnt_scatter_18|       pointer|
|cnt_scatter_19  |   in|   32|     ap_none|      cnt_scatter_19|       pointer|
|cnt_scatter_20  |   in|   32|     ap_none|      cnt_scatter_20|       pointer|
|cnt_scatter_21  |   in|   32|     ap_none|      cnt_scatter_21|       pointer|
|cnt_scatter_22  |   in|   32|     ap_none|      cnt_scatter_22|       pointer|
|cnt_scatter_23  |   in|   32|     ap_none|      cnt_scatter_23|       pointer|
|cnt_scatter_24  |   in|   32|     ap_none|      cnt_scatter_24|       pointer|
|cnt_scatter_25  |   in|   32|     ap_none|      cnt_scatter_25|       pointer|
|cnt_scatter_26  |   in|   32|     ap_none|      cnt_scatter_26|       pointer|
|cnt_scatter_27  |   in|   32|     ap_none|      cnt_scatter_27|       pointer|
|cnt_scatter_28  |   in|   32|     ap_none|      cnt_scatter_28|       pointer|
|cnt_scatter_29  |   in|   32|     ap_none|      cnt_scatter_29|       pointer|
|cnt_scatter_30  |   in|   32|     ap_none|      cnt_scatter_30|       pointer|
|cnt_scatter_31  |   in|   32|     ap_none|      cnt_scatter_31|       pointer|
|cnt_gather_0    |   in|   32|     ap_none|        cnt_gather_0|       pointer|
|cnt_gather_1    |   in|   32|     ap_none|        cnt_gather_1|       pointer|
|cnt_gather_2    |   in|   32|     ap_none|        cnt_gather_2|       pointer|
|cnt_gather_3    |   in|   32|     ap_none|        cnt_gather_3|       pointer|
|cnt_gather_4    |   in|   32|     ap_none|        cnt_gather_4|       pointer|
|cnt_gather_5    |   in|   32|     ap_none|        cnt_gather_5|       pointer|
|cnt_gather_6    |   in|   32|     ap_none|        cnt_gather_6|       pointer|
|cnt_gather_7    |   in|   32|     ap_none|        cnt_gather_7|       pointer|
|cnt_gather_8    |   in|   32|     ap_none|        cnt_gather_8|       pointer|
|cnt_gather_9    |   in|   32|     ap_none|        cnt_gather_9|       pointer|
|cnt_gather_10   |   in|   32|     ap_none|       cnt_gather_10|       pointer|
|cnt_gather_11   |   in|   32|     ap_none|       cnt_gather_11|       pointer|
|cnt_gather_12   |   in|   32|     ap_none|       cnt_gather_12|       pointer|
|cnt_gather_13   |   in|   32|     ap_none|       cnt_gather_13|       pointer|
|cnt_gather_14   |   in|   32|     ap_none|       cnt_gather_14|       pointer|
|cnt_gather_15   |   in|   32|     ap_none|       cnt_gather_15|       pointer|
|cnt_gather_16   |   in|   32|     ap_none|       cnt_gather_16|       pointer|
|cnt_gather_17   |   in|   32|     ap_none|       cnt_gather_17|       pointer|
|cnt_gather_18   |   in|   32|     ap_none|       cnt_gather_18|       pointer|
|cnt_gather_19   |   in|   32|     ap_none|       cnt_gather_19|       pointer|
|cnt_gather_20   |   in|   32|     ap_none|       cnt_gather_20|       pointer|
|cnt_gather_21   |   in|   32|     ap_none|       cnt_gather_21|       pointer|
|cnt_gather_22   |   in|   32|     ap_none|       cnt_gather_22|       pointer|
|cnt_gather_23   |   in|   32|     ap_none|       cnt_gather_23|       pointer|
|cnt_gather_24   |   in|   32|     ap_none|       cnt_gather_24|       pointer|
|cnt_gather_25   |   in|   32|     ap_none|       cnt_gather_25|       pointer|
|cnt_gather_26   |   in|   32|     ap_none|       cnt_gather_26|       pointer|
|cnt_gather_27   |   in|   32|     ap_none|       cnt_gather_27|       pointer|
|cnt_gather_28   |   in|   32|     ap_none|       cnt_gather_28|       pointer|
|cnt_gather_29   |   in|   32|     ap_none|       cnt_gather_29|       pointer|
|cnt_gather_30   |   in|   32|     ap_none|       cnt_gather_30|       pointer|
|cnt_gather_31   |   in|   32|     ap_none|       cnt_gather_31|       pointer|
|exist_0         |   in|    1|     ap_none|             exist_0|       pointer|
|exist_1         |   in|    1|     ap_none|             exist_1|       pointer|
|exist_2         |   in|    1|     ap_none|             exist_2|       pointer|
|exist_3         |   in|    1|     ap_none|             exist_3|       pointer|
|exist_4         |   in|    1|     ap_none|             exist_4|       pointer|
|exist_5         |   in|    1|     ap_none|             exist_5|       pointer|
|exist_6         |   in|    1|     ap_none|             exist_6|       pointer|
|exist_7         |   in|    1|     ap_none|             exist_7|       pointer|
|exist_8         |   in|    1|     ap_none|             exist_8|       pointer|
|exist_9         |   in|    1|     ap_none|             exist_9|       pointer|
|exist_10        |   in|    1|     ap_none|            exist_10|       pointer|
|exist_11        |   in|    1|     ap_none|            exist_11|       pointer|
|exist_12        |   in|    1|     ap_none|            exist_12|       pointer|
|exist_13        |   in|    1|     ap_none|            exist_13|       pointer|
|exist_14        |   in|    1|     ap_none|            exist_14|       pointer|
|exist_15        |   in|    1|     ap_none|            exist_15|       pointer|
|exist_16        |   in|    1|     ap_none|            exist_16|       pointer|
|exist_17        |   in|    1|     ap_none|            exist_17|       pointer|
|exist_18        |   in|    1|     ap_none|            exist_18|       pointer|
|exist_19        |   in|    1|     ap_none|            exist_19|       pointer|
|exist_20        |   in|    1|     ap_none|            exist_20|       pointer|
|exist_21        |   in|    1|     ap_none|            exist_21|       pointer|
|exist_22        |   in|    1|     ap_none|            exist_22|       pointer|
|exist_23        |   in|    1|     ap_none|            exist_23|       pointer|
|exist_24        |   in|    1|     ap_none|            exist_24|       pointer|
|exist_25        |   in|    1|     ap_none|            exist_25|       pointer|
|exist_26        |   in|    1|     ap_none|            exist_26|       pointer|
|exist_27        |   in|    1|     ap_none|            exist_27|       pointer|
|exist_28        |   in|    1|     ap_none|            exist_28|       pointer|
|exist_29        |   in|    1|     ap_none|            exist_29|       pointer|
|exist_30        |   in|    1|     ap_none|            exist_30|       pointer|
|exist_31        |   in|    1|     ap_none|            exist_31|       pointer|
+----------------+-----+-----+------------+--------------------+--------------+

