

================================================================
== Vitis HLS Report for 'BFS_Gather'
================================================================
* Date:           Fri Mar 22 20:14:05 2024

* Version:        2020.2 (Build 3064766 on Wed Nov 18 09:12:47 MST 2020)
* Project:        bfs_gather_v1
* Solution:       solution1 (Vivado IP Flow Target)
* Product family: virtexuplus
* Target device:  xcu280-fsvh2892-2L-e


================================================================
== Performance Estimates
================================================================
+ Timing: 
    * Summary: 
    +--------+---------+----------+------------+
    |  Clock |  Target | Estimated| Uncertainty|
    +--------+---------+----------+------------+
    |ap_clk  |  5.00 ns|  4.372 ns|     1.35 ns|
    +--------+---------+----------+------------+

+ Latency: 
    * Summary: 
    +---------+---------+-----------+-----------+-----+-----+---------+
    |  Latency (cycles) |   Latency (absolute)  |  Interval | Pipeline|
    |   min   |   max   |    min    |    max    | min | max |   Type  |
    +---------+---------+-----------+-----------+-----+-----+---------+
    |        2|        2|  10.000 ns|  10.000 ns|    2|    2|      yes|
    +---------+---------+-----------+-----------+-----+-----+---------+

    + Detail: 
        * Instance: 
        N/A

        * Loop: 
        N/A



================================================================
== Utilization Estimates
================================================================
* Summary: 
+---------------------+---------+------+---------+---------+-----+
|         Name        | BRAM_18K|  DSP |    FF   |   LUT   | URAM|
+---------------------+---------+------+---------+---------+-----+
|DSP                  |        -|     -|        -|        -|    -|
|Expression           |        -|     -|        0|      338|    -|
|FIFO                 |        -|     -|        -|        -|    -|
|Instance             |        -|     -|        -|        -|    -|
|Memory               |        -|     -|        -|        -|    -|
|Multiplexer          |        -|     -|        -|      158|    -|
|Register             |        -|     -|       28|        -|    -|
+---------------------+---------+------+---------+---------+-----+
|Total                |        0|     0|       28|      496|    0|
+---------------------+---------+------+---------+---------+-----+
|Available SLR        |     1344|  3008|   869120|   434560|  320|
+---------------------+---------+------+---------+---------+-----+
|Utilization SLR (%)  |        0|     0|       ~0|       ~0|    0|
+---------------------+---------+------+---------+---------+-----+
|Available            |     4032|  9024|  2607360|  1303680|  960|
+---------------------+---------+------+---------+---------+-----+
|Utilization (%)      |        0|     0|       ~0|       ~0|    0|
+---------------------+---------+------+---------+---------+-----+

+ Detail: 
    * Instance: 
    N/A

    * DSP: 
    N/A

    * Memory: 
    N/A

    * FIFO: 
    N/A

    * Expression: 
    +---------------------------+----------+----+---+----+------------+------------+
    |       Variable Name       | Operation| DSP| FF| LUT| Bitwidth P0| Bitwidth P1|
    +---------------------------+----------+----+---+----+------------+------------+
    |grp_fu_200_p2              |         +|   0|  0|  15|           8|           1|
    |ret_1_fu_601_p2            |         +|   0|  0|  16|           9|           1|
    |ret_2_fu_573_p2            |         +|   0|  0|  16|           9|           1|
    |ret_3_fu_531_p2            |         +|   0|  0|  16|           9|           1|
    |ret_4_fu_489_p2            |         +|   0|  0|  16|           9|           1|
    |ret_5_fu_447_p2            |         +|   0|  0|  16|           9|           1|
    |ret_6_fu_405_p2            |         +|   0|  0|  16|           9|           1|
    |ret_7_fu_363_p2            |         +|   0|  0|  16|           9|           1|
    |ret_8_fu_321_p2            |         +|   0|  0|  16|           9|           1|
    |ret_fu_227_p2              |         -|   0|  0|  32|          25|          25|
    |sub_ln1364_1_fu_261_p2     |         -|   0|  0|  22|           1|          15|
    |sub_ln1364_fu_245_p2       |         -|   0|  0|  30|           1|          23|
    |ap_block_pp0_stage0_11001  |       and|   0|  0|   2|           1|           1|
    |ap_condition_258           |       and|   0|  0|   2|           1|           1|
    |ap_condition_42            |       and|   0|  0|   2|           1|           1|
    |icmp_ln878_1_fu_583_p2     |      icmp|   0|  0|  11|           9|           9|
    |icmp_ln878_2_fu_551_p2     |      icmp|   0|  0|  11|           9|           9|
    |icmp_ln878_3_fu_509_p2     |      icmp|   0|  0|  11|           9|           9|
    |icmp_ln878_4_fu_467_p2     |      icmp|   0|  0|  11|           9|           9|
    |icmp_ln878_5_fu_425_p2     |      icmp|   0|  0|  11|           9|           9|
    |icmp_ln878_6_fu_383_p2     |      icmp|   0|  0|  11|           9|           9|
    |icmp_ln878_7_fu_341_p2     |      icmp|   0|  0|  11|           9|           9|
    |icmp_ln878_fu_611_p2       |      icmp|   0|  0|  11|           9|           9|
    |rltDstIdx_fu_277_p3        |    select|   0|  0|  15|           1|          15|
    |ap_enable_pp0              |       xor|   0|  0|   2|           1|           2|
    +---------------------------+----------+----+---+----+------------+------------+
    |Total                      |          |   0|  0| 338|         184|         164|
    +---------------------------+----------+----+---+----+------------+------------+

    * Multiplexer: 
    +-------------------------+----+-----------+-----+-----------+
    |           Name          | LUT| Input Size| Bits| Total Bits|
    +-------------------------+----+-----------+-----+-----------+
    |ap_NS_fsm                |  14|          3|    1|          3|
    |ap_enable_reg_pp0_iter0  |   9|          2|    1|          2|
    |ap_enable_reg_pp0_iter1  |   9|          2|    1|          2|
    |exist_1_data_in          |  14|          3|    1|          3|
    |tmp_dist_address0        |  14|          3|   12|         36|
    |tmp_dist_d0              |  49|          9|   64|        576|
    |tmp_dist_we0             |  49|          9|    8|         72|
    +-------------------------+----+-----------+-----+-----------+
    |Total                    | 158|         31|   88|        694|
    +-------------------------+----+-----------+-----+-----------+

    * Register: 
    +-----------------------------+----+----+-----+-----------+
    |             Name            | FF | LUT| Bits| Const Bits|
    +-----------------------------+----+----+-----+-----------+
    |ap_CS_fsm                    |   2|   0|    2|          0|
    |ap_enable_reg_pp0_iter0_reg  |   1|   0|    1|          0|
    |ap_enable_reg_pp0_iter1      |   1|   0|    1|          0|
    |exist_1_data_reg             |   1|   0|    1|          0|
    |exist_1_vld_reg              |   0|   0|    1|          1|
    |srcDist_V_reg_622            |   8|   0|    8|          0|
    |tmp_dist_addr_reg_639        |  12|   0|   12|          0|
    |trunc_ln25_reg_635           |   3|   0|    3|          0|
    +-----------------------------+----+----+-----+-----------+
    |Total                        |  28|   0|   29|          1|
    +-----------------------------+----+----+-----+-----------+



================================================================
== Interface
================================================================
* Summary: 
+-------------------+-----+-----+------------+--------------+--------------+
|     RTL Ports     | Dir | Bits|  Protocol  | Source Object|    C Type    |
+-------------------+-----+-----+------------+--------------+--------------+
|ap_clk             |   in|    1|  ap_ctrl_hs|    BFS_Gather|  return value|
|ap_rst             |   in|    1|  ap_ctrl_hs|    BFS_Gather|  return value|
|ap_start           |   in|    1|  ap_ctrl_hs|    BFS_Gather|  return value|
|ap_done            |  out|    1|  ap_ctrl_hs|    BFS_Gather|  return value|
|ap_idle            |  out|    1|  ap_ctrl_hs|    BFS_Gather|  return value|
|ap_ready           |  out|    1|  ap_ctrl_hs|    BFS_Gather|  return value|
|peID               |   in|    8|     ap_none|          peID|        scalar|
|sw_data            |   in|   32|     ap_none|       sw_data|       pointer|
|exist              |  out|    1|     ap_none|         exist|       pointer|
|tmp_dist_address0  |  out|   12|   ap_memory|      tmp_dist|         array|
|tmp_dist_ce0       |  out|    1|   ap_memory|      tmp_dist|         array|
|tmp_dist_we0       |  out|    8|   ap_memory|      tmp_dist|         array|
|tmp_dist_d0        |  out|   64|   ap_memory|      tmp_dist|         array|
|tmp_dist_q0        |   in|   64|   ap_memory|      tmp_dist|         array|
+-------------------+-----+-----+------------+--------------+--------------+

