Copyright 1986-2020 Xilinx, Inc. All Rights Reserved.
------------------------------------------------------------------------------------
| Tool Version : Vivado v.2020.2 (lin64) Build 3064766 Wed Nov 18 09:12:47 MST 2020
| Date         : Sun May  7 10:31:39 2023
| Host         : noah running 64-bit Ubuntu 20.04.5 LTS
| Command      : upgrade_ip
| Device       : xcu280-fsvh2892-2L-e
------------------------------------------------------------------------------------

Upgrade Log for IP 'uramx16_uram_2w_2r_7_0'

1. Summary
----------

SUCCESS in the conversion of uramx16_uram_2w_2r_7_0 (user.org:user:uram_2w_2r:1.0 (Rev. 1)) to Vivado generation flows.






Copyright 1986-2020 Xilinx, Inc. All Rights Reserved.
------------------------------------------------------------------------------------
| Tool Version : Vivado v.2020.2 (lin64) Build 3064766 Wed Nov 18 09:12:47 MST 2020
| Date         : Sun May  7 10:31:39 2023
| Host         : noah running 64-bit Ubuntu 20.04.5 LTS
| Command      : upgrade_ip
| Device       : xcu280-fsvh2892-2L-e
------------------------------------------------------------------------------------

Upgrade Log for IP 'uramx16_uram_2w_2r_6_2'

1. Summary
----------

SUCCESS in the conversion of uramx16_uram_2w_2r_6_2 (user.org:user:uram_2w_2r:1.0 (Rev. 1)) to Vivado generation flows.






Copyright 1986-2020 Xilinx, Inc. All Rights Reserved.
------------------------------------------------------------------------------------
| Tool Version : Vivado v.2020.2 (lin64) Build 3064766 Wed Nov 18 09:12:47 MST 2020
| Date         : Sun May  7 10:31:39 2023
| Host         : noah running 64-bit Ubuntu 20.04.5 LTS
| Command      : upgrade_ip
| Device       : xcu280-fsvh2892-2L-e
------------------------------------------------------------------------------------

Upgrade Log for IP 'uramx16_uram_2w_2r_6_1'

1. Summary
----------

SUCCESS in the conversion of uramx16_uram_2w_2r_6_1 (user.org:user:uram_2w_2r:1.0 (Rev. 1)) to Vivado generation flows.






Copyright 1986-2020 Xilinx, Inc. All Rights Reserved.
------------------------------------------------------------------------------------
| Tool Version : Vivado v.2020.2 (lin64) Build 3064766 Wed Nov 18 09:12:47 MST 2020
| Date         : Sun May  7 10:31:38 2023
| Host         : noah running 64-bit Ubuntu 20.04.5 LTS
| Command      : upgrade_ip
| Device       : xcu280-fsvh2892-2L-e
------------------------------------------------------------------------------------

Upgrade Log for IP 'uramx16_uram_2w_2r_5_1'

1. Summary
----------

SUCCESS in the conversion of uramx16_uram_2w_2r_5_1 (user.org:user:uram_2w_2r:1.0 (Rev. 1)) to Vivado generation flows.






Copyright 1986-2020 Xilinx, Inc. All Rights Reserved.
------------------------------------------------------------------------------------
| Tool Version : Vivado v.2020.2 (lin64) Build 3064766 Wed Nov 18 09:12:47 MST 2020
| Date         : Sun May  7 10:31:38 2023
| Host         : noah running 64-bit Ubuntu 20.04.5 LTS
| Command      : upgrade_ip
| Device       : xcu280-fsvh2892-2L-e
------------------------------------------------------------------------------------

Upgrade Log for IP 'uramx16_uram_2w_2r_5_0'

1. Summary
----------

SUCCESS in the conversion of uramx16_uram_2w_2r_5_0 (user.org:user:uram_2w_2r:1.0 (Rev. 1)) to Vivado generation flows.






Copyright 1986-2020 Xilinx, Inc. All Rights Reserved.
------------------------------------------------------------------------------------
| Tool Version : Vivado v.2020.2 (lin64) Build 3064766 Wed Nov 18 09:12:47 MST 2020
| Date         : Sun May  7 10:31:38 2023
| Host         : noah running 64-bit Ubuntu 20.04.5 LTS
| Command      : upgrade_ip
| Device       : xcu280-fsvh2892-2L-e
------------------------------------------------------------------------------------

Upgrade Log for IP 'uramx16_uram_2w_2r_4_1'

1. Summary
----------

SUCCESS in the conversion of uramx16_uram_2w_2r_4_1 (user.org:user:uram_2w_2r:1.0 (Rev. 1)) to Vivado generation flows.






Copyright 1986-2020 Xilinx, Inc. All Rights Reserved.
------------------------------------------------------------------------------------
| Tool Version : Vivado v.2020.2 (lin64) Build 3064766 Wed Nov 18 09:12:47 MST 2020
| Date         : Sun May  7 10:31:38 2023
| Host         : noah running 64-bit Ubuntu 20.04.5 LTS
| Command      : upgrade_ip
| Device       : xcu280-fsvh2892-2L-e
------------------------------------------------------------------------------------

Upgrade Log for IP 'uramx16_uram_2w_2r_4_0'

1. Summary
----------

SUCCESS in the conversion of uramx16_uram_2w_2r_4_0 (user.org:user:uram_2w_2r:1.0 (Rev. 1)) to Vivado generation flows.






Copyright 1986-2020 Xilinx, Inc. All Rights Reserved.
------------------------------------------------------------------------------------
| Tool Version : Vivado v.2020.2 (lin64) Build 3064766 Wed Nov 18 09:12:47 MST 2020
| Date         : Sun May  7 10:31:38 2023
| Host         : noah running 64-bit Ubuntu 20.04.5 LTS
| Command      : upgrade_ip
| Device       : xcu280-fsvh2892-2L-e
------------------------------------------------------------------------------------

Upgrade Log for IP 'uramx16_uram_2w_2r_3_1'

1. Summary
----------

SUCCESS in the conversion of uramx16_uram_2w_2r_3_1 (user.org:user:uram_2w_2r:1.0 (Rev. 1)) to Vivado generation flows.






Copyright 1986-2020 Xilinx, Inc. All Rights Reserved.
------------------------------------------------------------------------------------
| Tool Version : Vivado v.2020.2 (lin64) Build 3064766 Wed Nov 18 09:12:47 MST 2020
| Date         : Sun May  7 10:31:38 2023
| Host         : noah running 64-bit Ubuntu 20.04.5 LTS
| Command      : upgrade_ip
| Device       : xcu280-fsvh2892-2L-e
------------------------------------------------------------------------------------

Upgrade Log for IP 'uramx16_uram_2w_2r_3_0'

1. Summary
----------

SUCCESS in the conversion of uramx16_uram_2w_2r_3_0 (user.org:user:uram_2w_2r:1.0 (Rev. 1)) to Vivado generation flows.






Copyright 1986-2020 Xilinx, Inc. All Rights Reserved.
------------------------------------------------------------------------------------
| Tool Version : Vivado v.2020.2 (lin64) Build 3064766 Wed Nov 18 09:12:47 MST 2020
| Date         : Sun May  7 10:31:38 2023
| Host         : noah running 64-bit Ubuntu 20.04.5 LTS
| Command      : upgrade_ip
| Device       : xcu280-fsvh2892-2L-e
------------------------------------------------------------------------------------

Upgrade Log for IP 'uramx16_uram_2w_2r_2_0'

1. Summary
----------

SUCCESS in the conversion of uramx16_uram_2w_2r_2_0 (user.org:user:uram_2w_2r:1.0 (Rev. 1)) to Vivado generation flows.






Copyright 1986-2020 Xilinx, Inc. All Rights Reserved.
------------------------------------------------------------------------------------
| Tool Version : Vivado v.2020.2 (lin64) Build 3064766 Wed Nov 18 09:12:47 MST 2020
| Date         : Sun May  7 10:31:38 2023
| Host         : noah running 64-bit Ubuntu 20.04.5 LTS
| Command      : upgrade_ip
| Device       : xcu280-fsvh2892-2L-e
------------------------------------------------------------------------------------

Upgrade Log for IP 'uramx16_uram_2w_2r_1_1'

1. Summary
----------

SUCCESS in the conversion of uramx16_uram_2w_2r_1_1 (user.org:user:uram_2w_2r:1.0 (Rev. 1)) to Vivado generation flows.






Copyright 1986-2020 Xilinx, Inc. All Rights Reserved.
------------------------------------------------------------------------------------
| Tool Version : Vivado v.2020.2 (lin64) Build 3064766 Wed Nov 18 09:12:47 MST 2020
| Date         : Sun May  7 10:31:38 2023
| Host         : noah running 64-bit Ubuntu 20.04.5 LTS
| Command      : upgrade_ip
| Device       : xcu280-fsvh2892-2L-e
------------------------------------------------------------------------------------

Upgrade Log for IP 'uramx16_uram_2w_2r_1_0'

1. Summary
----------

SUCCESS in the conversion of uramx16_uram_2w_2r_1_0 (user.org:user:uram_2w_2r:1.0 (Rev. 1)) to Vivado generation flows.






Copyright 1986-2020 Xilinx, Inc. All Rights Reserved.
------------------------------------------------------------------------------------
| Tool Version : Vivado v.2020.2 (lin64) Build 3064766 Wed Nov 18 09:12:47 MST 2020
| Date         : Sun May  7 10:31:38 2023
| Host         : noah running 64-bit Ubuntu 20.04.5 LTS
| Command      : upgrade_ip
| Device       : xcu280-fsvh2892-2L-e
------------------------------------------------------------------------------------

Upgrade Log for IP 'uramx16_uram_2w_2r_0_3'

1. Summary
----------

SUCCESS in the conversion of uramx16_uram_2w_2r_0_3 (user.org:user:uram_2w_2r:1.0 (Rev. 1)) to Vivado generation flows.






Copyright 1986-2020 Xilinx, Inc. All Rights Reserved.
------------------------------------------------------------------------------------
| Tool Version : Vivado v.2020.2 (lin64) Build 3064766 Wed Nov 18 09:12:47 MST 2020
| Date         : Sun May  7 10:31:38 2023
| Host         : noah running 64-bit Ubuntu 20.04.5 LTS
| Command      : upgrade_ip
| Device       : xcu280-fsvh2892-2L-e
------------------------------------------------------------------------------------

Upgrade Log for IP 'uramx16_uram_2w_2r_0_2'

1. Summary
----------

SUCCESS in the conversion of uramx16_uram_2w_2r_0_2 (user.org:user:uram_2w_2r:1.0 (Rev. 1)) to Vivado generation flows.






Copyright 1986-2020 Xilinx, Inc. All Rights Reserved.
------------------------------------------------------------------------------------
| Tool Version : Vivado v.2020.2 (lin64) Build 3064766 Wed Nov 18 09:12:47 MST 2020
| Date         : Sun May  7 10:31:38 2023
| Host         : noah running 64-bit Ubuntu 20.04.5 LTS
| Command      : upgrade_ip
| Device       : xcu280-fsvh2892-2L-e
------------------------------------------------------------------------------------

Upgrade Log for IP 'uramx16_uram_2w_2r_0_1'

1. Summary
----------

SUCCESS in the conversion of uramx16_uram_2w_2r_0_1 (user.org:user:uram_2w_2r:1.0 (Rev. 1)) to Vivado generation flows.






Copyright 1986-2020 Xilinx, Inc. All Rights Reserved.
------------------------------------------------------------------------------------
| Tool Version : Vivado v.2020.2 (lin64) Build 3064766 Wed Nov 18 09:12:47 MST 2020
| Date         : Sun May  7 10:31:38 2023
| Host         : noah running 64-bit Ubuntu 20.04.5 LTS
| Command      : upgrade_ip
| Device       : xcu280-fsvh2892-2L-e
------------------------------------------------------------------------------------

Upgrade Log for IP 'uramx16_uram_2w_2r_0_0'

1. Summary
----------

SUCCESS in the conversion of uramx16_uram_2w_2r_0_0 (user.org:user:uram_2w_2r:1.0 (Rev. 1)) to Vivado generation flows.






Copyright 1986-2020 Xilinx, Inc. All Rights Reserved.
------------------------------------------------------------------------------------
| Tool Version : Vivado v.2020.2 (lin64) Build 3064766 Wed Nov 18 09:12:47 MST 2020
| Date         : Wed Apr 26 00:38:08 2023
| Host         : noah running 64-bit Ubuntu 20.04.5 LTS
| Command      : upgrade_ip
| Device       : xcu280-fsvh2892-2L-e
------------------------------------------------------------------------------------

Upgrade Log for IP 'uramx16_uram_2w_2r_7_0'

1. Summary
----------

SUCCESS in the conversion of uramx16_uram_2w_2r_7_0 (user.org:user:uram_2w_2r:1.0 (Rev. 1)) to Vivado generation flows.






Copyright 1986-2020 Xilinx, Inc. All Rights Reserved.
------------------------------------------------------------------------------------
| Tool Version : Vivado v.2020.2 (lin64) Build 3064766 Wed Nov 18 09:12:47 MST 2020
| Date         : Wed Apr 26 00:38:08 2023
| Host         : noah running 64-bit Ubuntu 20.04.5 LTS
| Command      : upgrade_ip
| Device       : xcu280-fsvh2892-2L-e
------------------------------------------------------------------------------------

Upgrade Log for IP 'uramx16_uram_2w_2r_6_2'

1. Summary
----------

SUCCESS in the conversion of uramx16_uram_2w_2r_6_2 (user.org:user:uram_2w_2r:1.0 (Rev. 1)) to Vivado generation flows.






Copyright 1986-2020 Xilinx, Inc. All Rights Reserved.
------------------------------------------------------------------------------------
| Tool Version : Vivado v.2020.2 (lin64) Build 3064766 Wed Nov 18 09:12:47 MST 2020
| Date         : Wed Apr 26 00:38:08 2023
| Host         : noah running 64-bit Ubuntu 20.04.5 LTS
| Command      : upgrade_ip
| Device       : xcu280-fsvh2892-2L-e
------------------------------------------------------------------------------------

Upgrade Log for IP 'uramx16_uram_2w_2r_6_1'

1. Summary
----------

SUCCESS in the conversion of uramx16_uram_2w_2r_6_1 (user.org:user:uram_2w_2r:1.0 (Rev. 1)) to Vivado generation flows.






Copyright 1986-2020 Xilinx, Inc. All Rights Reserved.
------------------------------------------------------------------------------------
| Tool Version : Vivado v.2020.2 (lin64) Build 3064766 Wed Nov 18 09:12:47 MST 2020
| Date         : Wed Apr 26 00:38:08 2023
| Host         : noah running 64-bit Ubuntu 20.04.5 LTS
| Command      : upgrade_ip
| Device       : xcu280-fsvh2892-2L-e
------------------------------------------------------------------------------------

Upgrade Log for IP 'uramx16_uram_2w_2r_5_1'

1. Summary
----------

SUCCESS in the conversion of uramx16_uram_2w_2r_5_1 (user.org:user:uram_2w_2r:1.0 (Rev. 1)) to Vivado generation flows.






Copyright 1986-2020 Xilinx, Inc. All Rights Reserved.
------------------------------------------------------------------------------------
| Tool Version : Vivado v.2020.2 (lin64) Build 3064766 Wed Nov 18 09:12:47 MST 2020
| Date         : Wed Apr 26 00:38:08 2023
| Host         : noah running 64-bit Ubuntu 20.04.5 LTS
| Command      : upgrade_ip
| Device       : xcu280-fsvh2892-2L-e
------------------------------------------------------------------------------------

Upgrade Log for IP 'uramx16_uram_2w_2r_5_0'

1. Summary
----------

SUCCESS in the conversion of uramx16_uram_2w_2r_5_0 (user.org:user:uram_2w_2r:1.0 (Rev. 1)) to Vivado generation flows.






Copyright 1986-2020 Xilinx, Inc. All Rights Reserved.
------------------------------------------------------------------------------------
| Tool Version : Vivado v.2020.2 (lin64) Build 3064766 Wed Nov 18 09:12:47 MST 2020
| Date         : Wed Apr 26 00:38:08 2023
| Host         : noah running 64-bit Ubuntu 20.04.5 LTS
| Command      : upgrade_ip
| Device       : xcu280-fsvh2892-2L-e
------------------------------------------------------------------------------------

Upgrade Log for IP 'uramx16_uram_2w_2r_4_1'

1. Summary
----------

SUCCESS in the conversion of uramx16_uram_2w_2r_4_1 (user.org:user:uram_2w_2r:1.0 (Rev. 1)) to Vivado generation flows.






Copyright 1986-2020 Xilinx, Inc. All Rights Reserved.
------------------------------------------------------------------------------------
| Tool Version : Vivado v.2020.2 (lin64) Build 3064766 Wed Nov 18 09:12:47 MST 2020
| Date         : Wed Apr 26 00:38:08 2023
| Host         : noah running 64-bit Ubuntu 20.04.5 LTS
| Command      : upgrade_ip
| Device       : xcu280-fsvh2892-2L-e
------------------------------------------------------------------------------------

Upgrade Log for IP 'uramx16_uram_2w_2r_4_0'

1. Summary
----------

SUCCESS in the conversion of uramx16_uram_2w_2r_4_0 (user.org:user:uram_2w_2r:1.0 (Rev. 1)) to Vivado generation flows.






Copyright 1986-2020 Xilinx, Inc. All Rights Reserved.
------------------------------------------------------------------------------------
| Tool Version : Vivado v.2020.2 (lin64) Build 3064766 Wed Nov 18 09:12:47 MST 2020
| Date         : Wed Apr 26 00:38:08 2023
| Host         : noah running 64-bit Ubuntu 20.04.5 LTS
| Command      : upgrade_ip
| Device       : xcu280-fsvh2892-2L-e
------------------------------------------------------------------------------------

Upgrade Log for IP 'uramx16_uram_2w_2r_3_1'

1. Summary
----------

SUCCESS in the conversion of uramx16_uram_2w_2r_3_1 (user.org:user:uram_2w_2r:1.0 (Rev. 1)) to Vivado generation flows.






Copyright 1986-2020 Xilinx, Inc. All Rights Reserved.
------------------------------------------------------------------------------------
| Tool Version : Vivado v.2020.2 (lin64) Build 3064766 Wed Nov 18 09:12:47 MST 2020
| Date         : Wed Apr 26 00:38:08 2023
| Host         : noah running 64-bit Ubuntu 20.04.5 LTS
| Command      : upgrade_ip
| Device       : xcu280-fsvh2892-2L-e
------------------------------------------------------------------------------------

Upgrade Log for IP 'uramx16_uram_2w_2r_3_0'

1. Summary
----------

SUCCESS in the conversion of uramx16_uram_2w_2r_3_0 (user.org:user:uram_2w_2r:1.0 (Rev. 1)) to Vivado generation flows.






Copyright 1986-2020 Xilinx, Inc. All Rights Reserved.
------------------------------------------------------------------------------------
| Tool Version : Vivado v.2020.2 (lin64) Build 3064766 Wed Nov 18 09:12:47 MST 2020
| Date         : Wed Apr 26 00:38:08 2023
| Host         : noah running 64-bit Ubuntu 20.04.5 LTS
| Command      : upgrade_ip
| Device       : xcu280-fsvh2892-2L-e
------------------------------------------------------------------------------------

Upgrade Log for IP 'uramx16_uram_2w_2r_2_0'

1. Summary
----------

SUCCESS in the conversion of uramx16_uram_2w_2r_2_0 (user.org:user:uram_2w_2r:1.0 (Rev. 1)) to Vivado generation flows.






Copyright 1986-2020 Xilinx, Inc. All Rights Reserved.
------------------------------------------------------------------------------------
| Tool Version : Vivado v.2020.2 (lin64) Build 3064766 Wed Nov 18 09:12:47 MST 2020
| Date         : Wed Apr 26 00:38:08 2023
| Host         : noah running 64-bit Ubuntu 20.04.5 LTS
| Command      : upgrade_ip
| Device       : xcu280-fsvh2892-2L-e
------------------------------------------------------------------------------------

Upgrade Log for IP 'uramx16_uram_2w_2r_1_1'

1. Summary
----------

SUCCESS in the conversion of uramx16_uram_2w_2r_1_1 (user.org:user:uram_2w_2r:1.0 (Rev. 1)) to Vivado generation flows.






Copyright 1986-2020 Xilinx, Inc. All Rights Reserved.
------------------------------------------------------------------------------------
| Tool Version : Vivado v.2020.2 (lin64) Build 3064766 Wed Nov 18 09:12:47 MST 2020
| Date         : Wed Apr 26 00:38:08 2023
| Host         : noah running 64-bit Ubuntu 20.04.5 LTS
| Command      : upgrade_ip
| Device       : xcu280-fsvh2892-2L-e
------------------------------------------------------------------------------------

Upgrade Log for IP 'uramx16_uram_2w_2r_1_0'

1. Summary
----------

SUCCESS in the conversion of uramx16_uram_2w_2r_1_0 (user.org:user:uram_2w_2r:1.0 (Rev. 1)) to Vivado generation flows.






Copyright 1986-2020 Xilinx, Inc. All Rights Reserved.
------------------------------------------------------------------------------------
| Tool Version : Vivado v.2020.2 (lin64) Build 3064766 Wed Nov 18 09:12:47 MST 2020
| Date         : Wed Apr 26 00:38:08 2023
| Host         : noah running 64-bit Ubuntu 20.04.5 LTS
| Command      : upgrade_ip
| Device       : xcu280-fsvh2892-2L-e
------------------------------------------------------------------------------------

Upgrade Log for IP 'uramx16_uram_2w_2r_0_3'

1. Summary
----------

SUCCESS in the conversion of uramx16_uram_2w_2r_0_3 (user.org:user:uram_2w_2r:1.0 (Rev. 1)) to Vivado generation flows.






Copyright 1986-2020 Xilinx, Inc. All Rights Reserved.
------------------------------------------------------------------------------------
| Tool Version : Vivado v.2020.2 (lin64) Build 3064766 Wed Nov 18 09:12:47 MST 2020
| Date         : Wed Apr 26 00:38:07 2023
| Host         : noah running 64-bit Ubuntu 20.04.5 LTS
| Command      : upgrade_ip
| Device       : xcu280-fsvh2892-2L-e
------------------------------------------------------------------------------------

Upgrade Log for IP 'uramx16_uram_2w_2r_0_2'

1. Summary
----------

SUCCESS in the conversion of uramx16_uram_2w_2r_0_2 (user.org:user:uram_2w_2r:1.0 (Rev. 1)) to Vivado generation flows.






Copyright 1986-2020 Xilinx, Inc. All Rights Reserved.
------------------------------------------------------------------------------------
| Tool Version : Vivado v.2020.2 (lin64) Build 3064766 Wed Nov 18 09:12:47 MST 2020
| Date         : Wed Apr 26 00:38:07 2023
| Host         : noah running 64-bit Ubuntu 20.04.5 LTS
| Command      : upgrade_ip
| Device       : xcu280-fsvh2892-2L-e
------------------------------------------------------------------------------------

Upgrade Log for IP 'uramx16_uram_2w_2r_0_1'

1. Summary
----------

SUCCESS in the conversion of uramx16_uram_2w_2r_0_1 (user.org:user:uram_2w_2r:1.0 (Rev. 1)) to Vivado generation flows.






Copyright 1986-2020 Xilinx, Inc. All Rights Reserved.
------------------------------------------------------------------------------------
| Tool Version : Vivado v.2020.2 (lin64) Build 3064766 Wed Nov 18 09:12:47 MST 2020
| Date         : Wed Apr 26 00:38:07 2023
| Host         : noah running 64-bit Ubuntu 20.04.5 LTS
| Command      : upgrade_ip
| Device       : xcu280-fsvh2892-2L-e
------------------------------------------------------------------------------------

Upgrade Log for IP 'uramx16_uram_2w_2r_0_0'

1. Summary
----------

SUCCESS in the conversion of uramx16_uram_2w_2r_0_0 (user.org:user:uram_2w_2r:1.0 (Rev. 1)) to Vivado generation flows.






Copyright 1986-2020 Xilinx, Inc. All Rights Reserved.
------------------------------------------------------------------------------------
| Tool Version : Vivado v.2020.2 (lin64) Build 3064766 Wed Nov 18 09:12:47 MST 2020
| Date         : Tue Apr 25 19:50:25 2023
| Host         : noah running 64-bit Ubuntu 20.04.5 LTS
| Command      : upgrade_ip
| Device       : xcu280-fsvh2892-2L-e
------------------------------------------------------------------------------------

Upgrade Log for IP 'uramx16_uram_2w_2r_7_0'

1. Summary
----------

SUCCESS in the conversion of uramx16_uram_2w_2r_7_0 (user.org:user:uram_2w_2r:1.0 (Rev. 1)) to Vivado generation flows.






Copyright 1986-2020 Xilinx, Inc. All Rights Reserved.
------------------------------------------------------------------------------------
| Tool Version : Vivado v.2020.2 (lin64) Build 3064766 Wed Nov 18 09:12:47 MST 2020
| Date         : Tue Apr 25 19:50:25 2023
| Host         : noah running 64-bit Ubuntu 20.04.5 LTS
| Command      : upgrade_ip
| Device       : xcu280-fsvh2892-2L-e
------------------------------------------------------------------------------------

Upgrade Log for IP 'uramx16_uram_2w_2r_6_2'

1. Summary
----------

SUCCESS in the conversion of uramx16_uram_2w_2r_6_2 (user.org:user:uram_2w_2r:1.0 (Rev. 1)) to Vivado generation flows.






Copyright 1986-2020 Xilinx, Inc. All Rights Reserved.
------------------------------------------------------------------------------------
| Tool Version : Vivado v.2020.2 (lin64) Build 3064766 Wed Nov 18 09:12:47 MST 2020
| Date         : Tue Apr 25 19:50:25 2023
| Host         : noah running 64-bit Ubuntu 20.04.5 LTS
| Command      : upgrade_ip
| Device       : xcu280-fsvh2892-2L-e
------------------------------------------------------------------------------------

Upgrade Log for IP 'uramx16_uram_2w_2r_6_1'

1. Summary
----------

SUCCESS in the conversion of uramx16_uram_2w_2r_6_1 (user.org:user:uram_2w_2r:1.0 (Rev. 1)) to Vivado generation flows.






Copyright 1986-2020 Xilinx, Inc. All Rights Reserved.
------------------------------------------------------------------------------------
| Tool Version : Vivado v.2020.2 (lin64) Build 3064766 Wed Nov 18 09:12:47 MST 2020
| Date         : Tue Apr 25 19:50:25 2023
| Host         : noah running 64-bit Ubuntu 20.04.5 LTS
| Command      : upgrade_ip
| Device       : xcu280-fsvh2892-2L-e
------------------------------------------------------------------------------------

Upgrade Log for IP 'uramx16_uram_2w_2r_5_1'

1. Summary
----------

SUCCESS in the conversion of uramx16_uram_2w_2r_5_1 (user.org:user:uram_2w_2r:1.0 (Rev. 1)) to Vivado generation flows.






Copyright 1986-2020 Xilinx, Inc. All Rights Reserved.
------------------------------------------------------------------------------------
| Tool Version : Vivado v.2020.2 (lin64) Build 3064766 Wed Nov 18 09:12:47 MST 2020
| Date         : Tue Apr 25 19:50:25 2023
| Host         : noah running 64-bit Ubuntu 20.04.5 LTS
| Command      : upgrade_ip
| Device       : xcu280-fsvh2892-2L-e
------------------------------------------------------------------------------------

Upgrade Log for IP 'uramx16_uram_2w_2r_5_0'

1. Summary
----------

SUCCESS in the conversion of uramx16_uram_2w_2r_5_0 (user.org:user:uram_2w_2r:1.0 (Rev. 1)) to Vivado generation flows.






Copyright 1986-2020 Xilinx, Inc. All Rights Reserved.
------------------------------------------------------------------------------------
| Tool Version : Vivado v.2020.2 (lin64) Build 3064766 Wed Nov 18 09:12:47 MST 2020
| Date         : Tue Apr 25 19:50:24 2023
| Host         : noah running 64-bit Ubuntu 20.04.5 LTS
| Command      : upgrade_ip
| Device       : xcu280-fsvh2892-2L-e
------------------------------------------------------------------------------------

Upgrade Log for IP 'uramx16_uram_2w_2r_4_1'

1. Summary
----------

SUCCESS in the conversion of uramx16_uram_2w_2r_4_1 (user.org:user:uram_2w_2r:1.0 (Rev. 1)) to Vivado generation flows.






Copyright 1986-2020 Xilinx, Inc. All Rights Reserved.
------------------------------------------------------------------------------------
| Tool Version : Vivado v.2020.2 (lin64) Build 3064766 Wed Nov 18 09:12:47 MST 2020
| Date         : Tue Apr 25 19:50:24 2023
| Host         : noah running 64-bit Ubuntu 20.04.5 LTS
| Command      : upgrade_ip
| Device       : xcu280-fsvh2892-2L-e
------------------------------------------------------------------------------------

Upgrade Log for IP 'uramx16_uram_2w_2r_4_0'

1. Summary
----------

SUCCESS in the conversion of uramx16_uram_2w_2r_4_0 (user.org:user:uram_2w_2r:1.0 (Rev. 1)) to Vivado generation flows.






Copyright 1986-2020 Xilinx, Inc. All Rights Reserved.
------------------------------------------------------------------------------------
| Tool Version : Vivado v.2020.2 (lin64) Build 3064766 Wed Nov 18 09:12:47 MST 2020
| Date         : Tue Apr 25 19:50:24 2023
| Host         : noah running 64-bit Ubuntu 20.04.5 LTS
| Command      : upgrade_ip
| Device       : xcu280-fsvh2892-2L-e
------------------------------------------------------------------------------------

Upgrade Log for IP 'uramx16_uram_2w_2r_3_1'

1. Summary
----------

SUCCESS in the conversion of uramx16_uram_2w_2r_3_1 (user.org:user:uram_2w_2r:1.0 (Rev. 1)) to Vivado generation flows.






Copyright 1986-2020 Xilinx, Inc. All Rights Reserved.
------------------------------------------------------------------------------------
| Tool Version : Vivado v.2020.2 (lin64) Build 3064766 Wed Nov 18 09:12:47 MST 2020
| Date         : Tue Apr 25 19:50:24 2023
| Host         : noah running 64-bit Ubuntu 20.04.5 LTS
| Command      : upgrade_ip
| Device       : xcu280-fsvh2892-2L-e
------------------------------------------------------------------------------------

Upgrade Log for IP 'uramx16_uram_2w_2r_3_0'

1. Summary
----------

SUCCESS in the conversion of uramx16_uram_2w_2r_3_0 (user.org:user:uram_2w_2r:1.0 (Rev. 1)) to Vivado generation flows.






Copyright 1986-2020 Xilinx, Inc. All Rights Reserved.
------------------------------------------------------------------------------------
| Tool Version : Vivado v.2020.2 (lin64) Build 3064766 Wed Nov 18 09:12:47 MST 2020
| Date         : Tue Apr 25 19:50:24 2023
| Host         : noah running 64-bit Ubuntu 20.04.5 LTS
| Command      : upgrade_ip
| Device       : xcu280-fsvh2892-2L-e
------------------------------------------------------------------------------------

Upgrade Log for IP 'uramx16_uram_2w_2r_2_0'

1. Summary
----------

SUCCESS in the conversion of uramx16_uram_2w_2r_2_0 (user.org:user:uram_2w_2r:1.0 (Rev. 1)) to Vivado generation flows.






Copyright 1986-2020 Xilinx, Inc. All Rights Reserved.
------------------------------------------------------------------------------------
| Tool Version : Vivado v.2020.2 (lin64) Build 3064766 Wed Nov 18 09:12:47 MST 2020
| Date         : Tue Apr 25 19:50:24 2023
| Host         : noah running 64-bit Ubuntu 20.04.5 LTS
| Command      : upgrade_ip
| Device       : xcu280-fsvh2892-2L-e
------------------------------------------------------------------------------------

Upgrade Log for IP 'uramx16_uram_2w_2r_1_1'

1. Summary
----------

SUCCESS in the conversion of uramx16_uram_2w_2r_1_1 (user.org:user:uram_2w_2r:1.0 (Rev. 1)) to Vivado generation flows.






Copyright 1986-2020 Xilinx, Inc. All Rights Reserved.
------------------------------------------------------------------------------------
| Tool Version : Vivado v.2020.2 (lin64) Build 3064766 Wed Nov 18 09:12:47 MST 2020
| Date         : Tue Apr 25 19:50:24 2023
| Host         : noah running 64-bit Ubuntu 20.04.5 LTS
| Command      : upgrade_ip
| Device       : xcu280-fsvh2892-2L-e
------------------------------------------------------------------------------------

Upgrade Log for IP 'uramx16_uram_2w_2r_1_0'

1. Summary
----------

SUCCESS in the conversion of uramx16_uram_2w_2r_1_0 (user.org:user:uram_2w_2r:1.0 (Rev. 1)) to Vivado generation flows.






Copyright 1986-2020 Xilinx, Inc. All Rights Reserved.
------------------------------------------------------------------------------------
| Tool Version : Vivado v.2020.2 (lin64) Build 3064766 Wed Nov 18 09:12:47 MST 2020
| Date         : Tue Apr 25 19:50:24 2023
| Host         : noah running 64-bit Ubuntu 20.04.5 LTS
| Command      : upgrade_ip
| Device       : xcu280-fsvh2892-2L-e
------------------------------------------------------------------------------------

Upgrade Log for IP 'uramx16_uram_2w_2r_0_3'

1. Summary
----------

SUCCESS in the conversion of uramx16_uram_2w_2r_0_3 (user.org:user:uram_2w_2r:1.0 (Rev. 1)) to Vivado generation flows.






Copyright 1986-2020 Xilinx, Inc. All Rights Reserved.
------------------------------------------------------------------------------------
| Tool Version : Vivado v.2020.2 (lin64) Build 3064766 Wed Nov 18 09:12:47 MST 2020
| Date         : Tue Apr 25 19:50:24 2023
| Host         : noah running 64-bit Ubuntu 20.04.5 LTS
| Command      : upgrade_ip
| Device       : xcu280-fsvh2892-2L-e
------------------------------------------------------------------------------------

Upgrade Log for IP 'uramx16_uram_2w_2r_0_2'

1. Summary
----------

SUCCESS in the conversion of uramx16_uram_2w_2r_0_2 (user.org:user:uram_2w_2r:1.0 (Rev. 1)) to Vivado generation flows.






Copyright 1986-2020 Xilinx, Inc. All Rights Reserved.
------------------------------------------------------------------------------------
| Tool Version : Vivado v.2020.2 (lin64) Build 3064766 Wed Nov 18 09:12:47 MST 2020
| Date         : Tue Apr 25 19:50:24 2023
| Host         : noah running 64-bit Ubuntu 20.04.5 LTS
| Command      : upgrade_ip
| Device       : xcu280-fsvh2892-2L-e
------------------------------------------------------------------------------------

Upgrade Log for IP 'uramx16_uram_2w_2r_0_1'

1. Summary
----------

SUCCESS in the conversion of uramx16_uram_2w_2r_0_1 (user.org:user:uram_2w_2r:1.0 (Rev. 1)) to Vivado generation flows.






Copyright 1986-2020 Xilinx, Inc. All Rights Reserved.
------------------------------------------------------------------------------------
| Tool Version : Vivado v.2020.2 (lin64) Build 3064766 Wed Nov 18 09:12:47 MST 2020
| Date         : Tue Apr 25 19:50:24 2023
| Host         : noah running 64-bit Ubuntu 20.04.5 LTS
| Command      : upgrade_ip
| Device       : xcu280-fsvh2892-2L-e
------------------------------------------------------------------------------------

Upgrade Log for IP 'uramx16_uram_2w_2r_0_0'

1. Summary
----------

SUCCESS in the conversion of uramx16_uram_2w_2r_0_0 (user.org:user:uram_2w_2r:1.0 (Rev. 1)) to Vivado generation flows.

